192.168.169.59:2017-03-13T16:18:53Z DC.OrgC_Domain.local 192.168.169.59 AccelOps-WUA-WinLog-Microsoft-Windows-Sysmon/Operational [monitorStatus]="Success" [Locale]="en-GB" [MachineGuid]="0031b1cc-f526-488c-bd3b-41b2ff7cd13b" [timeZone]="+0000" [eventName]="Microsoft-Windows-Sysmon/Operational" [eventSource]="Microsoft-Windows-Sysmon" [eventId]="3" [eventType]="Information" [domain]="NT AUTHORITY" [computer]="DC.OrgC_Domain.local" [user]="SYSTEM" [userSID]="S-1-5-18" [userSIDAcctType]="User" [eventTime]="Mar 13 2017 16:18:53" [deviceTime]="Mar 13 2017 16:18:53" [msg]="Network connection detected:UtcTime: 2017-03-13 16:18:52.276ProcessGuid: {0031B1CC-B353-58C6-0000-0010E35C0100}ProcessId: 1340Image: C:\\Program Files\\AccelOps\\Server\\AoWinAgtMgrSvc.exeUser: NT AUTHORITY\\SYSTEMProtocol: tcpInitiated: trueSourceIsIpv6: falseSourceIp: 192.168.169.59SourceHostname: DC.OrgC_Domain.localSourcePort: 53224SourcePortName: DestinationIsIpv6: falseDestinationIp: 192.168.169.56DestinationHostname: DestinationPort: 443DestinationPortName: https"
192.168.169.59:2017-03-13T16:18:58Z DC.OrgC_Domain.local 192.168.169.59 AccelOps-WUA-WinLog-Microsoft-Windows-Sysmon/Operational [monitorStatus]="Success" [Locale]="en-GB" [MachineGuid]="0031b1cc-f526-488c-bd3b-41b2ff7cd13b" [timeZone]="+0000" [eventName]="Microsoft-Windows-Sysmon/Operational" [eventSource]="Microsoft-Windows-Sysmon" [eventId]="3" [eventType]="Information" [domain]="NT AUTHORITY" [computer]="DC.OrgC_Domain.local" [user]="SYSTEM" [userSID]="S-1-5-18" [userSIDAcctType]="User" [eventTime]="Mar 13 2017 16:18:57" [deviceTime]="Mar 13 2017 16:18:57" [msg]="Network connection detected:UtcTime: 2017-03-13 16:18:55.493ProcessGuid: {0031B1CC-B351-58C6-0000-00103D540100}ProcessId: 1280Image: C:\\Program Files\\AccelOps\\Agent\\AoWinAgt.exeUser: NT AUTHORITY\\SYSTEMProtocol: tcpInitiated: trueSourceIsIpv6: falseSourceIp: 192.168.169.59SourceHostname: DC.OrgC_Domain.localSourcePort: 53228SourcePortName: DestinationIsIpv6: falseDestinationIp: 192.168.169.57DestinationHostname: DestinationPort: 443DestinationPortName: https"
192.168.169.59:2017-03-13T16:18:58Z DC.OrgC_Domain.local 192.168.169.59 AccelOps-WUA-WinLog-Microsoft-Windows-Sysmon/Operational [monitorStatus]="Success" [Locale]="en-GB" [MachineGuid]="0031b1cc-f526-488c-bd3b-41b2ff7cd13b" [timeZone]="+0000" [eventName]="Microsoft-Windows-Sysmon/Operational" [eventSource]="Microsoft-Windows-Sysmon" [eventId]="3" [eventType]="Information" [domain]="NT AUTHORITY" [computer]="DC.OrgC_Domain.local" [user]="SYSTEM" [userSID]="S-1-5-18" [userSIDAcctType]="User" [eventTime]="Mar 13 2017 16:18:57" [deviceTime]="Mar 13 2017 16:18:57" [msg]="Network connection detected:UtcTime: 2017-03-13 16:18:55.462ProcessGuid: {0031B1CC-B351-58C6-0000-00103D540100}ProcessId: 1280Image: C:\\Program Files\\AccelOps\\Agent\\AoWinAgt.exeUser: NT AUTHORITY\\SYSTEMProtocol: tcpInitiated: trueSourceIsIpv6: falseSourceIp: 192.168.169.59SourceHostname: DC.OrgC_Domain.localSourcePort: 53227SourcePortName: DestinationIsIpv6: falseDestinationIp: 192.168.169.57DestinationHostname: DestinationPort: 443DestinationPortName: https"
192.168.169.59:2017-03-13T16:19:02Z DC.OrgC_Domain.local 192.168.169.59 AccelOps-WUA-WinLog-Microsoft-Windows-Sysmon/Operational [monitorStatus]="Success" [Locale]="en-GB" [MachineGuid]="0031b1cc-f526-488c-bd3b-41b2ff7cd13b" [timeZone]="+0000" [eventName]="Microsoft-Windows-Sysmon/Operational" [eventSource]="Microsoft-Windows-Sysmon" [eventId]="3" [eventType]="Information" [domain]="NT AUTHORITY" [computer]="DC.OrgC_Domain.local" [user]="SYSTEM" [userSID]="S-1-5-18" [userSIDAcctType]="User" [eventTime]="Mar 13 2017 16:19:01" [deviceTime]="Mar 13 2017 16:19:01" [msg]="Network connection detected:UtcTime: 2017-03-13 16:19:00.571ProcessGuid: {0031B1CC-B351-58C6-0000-00103D540100}ProcessId: 1280Image: C:\\Program Files\\AccelOps\\Agent\\AoWinAgt.exeUser: NT AUTHORITY\\SYSTEMProtocol: tcpInitiated: trueSourceIsIpv6: falseSourceIp: 192.168.169.59SourceHostname: DC.OrgC_Domain.localSourcePort: 53229SourcePortName: DestinationIsIpv6: falseDestinationIp: 192.168.169.57DestinationHostname: DestinationPort: 443DestinationPortName: https"
192.168.169.59:2017-03-13T16:19:02Z DC.OrgC_Domain.local 192.168.169.59 AccelOps-WUA-WinLog-Microsoft-Windows-Sysmon/Operational [monitorStatus]="Success" [Locale]="en-GB" [MachineGuid]="0031b1cc-f526-488c-bd3b-41b2ff7cd13b" [timeZone]="+0000" [eventName]="Microsoft-Windows-Sysmon/Operational" [eventSource]="Microsoft-Windows-Sysmon" [eventId]="3" [eventType]="Information" [domain]="NT AUTHORITY" [computer]="DC.OrgC_Domain.local" [user]="SYSTEM" [userSID]="S-1-5-18" [userSIDAcctType]="User" [eventTime]="Mar 13 2017 16:19:02" [deviceTime]="Mar 13 2017 16:19:02" [msg]="Network connection detected:UtcTime: 2017-03-13 16:19:00.602ProcessGuid: {0031B1CC-B351-58C6-0000-00103D540100}ProcessId: 1280Image: C:\\Program Files\\AccelOps\\Agent\\AoWinAgt.exeUser: NT AUTHORITY\\SYSTEMProtocol: tcpInitiated: trueSourceIsIpv6: falseSourceIp: 192.168.169.59SourceHostname: DC.OrgC_Domain.localSourcePort: 53230SourcePortName: DestinationIsIpv6: falseDestinationIp: 192.168.169.57DestinationHostname: DestinationPort: 443DestinationPortName: https"
192.168.169.59:2017-03-13T16:19:07Z DC.OrgC_Domain.local 192.168.169.59 AccelOps-WUA-WinLog-Microsoft-Windows-Sysmon/Operational [monitorStatus]="Success" [Locale]="en-GB" [MachineGuid]="0031b1cc-f526-488c-bd3b-41b2ff7cd13b" [timeZone]="+0000" [eventName]="Microsoft-Windows-Sysmon/Operational" [eventSource]="Microsoft-Windows-Sysmon" [eventId]="3" [eventType]="Information" [domain]="NT AUTHORITY" [computer]="DC.OrgC_Domain.local" [user]="SYSTEM" [userSID]="S-1-5-18" [userSIDAcctType]="User" [eventTime]="Mar 13 2017 16:19:06" [deviceTime]="Mar 13 2017 16:19:06" [msg]="Network connection detected:UtcTime: 2017-03-13 16:19:05.665ProcessGuid: {0031B1CC-B351-58C6-0000-00103D540100}ProcessId: 1280Image: C:\\Program Files\\AccelOps\\Agent\\AoWinAgt.exeUser: NT AUTHORITY\\SYSTEMProtocol: tcpInitiated: trueSourceIsIpv6: falseSourceIp: 192.168.169.59SourceHostname: DC.OrgC_Domain.localSourcePort: 53232SourcePortName: DestinationIsIpv6: falseDestinationIp: 192.168.169.57DestinationHostname: DestinationPort: 443DestinationPortName: https"
192.168.169.59:2017-03-13T16:19:07Z DC.OrgC_Domain.local 192.168.169.59 AccelOps-WUA-WinLog-Microsoft-Windows-Sysmon/Operational [monitorStatus]="Success" [Locale]="en-GB" [MachineGuid]="0031b1cc-f526-488c-bd3b-41b2ff7cd13b" [timeZone]="+0000" [eventName]="Microsoft-Windows-Sysmon/Operational" [eventSource]="Microsoft-Windows-Sysmon" [eventId]="3" [eventType]="Information" [domain]="NT AUTHORITY" [computer]="DC.OrgC_Domain.local" [user]="SYSTEM" [userSID]="S-1-5-18" [userSIDAcctType]="User" [eventTime]="Mar 13 2017 16:19:06" [deviceTime]="Mar 13 2017 16:19:06" [msg]="Network connection detected:UtcTime: 2017-03-13 16:19:05.649ProcessGuid: {0031B1CC-B351-58C6-0000-00103D540100}ProcessId: 1280Image: C:\\Program Files\\AccelOps\\Agent\\AoWinAgt.exeUser: NT AUTHORITY\\SYSTEMProtocol: tcpInitiated: trueSourceIsIpv6: falseSourceIp: 192.168.169.59SourceHostname: DC.OrgC_Domain.localSourcePort: 53231SourcePortName: DestinationIsIpv6: falseDestinationIp: 192.168.169.57DestinationHostname: DestinationPort: 443DestinationPortName: https"
192.168.169.59:2017-03-13T16:19:13Z DC.OrgC_Domain.local 192.168.169.59 AccelOps-WUA-WinLog-Microsoft-Windows-Sysmon/Operational [monitorStatus]="Success" [Locale]="en-GB" [MachineGuid]="0031b1cc-f526-488c-bd3b-41b2ff7cd13b" [timeZone]="+0000" [eventName]="Microsoft-Windows-Sysmon/Operational" [eventSource]="Microsoft-Windows-Sysmon" [eventId]="3" [eventType]="Information" [domain]="NT AUTHORITY" [computer]="DC.OrgC_Domain.local" [user]="SYSTEM" [userSID]="S-1-5-18" [userSIDAcctType]="User" [eventTime]="Mar 13 2017 16:19:12" [deviceTime]="Mar 13 2017 16:19:12" [msg]="Network connection detected:UtcTime: 2017-03-13 16:19:11.752ProcessGuid: {0031B1CC-B341-58C6-0000-001087C50000}ProcessId: 624Image: C:\\Windows\\System32\\svchost.exeUser: NT AUTHORITY\\NETWORK SERVICEProtocol: tcpInitiated: falseSourceIsIpv6: falseSourceIp: 192.168.169.59SourceHostname: DC.OrgC_Domain.localSourcePort: 135SourcePortName: epmapDestinationIsIpv6: falseDestinationIp: 192.168.169.57DestinationHostname: DestinationPort: 38788DestinationPortName: "
192.168.169.59:2017-03-13T16:19:13Z DC.OrgC_Domain.local 192.168.169.59 AccelOps-WUA-WinLog-Microsoft-Windows-Sysmon/Operational [monitorStatus]="Success" [Locale]="en-GB" [MachineGuid]="0031b1cc-f526-488c-bd3b-41b2ff7cd13b" [timeZone]="+0000" [eventName]="Microsoft-Windows-Sysmon/Operational" [eventSource]="Microsoft-Windows-Sysmon" [eventId]="3" [eventType]="Information" [domain]="NT AUTHORITY" [computer]="DC.OrgC_Domain.local" [user]="SYSTEM" [userSID]="S-1-5-18" [userSIDAcctType]="User" [eventTime]="Mar 13 2017 16:19:12" [deviceTime]="Mar 13 2017 16:19:12" [msg]="Network connection detected:UtcTime: 2017-03-13 16:19:11.616ProcessGuid: {0031B1CC-B341-58C6-0000-001087C50000}ProcessId: 624Image: C:\\Windows\\System32\\svchost.exeUser: NT AUTHORITY\\NETWORK SERVICEProtocol: tcpInitiated: falseSourceIsIpv6: falseSourceIp: 192.168.169.59SourceHostname: DC.OrgC_Domain.localSourcePort: 135SourcePortName: epmapDestinationIsIpv6: falseDestinationIp: 192.168.169.57DestinationHostname: DestinationPort: 38780DestinationPortName: "
192.168.169.59:2017-03-13T16:19:13Z DC.OrgC_Domain.local 192.168.169.59 AccelOps-WUA-WinLog-Microsoft-Windows-Sysmon/Operational [monitorStatus]="Success" [Locale]="en-GB" [MachineGuid]="0031b1cc-f526-488c-bd3b-41b2ff7cd13b" [timeZone]="+0000" [eventName]="Microsoft-Windows-Sysmon/Operational" [eventSource]="Microsoft-Windows-Sysmon" [eventId]="3" [eventType]="Information" [domain]="NT AUTHORITY" [computer]="DC.OrgC_Domain.local" [user]="SYSTEM" [userSID]="S-1-5-18" [userSIDAcctType]="User" [eventTime]="Mar 13 2017 16:19:12" [deviceTime]="Mar 13 2017 16:19:12" [msg]="Network connection detected:UtcTime: 2017-03-13 16:19:11.332ProcessGuid: {0031B1CC-B342-58C6-0000-001078DA0000}ProcessId: 776Image: C:\\Windows\\System32\\svchost.exeUser: NT AUTHORITY\\SYSTEMProtocol: tcpInitiated: falseSourceIsIpv6: falseSourceIp: 192.168.169.59SourceHostname: DC.OrgC_Domain.localSourcePort: 49154SourcePortName: DestinationIsIpv6: falseDestinationIp: 192.168.169.57DestinationHostname: DestinationPort: 36476DestinationPortName: "
192.168.169.59:2017-03-13T16:19:13Z DC.OrgC_Domain.local 192.168.169.59 AccelOps-WUA-WinLog-Microsoft-Windows-Sysmon/Operational [monitorStatus]="Success" [Locale]="en-GB" [MachineGuid]="0031b1cc-f526-488c-bd3b-41b2ff7cd13b" [timeZone]="+0000" [eventName]="Microsoft-Windows-Sysmon/Operational" [eventSource]="Microsoft-Windows-Sysmon" [eventId]="3" [eventType]="Information" [domain]="NT AUTHORITY" [computer]="DC.OrgC_Domain.local" [user]="SYSTEM" [userSID]="S-1-5-18" [userSIDAcctType]="User" [eventTime]="Mar 13 2017 16:19:11" [deviceTime]="Mar 13 2017 16:19:11" [msg]="Network connection detected:UtcTime: 2017-03-13 16:19:10.728ProcessGuid: {0031B1CC-B351-58C6-0000-00103D540100}ProcessId: 1280Image: C:\\Program Files\\AccelOps\\Agent\\AoWinAgt.exeUser: NT AUTHORITY\\SYSTEMProtocol: tcpInitiated: trueSourceIsIpv6: falseSourceIp: 192.168.169.59SourceHostname: DC.OrgC_Domain.localSourcePort: 53233SourcePortName: DestinationIsIpv6: falseDestinationIp: 192.168.169.57DestinationHostname: DestinationPort: 443DestinationPortName: https"
192.168.169.59:2017-03-13T16:19:14Z DC.OrgC_Domain.local 192.168.169.59 AccelOps-WUA-WinLog-Microsoft-Windows-Sysmon/Operational [monitorStatus]="Success" [Locale]="en-GB" [MachineGuid]="0031b1cc-f526-488c-bd3b-41b2ff7cd13b" [timeZone]="+0000" [eventName]="Microsoft-Windows-Sysmon/Operational" [eventSource]="Microsoft-Windows-Sysmon" [eventId]="3" [eventType]="Information" [domain]="NT AUTHORITY" [computer]="DC.OrgC_Domain.local" [user]="SYSTEM" [userSID]="S-1-5-18" [userSIDAcctType]="User" [eventTime]="Mar 13 2017 16:19:13" [deviceTime]="Mar 13 2017 16:19:13" [msg]="Network connection detected:UtcTime: 2017-03-13 16:19:11.901ProcessGuid: {0031B1CC-B342-58C6-0000-001078DA0000}ProcessId: 776Image: C:\\Windows\\System32\\svchost.exeUser: NT AUTHORITY\\SYSTEMProtocol: tcpInitiated: falseSourceIsIpv6: falseSourceIp: 192.168.169.59SourceHostname: DC.OrgC_Domain.localSourcePort: 49154SourcePortName: DestinationIsIpv6: falseDestinationIp: 192.168.169.57DestinationHostname: DestinationPort: 36500DestinationPortName: "
192.168.169.59:2017-03-13T16:19:13Z DC.OrgC_Domain.local 192.168.169.59 AccelOps-WUA-WinLog-Microsoft-Windows-Sysmon/Operational [monitorStatus]="Success" [Locale]="en-GB" [MachineGuid]="0031b1cc-f526-488c-bd3b-41b2ff7cd13b" [timeZone]="+0000" [eventName]="Microsoft-Windows-Sysmon/Operational" [eventSource]="Microsoft-Windows-Sysmon" [eventId]="3" [eventType]="Information" [domain]="NT AUTHORITY" [computer]="DC.OrgC_Domain.local" [user]="SYSTEM" [userSID]="S-1-5-18" [userSIDAcctType]="User" [eventTime]="Mar 13 2017 16:19:12" [deviceTime]="Mar 13 2017 16:19:12" [msg]="Network connection detected:UtcTime: 2017-03-13 16:19:11.751ProcessGuid: {0031B1CC-B341-58C6-0000-001087C50000}ProcessId: 624Image: C:\\Windows\\System32\\svchost.exeUser: NT AUTHORITY\\NETWORK SERVICEProtocol: tcpInitiated: falseSourceIsIpv6: falseSourceIp: 192.168.169.59SourceHostname: DC.OrgC_Domain.localSourcePort: 135SourcePortName: epmapDestinationIsIpv6: falseDestinationIp: 192.168.169.57DestinationHostname: DestinationPort: 38786DestinationPortName: "
192.168.169.59:2017-03-13T16:19:13Z DC.OrgC_Domain.local 192.168.169.59 AccelOps-WUA-WinLog-Microsoft-Windows-Sysmon/Operational [monitorStatus]="Success" [Locale]="en-GB" [MachineGuid]="0031b1cc-f526-488c-bd3b-41b2ff7cd13b" [timeZone]="+0000" [eventName]="Microsoft-Windows-Sysmon/Operational" [eventSource]="Microsoft-Windows-Sysmon" [eventId]="3" [eventType]="Information" [domain]="NT AUTHORITY" [computer]="DC.OrgC_Domain.local" [user]="SYSTEM" [userSID]="S-1-5-18" [userSIDAcctType]="User" [eventTime]="Mar 13 2017 16:19:12" [deviceTime]="Mar 13 2017 16:19:12" [msg]="Network connection detected:UtcTime: 2017-03-13 16:19:11.477ProcessGuid: {0031B1CC-B342-58C6-0000-001078DA0000}ProcessId: 776Image: C:\\Windows\\System32\\svchost.exeUser: NT AUTHORITY\\SYSTEMProtocol: tcpInitiated: falseSourceIsIpv6: falseSourceIp: 192.168.169.59SourceHostname: DC.OrgC_Domain.localSourcePort: 49154SourcePortName: DestinationIsIpv6: falseDestinationIp: 192.168.169.57DestinationHostname: DestinationPort: 36482DestinationPortName: "
192.168.169.59:2017-03-13T16:19:13Z DC.OrgC_Domain.local 192.168.169.59 AccelOps-WUA-WinLog-Microsoft-Windows-Sysmon/Operational [monitorStatus]="Success" [Locale]="en-GB" [MachineGuid]="0031b1cc-f526-488c-bd3b-41b2ff7cd13b" [timeZone]="+0000" [eventName]="Microsoft-Windows-Sysmon/Operational" [eventSource]="Microsoft-Windows-Sysmon" [eventId]="3" [eventType]="Information" [domain]="NT AUTHORITY" [computer]="DC.OrgC_Domain.local" [user]="SYSTEM" [userSID]="S-1-5-18" [userSIDAcctType]="User" [eventTime]="Mar 13 2017 16:19:12" [deviceTime]="Mar 13 2017 16:19:12" [msg]="Network connection detected:UtcTime: 2017-03-13 16:19:11.327ProcessGuid: {0031B1CC-B341-58C6-0000-001087C50000}ProcessId: 624Image: C:\\Windows\\System32\\svchost.exeUser: NT AUTHORITY\\NETWORK SERVICEProtocol: tcpInitiated: falseSourceIsIpv6: falseSourceIp: 192.168.169.59SourceHostname: DC.OrgC_Domain.localSourcePort: 135SourcePortName: epmapDestinationIsIpv6: falseDestinationIp: 192.168.169.57DestinationHostname: DestinationPort: 38770DestinationPortName: "
192.168.169.59:2017-03-13T16:19:14Z DC.OrgC_Domain.local 192.168.169.59 AccelOps-WUA-WinLog-Microsoft-Windows-Sysmon/Operational [monitorStatus]="Success" [Locale]="en-GB" [MachineGuid]="0031b1cc-f526-488c-bd3b-41b2ff7cd13b" [timeZone]="+0000" [eventName]="Microsoft-Windows-Sysmon/Operational" [eventSource]="Microsoft-Windows-Sysmon" [eventId]="3" [eventType]="Information" [domain]="NT AUTHORITY" [computer]="DC.OrgC_Domain.local" [user]="SYSTEM" [userSID]="S-1-5-18" [userSIDAcctType]="User" [eventTime]="Mar 13 2017 16:19:13" [deviceTime]="Mar 13 2017 16:19:13" [msg]="Network connection detected:UtcTime: 2017-03-13 16:19:11.895ProcessGuid: {0031B1CC-B341-58C6-0000-001087C50000}ProcessId: 624Image: C:\\Windows\\System32\\svchost.exeUser: NT AUTHORITY\\NETWORK SERVICEProtocol: tcpInitiated: falseSourceIsIpv6: falseSourceIp: 192.168.169.59SourceHostname: DC.OrgC_Domain.localSourcePort: 135SourcePortName: epmapDestinationIsIpv6: falseDestinationIp: 192.168.169.57DestinationHostname: DestinationPort: 38792DestinationPortName: "
192.168.169.59:2017-03-13T16:19:13Z DC.OrgC_Domain.local 192.168.169.59 AccelOps-WUA-WinLog-Microsoft-Windows-Sysmon/Operational [monitorStatus]="Success" [Locale]="en-GB" [MachineGuid]="0031b1cc-f526-488c-bd3b-41b2ff7cd13b" [timeZone]="+0000" [eventName]="Microsoft-Windows-Sysmon/Operational" [eventSource]="Microsoft-Windows-Sysmon" [eventId]="3" [eventType]="Information" [domain]="NT AUTHORITY" [computer]="DC.OrgC_Domain.local" [user]="SYSTEM" [userSID]="S-1-5-18" [userSIDAcctType]="User" [eventTime]="Mar 13 2017 16:19:12" [deviceTime]="Mar 13 2017 16:19:12" [msg]="Network connection detected:UtcTime: 2017-03-13 16:19:11.622ProcessGuid: {0031B1CC-B342-58C6-0000-001078DA0000}ProcessId: 776Image: C:\\Windows\\System32\\svchost.exeUser: NT AUTHORITY\\SYSTEMProtocol: tcpInitiated: falseSourceIsIpv6: falseSourceIp: 192.168.169.59SourceHostname: DC.OrgC_Domain.localSourcePort: 49154SourcePortName: DestinationIsIpv6: falseDestinationIp: 192.168.169.57DestinationHostname: DestinationPort: 36488DestinationPortName: "
192.168.169.59:2017-03-13T16:19:13Z DC.OrgC_Domain.local 192.168.169.59 AccelOps-WUA-WinLog-Microsoft-Windows-Sysmon/Operational [monitorStatus]="Success" [Locale]="en-GB" [MachineGuid]="0031b1cc-f526-488c-bd3b-41b2ff7cd13b" [timeZone]="+0000" [eventName]="Microsoft-Windows-Sysmon/Operational" [eventSource]="Microsoft-Windows-Sysmon" [eventId]="3" [eventType]="Information" [domain]="NT AUTHORITY" [computer]="DC.OrgC_Domain.local" [user]="SYSTEM" [userSID]="S-1-5-18" [userSIDAcctType]="User" [eventTime]="Mar 13 2017 16:19:12" [deviceTime]="Mar 13 2017 16:19:12" [msg]="Network connection detected:UtcTime: 2017-03-13 16:19:11.472ProcessGuid: {0031B1CC-B341-58C6-0000-001087C50000}ProcessId: 624Image: C:\\Windows\\System32\\svchost.exeUser: NT AUTHORITY\\NETWORK SERVICEProtocol: tcpInitiated: falseSourceIsIpv6: falseSourceIp: 192.168.169.59SourceHostname: DC.OrgC_Domain.localSourcePort: 135SourcePortName: epmapDestinationIsIpv6: falseDestinationIp: 192.168.169.57DestinationHostname: DestinationPort: 38776DestinationPortName: "
192.168.169.59:2017-03-13T16:19:13Z DC.OrgC_Domain.local 192.168.169.59 AccelOps-WUA-WinLog-Microsoft-Windows-Sysmon/Operational [monitorStatus]="Success" [Locale]="en-GB" [MachineGuid]="0031b1cc-f526-488c-bd3b-41b2ff7cd13b" [timeZone]="+0000" [eventName]="Microsoft-Windows-Sysmon/Operational" [eventSource]="Microsoft-Windows-Sysmon" [eventId]="3" [eventType]="Information" [domain]="NT AUTHORITY" [computer]="DC.OrgC_Domain.local" [user]="SYSTEM" [userSID]="S-1-5-18" [userSIDAcctType]="User" [eventTime]="Mar 13 2017 16:19:12" [deviceTime]="Mar 13 2017 16:19:12" [msg]="Network connection detected:UtcTime: 2017-03-13 16:19:11.325ProcessGuid: {0031B1CC-B341-58C6-0000-001087C50000}ProcessId: 624Image: C:\\Windows\\System32\\svchost.exeUser: NT AUTHORITY\\NETWORK SERVICEProtocol: tcpInitiated: falseSourceIsIpv6: falseSourceIp: 192.168.169.59SourceHostname: DC.OrgC_Domain.localSourcePort: 135SourcePortName: epmapDestinationIsIpv6: falseDestinationIp: 192.168.169.57DestinationHostname: DestinationPort: 38768DestinationPortName: "
192.168.169.59:2017-03-13T16:19:14Z DC.OrgC_Domain.local 192.168.169.59 AccelOps-WUA-WinLog-Microsoft-Windows-Sysmon/Operational [monitorStatus]="Success" [Locale]="en-GB" [MachineGuid]="0031b1cc-f526-488c-bd3b-41b2ff7cd13b" [timeZone]="+0000" [eventName]="Microsoft-Windows-Sysmon/Operational" [eventSource]="Microsoft-Windows-Sysmon" [eventId]="3" [eventType]="Information" [domain]="NT AUTHORITY" [computer]="DC.OrgC_Domain.local" [user]="SYSTEM" [userSID]="S-1-5-18" [userSIDAcctType]="User" [eventTime]="Mar 13 2017 16:19:13" [deviceTime]="Mar 13 2017 16:19:13" [msg]="Network connection detected:UtcTime: 2017-03-13 16:19:11.897ProcessGuid: {0031B1CC-B341-58C6-0000-001087C50000}ProcessId: 624Image: C:\\Windows\\System32\\svchost.exeUser: NT AUTHORITY\\NETWORK SERVICEProtocol: tcpInitiated: falseSourceIsIpv6: falseSourceIp: 192.168.169.59SourceHostname: DC.OrgC_Domain.localSourcePort: 135SourcePortName: epmapDestinationIsIpv6: falseDestinationIp: 192.168.169.57DestinationHostname: DestinationPort: 38794DestinationPortName: "
192.168.169.59:2017-03-13T16:19:13Z DC.OrgC_Domain.local 192.168.169.59 AccelOps-WUA-WinLog-Microsoft-Windows-Sysmon/Operational [monitorStatus]="Success" [Locale]="en-GB" [MachineGuid]="0031b1cc-f526-488c-bd3b-41b2ff7cd13b" [timeZone]="+0000" [eventName]="Microsoft-Windows-Sysmon/Operational" [eventSource]="Microsoft-Windows-Sysmon" [eventId]="3" [eventType]="Information" [domain]="NT AUTHORITY" [computer]="DC.OrgC_Domain.local" [user]="SYSTEM" [userSID]="S-1-5-18" [userSIDAcctType]="User" [eventTime]="Mar 13 2017 16:19:12" [deviceTime]="Mar 13 2017 16:19:12" [msg]="Network connection detected:UtcTime: 2017-03-13 16:19:11.756ProcessGuid: {0031B1CC-B342-58C6-0000-001078DA0000}ProcessId: 776Image: C:\\Windows\\System32\\svchost.exeUser: NT AUTHORITY\\SYSTEMProtocol: tcpInitiated: falseSourceIsIpv6: falseSourceIp: 192.168.169.59SourceHostname: DC.OrgC_Domain.localSourcePort: 49154SourcePortName: DestinationIsIpv6: falseDestinationIp: 192.168.169.57DestinationHostname: DestinationPort: 36494DestinationPortName: "
192.168.169.59:2017-03-13T16:19:13Z DC.OrgC_Domain.local 192.168.169.59 AccelOps-WUA-WinLog-Microsoft-Windows-Sysmon/Operational [monitorStatus]="Success" [Locale]="en-GB" [MachineGuid]="0031b1cc-f526-488c-bd3b-41b2ff7cd13b" [timeZone]="+0000" [eventName]="Microsoft-Windows-Sysmon/Operational" [eventSource]="Microsoft-Windows-Sysmon" [eventId]="3" [eventType]="Information" [domain]="NT AUTHORITY" [computer]="DC.OrgC_Domain.local" [user]="SYSTEM" [userSID]="S-1-5-18" [userSIDAcctType]="User" [eventTime]="Mar 13 2017 16:19:12" [deviceTime]="Mar 13 2017 16:19:12" [msg]="Network connection detected:UtcTime: 2017-03-13 16:19:11.617ProcessGuid: {0031B1CC-B341-58C6-0000-001087C50000}ProcessId: 624Image: C:\\Windows\\System32\\svchost.exeUser: NT AUTHORITY\\NETWORK SERVICEProtocol: tcpInitiated: falseSourceIsIpv6: falseSourceIp: 192.168.169.59SourceHostname: DC.OrgC_Domain.localSourcePort: 135SourcePortName: epmapDestinationIsIpv6: falseDestinationIp: 192.168.169.57DestinationHostname: DestinationPort: 38782DestinationPortName: "
192.168.169.59:2017-03-13T16:19:13Z DC.OrgC_Domain.local 192.168.169.59 AccelOps-WUA-WinLog-Microsoft-Windows-Sysmon/Operational [monitorStatus]="Success" [Locale]="en-GB" [MachineGuid]="0031b1cc-f526-488c-bd3b-41b2ff7cd13b" [timeZone]="+0000" [eventName]="Microsoft-Windows-Sysmon/Operational" [eventSource]="Microsoft-Windows-Sysmon" [eventId]="3" [eventType]="Information" [domain]="NT AUTHORITY" [computer]="DC.OrgC_Domain.local" [user]="SYSTEM" [userSID]="S-1-5-18" [userSIDAcctType]="User" [eventTime]="Mar 13 2017 16:19:12" [deviceTime]="Mar 13 2017 16:19:12" [msg]="Network connection detected:UtcTime: 2017-03-13 16:19:11.470ProcessGuid: {0031B1CC-B341-58C6-0000-001087C50000}ProcessId: 624Image: C:\\Windows\\System32\\svchost.exeUser: NT AUTHORITY\\NETWORK SERVICEProtocol: tcpInitiated: falseSourceIsIpv6: falseSourceIp: 192.168.169.59SourceHostname: DC.OrgC_Domain.localSourcePort: 135SourcePortName: epmapDestinationIsIpv6: falseDestinationIp: 192.168.169.57DestinationHostname: DestinationPort: 38774DestinationPortName: "
192.168.169.59:2017-03-13T16:19:13Z DC.OrgC_Domain.local 192.168.169.59 AccelOps-WUA-WinLog-Microsoft-Windows-Sysmon/Operational [monitorStatus]="Success" [Locale]="en-GB" [MachineGuid]="0031b1cc-f526-488c-bd3b-41b2ff7cd13b" [timeZone]="+0000" [eventName]="Microsoft-Windows-Sysmon/Operational" [eventSource]="Microsoft-Windows-Sysmon" [eventId]="3" [eventType]="Information" [domain]="NT AUTHORITY" [computer]="DC.OrgC_Domain.local" [user]="SYSTEM" [userSID]="S-1-5-18" [userSIDAcctType]="User" [eventTime]="Mar 13 2017 16:19:11" [deviceTime]="Mar 13 2017 16:19:11" [msg]="Network connection detected:UtcTime: 2017-03-13 16:19:10.759ProcessGuid: {0031B1CC-B351-58C6-0000-00103D540100}ProcessId: 1280Image: C:\\Program Files\\AccelOps\\Agent\\AoWinAgt.exeUser: NT AUTHORITY\\SYSTEMProtocol: tcpInitiated: trueSourceIsIpv6: falseSourceIp: 192.168.169.59SourceHostname: DC.OrgC_Domain.localSourcePort: 53234SourcePortName: DestinationIsIpv6: falseDestinationIp: 192.168.169.57DestinationHostname: DestinationPort: 443DestinationPortName: https"
192.168.169.59:2017-03-13T16:19:17Z DC.OrgC_Domain.local 192.168.169.59 AccelOps-WUA-WinLog-Microsoft-Windows-Sysmon/Operational [monitorStatus]="Success" [Locale]="en-GB" [MachineGuid]="0031b1cc-f526-488c-bd3b-41b2ff7cd13b" [timeZone]="+0000" [eventName]="Microsoft-Windows-Sysmon/Operational" [eventSource]="Microsoft-Windows-Sysmon" [eventId]="3" [eventType]="Information" [domain]="NT AUTHORITY" [computer]="DC.OrgC_Domain.local" [user]="SYSTEM" [userSID]="S-1-5-18" [userSIDAcctType]="User" [eventTime]="Mar 13 2017 16:19:16" [deviceTime]="Mar 13 2017 16:19:16" [msg]="Network connection detected:UtcTime: 2017-03-13 16:19:15.899ProcessGuid: {0031B1CC-B351-58C6-0000-00103D540100}ProcessId: 1280Image: C:\\Program Files\\AccelOps\\Agent\\AoWinAgt.exeUser: NT AUTHORITY\\SYSTEMProtocol: tcpInitiated: trueSourceIsIpv6: falseSourceIp: 192.168.169.59SourceHostname: DC.OrgC_Domain.localSourcePort: 53236SourcePortName: DestinationIsIpv6: falseDestinationIp: 192.168.169.57DestinationHostname: DestinationPort: 443DestinationPortName: https"
192.168.169.59:2017-03-13T16:19:17Z DC.OrgC_Domain.local 192.168.169.59 AccelOps-WUA-WinLog-Microsoft-Windows-Sysmon/Operational [monitorStatus]="Success" [Locale]="en-GB" [MachineGuid]="0031b1cc-f526-488c-bd3b-41b2ff7cd13b" [timeZone]="+0000" [eventName]="Microsoft-Windows-Sysmon/Operational" [eventSource]="Microsoft-Windows-Sysmon" [eventId]="3" [eventType]="Information" [domain]="NT AUTHORITY" [computer]="DC.OrgC_Domain.local" [user]="SYSTEM" [userSID]="S-1-5-18" [userSIDAcctType]="User" [eventTime]="Mar 13 2017 16:19:16" [deviceTime]="Mar 13 2017 16:19:16" [msg]="Network connection detected:UtcTime: 2017-03-13 16:19:15.855ProcessGuid: {0031B1CC-B351-58C6-0000-00103D540100}ProcessId: 1280Image: C:\\Program Files\\AccelOps\\Agent\\AoWinAgt.exeUser: NT AUTHORITY\\SYSTEMProtocol: tcpInitiated: trueSourceIsIpv6: falseSourceIp: 192.168.169.59SourceHostname: DC.OrgC_Domain.localSourcePort: 53235SourcePortName: DestinationIsIpv6: falseDestinationIp: 192.168.169.57DestinationHostname: DestinationPort: 443DestinationPortName: https"
192.168.169.59:2017-03-13T16:19:23Z DC.OrgC_Domain.local 192.168.169.59 AccelOps-WUA-WinLog-Microsoft-Windows-Sysmon/Operational [monitorStatus]="Success" [Locale]="en-GB" [MachineGuid]="0031b1cc-f526-488c-bd3b-41b2ff7cd13b" [timeZone]="+0000" [eventName]="Microsoft-Windows-Sysmon/Operational" [eventSource]="Microsoft-Windows-Sysmon" [eventId]="3" [eventType]="Information" [domain]="NT AUTHORITY" [computer]="DC.OrgC_Domain.local" [user]="SYSTEM" [userSID]="S-1-5-18" [userSIDAcctType]="User" [eventTime]="Mar 13 2017 16:19:22" [deviceTime]="Mar 13 2017 16:19:22" [msg]="Network connection detected:UtcTime: 2017-03-13 16:19:20.931ProcessGuid: {0031B1CC-B351-58C6-0000-00103D540100}ProcessId: 1280Image: C:\\Program Files\\AccelOps\\Agent\\AoWinAgt.exeUser: NT AUTHORITY\\SYSTEMProtocol: tcpInitiated: trueSourceIsIpv6: falseSourceIp: 192.168.169.59SourceHostname: DC.OrgC_Domain.localSourcePort: 53237SourcePortName: DestinationIsIpv6: falseDestinationIp: 192.168.169.57DestinationHostname: DestinationPort: 443DestinationPortName: https"
192.168.169.59:2017-03-13T16:19:24Z DC.OrgC_Domain.local 192.168.169.59 AccelOps-WUA-WinLog-Microsoft-Windows-Sysmon/Operational [monitorStatus]="Success" [Locale]="en-GB" [MachineGuid]="0031b1cc-f526-488c-bd3b-41b2ff7cd13b" [timeZone]="+0000" [eventName]="Microsoft-Windows-Sysmon/Operational" [eventSource]="Microsoft-Windows-Sysmon" [eventId]="3" [eventType]="Information" [domain]="NT AUTHORITY" [computer]="DC.OrgC_Domain.local" [user]="SYSTEM" [userSID]="S-1-5-18" [userSIDAcctType]="User" [eventTime]="Mar 13 2017 16:19:23" [deviceTime]="Mar 13 2017 16:19:23" [msg]="Network connection detected:UtcTime: 2017-03-13 16:19:20.946ProcessGuid: {0031B1CC-B351-58C6-0000-00103D540100}ProcessId: 1280Image: C:\\Program Files\\AccelOps\\Agent\\AoWinAgt.exeUser: NT AUTHORITY\\SYSTEMProtocol: tcpInitiated: trueSourceIsIpv6: falseSourceIp: 192.168.169.59SourceHostname: DC.OrgC_Domain.localSourcePort: 53238SourcePortName: DestinationIsIpv6: falseDestinationIp: 192.168.169.57DestinationHostname: DestinationPort: 443DestinationPortName: https"
192.168.169.59:2017-03-13T16:19:28Z DC.OrgC_Domain.local 192.168.169.59 AccelOps-WUA-WinLog-Microsoft-Windows-Sysmon/Operational [monitorStatus]="Success" [Locale]="en-GB" [MachineGuid]="0031b1cc-f526-488c-bd3b-41b2ff7cd13b" [timeZone]="+0000" [eventName]="Microsoft-Windows-Sysmon/Operational" [eventSource]="Microsoft-Windows-Sysmon" [eventId]="3" [eventType]="Information" [domain]="NT AUTHORITY" [computer]="DC.OrgC_Domain.local" [user]="SYSTEM" [userSID]="S-1-5-18" [userSIDAcctType]="User" [eventTime]="Mar 13 2017 16:19:27" [deviceTime]="Mar 13 2017 16:19:27" [msg]="Network connection detected:UtcTime: 2017-03-13 16:19:26.025ProcessGuid: {0031B1CC-B351-58C6-0000-00103D540100}ProcessId: 1280Image: C:\\Program Files\\AccelOps\\Agent\\AoWinAgt.exeUser: NT AUTHORITY\\SYSTEMProtocol: tcpInitiated: trueSourceIsIpv6: falseSourceIp: 192.168.169.59SourceHostname: DC.OrgC_Domain.localSourcePort: 53239SourcePortName: DestinationIsIpv6: falseDestinationIp: 192.168.169.57DestinationHostname: DestinationPort: 443DestinationPortName: https"
192.168.169.59:2017-03-13T16:19:29Z DC.OrgC_Domain.local 192.168.169.59 AccelOps-WUA-WinLog-Microsoft-Windows-Sysmon/Operational [monitorStatus]="Success" [Locale]="en-GB" [MachineGuid]="0031b1cc-f526-488c-bd3b-41b2ff7cd13b" [timeZone]="+0000" [eventName]="Microsoft-Windows-Sysmon/Operational" [eventSource]="Microsoft-Windows-Sysmon" [eventId]="3" [eventType]="Information" [domain]="NT AUTHORITY" [computer]="DC.OrgC_Domain.local" [user]="SYSTEM" [userSID]="S-1-5-18" [userSIDAcctType]="User" [eventTime]="Mar 13 2017 16:19:28" [deviceTime]="Mar 13 2017 16:19:28" [msg]="Network connection detected:UtcTime: 2017-03-13 16:19:26.055ProcessGuid: {0031B1CC-B351-58C6-0000-00103D540100}ProcessId: 1280Image: C:\\Program Files\\AccelOps\\Agent\\AoWinAgt.exeUser: NT AUTHORITY\\SYSTEMProtocol: tcpInitiated: trueSourceIsIpv6: falseSourceIp: 192.168.169.59SourceHostname: DC.OrgC_Domain.localSourcePort: 53240SourcePortName: DestinationIsIpv6: falseDestinationIp: 192.168.169.57DestinationHostname: DestinationPort: 443DestinationPortName: https"
192.168.169.59:2017-03-13T16:19:33Z DC.OrgC_Domain.local 192.168.169.59 AccelOps-WUA-WinLog-Microsoft-Windows-Sysmon/Operational [monitorStatus]="Success" [Locale]="en-GB" [MachineGuid]="0031b1cc-f526-488c-bd3b-41b2ff7cd13b" [timeZone]="+0000" [eventName]="Microsoft-Windows-Sysmon/Operational" [eventSource]="Microsoft-Windows-Sysmon" [eventId]="3" [eventType]="Information" [domain]="NT AUTHORITY" [computer]="DC.OrgC_Domain.local" [user]="SYSTEM" [userSID]="S-1-5-18" [userSIDAcctType]="User" [eventTime]="Mar 13 2017 16:19:33" [deviceTime]="Mar 13 2017 16:19:33" [msg]="Network connection detected:UtcTime: 2017-03-13 16:19:31.165ProcessGuid: {0031B1CC-B351-58C6-0000-00103D540100}ProcessId: 1280Image: C:\\Program Files\\AccelOps\\Agent\\AoWinAgt.exeUser: NT AUTHORITY\\SYSTEMProtocol: tcpInitiated: trueSourceIsIpv6: falseSourceIp: 192.168.169.59SourceHostname: DC.OrgC_Domain.localSourcePort: 53242SourcePortName: DestinationIsIpv6: falseDestinationIp: 192.168.169.57DestinationHostname: DestinationPort: 443DestinationPortName: https"
192.168.169.59:2017-03-13T16:19:33Z DC.OrgC_Domain.local 192.168.169.59 AccelOps-WUA-WinLog-Microsoft-Windows-Sysmon/Operational [monitorStatus]="Success" [Locale]="en-GB" [MachineGuid]="0031b1cc-f526-488c-bd3b-41b2ff7cd13b" [timeZone]="+0000" [eventName]="Microsoft-Windows-Sysmon/Operational" [eventSource]="Microsoft-Windows-Sysmon" [eventId]="3" [eventType]="Information" [domain]="NT AUTHORITY" [computer]="DC.OrgC_Domain.local" [user]="SYSTEM" [userSID]="S-1-5-18" [userSIDAcctType]="User" [eventTime]="Mar 13 2017 16:19:32" [deviceTime]="Mar 13 2017 16:19:32" [msg]="Network connection detected:UtcTime: 2017-03-13 16:19:31.134ProcessGuid: {0031B1CC-B351-58C6-0000-00103D540100}ProcessId: 1280Image: C:\\Program Files\\AccelOps\\Agent\\AoWinAgt.exeUser: NT AUTHORITY\\SYSTEMProtocol: tcpInitiated: trueSourceIsIpv6: falseSourceIp: 192.168.169.59SourceHostname: DC.OrgC_Domain.localSourcePort: 53241SourcePortName: DestinationIsIpv6: falseDestinationIp: 192.168.169.57DestinationHostname: DestinationPort: 443DestinationPortName: https"
192.168.169.59:2017-03-13T16:19:39Z DC.OrgC_Domain.local 192.168.169.59 AccelOps-WUA-WinLog-Microsoft-Windows-Sysmon/Operational [monitorStatus]="Success" [Locale]="en-GB" [MachineGuid]="0031b1cc-f526-488c-bd3b-41b2ff7cd13b" [timeZone]="+0000" [eventName]="Microsoft-Windows-Sysmon/Operational" [eventSource]="Microsoft-Windows-Sysmon" [eventId]="3" [eventType]="Information" [domain]="NT AUTHORITY" [computer]="DC.OrgC_Domain.local" [user]="SYSTEM" [userSID]="S-1-5-18" [userSIDAcctType]="User" [eventTime]="Mar 13 2017 16:19:39" [deviceTime]="Mar 13 2017 16:19:39" [msg]="Network connection detected:UtcTime: 2017-03-13 16:19:38.071ProcessGuid: {0031B1CC-B34B-58C6-0000-0010714B0100}ProcessId: 1224Image: C:\\Windows\\ADWS\\Microsoft.ActiveDirectory.WebServices.exeUser: NT AUTHORITY\\SYSTEMProtocol: tcpInitiated: trueSourceIsIpv6: trueSourceIp: 0:0:0:0:0:0:0:1SourceHostname: DC.OrgC_Domain.localSourcePort: 53245SourcePortName: DestinationIsIpv6: trueDestinationIp: 0:0:0:0:0:0:0:1DestinationHostname: DC.OrgC_Domain.localDestinationPort: 389DestinationPortName: ldap"
192.168.169.59:2017-03-13T16:19:39Z DC.OrgC_Domain.local 192.168.169.59 AccelOps-WUA-WinLog-Microsoft-Windows-Sysmon/Operational [monitorStatus]="Success" [Locale]="en-GB" [MachineGuid]="0031b1cc-f526-488c-bd3b-41b2ff7cd13b" [timeZone]="+0000" [eventName]="Microsoft-Windows-Sysmon/Operational" [eventSource]="Microsoft-Windows-Sysmon" [eventId]="3" [eventType]="Information" [domain]="NT AUTHORITY" [computer]="DC.OrgC_Domain.local" [user]="SYSTEM" [userSID]="S-1-5-18" [userSIDAcctType]="User" [eventTime]="Mar 13 2017 16:19:38" [deviceTime]="Mar 13 2017 16:19:38" [msg]="Network connection detected:UtcTime: 2017-03-13 16:19:36.258ProcessGuid: {0031B1CC-B351-58C6-0000-00103D540100}ProcessId: 1280Image: C:\\Program Files\\AccelOps\\Agent\\AoWinAgt.exeUser: NT AUTHORITY\\SYSTEMProtocol: tcpInitiated: trueSourceIsIpv6: falseSourceIp: 192.168.169.59SourceHostname: DC.OrgC_Domain.localSourcePort: 53244SourcePortName: DestinationIsIpv6: falseDestinationIp: 192.168.169.57DestinationHostname: DestinationPort: 443DestinationPortName: https"
192.168.169.59:2017-03-13T16:19:39Z DC.OrgC_Domain.local 192.168.169.59 AccelOps-WUA-WinLog-Microsoft-Windows-Sysmon/Operational [monitorStatus]="Success" [Locale]="en-GB" [MachineGuid]="0031b1cc-f526-488c-bd3b-41b2ff7cd13b" [timeZone]="+0000" [eventName]="Microsoft-Windows-Sysmon/Operational" [eventSource]="Microsoft-Windows-Sysmon" [eventId]="3" [eventType]="Information" [domain]="NT AUTHORITY" [computer]="DC.OrgC_Domain.local" [user]="SYSTEM" [userSID]="S-1-5-18" [userSIDAcctType]="User" [eventTime]="Mar 13 2017 16:19:39" [deviceTime]="Mar 13 2017 16:19:39" [msg]="Network connection detected:UtcTime: 2017-03-13 16:19:38.071ProcessGuid: {0031B1CC-B333-58C6-0000-0010B5790000}ProcessId: 444Image: C:\\Windows\\System32\\lsass.exeUser: NT AUTHORITY\\SYSTEMProtocol: tcpInitiated: falseSourceIsIpv6: trueSourceIp: 0:0:0:0:0:0:0:1SourceHostname: DC.OrgC_Domain.localSourcePort: 389SourcePortName: ldapDestinationIsIpv6: trueDestinationIp: 0:0:0:0:0:0:0:1DestinationHostname: DC.OrgC_Domain.localDestinationPort: 53245DestinationPortName: "
192.168.169.59:2017-03-13T16:19:38Z DC.OrgC_Domain.local 192.168.169.59 AccelOps-WUA-WinLog-Microsoft-Windows-Sysmon/Operational [monitorStatus]="Success" [Locale]="en-GB" [MachineGuid]="0031b1cc-f526-488c-bd3b-41b2ff7cd13b" [timeZone]="+0000" [eventName]="Microsoft-Windows-Sysmon/Operational" [eventSource]="Microsoft-Windows-Sysmon" [eventId]="3" [eventType]="Information" [domain]="NT AUTHORITY" [computer]="DC.OrgC_Domain.local" [user]="SYSTEM" [userSID]="S-1-5-18" [userSIDAcctType]="User" [eventTime]="Mar 13 2017 16:19:37" [deviceTime]="Mar 13 2017 16:19:37" [msg]="Network connection detected:UtcTime: 2017-03-13 16:19:36.227ProcessGuid: {0031B1CC-B351-58C6-0000-00103D540100}ProcessId: 1280Image: C:\\Program Files\\AccelOps\\Agent\\AoWinAgt.exeUser: NT AUTHORITY\\SYSTEMProtocol: tcpInitiated: trueSourceIsIpv6: falseSourceIp: 192.168.169.59SourceHostname: DC.OrgC_Domain.localSourcePort: 53243SourcePortName: DestinationIsIpv6: falseDestinationIp: 192.168.169.57DestinationHostname: DestinationPort: 443DestinationPortName: https"
192.168.169.59:2017-03-13T16:19:43Z DC.OrgC_Domain.local 192.168.169.59 AccelOps-WUA-WinLog-Microsoft-Windows-Sysmon/Operational [monitorStatus]="Success" [Locale]="en-GB" [MachineGuid]="0031b1cc-f526-488c-bd3b-41b2ff7cd13b" [timeZone]="+0000" [eventName]="Microsoft-Windows-Sysmon/Operational" [eventSource]="Microsoft-Windows-Sysmon" [eventId]="3" [eventType]="Information" [domain]="NT AUTHORITY" [computer]="DC.OrgC_Domain.local" [user]="SYSTEM" [userSID]="S-1-5-18" [userSIDAcctType]="User" [eventTime]="Mar 13 2017 16:19:42" [deviceTime]="Mar 13 2017 16:19:42" [msg]="Network connection detected:UtcTime: 2017-03-13 16:19:41.338ProcessGuid: {0031B1CC-B351-58C6-0000-00103D540100}ProcessId: 1280Image: C:\\Program Files\\AccelOps\\Agent\\AoWinAgt.exeUser: NT AUTHORITY\\SYSTEMProtocol: tcpInitiated: trueSourceIsIpv6: falseSourceIp: 192.168.169.59SourceHostname: DC.OrgC_Domain.localSourcePort: 53246SourcePortName: DestinationIsIpv6: falseDestinationIp: 192.168.169.57DestinationHostname: DestinationPort: 443DestinationPortName: https"
192.168.169.59:2017-03-13T16:19:44Z DC.OrgC_Domain.local 192.168.169.59 AccelOps-WUA-WinLog-Microsoft-Windows-Sysmon/Operational [monitorStatus]="Success" [Locale]="en-GB" [MachineGuid]="0031b1cc-f526-488c-bd3b-41b2ff7cd13b" [timeZone]="+0000" [eventName]="Microsoft-Windows-Sysmon/Operational" [eventSource]="Microsoft-Windows-Sysmon" [eventId]="3" [eventType]="Information" [domain]="NT AUTHORITY" [computer]="DC.OrgC_Domain.local" [user]="SYSTEM" [userSID]="S-1-5-18" [userSIDAcctType]="User" [eventTime]="Mar 13 2017 16:19:43" [deviceTime]="Mar 13 2017 16:19:43" [msg]="Network connection detected:UtcTime: 2017-03-13 16:19:41.368ProcessGuid: {0031B1CC-B351-58C6-0000-00103D540100}ProcessId: 1280Image: C:\\Program Files\\AccelOps\\Agent\\AoWinAgt.exeUser: NT AUTHORITY\\SYSTEMProtocol: tcpInitiated: trueSourceIsIpv6: falseSourceIp: 192.168.169.59SourceHostname: DC.OrgC_Domain.localSourcePort: 53247SourcePortName: DestinationIsIpv6: falseDestinationIp: 192.168.169.57DestinationHostname: DestinationPort: 443DestinationPortName: https"
192.168.169.59:2017-03-13T16:19:45Z DC.OrgC_Domain.local 192.168.169.59 AccelOps-WUA-WinLog-Microsoft-Windows-Sysmon/Operational [monitorStatus]="Success" [Locale]="en-GB" [MachineGuid]="0031b1cc-f526-488c-bd3b-41b2ff7cd13b" [timeZone]="+0000" [eventName]="Microsoft-Windows-Sysmon/Operational" [eventSource]="Microsoft-Windows-Sysmon" [eventId]="3" [eventType]="Information" [domain]="NT AUTHORITY" [computer]="DC.OrgC_Domain.local" [user]="SYSTEM" [userSID]="S-1-5-18" [userSIDAcctType]="User" [eventTime]="Mar 13 2017 16:19:44" [deviceTime]="Mar 13 2017 16:19:44" [msg]="Network connection detected:UtcTime: 2017-03-13 16:19:43.381ProcessGuid: {0031B1CC-B341-58C6-0000-001087C50000}ProcessId: 624Image: C:\\Windows\\System32\\svchost.exeUser: NT AUTHORITY\\NETWORK SERVICEProtocol: tcpInitiated: falseSourceIsIpv6: falseSourceIp: 192.168.169.59SourceHostname: DC.OrgC_Domain.localSourcePort: 135SourcePortName: epmapDestinationIsIpv6: falseDestinationIp: 192.168.169.57DestinationHostname: DestinationPort: 38822DestinationPortName: "
192.168.169.59:2017-03-13T16:19:45Z DC.OrgC_Domain.local 192.168.169.59 AccelOps-WUA-WinLog-Microsoft-Windows-Sysmon/Operational [monitorStatus]="Success" [Locale]="en-GB" [MachineGuid]="0031b1cc-f526-488c-bd3b-41b2ff7cd13b" [timeZone]="+0000" [eventName]="Microsoft-Windows-Sysmon/Operational" [eventSource]="Microsoft-Windows-Sysmon" [eventId]="3" [eventType]="Information" [domain]="NT AUTHORITY" [computer]="DC.OrgC_Domain.local" [user]="SYSTEM" [userSID]="S-1-5-18" [userSIDAcctType]="User" [eventTime]="Mar 13 2017 16:19:44" [deviceTime]="Mar 13 2017 16:19:44" [msg]="Network connection detected:UtcTime: 2017-03-13 16:19:43.497ProcessGuid: {0031B1CC-B341-58C6-0000-001087C50000}ProcessId: 624Image: C:\\Windows\\System32\\svchost.exeUser: NT AUTHORITY\\NETWORK SERVICEProtocol: tcpInitiated: falseSourceIsIpv6: falseSourceIp: 192.168.169.59SourceHostname: DC.OrgC_Domain.localSourcePort: 135SourcePortName: epmapDestinationIsIpv6: falseDestinationIp: 192.168.169.57DestinationHostname: DestinationPort: 38826DestinationPortName: "
192.168.169.59:2017-03-13T16:19:45Z DC.OrgC_Domain.local 192.168.169.59 AccelOps-WUA-WinLog-Microsoft-Windows-Sysmon/Operational [monitorStatus]="Success" [Locale]="en-GB" [MachineGuid]="0031b1cc-f526-488c-bd3b-41b2ff7cd13b" [timeZone]="+0000" [eventName]="Microsoft-Windows-Sysmon/Operational" [eventSource]="Microsoft-Windows-Sysmon" [eventId]="3" [eventType]="Information" [domain]="NT AUTHORITY" [computer]="DC.OrgC_Domain.local" [user]="SYSTEM" [userSID]="S-1-5-18" [userSIDAcctType]="User" [eventTime]="Mar 13 2017 16:19:44" [deviceTime]="Mar 13 2017 16:19:44" [msg]="Network connection detected:UtcTime: 2017-03-13 16:19:43.379ProcessGuid: {0031B1CC-B341-58C6-0000-001087C50000}ProcessId: 624Image: C:\\Windows\\System32\\svchost.exeUser: NT AUTHORITY\\NETWORK SERVICEProtocol: tcpInitiated: falseSourceIsIpv6: falseSourceIp: 192.168.169.59SourceHostname: DC.OrgC_Domain.localSourcePort: 135SourcePortName: epmapDestinationIsIpv6: falseDestinationIp: 192.168.169.57DestinationHostname: DestinationPort: 38820DestinationPortName: "
192.168.169.59:2017-03-13T16:19:45Z DC.OrgC_Domain.local 192.168.169.59 AccelOps-WUA-WinLog-Microsoft-Windows-Sysmon/Operational [monitorStatus]="Success" [Locale]="en-GB" [MachineGuid]="0031b1cc-f526-488c-bd3b-41b2ff7cd13b" [timeZone]="+0000" [eventName]="Microsoft-Windows-Sysmon/Operational" [eventSource]="Microsoft-Windows-Sysmon" [eventId]="3" [eventType]="Information" [domain]="NT AUTHORITY" [computer]="DC.OrgC_Domain.local" [user]="SYSTEM" [userSID]="S-1-5-18" [userSIDAcctType]="User" [eventTime]="Mar 13 2017 16:19:44" [deviceTime]="Mar 13 2017 16:19:44" [msg]="Network connection detected:UtcTime: 2017-03-13 16:19:43.386ProcessGuid: {0031B1CC-B342-58C6-0000-001078DA0000}ProcessId: 776Image: C:\\Windows\\System32\\svchost.exeUser: NT AUTHORITY\\SYSTEMProtocol: tcpInitiated: falseSourceIsIpv6: falseSourceIp: 192.168.169.59SourceHostname: DC.OrgC_Domain.localSourcePort: 49154SourcePortName: DestinationIsIpv6: falseDestinationIp: 192.168.169.57DestinationHostname: DestinationPort: 36528DestinationPortName: "
192.168.169.59:2017-03-13T16:19:45Z DC.OrgC_Domain.local 192.168.169.59 AccelOps-WUA-WinLog-Microsoft-Windows-Sysmon/Operational [monitorStatus]="Success" [Locale]="en-GB" [MachineGuid]="0031b1cc-f526-488c-bd3b-41b2ff7cd13b" [timeZone]="+0000" [eventName]="Microsoft-Windows-Sysmon/Operational" [eventSource]="Microsoft-Windows-Sysmon" [eventId]="3" [eventType]="Information" [domain]="NT AUTHORITY" [computer]="DC.OrgC_Domain.local" [user]="SYSTEM" [userSID]="S-1-5-18" [userSIDAcctType]="User" [eventTime]="Mar 13 2017 16:19:44" [deviceTime]="Mar 13 2017 16:19:44" [msg]="Network connection detected:UtcTime: 2017-03-13 16:19:43.499ProcessGuid: {0031B1CC-B341-58C6-0000-001087C50000}ProcessId: 624Image: C:\\Windows\\System32\\svchost.exeUser: NT AUTHORITY\\NETWORK SERVICEProtocol: tcpInitiated: falseSourceIsIpv6: falseSourceIp: 192.168.169.59SourceHostname: DC.OrgC_Domain.localSourcePort: 135SourcePortName: epmapDestinationIsIpv6: falseDestinationIp: 192.168.169.57DestinationHostname: DestinationPort: 38828DestinationPortName: "
192.168.169.59:2017-03-13T16:19:47Z DC.OrgC_Domain.local 192.168.169.59 AccelOps-WUA-WinLog-Microsoft-Windows-Sysmon/Operational [monitorStatus]="Success" [Locale]="en-GB" [MachineGuid]="0031b1cc-f526-488c-bd3b-41b2ff7cd13b" [timeZone]="+0000" [eventName]="Microsoft-Windows-Sysmon/Operational" [eventSource]="Microsoft-Windows-Sysmon" [eventId]="3" [eventType]="Information" [domain]="NT AUTHORITY" [computer]="DC.OrgC_Domain.local" [user]="SYSTEM" [userSID]="S-1-5-18" [userSIDAcctType]="User" [eventTime]="Mar 13 2017 16:19:47" [deviceTime]="Mar 13 2017 16:19:47" [msg]="Network connection detected:UtcTime: 2017-03-13 16:19:46.449ProcessGuid: {0031B1CC-B351-58C6-0000-00103D540100}ProcessId: 1280Image: C:\\Program Files\\AccelOps\\Agent\\AoWinAgt.exeUser: NT AUTHORITY\\SYSTEMProtocol: tcpInitiated: trueSourceIsIpv6: falseSourceIp: 192.168.169.59SourceHostname: DC.OrgC_Domain.localSourcePort: 53248SourcePortName: DestinationIsIpv6: falseDestinationIp: 192.168.169.57DestinationHostname: DestinationPort: 443DestinationPortName: https"
192.168.169.59:2017-03-13T16:19:47Z DC.OrgC_Domain.local 192.168.169.59 AccelOps-WUA-WinLog-Microsoft-Windows-Sysmon/Operational [monitorStatus]="Success" [Locale]="en-GB" [MachineGuid]="0031b1cc-f526-488c-bd3b-41b2ff7cd13b" [timeZone]="+0000" [eventName]="Microsoft-Windows-Sysmon/Operational" [eventSource]="Microsoft-Windows-Sysmon" [eventId]="3" [eventType]="Information" [domain]="NT AUTHORITY" [computer]="DC.OrgC_Domain.local" [user]="SYSTEM" [userSID]="S-1-5-18" [userSIDAcctType]="User" [eventTime]="Mar 13 2017 16:19:47" [deviceTime]="Mar 13 2017 16:19:47" [msg]="Network connection detected:UtcTime: 2017-03-13 16:19:46.493ProcessGuid: {0031B1CC-B351-58C6-0000-00103D540100}ProcessId: 1280Image: C:\\Program Files\\AccelOps\\Agent\\AoWinAgt.exeUser: NT AUTHORITY\\SYSTEMProtocol: tcpInitiated: trueSourceIsIpv6: falseSourceIp: 192.168.169.59SourceHostname: DC.OrgC_Domain.localSourcePort: 53249SourcePortName: DestinationIsIpv6: falseDestinationIp: 192.168.169.57DestinationHostname: DestinationPort: 443DestinationPortName: https"
192.168.169.59:2017-03-13T16:19:47Z DC.OrgC_Domain.local 192.168.169.59 AccelOps-WUA-WinLog-Microsoft-Windows-Sysmon/Operational [monitorStatus]="Success" [Locale]="en-GB" [MachineGuid]="0031b1cc-f526-488c-bd3b-41b2ff7cd13b" [timeZone]="+0000" [eventName]="Microsoft-Windows-Sysmon/Operational" [eventSource]="Microsoft-Windows-Sysmon" [eventId]="3" [eventType]="Information" [domain]="NT AUTHORITY" [computer]="DC.OrgC_Domain.local" [user]="SYSTEM" [userSID]="S-1-5-18" [userSIDAcctType]="User" [eventTime]="Mar 13 2017 16:19:46" [deviceTime]="Mar 13 2017 16:19:46" [msg]="Network connection detected:UtcTime: 2017-03-13 16:19:45.673ProcessGuid: {0031B1CC-B342-58C6-0000-001040F00000}ProcessId: 956Image: C:\\Windows\\System32\\svchost.exeUser: NT AUTHORITY\\NETWORK SERVICEProtocol: udpInitiated: falseSourceIsIpv6: falseSourceIp: 224.0.0.252SourceHostname: SourcePort: 5355SourcePortName: llmnrDestinationIsIpv6: falseDestinationIp: 192.168.169.50DestinationHostname: WINDOWSAMDestinationPort: 54553DestinationPortName: "
192.168.169.59:2017-03-13T16:19:46Z DC.OrgC_Domain.local 192.168.169.59 AccelOps-WUA-WinLog-Microsoft-Windows-Sysmon/Operational [monitorStatus]="Success" [Locale]="en-GB" [MachineGuid]="0031b1cc-f526-488c-bd3b-41b2ff7cd13b" [timeZone]="+0000" [eventName]="Microsoft-Windows-Sysmon/Operational" [eventSource]="Microsoft-Windows-Sysmon" [eventId]="3" [eventType]="Information" [domain]="NT AUTHORITY" [computer]="DC.OrgC_Domain.local" [user]="SYSTEM" [userSID]="S-1-5-18" [userSIDAcctType]="User" [eventTime]="Mar 13 2017 16:19:45" [deviceTime]="Mar 13 2017 16:19:45" [msg]="Network connection detected:UtcTime: 2017-03-13 16:19:43.503ProcessGuid: {0031B1CC-B342-58C6-0000-001078DA0000}ProcessId: 776Image: C:\\Windows\\System32\\svchost.exeUser: NT AUTHORITY\\SYSTEMProtocol: tcpInitiated: falseSourceIsIpv6: falseSourceIp: 192.168.169.59SourceHostname: DC.OrgC_Domain.localSourcePort: 49154SourcePortName: DestinationIsIpv6: falseDestinationIp: 192.168.169.57DestinationHostname: DestinationPort: 36534DestinationPortName: "
192.168.169.59:2017-03-13T16:19:52Z DC.OrgC_Domain.local 192.168.169.59 AccelOps-WUA-WinLog-Microsoft-Windows-Sysmon/Operational [monitorStatus]="Success" [Locale]="en-GB" [MachineGuid]="0031b1cc-f526-488c-bd3b-41b2ff7cd13b" [timeZone]="+0000" [eventName]="Microsoft-Windows-Sysmon/Operational" [eventSource]="Microsoft-Windows-Sysmon" [eventId]="3" [eventType]="Information" [domain]="NT AUTHORITY" [computer]="DC.OrgC_Domain.local" [user]="SYSTEM" [userSID]="S-1-5-18" [userSIDAcctType]="User" [eventTime]="Mar 13 2017 16:19:51" [deviceTime]="Mar 13 2017 16:19:51" [msg]="Network connection detected:UtcTime: 2017-03-13 16:19:49.613ProcessGuid: {0031B1CC-B342-58C6-0000-001078DA0000}ProcessId: 776Image: C:\\Windows\\System32\\svchost.exeUser: NT AUTHORITY\\SYSTEMProtocol: tcpInitiated: falseSourceIsIpv6: falseSourceIp: 192.168.169.59SourceHostname: DC.OrgC_Domain.localSourcePort: 49154SourcePortName: DestinationIsIpv6: falseDestinationIp: 192.168.169.57DestinationHostname: DestinationPort: 36544DestinationPortName: "
