192.168.169.59:2017-03-14T11:14:31Z DC.OrgC_Domain.local 192.168.169.59 AccelOps-WUA-WinLog-Microsoft-Windows-Sysmon/Operational [monitorStatus]="Success" [Locale]="en-GB" [MachineGuid]="0031b1cc-f526-488c-bd3b-41b2ff7cd13b" [timeZone]="+0000" [eventName]="Microsoft-Windows-Sysmon/Operational" [eventSource]="Microsoft-Windows-Sysmon" [eventId]="3" [eventType]="Information" [domain]="NT AUTHORITY" [computer]="DC.OrgC_Domain.local" [user]="SYSTEM" [userSID]="S-1-5-18" [userSIDAcctType]="User" [eventTime]="Mar 14 2017 11:14:30" [deviceTime]="Mar 14 2017 11:14:30" [msg]="Network connection detected:UtcTime: 2017-03-14 11:14:29.745ProcessGuid: {0031B1CC-B653-58C6-0000-0010ECB30F00}ProcessId: 3132Image: C:\\Program Files\\AccelOps\\Server\\AoWinAgtMgr.exeUser: ORGC_DOMAIN\\AdministratorProtocol: tcpInitiated: trueSourceIsIpv6: trueSourceIp: 0:0:0:0:0:0:0:1SourceHostname: DC.OrgC_Domain.localSourcePort: 60553SourcePortName: DestinationIsIpv6: trueDestinationIp: 0:0:0:0:0:0:0:1DestinationHostname: DC.OrgC_Domain.localDestinationPort: 443DestinationPortName: https"
192.168.169.59:2017-03-14T11:16:47Z DC.OrgC_Domain.local 192.168.169.59 AccelOps-WUA-WinLog-Microsoft-Windows-Sysmon/Operational [monitorStatus]="Success" [Locale]="en-GB" [MachineGuid]="0031b1cc-f526-488c-bd3b-41b2ff7cd13b" [timeZone]="+0000" [eventName]="Microsoft-Windows-Sysmon/Operational" [eventSource]="Microsoft-Windows-Sysmon" [eventId]="3" [eventType]="Information" [domain]="NT AUTHORITY" [computer]="DC.OrgC_Domain.local" [user]="SYSTEM" [userSID]="S-1-5-18" [userSIDAcctType]="User" [eventTime]="Mar 14 2017 11:16:46" [deviceTime]="Mar 14 2017 11:16:46" [msg]="Network connection detected:UtcTime: 2017-03-14 11:16:45.502ProcessGuid: {0031B1CC-B653-58C6-0000-0010ECB30F00}ProcessId: 3132Image: C:\\Program Files\\AccelOps\\Server\\AoWinAgtMgr.exeUser: ORGC_DOMAIN\\AdministratorProtocol: tcpInitiated: trueSourceIsIpv6: trueSourceIp: 0:0:0:0:0:0:0:1SourceHostname: DC.OrgC_Domain.localSourcePort: 60564SourcePortName: DestinationIsIpv6: trueDestinationIp: 0:0:0:0:0:0:0:1DestinationHostname: DC.OrgC_Domain.localDestinationPort: 443DestinationPortName: https"
192.168.169.59:2017-03-14T11:20:32Z DC.OrgC_Domain.local 192.168.169.59 AccelOps-WUA-WinLog-Microsoft-Windows-Sysmon/Operational [monitorStatus]="Success" [Locale]="en-GB" [MachineGuid]="0031b1cc-f526-488c-bd3b-41b2ff7cd13b" [timeZone]="+0000" [eventName]="Microsoft-Windows-Sysmon/Operational" [eventSource]="Microsoft-Windows-Sysmon" [eventId]="3" [eventType]="Information" [domain]="NT AUTHORITY" [computer]="DC.OrgC_Domain.local" [user]="SYSTEM" [userSID]="S-1-5-18" [userSIDAcctType]="User" [eventTime]="Mar 14 2017 11:20:31" [deviceTime]="Mar 14 2017 11:20:31" [msg]="Network connection detected:UtcTime: 2017-03-14 11:20:29.850ProcessGuid: {0031B1CC-B653-58C6-0000-0010ECB30F00}ProcessId: 3132Image: C:\\Program Files\\AccelOps\\Server\\AoWinAgtMgr.exeUser: ORGC_DOMAIN\\AdministratorProtocol: tcpInitiated: trueSourceIsIpv6: trueSourceIp: 0:0:0:0:0:0:0:1SourceHostname: DC.OrgC_Domain.localSourcePort: 60579SourcePortName: DestinationIsIpv6: trueDestinationIp: 0:0:0:0:0:0:0:1DestinationHostname: DC.OrgC_Domain.localDestinationPort: 443DestinationPortName: https"
192.168.169.59:2017-03-14T11:22:47Z DC.OrgC_Domain.local 192.168.169.59 AccelOps-WUA-WinLog-Microsoft-Windows-Sysmon/Operational [monitorStatus]="Success" [Locale]="en-GB" [MachineGuid]="0031b1cc-f526-488c-bd3b-41b2ff7cd13b" [timeZone]="+0000" [eventName]="Microsoft-Windows-Sysmon/Operational" [eventSource]="Microsoft-Windows-Sysmon" [eventId]="3" [eventType]="Information" [domain]="NT AUTHORITY" [computer]="DC.OrgC_Domain.local" [user]="SYSTEM" [userSID]="S-1-5-18" [userSIDAcctType]="User" [eventTime]="Mar 14 2017 11:22:46" [deviceTime]="Mar 14 2017 11:22:46" [msg]="Network connection detected:UtcTime: 2017-03-14 11:22:45.614ProcessGuid: {0031B1CC-B653-58C6-0000-0010ECB30F00}ProcessId: 3132Image: C:\\Program Files\\AccelOps\\Server\\AoWinAgtMgr.exeUser: ORGC_DOMAIN\\AdministratorProtocol: tcpInitiated: trueSourceIsIpv6: trueSourceIp: 0:0:0:0:0:0:0:1SourceHostname: DC.OrgC_Domain.localSourcePort: 60590SourcePortName: DestinationIsIpv6: trueDestinationIp: 0:0:0:0:0:0:0:1DestinationHostname: DC.OrgC_Domain.localDestinationPort: 443DestinationPortName: https"
192.168.169.59:2017-03-14T11:26:32Z DC.OrgC_Domain.local 192.168.169.59 AccelOps-WUA-WinLog-Microsoft-Windows-Sysmon/Operational [monitorStatus]="Success" [Locale]="en-GB" [MachineGuid]="0031b1cc-f526-488c-bd3b-41b2ff7cd13b" [timeZone]="+0000" [eventName]="Microsoft-Windows-Sysmon/Operational" [eventSource]="Microsoft-Windows-Sysmon" [eventId]="3" [eventType]="Information" [domain]="NT AUTHORITY" [computer]="DC.OrgC_Domain.local" [user]="SYSTEM" [userSID]="S-1-5-18" [userSIDAcctType]="User" [eventTime]="Mar 14 2017 11:26:31" [deviceTime]="Mar 14 2017 11:26:31" [msg]="Network connection detected:UtcTime: 2017-03-14 11:26:29.924ProcessGuid: {0031B1CC-B653-58C6-0000-0010ECB30F00}ProcessId: 3132Image: C:\\Program Files\\AccelOps\\Server\\AoWinAgtMgr.exeUser: ORGC_DOMAIN\\AdministratorProtocol: tcpInitiated: trueSourceIsIpv6: trueSourceIp: 0:0:0:0:0:0:0:1SourceHostname: DC.OrgC_Domain.localSourcePort: 60608SourcePortName: DestinationIsIpv6: trueDestinationIp: 0:0:0:0:0:0:0:1DestinationHostname: DC.OrgC_Domain.localDestinationPort: 443DestinationPortName: https"
192.168.169.59:2017-03-14T11:28:47Z DC.OrgC_Domain.local 192.168.169.59 AccelOps-WUA-WinLog-Microsoft-Windows-Sysmon/Operational [monitorStatus]="Success" [Locale]="en-GB" [MachineGuid]="0031b1cc-f526-488c-bd3b-41b2ff7cd13b" [timeZone]="+0000" [eventName]="Microsoft-Windows-Sysmon/Operational" [eventSource]="Microsoft-Windows-Sysmon" [eventId]="3" [eventType]="Information" [domain]="NT AUTHORITY" [computer]="DC.OrgC_Domain.local" [user]="SYSTEM" [userSID]="S-1-5-18" [userSIDAcctType]="User" [eventTime]="Mar 14 2017 11:28:46" [deviceTime]="Mar 14 2017 11:28:46" [msg]="Network connection detected:UtcTime: 2017-03-14 11:28:45.722ProcessGuid: {0031B1CC-B653-58C6-0000-0010ECB30F00}ProcessId: 3132Image: C:\\Program Files\\AccelOps\\Server\\AoWinAgtMgr.exeUser: ORGC_DOMAIN\\AdministratorProtocol: tcpInitiated: trueSourceIsIpv6: trueSourceIp: 0:0:0:0:0:0:0:1SourceHostname: DC.OrgC_Domain.localSourcePort: 60630SourcePortName: DestinationIsIpv6: trueDestinationIp: 0:0:0:0:0:0:0:1DestinationHostname: DC.OrgC_Domain.localDestinationPort: 443DestinationPortName: https"
192.168.169.59:2017-03-14T11:32:32Z DC.OrgC_Domain.local 192.168.169.59 AccelOps-WUA-WinLog-Microsoft-Windows-Sysmon/Operational [monitorStatus]="Success" [Locale]="en-GB" [MachineGuid]="0031b1cc-f526-488c-bd3b-41b2ff7cd13b" [timeZone]="+0000" [eventName]="Microsoft-Windows-Sysmon/Operational" [eventSource]="Microsoft-Windows-Sysmon" [eventId]="3" [eventType]="Information" [domain]="NT AUTHORITY" [computer]="DC.OrgC_Domain.local" [user]="SYSTEM" [userSID]="S-1-5-18" [userSIDAcctType]="User" [eventTime]="Mar 14 2017 11:32:31" [deviceTime]="Mar 14 2017 11:32:31" [msg]="Network connection detected:UtcTime: 2017-03-14 11:32:30.005ProcessGuid: {0031B1CC-B653-58C6-0000-0010ECB30F00}ProcessId: 3132Image: C:\\Program Files\\AccelOps\\Server\\AoWinAgtMgr.exeUser: ORGC_DOMAIN\\AdministratorProtocol: tcpInitiated: trueSourceIsIpv6: trueSourceIp: 0:0:0:0:0:0:0:1SourceHostname: DC.OrgC_Domain.localSourcePort: 60651SourcePortName: DestinationIsIpv6: trueDestinationIp: 0:0:0:0:0:0:0:1DestinationHostname: DC.OrgC_Domain.localDestinationPort: 443DestinationPortName: https"
192.168.169.59:2017-03-14T11:34:48Z DC.OrgC_Domain.local 192.168.169.59 AccelOps-WUA-WinLog-Microsoft-Windows-Sysmon/Operational [monitorStatus]="Success" [Locale]="en-GB" [MachineGuid]="0031b1cc-f526-488c-bd3b-41b2ff7cd13b" [timeZone]="+0000" [eventName]="Microsoft-Windows-Sysmon/Operational" [eventSource]="Microsoft-Windows-Sysmon" [eventId]="3" [eventType]="Information" [domain]="NT AUTHORITY" [computer]="DC.OrgC_Domain.local" [user]="SYSTEM" [userSID]="S-1-5-18" [userSIDAcctType]="User" [eventTime]="Mar 14 2017 11:34:47" [deviceTime]="Mar 14 2017 11:34:47" [msg]="Network connection detected:UtcTime: 2017-03-14 11:34:45.817ProcessGuid: {0031B1CC-B653-58C6-0000-0010ECB30F00}ProcessId: 3132Image: C:\\Program Files\\AccelOps\\Server\\AoWinAgtMgr.exeUser: ORGC_DOMAIN\\AdministratorProtocol: tcpInitiated: trueSourceIsIpv6: trueSourceIp: 0:0:0:0:0:0:0:1SourceHostname: DC.OrgC_Domain.localSourcePort: 60668SourcePortName: DestinationIsIpv6: trueDestinationIp: 0:0:0:0:0:0:0:1DestinationHostname: DC.OrgC_Domain.localDestinationPort: 443DestinationPortName: https"
192.168.169.59:2017-03-14T11:38:32Z DC.OrgC_Domain.local 192.168.169.59 AccelOps-WUA-WinLog-Microsoft-Windows-Sysmon/Operational [monitorStatus]="Success" [Locale]="en-GB" [MachineGuid]="0031b1cc-f526-488c-bd3b-41b2ff7cd13b" [timeZone]="+0000" [eventName]="Microsoft-Windows-Sysmon/Operational" [eventSource]="Microsoft-Windows-Sysmon" [eventId]="3" [eventType]="Information" [domain]="NT AUTHORITY" [computer]="DC.OrgC_Domain.local" [user]="SYSTEM" [userSID]="S-1-5-18" [userSIDAcctType]="User" [eventTime]="Mar 14 2017 11:38:31" [deviceTime]="Mar 14 2017 11:38:31" [msg]="Network connection detected:UtcTime: 2017-03-14 11:38:30.093ProcessGuid: {0031B1CC-B653-58C6-0000-0010ECB30F00}ProcessId: 3132Image: C:\\Program Files\\AccelOps\\Server\\AoWinAgtMgr.exeUser: ORGC_DOMAIN\\AdministratorProtocol: tcpInitiated: trueSourceIsIpv6: trueSourceIp: 0:0:0:0:0:0:0:1SourceHostname: DC.OrgC_Domain.localSourcePort: 60684SourcePortName: DestinationIsIpv6: trueDestinationIp: 0:0:0:0:0:0:0:1DestinationHostname: DC.OrgC_Domain.localDestinationPort: 443DestinationPortName: https"
192.168.169.59:2017-03-14T11:40:48Z DC.OrgC_Domain.local 192.168.169.59 AccelOps-WUA-WinLog-Microsoft-Windows-Sysmon/Operational [monitorStatus]="Success" [Locale]="en-GB" [MachineGuid]="0031b1cc-f526-488c-bd3b-41b2ff7cd13b" [timeZone]="+0000" [eventName]="Microsoft-Windows-Sysmon/Operational" [eventSource]="Microsoft-Windows-Sysmon" [eventId]="3" [eventType]="Information" [domain]="NT AUTHORITY" [computer]="DC.OrgC_Domain.local" [user]="SYSTEM" [userSID]="S-1-5-18" [userSIDAcctType]="User" [eventTime]="Mar 14 2017 11:40:47" [deviceTime]="Mar 14 2017 11:40:47" [msg]="Network connection detected:UtcTime: 2017-03-14 11:40:45.929ProcessGuid: {0031B1CC-B653-58C6-0000-0010ECB30F00}ProcessId: 3132Image: C:\\Program Files\\AccelOps\\Server\\AoWinAgtMgr.exeUser: ORGC_DOMAIN\\AdministratorProtocol: tcpInitiated: trueSourceIsIpv6: trueSourceIp: 0:0:0:0:0:0:0:1SourceHostname: DC.OrgC_Domain.localSourcePort: 60698SourcePortName: DestinationIsIpv6: trueDestinationIp: 0:0:0:0:0:0:0:1DestinationHostname: DC.OrgC_Domain.localDestinationPort: 443DestinationPortName: https"
192.168.169.59:2017-03-14T11:44:32Z DC.OrgC_Domain.local 192.168.169.59 AccelOps-WUA-WinLog-Microsoft-Windows-Sysmon/Operational [monitorStatus]="Success" [Locale]="en-GB" [MachineGuid]="0031b1cc-f526-488c-bd3b-41b2ff7cd13b" [timeZone]="+0000" [eventName]="Microsoft-Windows-Sysmon/Operational" [eventSource]="Microsoft-Windows-Sysmon" [eventId]="3" [eventType]="Information" [domain]="NT AUTHORITY" [computer]="DC.OrgC_Domain.local" [user]="SYSTEM" [userSID]="S-1-5-18" [userSIDAcctType]="User" [eventTime]="Mar 14 2017 11:44:31" [deviceTime]="Mar 14 2017 11:44:31" [msg]="Network connection detected:UtcTime: 2017-03-14 11:44:30.180ProcessGuid: {0031B1CC-B653-58C6-0000-0010ECB30F00}ProcessId: 3132Image: C:\\Program Files\\AccelOps\\Server\\AoWinAgtMgr.exeUser: ORGC_DOMAIN\\AdministratorProtocol: tcpInitiated: trueSourceIsIpv6: trueSourceIp: 0:0:0:0:0:0:0:1SourceHostname: DC.OrgC_Domain.localSourcePort: 60721SourcePortName: DestinationIsIpv6: trueDestinationIp: 0:0:0:0:0:0:0:1DestinationHostname: DC.OrgC_Domain.localDestinationPort: 443DestinationPortName: https"
192.168.169.59:2017-03-14T11:46:48Z DC.OrgC_Domain.local 192.168.169.59 AccelOps-WUA-WinLog-Microsoft-Windows-Sysmon/Operational [monitorStatus]="Success" [Locale]="en-GB" [MachineGuid]="0031b1cc-f526-488c-bd3b-41b2ff7cd13b" [timeZone]="+0000" [eventName]="Microsoft-Windows-Sysmon/Operational" [eventSource]="Microsoft-Windows-Sysmon" [eventId]="3" [eventType]="Information" [domain]="NT AUTHORITY" [computer]="DC.OrgC_Domain.local" [user]="SYSTEM" [userSID]="S-1-5-18" [userSIDAcctType]="User" [eventTime]="Mar 14 2017 11:46:47" [deviceTime]="Mar 14 2017 11:46:47" [msg]="Network connection detected:UtcTime: 2017-03-14 11:46:46.053ProcessGuid: {0031B1CC-B653-58C6-0000-0010ECB30F00}ProcessId: 3132Image: C:\\Program Files\\AccelOps\\Server\\AoWinAgtMgr.exeUser: ORGC_DOMAIN\\AdministratorProtocol: tcpInitiated: trueSourceIsIpv6: trueSourceIp: 0:0:0:0:0:0:0:1SourceHostname: DC.OrgC_Domain.localSourcePort: 60736SourcePortName: DestinationIsIpv6: trueDestinationIp: 0:0:0:0:0:0:0:1DestinationHostname: DC.OrgC_Domain.localDestinationPort: 443DestinationPortName: https"
192.168.169.59:2017-03-14T11:50:32Z DC.OrgC_Domain.local 192.168.169.59 AccelOps-WUA-WinLog-Microsoft-Windows-Sysmon/Operational [monitorStatus]="Success" [Locale]="en-GB" [MachineGuid]="0031b1cc-f526-488c-bd3b-41b2ff7cd13b" [timeZone]="+0000" [eventName]="Microsoft-Windows-Sysmon/Operational" [eventSource]="Microsoft-Windows-Sysmon" [eventId]="3" [eventType]="Information" [domain]="NT AUTHORITY" [computer]="DC.OrgC_Domain.local" [user]="SYSTEM" [userSID]="S-1-5-18" [userSIDAcctType]="User" [eventTime]="Mar 14 2017 11:50:31" [deviceTime]="Mar 14 2017 11:50:31" [msg]="Network connection detected:UtcTime: 2017-03-14 11:50:30.256ProcessGuid: {0031B1CC-B653-58C6-0000-0010ECB30F00}ProcessId: 3132Image: C:\\Program Files\\AccelOps\\Server\\AoWinAgtMgr.exeUser: ORGC_DOMAIN\\AdministratorProtocol: tcpInitiated: trueSourceIsIpv6: trueSourceIp: 0:0:0:0:0:0:0:1SourceHostname: DC.OrgC_Domain.localSourcePort: 60751SourcePortName: DestinationIsIpv6: trueDestinationIp: 0:0:0:0:0:0:0:1DestinationHostname: DC.OrgC_Domain.localDestinationPort: 443DestinationPortName: https"
192.168.169.59:2017-03-14T11:52:48Z DC.OrgC_Domain.local 192.168.169.59 AccelOps-WUA-WinLog-Microsoft-Windows-Sysmon/Operational [monitorStatus]="Success" [Locale]="en-GB" [MachineGuid]="0031b1cc-f526-488c-bd3b-41b2ff7cd13b" [timeZone]="+0000" [eventName]="Microsoft-Windows-Sysmon/Operational" [eventSource]="Microsoft-Windows-Sysmon" [eventId]="3" [eventType]="Information" [domain]="NT AUTHORITY" [computer]="DC.OrgC_Domain.local" [user]="SYSTEM" [userSID]="S-1-5-18" [userSIDAcctType]="User" [eventTime]="Mar 14 2017 11:52:47" [deviceTime]="Mar 14 2017 11:52:47" [msg]="Network connection detected:UtcTime: 2017-03-14 11:52:46.118ProcessGuid: {0031B1CC-B653-58C6-0000-0010ECB30F00}ProcessId: 3132Image: C:\\Program Files\\AccelOps\\Server\\AoWinAgtMgr.exeUser: ORGC_DOMAIN\\AdministratorProtocol: tcpInitiated: trueSourceIsIpv6: trueSourceIp: 0:0:0:0:0:0:0:1SourceHostname: DC.OrgC_Domain.localSourcePort: 60762SourcePortName: DestinationIsIpv6: trueDestinationIp: 0:0:0:0:0:0:0:1DestinationHostname: DC.OrgC_Domain.localDestinationPort: 443DestinationPortName: https"
192.168.169.59:2017-03-14T11:56:32Z DC.OrgC_Domain.local 192.168.169.59 AccelOps-WUA-WinLog-Microsoft-Windows-Sysmon/Operational [monitorStatus]="Success" [Locale]="en-GB" [MachineGuid]="0031b1cc-f526-488c-bd3b-41b2ff7cd13b" [timeZone]="+0000" [eventName]="Microsoft-Windows-Sysmon/Operational" [eventSource]="Microsoft-Windows-Sysmon" [eventId]="3" [eventType]="Information" [domain]="NT AUTHORITY" [computer]="DC.OrgC_Domain.local" [user]="SYSTEM" [userSID]="S-1-5-18" [userSIDAcctType]="User" [eventTime]="Mar 14 2017 11:56:31" [deviceTime]="Mar 14 2017 11:56:31" [msg]="Network connection detected:UtcTime: 2017-03-14 11:56:30.337ProcessGuid: {0031B1CC-B653-58C6-0000-0010ECB30F00}ProcessId: 3132Image: C:\\Program Files\\AccelOps\\Server\\AoWinAgtMgr.exeUser: ORGC_DOMAIN\\AdministratorProtocol: tcpInitiated: trueSourceIsIpv6: trueSourceIp: 0:0:0:0:0:0:0:1SourceHostname: DC.OrgC_Domain.localSourcePort: 60780SourcePortName: DestinationIsIpv6: trueDestinationIp: 0:0:0:0:0:0:0:1DestinationHostname: DC.OrgC_Domain.localDestinationPort: 443DestinationPortName: https"
192.168.169.59:2017-03-14T11:58:48Z DC.OrgC_Domain.local 192.168.169.59 AccelOps-WUA-WinLog-Microsoft-Windows-Sysmon/Operational [monitorStatus]="Success" [Locale]="en-GB" [MachineGuid]="0031b1cc-f526-488c-bd3b-41b2ff7cd13b" [timeZone]="+0000" [eventName]="Microsoft-Windows-Sysmon/Operational" [eventSource]="Microsoft-Windows-Sysmon" [eventId]="3" [eventType]="Information" [domain]="NT AUTHORITY" [computer]="DC.OrgC_Domain.local" [user]="SYSTEM" [userSID]="S-1-5-18" [userSIDAcctType]="User" [eventTime]="Mar 14 2017 11:58:47" [deviceTime]="Mar 14 2017 11:58:47" [msg]="Network connection detected:UtcTime: 2017-03-14 11:58:46.193ProcessGuid: {0031B1CC-B653-58C6-0000-0010ECB30F00}ProcessId: 3132Image: C:\\Program Files\\AccelOps\\Server\\AoWinAgtMgr.exeUser: ORGC_DOMAIN\\AdministratorProtocol: tcpInitiated: trueSourceIsIpv6: trueSourceIp: 0:0:0:0:0:0:0:1SourceHostname: DC.OrgC_Domain.localSourcePort: 60794SourcePortName: DestinationIsIpv6: trueDestinationIp: 0:0:0:0:0:0:0:1DestinationHostname: DC.OrgC_Domain.localDestinationPort: 443DestinationPortName: https"
192.168.169.59:2017-03-14T12:02:32Z DC.OrgC_Domain.local 192.168.169.59 AccelOps-WUA-WinLog-Microsoft-Windows-Sysmon/Operational [monitorStatus]="Success" [Locale]="en-GB" [MachineGuid]="0031b1cc-f526-488c-bd3b-41b2ff7cd13b" [timeZone]="+0000" [eventName]="Microsoft-Windows-Sysmon/Operational" [eventSource]="Microsoft-Windows-Sysmon" [eventId]="3" [eventType]="Information" [domain]="NT AUTHORITY" [computer]="DC.OrgC_Domain.local" [user]="SYSTEM" [userSID]="S-1-5-18" [userSIDAcctType]="User" [eventTime]="Mar 14 2017 12:02:31" [deviceTime]="Mar 14 2017 12:02:31" [msg]="Network connection detected:UtcTime: 2017-03-14 12:02:30.413ProcessGuid: {0031B1CC-B653-58C6-0000-0010ECB30F00}ProcessId: 3132Image: C:\\Program Files\\AccelOps\\Server\\AoWinAgtMgr.exeUser: ORGC_DOMAIN\\AdministratorProtocol: tcpInitiated: trueSourceIsIpv6: trueSourceIp: 0:0:0:0:0:0:0:1SourceHostname: DC.OrgC_Domain.localSourcePort: 60827SourcePortName: DestinationIsIpv6: trueDestinationIp: 0:0:0:0:0:0:0:1DestinationHostname: DC.OrgC_Domain.localDestinationPort: 443DestinationPortName: https"
192.168.169.59:2017-03-14T12:04:48Z DC.OrgC_Domain.local 192.168.169.59 AccelOps-WUA-WinLog-Microsoft-Windows-Sysmon/Operational [monitorStatus]="Success" [Locale]="en-GB" [MachineGuid]="0031b1cc-f526-488c-bd3b-41b2ff7cd13b" [timeZone]="+0000" [eventName]="Microsoft-Windows-Sysmon/Operational" [eventSource]="Microsoft-Windows-Sysmon" [eventId]="3" [eventType]="Information" [domain]="NT AUTHORITY" [computer]="DC.OrgC_Domain.local" [user]="SYSTEM" [userSID]="S-1-5-18" [userSIDAcctType]="User" [eventTime]="Mar 14 2017 12:04:47" [deviceTime]="Mar 14 2017 12:04:47" [msg]="Network connection detected:UtcTime: 2017-03-14 12:04:46.273ProcessGuid: {0031B1CC-B653-58C6-0000-0010ECB30F00}ProcessId: 3132Image: C:\\Program Files\\AccelOps\\Server\\AoWinAgtMgr.exeUser: ORGC_DOMAIN\\AdministratorProtocol: tcpInitiated: trueSourceIsIpv6: trueSourceIp: 0:0:0:0:0:0:0:1SourceHostname: DC.OrgC_Domain.localSourcePort: 60840SourcePortName: DestinationIsIpv6: trueDestinationIp: 0:0:0:0:0:0:0:1DestinationHostname: DC.OrgC_Domain.localDestinationPort: 443DestinationPortName: https"
192.168.169.59:2017-03-14T12:08:32Z DC.OrgC_Domain.local 192.168.169.59 AccelOps-WUA-WinLog-Microsoft-Windows-Sysmon/Operational [monitorStatus]="Success" [Locale]="en-GB" [MachineGuid]="0031b1cc-f526-488c-bd3b-41b2ff7cd13b" [timeZone]="+0000" [eventName]="Microsoft-Windows-Sysmon/Operational" [eventSource]="Microsoft-Windows-Sysmon" [eventId]="3" [eventType]="Information" [domain]="NT AUTHORITY" [computer]="DC.OrgC_Domain.local" [user]="SYSTEM" [userSID]="S-1-5-18" [userSIDAcctType]="User" [eventTime]="Mar 14 2017 12:08:31" [deviceTime]="Mar 14 2017 12:08:31" [msg]="Network connection detected:UtcTime: 2017-03-14 12:08:30.494ProcessGuid: {0031B1CC-B653-58C6-0000-0010ECB30F00}ProcessId: 3132Image: C:\\Program Files\\AccelOps\\Server\\AoWinAgtMgr.exeUser: ORGC_DOMAIN\\AdministratorProtocol: tcpInitiated: trueSourceIsIpv6: trueSourceIp: 0:0:0:0:0:0:0:1SourceHostname: DC.OrgC_Domain.localSourcePort: 60854SourcePortName: DestinationIsIpv6: trueDestinationIp: 0:0:0:0:0:0:0:1DestinationHostname: DC.OrgC_Domain.localDestinationPort: 443DestinationPortName: https"
192.168.169.59:2017-03-14T12:10:48Z DC.OrgC_Domain.local 192.168.169.59 AccelOps-WUA-WinLog-Microsoft-Windows-Sysmon/Operational [monitorStatus]="Success" [Locale]="en-GB" [MachineGuid]="0031b1cc-f526-488c-bd3b-41b2ff7cd13b" [timeZone]="+0000" [eventName]="Microsoft-Windows-Sysmon/Operational" [eventSource]="Microsoft-Windows-Sysmon" [eventId]="3" [eventType]="Information" [domain]="NT AUTHORITY" [computer]="DC.OrgC_Domain.local" [user]="SYSTEM" [userSID]="S-1-5-18" [userSIDAcctType]="User" [eventTime]="Mar 14 2017 12:10:47" [deviceTime]="Mar 14 2017 12:10:47" [msg]="Network connection detected:UtcTime: 2017-03-14 12:10:46.369ProcessGuid: {0031B1CC-B653-58C6-0000-0010ECB30F00}ProcessId: 3132Image: C:\\Program Files\\AccelOps\\Server\\AoWinAgtMgr.exeUser: ORGC_DOMAIN\\AdministratorProtocol: tcpInitiated: trueSourceIsIpv6: trueSourceIp: 0:0:0:0:0:0:0:1SourceHostname: DC.OrgC_Domain.localSourcePort: 60868SourcePortName: DestinationIsIpv6: trueDestinationIp: 0:0:0:0:0:0:0:1DestinationHostname: DC.OrgC_Domain.localDestinationPort: 443DestinationPortName: https"
192.168.169.59:2017-03-14T12:14:32Z DC.OrgC_Domain.local 192.168.169.59 AccelOps-WUA-WinLog-Microsoft-Windows-Sysmon/Operational [monitorStatus]="Success" [Locale]="en-GB" [MachineGuid]="0031b1cc-f526-488c-bd3b-41b2ff7cd13b" [timeZone]="+0000" [eventName]="Microsoft-Windows-Sysmon/Operational" [eventSource]="Microsoft-Windows-Sysmon" [eventId]="3" [eventType]="Information" [domain]="NT AUTHORITY" [computer]="DC.OrgC_Domain.local" [user]="SYSTEM" [userSID]="S-1-5-18" [userSIDAcctType]="User" [eventTime]="Mar 14 2017 12:14:31" [deviceTime]="Mar 14 2017 12:14:31" [msg]="Network connection detected:UtcTime: 2017-03-14 12:14:30.588ProcessGuid: {0031B1CC-B653-58C6-0000-0010ECB30F00}ProcessId: 3132Image: C:\\Program Files\\AccelOps\\Server\\AoWinAgtMgr.exeUser: ORGC_DOMAIN\\AdministratorProtocol: tcpInitiated: trueSourceIsIpv6: trueSourceIp: 0:0:0:0:0:0:0:1SourceHostname: DC.OrgC_Domain.localSourcePort: 60885SourcePortName: DestinationIsIpv6: trueDestinationIp: 0:0:0:0:0:0:0:1DestinationHostname: DC.OrgC_Domain.localDestinationPort: 443DestinationPortName: https"
192.168.169.59:2017-03-14T12:16:48Z DC.OrgC_Domain.local 192.168.169.59 AccelOps-WUA-WinLog-Microsoft-Windows-Sysmon/Operational [monitorStatus]="Success" [Locale]="en-GB" [MachineGuid]="0031b1cc-f526-488c-bd3b-41b2ff7cd13b" [timeZone]="+0000" [eventName]="Microsoft-Windows-Sysmon/Operational" [eventSource]="Microsoft-Windows-Sysmon" [eventId]="3" [eventType]="Information" [domain]="NT AUTHORITY" [computer]="DC.OrgC_Domain.local" [user]="SYSTEM" [userSID]="S-1-5-18" [userSIDAcctType]="User" [eventTime]="Mar 14 2017 12:16:47" [deviceTime]="Mar 14 2017 12:16:47" [msg]="Network connection detected:UtcTime: 2017-03-14 12:16:46.463ProcessGuid: {0031B1CC-B653-58C6-0000-0010ECB30F00}ProcessId: 3132Image: C:\\Program Files\\AccelOps\\Server\\AoWinAgtMgr.exeUser: ORGC_DOMAIN\\AdministratorProtocol: tcpInitiated: trueSourceIsIpv6: trueSourceIp: 0:0:0:0:0:0:0:1SourceHostname: DC.OrgC_Domain.localSourcePort: 60906SourcePortName: DestinationIsIpv6: trueDestinationIp: 0:0:0:0:0:0:0:1DestinationHostname: DC.OrgC_Domain.localDestinationPort: 443DestinationPortName: https"
192.168.169.59:2017-03-14T12:20:32Z DC.OrgC_Domain.local 192.168.169.59 AccelOps-WUA-WinLog-Microsoft-Windows-Sysmon/Operational [monitorStatus]="Success" [Locale]="en-GB" [MachineGuid]="0031b1cc-f526-488c-bd3b-41b2ff7cd13b" [timeZone]="+0000" [eventName]="Microsoft-Windows-Sysmon/Operational" [eventSource]="Microsoft-Windows-Sysmon" [eventId]="3" [eventType]="Information" [domain]="NT AUTHORITY" [computer]="DC.OrgC_Domain.local" [user]="SYSTEM" [userSID]="S-1-5-18" [userSIDAcctType]="User" [eventTime]="Mar 14 2017 12:20:31" [deviceTime]="Mar 14 2017 12:20:31" [msg]="Network connection detected:UtcTime: 2017-03-14 12:20:30.714ProcessGuid: {0031B1CC-B653-58C6-0000-0010ECB30F00}ProcessId: 3132Image: C:\\Program Files\\AccelOps\\Server\\AoWinAgtMgr.exeUser: ORGC_DOMAIN\\AdministratorProtocol: tcpInitiated: trueSourceIsIpv6: trueSourceIp: 0:0:0:0:0:0:0:1SourceHostname: DC.OrgC_Domain.localSourcePort: 60925SourcePortName: DestinationIsIpv6: trueDestinationIp: 0:0:0:0:0:0:0:1DestinationHostname: DC.OrgC_Domain.localDestinationPort: 443DestinationPortName: https"
192.168.169.59:2017-03-14T12:22:48Z DC.OrgC_Domain.local 192.168.169.59 AccelOps-WUA-WinLog-Microsoft-Windows-Sysmon/Operational [monitorStatus]="Success" [Locale]="en-GB" [MachineGuid]="0031b1cc-f526-488c-bd3b-41b2ff7cd13b" [timeZone]="+0000" [eventName]="Microsoft-Windows-Sysmon/Operational" [eventSource]="Microsoft-Windows-Sysmon" [eventId]="3" [eventType]="Information" [domain]="NT AUTHORITY" [computer]="DC.OrgC_Domain.local" [user]="SYSTEM" [userSID]="S-1-5-18" [userSIDAcctType]="User" [eventTime]="Mar 14 2017 12:22:47" [deviceTime]="Mar 14 2017 12:22:47" [msg]="Network connection detected:UtcTime: 2017-03-14 12:22:46.557ProcessGuid: {0031B1CC-B653-58C6-0000-0010ECB30F00}ProcessId: 3132Image: C:\\Program Files\\AccelOps\\Server\\AoWinAgtMgr.exeUser: ORGC_DOMAIN\\AdministratorProtocol: tcpInitiated: trueSourceIsIpv6: trueSourceIp: 0:0:0:0:0:0:0:1SourceHostname: DC.OrgC_Domain.localSourcePort: 60936SourcePortName: DestinationIsIpv6: trueDestinationIp: 0:0:0:0:0:0:0:1DestinationHostname: DC.OrgC_Domain.localDestinationPort: 443DestinationPortName: https"
192.168.169.59:2017-03-14T12:26:32Z DC.OrgC_Domain.local 192.168.169.59 AccelOps-WUA-WinLog-Microsoft-Windows-Sysmon/Operational [monitorStatus]="Success" [Locale]="en-GB" [MachineGuid]="0031b1cc-f526-488c-bd3b-41b2ff7cd13b" [timeZone]="+0000" [eventName]="Microsoft-Windows-Sysmon/Operational" [eventSource]="Microsoft-Windows-Sysmon" [eventId]="3" [eventType]="Information" [domain]="NT AUTHORITY" [computer]="DC.OrgC_Domain.local" [user]="SYSTEM" [userSID]="S-1-5-18" [userSIDAcctType]="User" [eventTime]="Mar 14 2017 12:26:31" [deviceTime]="Mar 14 2017 12:26:31" [msg]="Network connection detected:UtcTime: 2017-03-14 12:26:30.789ProcessGuid: {0031B1CC-B653-58C6-0000-0010ECB30F00}ProcessId: 3132Image: C:\\Program Files\\AccelOps\\Server\\AoWinAgtMgr.exeUser: ORGC_DOMAIN\\AdministratorProtocol: tcpInitiated: trueSourceIsIpv6: trueSourceIp: 0:0:0:0:0:0:0:1SourceHostname: DC.OrgC_Domain.localSourcePort: 60954SourcePortName: DestinationIsIpv6: trueDestinationIp: 0:0:0:0:0:0:0:1DestinationHostname: DC.OrgC_Domain.localDestinationPort: 443DestinationPortName: https"
192.168.169.59:2017-03-14T12:28:48Z DC.OrgC_Domain.local 192.168.169.59 AccelOps-WUA-WinLog-Microsoft-Windows-Sysmon/Operational [monitorStatus]="Success" [Locale]="en-GB" [MachineGuid]="0031b1cc-f526-488c-bd3b-41b2ff7cd13b" [timeZone]="+0000" [eventName]="Microsoft-Windows-Sysmon/Operational" [eventSource]="Microsoft-Windows-Sysmon" [eventId]="3" [eventType]="Information" [domain]="NT AUTHORITY" [computer]="DC.OrgC_Domain.local" [user]="SYSTEM" [userSID]="S-1-5-18" [userSIDAcctType]="User" [eventTime]="Mar 14 2017 12:28:47" [deviceTime]="Mar 14 2017 12:28:47" [msg]="Network connection detected:UtcTime: 2017-03-14 12:28:46.636ProcessGuid: {0031B1CC-B653-58C6-0000-0010ECB30F00}ProcessId: 3132Image: C:\\Program Files\\AccelOps\\Server\\AoWinAgtMgr.exeUser: ORGC_DOMAIN\\AdministratorProtocol: tcpInitiated: trueSourceIsIpv6: trueSourceIp: 0:0:0:0:0:0:0:1SourceHostname: DC.OrgC_Domain.localSourcePort: 60966SourcePortName: DestinationIsIpv6: trueDestinationIp: 0:0:0:0:0:0:0:1DestinationHostname: DC.OrgC_Domain.localDestinationPort: 443DestinationPortName: https"
192.168.169.59:2017-03-14T12:32:33Z DC.OrgC_Domain.local 192.168.169.59 AccelOps-WUA-WinLog-Microsoft-Windows-Sysmon/Operational [monitorStatus]="Success" [Locale]="en-GB" [MachineGuid]="0031b1cc-f526-488c-bd3b-41b2ff7cd13b" [timeZone]="+0000" [eventName]="Microsoft-Windows-Sysmon/Operational" [eventSource]="Microsoft-Windows-Sysmon" [eventId]="3" [eventType]="Information" [domain]="NT AUTHORITY" [computer]="DC.OrgC_Domain.local" [user]="SYSTEM" [userSID]="S-1-5-18" [userSIDAcctType]="User" [eventTime]="Mar 14 2017 12:32:32" [deviceTime]="Mar 14 2017 12:32:32" [msg]="Network connection detected:UtcTime: 2017-03-14 12:32:30.887ProcessGuid: {0031B1CC-B653-58C6-0000-0010ECB30F00}ProcessId: 3132Image: C:\\Program Files\\AccelOps\\Server\\AoWinAgtMgr.exeUser: ORGC_DOMAIN\\AdministratorProtocol: tcpInitiated: trueSourceIsIpv6: trueSourceIp: 0:0:0:0:0:0:0:1SourceHostname: DC.OrgC_Domain.localSourcePort: 61005SourcePortName: DestinationIsIpv6: trueDestinationIp: 0:0:0:0:0:0:0:1DestinationHostname: DC.OrgC_Domain.localDestinationPort: 443DestinationPortName: https"
192.168.169.59:2017-03-14T12:34:49Z DC.OrgC_Domain.local 192.168.169.59 AccelOps-WUA-WinLog-Microsoft-Windows-Sysmon/Operational [monitorStatus]="Success" [Locale]="en-GB" [MachineGuid]="0031b1cc-f526-488c-bd3b-41b2ff7cd13b" [timeZone]="+0000" [eventName]="Microsoft-Windows-Sysmon/Operational" [eventSource]="Microsoft-Windows-Sysmon" [eventId]="3" [eventType]="Information" [domain]="NT AUTHORITY" [computer]="DC.OrgC_Domain.local" [user]="SYSTEM" [userSID]="S-1-5-18" [userSIDAcctType]="User" [eventTime]="Mar 14 2017 12:34:48" [deviceTime]="Mar 14 2017 12:34:48" [msg]="Network connection detected:UtcTime: 2017-03-14 12:34:46.777ProcessGuid: {0031B1CC-B653-58C6-0000-0010ECB30F00}ProcessId: 3132Image: C:\\Program Files\\AccelOps\\Server\\AoWinAgtMgr.exeUser: ORGC_DOMAIN\\AdministratorProtocol: tcpInitiated: trueSourceIsIpv6: trueSourceIp: 0:0:0:0:0:0:0:1SourceHostname: DC.OrgC_Domain.localSourcePort: 61022SourcePortName: DestinationIsIpv6: trueDestinationIp: 0:0:0:0:0:0:0:1DestinationHostname: DC.OrgC_Domain.localDestinationPort: 443DestinationPortName: https"
192.168.169.59:2017-03-14T12:38:33Z DC.OrgC_Domain.local 192.168.169.59 AccelOps-WUA-WinLog-Microsoft-Windows-Sysmon/Operational [monitorStatus]="Success" [Locale]="en-GB" [MachineGuid]="0031b1cc-f526-488c-bd3b-41b2ff7cd13b" [timeZone]="+0000" [eventName]="Microsoft-Windows-Sysmon/Operational" [eventSource]="Microsoft-Windows-Sysmon" [eventId]="3" [eventType]="Information" [domain]="NT AUTHORITY" [computer]="DC.OrgC_Domain.local" [user]="SYSTEM" [userSID]="S-1-5-18" [userSIDAcctType]="User" [eventTime]="Mar 14 2017 12:38:32" [deviceTime]="Mar 14 2017 12:38:32" [msg]="Network connection detected:UtcTime: 2017-03-14 12:38:30.977ProcessGuid: {0031B1CC-B653-58C6-0000-0010ECB30F00}ProcessId: 3132Image: C:\\Program Files\\AccelOps\\Server\\AoWinAgtMgr.exeUser: ORGC_DOMAIN\\AdministratorProtocol: tcpInitiated: trueSourceIsIpv6: trueSourceIp: 0:0:0:0:0:0:0:1SourceHostname: DC.OrgC_Domain.localSourcePort: 61038SourcePortName: DestinationIsIpv6: trueDestinationIp: 0:0:0:0:0:0:0:1DestinationHostname: DC.OrgC_Domain.localDestinationPort: 443DestinationPortName: https"
192.168.169.59:2017-03-14T12:40:48Z DC.OrgC_Domain.local 192.168.169.59 AccelOps-WUA-WinLog-Microsoft-Windows-Sysmon/Operational [monitorStatus]="Success" [Locale]="en-GB" [MachineGuid]="0031b1cc-f526-488c-bd3b-41b2ff7cd13b" [timeZone]="+0000" [eventName]="Microsoft-Windows-Sysmon/Operational" [eventSource]="Microsoft-Windows-Sysmon" [eventId]="3" [eventType]="Information" [domain]="NT AUTHORITY" [computer]="DC.OrgC_Domain.local" [user]="SYSTEM" [userSID]="S-1-5-18" [userSIDAcctType]="User" [eventTime]="Mar 14 2017 12:40:47" [deviceTime]="Mar 14 2017 12:40:47" [msg]="Network connection detected:UtcTime: 2017-03-14 12:40:46.872ProcessGuid: {0031B1CC-B653-58C6-0000-0010ECB30F00}ProcessId: 3132Image: C:\\Program Files\\AccelOps\\Server\\AoWinAgtMgr.exeUser: ORGC_DOMAIN\\AdministratorProtocol: tcpInitiated: trueSourceIsIpv6: trueSourceIp: 0:0:0:0:0:0:0:1SourceHostname: DC.OrgC_Domain.localSourcePort: 61052SourcePortName: DestinationIsIpv6: trueDestinationIp: 0:0:0:0:0:0:0:1DestinationHostname: DC.OrgC_Domain.localDestinationPort: 443DestinationPortName: https"
192.168.169.59:2017-03-14T12:44:33Z DC.OrgC_Domain.local 192.168.169.59 AccelOps-WUA-WinLog-Microsoft-Windows-Sysmon/Operational [monitorStatus]="Success" [Locale]="en-GB" [MachineGuid]="0031b1cc-f526-488c-bd3b-41b2ff7cd13b" [timeZone]="+0000" [eventName]="Microsoft-Windows-Sysmon/Operational" [eventSource]="Microsoft-Windows-Sysmon" [eventId]="3" [eventType]="Information" [domain]="NT AUTHORITY" [computer]="DC.OrgC_Domain.local" [user]="SYSTEM" [userSID]="S-1-5-18" [userSIDAcctType]="User" [eventTime]="Mar 14 2017 12:44:32" [deviceTime]="Mar 14 2017 12:44:32" [msg]="Network connection detected:UtcTime: 2017-03-14 12:44:31.096ProcessGuid: {0031B1CC-B653-58C6-0000-0010ECB30F00}ProcessId: 3132Image: C:\\Program Files\\AccelOps\\Server\\AoWinAgtMgr.exeUser: ORGC_DOMAIN\\AdministratorProtocol: tcpInitiated: trueSourceIsIpv6: trueSourceIp: 0:0:0:0:0:0:0:1SourceHostname: DC.OrgC_Domain.localSourcePort: 61069SourcePortName: DestinationIsIpv6: trueDestinationIp: 0:0:0:0:0:0:0:1DestinationHostname: DC.OrgC_Domain.localDestinationPort: 443DestinationPortName: https"
192.168.169.59:2017-03-14T12:46:49Z DC.OrgC_Domain.local 192.168.169.59 AccelOps-WUA-WinLog-Microsoft-Windows-Sysmon/Operational [monitorStatus]="Success" [Locale]="en-GB" [MachineGuid]="0031b1cc-f526-488c-bd3b-41b2ff7cd13b" [timeZone]="+0000" [eventName]="Microsoft-Windows-Sysmon/Operational" [eventSource]="Microsoft-Windows-Sysmon" [eventId]="3" [eventType]="Information" [domain]="NT AUTHORITY" [computer]="DC.OrgC_Domain.local" [user]="SYSTEM" [userSID]="S-1-5-18" [userSIDAcctType]="User" [eventTime]="Mar 14 2017 12:46:48" [deviceTime]="Mar 14 2017 12:46:48" [msg]="Network connection detected:UtcTime: 2017-03-14 12:46:46.967ProcessGuid: {0031B1CC-B653-58C6-0000-0010ECB30F00}ProcessId: 3132Image: C:\\Program Files\\AccelOps\\Server\\AoWinAgtMgr.exeUser: ORGC_DOMAIN\\AdministratorProtocol: tcpInitiated: trueSourceIsIpv6: trueSourceIp: 0:0:0:0:0:0:0:1SourceHostname: DC.OrgC_Domain.localSourcePort: 61080SourcePortName: DestinationIsIpv6: trueDestinationIp: 0:0:0:0:0:0:0:1DestinationHostname: DC.OrgC_Domain.localDestinationPort: 443DestinationPortName: https"
192.168.169.59:2017-03-14T12:50:33Z DC.OrgC_Domain.local 192.168.169.59 AccelOps-WUA-WinLog-Microsoft-Windows-Sysmon/Operational [monitorStatus]="Success" [Locale]="en-GB" [MachineGuid]="0031b1cc-f526-488c-bd3b-41b2ff7cd13b" [timeZone]="+0000" [eventName]="Microsoft-Windows-Sysmon/Operational" [eventSource]="Microsoft-Windows-Sysmon" [eventId]="3" [eventType]="Information" [domain]="NT AUTHORITY" [computer]="DC.OrgC_Domain.local" [user]="SYSTEM" [userSID]="S-1-5-18" [userSIDAcctType]="User" [eventTime]="Mar 14 2017 12:50:32" [deviceTime]="Mar 14 2017 12:50:32" [msg]="Network connection detected:UtcTime: 2017-03-14 12:50:31.168ProcessGuid: {0031B1CC-B653-58C6-0000-0010ECB30F00}ProcessId: 3132Image: C:\\Program Files\\AccelOps\\Server\\AoWinAgtMgr.exeUser: ORGC_DOMAIN\\AdministratorProtocol: tcpInitiated: trueSourceIsIpv6: trueSourceIp: 0:0:0:0:0:0:0:1SourceHostname: DC.OrgC_Domain.localSourcePort: 61109SourcePortName: DestinationIsIpv6: trueDestinationIp: 0:0:0:0:0:0:0:1DestinationHostname: DC.OrgC_Domain.localDestinationPort: 443DestinationPortName: https"
192.168.169.59:2017-03-14T12:52:49Z DC.OrgC_Domain.local 192.168.169.59 AccelOps-WUA-WinLog-Microsoft-Windows-Sysmon/Operational [monitorStatus]="Success" [Locale]="en-GB" [MachineGuid]="0031b1cc-f526-488c-bd3b-41b2ff7cd13b" [timeZone]="+0000" [eventName]="Microsoft-Windows-Sysmon/Operational" [eventSource]="Microsoft-Windows-Sysmon" [eventId]="3" [eventType]="Information" [domain]="NT AUTHORITY" [computer]="DC.OrgC_Domain.local" [user]="SYSTEM" [userSID]="S-1-5-18" [userSIDAcctType]="User" [eventTime]="Mar 14 2017 12:52:48" [deviceTime]="Mar 14 2017 12:52:48" [msg]="Network connection detected:UtcTime: 2017-03-14 12:52:47.077ProcessGuid: {0031B1CC-B653-58C6-0000-0010ECB30F00}ProcessId: 3132Image: C:\\Program Files\\AccelOps\\Server\\AoWinAgtMgr.exeUser: ORGC_DOMAIN\\AdministratorProtocol: tcpInitiated: trueSourceIsIpv6: trueSourceIp: 0:0:0:0:0:0:0:1SourceHostname: DC.OrgC_Domain.localSourcePort: 61120SourcePortName: DestinationIsIpv6: trueDestinationIp: 0:0:0:0:0:0:0:1DestinationHostname: DC.OrgC_Domain.localDestinationPort: 443DestinationPortName: https"
192.168.169.59:2017-03-14T12:56:33Z DC.OrgC_Domain.local 192.168.169.59 AccelOps-WUA-WinLog-Microsoft-Windows-Sysmon/Operational [monitorStatus]="Success" [Locale]="en-GB" [MachineGuid]="0031b1cc-f526-488c-bd3b-41b2ff7cd13b" [timeZone]="+0000" [eventName]="Microsoft-Windows-Sysmon/Operational" [eventSource]="Microsoft-Windows-Sysmon" [eventId]="3" [eventType]="Information" [domain]="NT AUTHORITY" [computer]="DC.OrgC_Domain.local" [user]="SYSTEM" [userSID]="S-1-5-18" [userSIDAcctType]="User" [eventTime]="Mar 14 2017 12:56:32" [deviceTime]="Mar 14 2017 12:56:32" [msg]="Network connection detected:UtcTime: 2017-03-14 12:56:31.269ProcessGuid: {0031B1CC-B653-58C6-0000-0010ECB30F00}ProcessId: 3132Image: C:\\Program Files\\AccelOps\\Server\\AoWinAgtMgr.exeUser: ORGC_DOMAIN\\AdministratorProtocol: tcpInitiated: trueSourceIsIpv6: trueSourceIp: 0:0:0:0:0:0:0:1SourceHostname: DC.OrgC_Domain.localSourcePort: 61138SourcePortName: DestinationIsIpv6: trueDestinationIp: 0:0:0:0:0:0:0:1DestinationHostname: DC.OrgC_Domain.localDestinationPort: 443DestinationPortName: https"
192.168.169.59:2017-03-14T12:58:49Z DC.OrgC_Domain.local 192.168.169.59 AccelOps-WUA-WinLog-Microsoft-Windows-Sysmon/Operational [monitorStatus]="Success" [Locale]="en-GB" [MachineGuid]="0031b1cc-f526-488c-bd3b-41b2ff7cd13b" [timeZone]="+0000" [eventName]="Microsoft-Windows-Sysmon/Operational" [eventSource]="Microsoft-Windows-Sysmon" [eventId]="3" [eventType]="Information" [domain]="NT AUTHORITY" [computer]="DC.OrgC_Domain.local" [user]="SYSTEM" [userSID]="S-1-5-18" [userSIDAcctType]="User" [eventTime]="Mar 14 2017 12:58:48" [deviceTime]="Mar 14 2017 12:58:48" [msg]="Network connection detected:UtcTime: 2017-03-14 12:58:47.172ProcessGuid: {0031B1CC-B653-58C6-0000-0010ECB30F00}ProcessId: 3132Image: C:\\Program Files\\AccelOps\\Server\\AoWinAgtMgr.exeUser: ORGC_DOMAIN\\AdministratorProtocol: tcpInitiated: trueSourceIsIpv6: trueSourceIp: 0:0:0:0:0:0:0:1SourceHostname: DC.OrgC_Domain.localSourcePort: 61150SourcePortName: DestinationIsIpv6: trueDestinationIp: 0:0:0:0:0:0:0:1DestinationHostname: DC.OrgC_Domain.localDestinationPort: 443DestinationPortName: https"
192.168.169.59:2017-03-14T13:02:33Z DC.OrgC_Domain.local 192.168.169.59 AccelOps-WUA-WinLog-Microsoft-Windows-Sysmon/Operational [monitorStatus]="Success" [Locale]="en-GB" [MachineGuid]="0031b1cc-f526-488c-bd3b-41b2ff7cd13b" [timeZone]="+0000" [eventName]="Microsoft-Windows-Sysmon/Operational" [eventSource]="Microsoft-Windows-Sysmon" [eventId]="3" [eventType]="Information" [domain]="NT AUTHORITY" [computer]="DC.OrgC_Domain.local" [user]="SYSTEM" [userSID]="S-1-5-18" [userSIDAcctType]="User" [eventTime]="Mar 14 2017 13:02:32" [deviceTime]="Mar 14 2017 13:02:32" [msg]="Network connection detected:UtcTime: 2017-03-14 13:02:31.343ProcessGuid: {0031B1CC-B653-58C6-0000-0010ECB30F00}ProcessId: 3132Image: C:\\Program Files\\AccelOps\\Server\\AoWinAgtMgr.exeUser: ORGC_DOMAIN\\AdministratorProtocol: tcpInitiated: trueSourceIsIpv6: trueSourceIp: 0:0:0:0:0:0:0:1SourceHostname: DC.OrgC_Domain.localSourcePort: 61183SourcePortName: DestinationIsIpv6: trueDestinationIp: 0:0:0:0:0:0:0:1DestinationHostname: DC.OrgC_Domain.localDestinationPort: 443DestinationPortName: https"
192.168.169.59:2017-03-14T13:04:49Z DC.OrgC_Domain.local 192.168.169.59 AccelOps-WUA-WinLog-Microsoft-Windows-Sysmon/Operational [monitorStatus]="Success" [Locale]="en-GB" [MachineGuid]="0031b1cc-f526-488c-bd3b-41b2ff7cd13b" [timeZone]="+0000" [eventName]="Microsoft-Windows-Sysmon/Operational" [eventSource]="Microsoft-Windows-Sysmon" [eventId]="3" [eventType]="Information" [domain]="NT AUTHORITY" [computer]="DC.OrgC_Domain.local" [user]="SYSTEM" [userSID]="S-1-5-18" [userSIDAcctType]="User" [eventTime]="Mar 14 2017 13:04:48" [deviceTime]="Mar 14 2017 13:04:48" [msg]="Network connection detected:UtcTime: 2017-03-14 13:04:47.264ProcessGuid: {0031B1CC-B653-58C6-0000-0010ECB30F00}ProcessId: 3132Image: C:\\Program Files\\AccelOps\\Server\\AoWinAgtMgr.exeUser: ORGC_DOMAIN\\AdministratorProtocol: tcpInitiated: trueSourceIsIpv6: trueSourceIp: 0:0:0:0:0:0:0:1SourceHostname: DC.OrgC_Domain.localSourcePort: 61210SourcePortName: DestinationIsIpv6: trueDestinationIp: 0:0:0:0:0:0:0:1DestinationHostname: DC.OrgC_Domain.localDestinationPort: 443DestinationPortName: https"
192.168.169.59:2017-03-14T13:08:33Z DC.OrgC_Domain.local 192.168.169.59 AccelOps-WUA-WinLog-Microsoft-Windows-Sysmon/Operational [monitorStatus]="Success" [Locale]="en-GB" [MachineGuid]="0031b1cc-f526-488c-bd3b-41b2ff7cd13b" [timeZone]="+0000" [eventName]="Microsoft-Windows-Sysmon/Operational" [eventSource]="Microsoft-Windows-Sysmon" [eventId]="3" [eventType]="Information" [domain]="NT AUTHORITY" [computer]="DC.OrgC_Domain.local" [user]="SYSTEM" [userSID]="S-1-5-18" [userSIDAcctType]="User" [eventTime]="Mar 14 2017 13:08:32" [deviceTime]="Mar 14 2017 13:08:32" [msg]="Network connection detected:UtcTime: 2017-03-14 13:08:31.446ProcessGuid: {0031B1CC-B653-58C6-0000-0010ECB30F00}ProcessId: 3132Image: C:\\Program Files\\AccelOps\\Server\\AoWinAgtMgr.exeUser: ORGC_DOMAIN\\AdministratorProtocol: tcpInitiated: trueSourceIsIpv6: trueSourceIp: 0:0:0:0:0:0:0:1SourceHostname: DC.OrgC_Domain.localSourcePort: 61232SourcePortName: DestinationIsIpv6: trueDestinationIp: 0:0:0:0:0:0:0:1DestinationHostname: DC.OrgC_Domain.localDestinationPort: 443DestinationPortName: https"
192.168.169.59:2017-03-14T13:10:49Z DC.OrgC_Domain.local 192.168.169.59 AccelOps-WUA-WinLog-Microsoft-Windows-Sysmon/Operational [monitorStatus]="Success" [Locale]="en-GB" [MachineGuid]="0031b1cc-f526-488c-bd3b-41b2ff7cd13b" [timeZone]="+0000" [eventName]="Microsoft-Windows-Sysmon/Operational" [eventSource]="Microsoft-Windows-Sysmon" [eventId]="3" [eventType]="Information" [domain]="NT AUTHORITY" [computer]="DC.OrgC_Domain.local" [user]="SYSTEM" [userSID]="S-1-5-18" [userSIDAcctType]="User" [eventTime]="Mar 14 2017 13:10:48" [deviceTime]="Mar 14 2017 13:10:48" [msg]="Network connection detected:UtcTime: 2017-03-14 13:10:47.377ProcessGuid: {0031B1CC-B653-58C6-0000-0010ECB30F00}ProcessId: 3132Image: C:\\Program Files\\AccelOps\\Server\\AoWinAgtMgr.exeUser: ORGC_DOMAIN\\AdministratorProtocol: tcpInitiated: trueSourceIsIpv6: trueSourceIp: 0:0:0:0:0:0:0:1SourceHostname: DC.OrgC_Domain.localSourcePort: 61246SourcePortName: DestinationIsIpv6: trueDestinationIp: 0:0:0:0:0:0:0:1DestinationHostname: DC.OrgC_Domain.localDestinationPort: 443DestinationPortName: https"
192.168.169.59:2017-03-14T13:14:33Z DC.OrgC_Domain.local 192.168.169.59 AccelOps-WUA-WinLog-Microsoft-Windows-Sysmon/Operational [monitorStatus]="Success" [Locale]="en-GB" [MachineGuid]="0031b1cc-f526-488c-bd3b-41b2ff7cd13b" [timeZone]="+0000" [eventName]="Microsoft-Windows-Sysmon/Operational" [eventSource]="Microsoft-Windows-Sysmon" [eventId]="3" [eventType]="Information" [domain]="NT AUTHORITY" [computer]="DC.OrgC_Domain.local" [user]="SYSTEM" [userSID]="S-1-5-18" [userSIDAcctType]="User" [eventTime]="Mar 14 2017 13:14:32" [deviceTime]="Mar 14 2017 13:14:32" [msg]="Network connection detected:UtcTime: 2017-03-14 13:14:31.565ProcessGuid: {0031B1CC-B653-58C6-0000-0010ECB30F00}ProcessId: 3132Image: C:\\Program Files\\AccelOps\\Server\\AoWinAgtMgr.exeUser: ORGC_DOMAIN\\AdministratorProtocol: tcpInitiated: trueSourceIsIpv6: trueSourceIp: 0:0:0:0:0:0:0:1SourceHostname: DC.OrgC_Domain.localSourcePort: 61263SourcePortName: DestinationIsIpv6: trueDestinationIp: 0:0:0:0:0:0:0:1DestinationHostname: DC.OrgC_Domain.localDestinationPort: 443DestinationPortName: https"
192.168.169.59:2017-03-14T13:16:49Z DC.OrgC_Domain.local 192.168.169.59 AccelOps-WUA-WinLog-Microsoft-Windows-Sysmon/Operational [monitorStatus]="Success" [Locale]="en-GB" [MachineGuid]="0031b1cc-f526-488c-bd3b-41b2ff7cd13b" [timeZone]="+0000" [eventName]="Microsoft-Windows-Sysmon/Operational" [eventSource]="Microsoft-Windows-Sysmon" [eventId]="3" [eventType]="Information" [domain]="NT AUTHORITY" [computer]="DC.OrgC_Domain.local" [user]="SYSTEM" [userSID]="S-1-5-18" [userSIDAcctType]="User" [eventTime]="Mar 14 2017 13:16:48" [deviceTime]="Mar 14 2017 13:16:48" [msg]="Network connection detected:UtcTime: 2017-03-14 13:16:47.470ProcessGuid: {0031B1CC-B653-58C6-0000-0010ECB30F00}ProcessId: 3132Image: C:\\Program Files\\AccelOps\\Server\\AoWinAgtMgr.exeUser: ORGC_DOMAIN\\AdministratorProtocol: tcpInitiated: trueSourceIsIpv6: trueSourceIp: 0:0:0:0:0:0:0:1SourceHostname: DC.OrgC_Domain.localSourcePort: 61274SourcePortName: DestinationIsIpv6: trueDestinationIp: 0:0:0:0:0:0:0:1DestinationHostname: DC.OrgC_Domain.localDestinationPort: 443DestinationPortName: https"
192.168.169.59:2017-03-14T13:20:33Z DC.OrgC_Domain.local 192.168.169.59 AccelOps-WUA-WinLog-Microsoft-Windows-Sysmon/Operational [monitorStatus]="Success" [Locale]="en-GB" [MachineGuid]="0031b1cc-f526-488c-bd3b-41b2ff7cd13b" [timeZone]="+0000" [eventName]="Microsoft-Windows-Sysmon/Operational" [eventSource]="Microsoft-Windows-Sysmon" [eventId]="3" [eventType]="Information" [domain]="NT AUTHORITY" [computer]="DC.OrgC_Domain.local" [user]="SYSTEM" [userSID]="S-1-5-18" [userSIDAcctType]="User" [eventTime]="Mar 14 2017 13:20:32" [deviceTime]="Mar 14 2017 13:20:32" [msg]="Network connection detected:UtcTime: 2017-03-14 13:20:31.640ProcessGuid: {0031B1CC-B653-58C6-0000-0010ECB30F00}ProcessId: 3132Image: C:\\Program Files\\AccelOps\\Server\\AoWinAgtMgr.exeUser: ORGC_DOMAIN\\AdministratorProtocol: tcpInitiated: trueSourceIsIpv6: trueSourceIp: 0:0:0:0:0:0:0:1SourceHostname: DC.OrgC_Domain.localSourcePort: 61293SourcePortName: DestinationIsIpv6: trueDestinationIp: 0:0:0:0:0:0:0:1DestinationHostname: DC.OrgC_Domain.localDestinationPort: 443DestinationPortName: https"
192.168.169.59:2017-03-14T13:22:49Z DC.OrgC_Domain.local 192.168.169.59 AccelOps-WUA-WinLog-Microsoft-Windows-Sysmon/Operational [monitorStatus]="Success" [Locale]="en-GB" [MachineGuid]="0031b1cc-f526-488c-bd3b-41b2ff7cd13b" [timeZone]="+0000" [eventName]="Microsoft-Windows-Sysmon/Operational" [eventSource]="Microsoft-Windows-Sysmon" [eventId]="3" [eventType]="Information" [domain]="NT AUTHORITY" [computer]="DC.OrgC_Domain.local" [user]="SYSTEM" [userSID]="S-1-5-18" [userSIDAcctType]="User" [eventTime]="Mar 14 2017 13:22:48" [deviceTime]="Mar 14 2017 13:22:48" [msg]="Network connection detected:UtcTime: 2017-03-14 13:22:47.567ProcessGuid: {0031B1CC-B653-58C6-0000-0010ECB30F00}ProcessId: 3132Image: C:\\Program Files\\AccelOps\\Server\\AoWinAgtMgr.exeUser: ORGC_DOMAIN\\AdministratorProtocol: tcpInitiated: trueSourceIsIpv6: trueSourceIp: 0:0:0:0:0:0:0:1SourceHostname: DC.OrgC_Domain.localSourcePort: 61310SourcePortName: DestinationIsIpv6: trueDestinationIp: 0:0:0:0:0:0:0:1DestinationHostname: DC.OrgC_Domain.localDestinationPort: 443DestinationPortName: https"
192.168.169.59:2017-03-14T13:26:33Z DC.OrgC_Domain.local 192.168.169.59 AccelOps-WUA-WinLog-Microsoft-Windows-Sysmon/Operational [monitorStatus]="Success" [Locale]="en-GB" [MachineGuid]="0031b1cc-f526-488c-bd3b-41b2ff7cd13b" [timeZone]="+0000" [eventName]="Microsoft-Windows-Sysmon/Operational" [eventSource]="Microsoft-Windows-Sysmon" [eventId]="3" [eventType]="Information" [domain]="NT AUTHORITY" [computer]="DC.OrgC_Domain.local" [user]="SYSTEM" [userSID]="S-1-5-18" [userSIDAcctType]="User" [eventTime]="Mar 14 2017 13:26:32" [deviceTime]="Mar 14 2017 13:26:32" [msg]="Network connection detected:UtcTime: 2017-03-14 13:26:31.724ProcessGuid: {0031B1CC-B653-58C6-0000-0010ECB30F00}ProcessId: 3132Image: C:\\Program Files\\AccelOps\\Server\\AoWinAgtMgr.exeUser: ORGC_DOMAIN\\AdministratorProtocol: tcpInitiated: trueSourceIsIpv6: trueSourceIp: 0:0:0:0:0:0:0:1SourceHostname: DC.OrgC_Domain.localSourcePort: 61328SourcePortName: DestinationIsIpv6: trueDestinationIp: 0:0:0:0:0:0:0:1DestinationHostname: DC.OrgC_Domain.localDestinationPort: 443DestinationPortName: https"
192.168.169.59:2017-03-14T13:28:49Z DC.OrgC_Domain.local 192.168.169.59 AccelOps-WUA-WinLog-Microsoft-Windows-Sysmon/Operational [monitorStatus]="Success" [Locale]="en-GB" [MachineGuid]="0031b1cc-f526-488c-bd3b-41b2ff7cd13b" [timeZone]="+0000" [eventName]="Microsoft-Windows-Sysmon/Operational" [eventSource]="Microsoft-Windows-Sysmon" [eventId]="3" [eventType]="Information" [domain]="NT AUTHORITY" [computer]="DC.OrgC_Domain.local" [user]="SYSTEM" [userSID]="S-1-5-18" [userSIDAcctType]="User" [eventTime]="Mar 14 2017 13:28:48" [deviceTime]="Mar 14 2017 13:28:48" [msg]="Network connection detected:UtcTime: 2017-03-14 13:28:47.643ProcessGuid: {0031B1CC-B653-58C6-0000-0010ECB30F00}ProcessId: 3132Image: C:\\Program Files\\AccelOps\\Server\\AoWinAgtMgr.exeUser: ORGC_DOMAIN\\AdministratorProtocol: tcpInitiated: trueSourceIsIpv6: trueSourceIp: 0:0:0:0:0:0:0:1SourceHostname: DC.OrgC_Domain.localSourcePort: 61340SourcePortName: DestinationIsIpv6: trueDestinationIp: 0:0:0:0:0:0:0:1DestinationHostname: DC.OrgC_Domain.localDestinationPort: 443DestinationPortName: https"
