192.168.169.59:2017-03-13T16:24:07Z DC.OrgC_Domain.local 192.168.169.59 AccelOps-WUA-WinLog-Microsoft-Windows-Sysmon/Operational [monitorStatus]="Success" [Locale]="en-GB" [MachineGuid]="0031b1cc-f526-488c-bd3b-41b2ff7cd13b" [timeZone]="+0000" [eventName]="Microsoft-Windows-Sysmon/Operational" [eventSource]="Microsoft-Windows-Sysmon" [eventId]="3" [eventType]="Information" [domain]="NT AUTHORITY" [computer]="DC.OrgC_Domain.local" [user]="SYSTEM" [userSID]="S-1-5-18" [userSIDAcctType]="User" [eventTime]="Mar 13 2017 16:24:06" [deviceTime]="Mar 13 2017 16:24:06" [msg]="Network connection detected:UtcTime: 2017-03-13 16:24:05.464ProcessGuid: {0031B1CC-B341-58C6-0000-001087C50000}ProcessId: 624Image: C:\\Windows\\System32\\svchost.exeUser: NT AUTHORITY\\NETWORK SERVICEProtocol: tcpInitiated: falseSourceIsIpv6: falseSourceIp: 192.168.169.59SourceHostname: DC.OrgC_Domain.localSourcePort: 135SourcePortName: epmapDestinationIsIpv6: falseDestinationIp: 192.168.169.57DestinationHostname: DestinationPort: 39320DestinationPortName: "
192.168.169.59:2017-03-13T16:24:07Z DC.OrgC_Domain.local 192.168.169.59 AccelOps-WUA-WinLog-Microsoft-Windows-Sysmon/Operational [monitorStatus]="Success" [Locale]="en-GB" [MachineGuid]="0031b1cc-f526-488c-bd3b-41b2ff7cd13b" [timeZone]="+0000" [eventName]="Microsoft-Windows-Sysmon/Operational" [eventSource]="Microsoft-Windows-Sysmon" [eventId]="3" [eventType]="Information" [domain]="NT AUTHORITY" [computer]="DC.OrgC_Domain.local" [user]="SYSTEM" [userSID]="S-1-5-18" [userSIDAcctType]="User" [eventTime]="Mar 13 2017 16:24:06" [deviceTime]="Mar 13 2017 16:24:06" [msg]="Network connection detected:UtcTime: 2017-03-13 16:24:05.458ProcessGuid: {0031B1CC-B341-58C6-0000-001087C50000}ProcessId: 624Image: C:\\Windows\\System32\\svchost.exeUser: NT AUTHORITY\\NETWORK SERVICEProtocol: tcpInitiated: falseSourceIsIpv6: falseSourceIp: 192.168.169.59SourceHostname: DC.OrgC_Domain.localSourcePort: 135SourcePortName: epmapDestinationIsIpv6: falseDestinationIp: 192.168.169.57DestinationHostname: DestinationPort: 39316DestinationPortName: "
192.168.169.59:2017-03-13T16:24:07Z DC.OrgC_Domain.local 192.168.169.59 AccelOps-WUA-WinLog-Microsoft-Windows-Sysmon/Operational [monitorStatus]="Success" [Locale]="en-GB" [MachineGuid]="0031b1cc-f526-488c-bd3b-41b2ff7cd13b" [timeZone]="+0000" [eventName]="Microsoft-Windows-Sysmon/Operational" [eventSource]="Microsoft-Windows-Sysmon" [eventId]="3" [eventType]="Information" [domain]="NT AUTHORITY" [computer]="DC.OrgC_Domain.local" [user]="SYSTEM" [userSID]="S-1-5-18" [userSIDAcctType]="User" [eventTime]="Mar 13 2017 16:24:06" [deviceTime]="Mar 13 2017 16:24:06" [msg]="Network connection detected:UtcTime: 2017-03-13 16:24:05.466ProcessGuid: {0031B1CC-B341-58C6-0000-001087C50000}ProcessId: 624Image: C:\\Windows\\System32\\svchost.exeUser: NT AUTHORITY\\NETWORK SERVICEProtocol: tcpInitiated: falseSourceIsIpv6: falseSourceIp: 192.168.169.59SourceHostname: DC.OrgC_Domain.localSourcePort: 135SourcePortName: epmapDestinationIsIpv6: falseDestinationIp: 192.168.169.57DestinationHostname: DestinationPort: 39322DestinationPortName: "
192.168.169.59:2017-03-13T16:24:13Z DC.OrgC_Domain.local 192.168.169.59 AccelOps-WUA-WinLog-Microsoft-Windows-Sysmon/Operational [monitorStatus]="Success" [Locale]="en-GB" [MachineGuid]="0031b1cc-f526-488c-bd3b-41b2ff7cd13b" [timeZone]="+0000" [eventName]="Microsoft-Windows-Sysmon/Operational" [eventSource]="Microsoft-Windows-Sysmon" [eventId]="3" [eventType]="Information" [domain]="NT AUTHORITY" [computer]="DC.OrgC_Domain.local" [user]="SYSTEM" [userSID]="S-1-5-18" [userSIDAcctType]="User" [eventTime]="Mar 13 2017 16:24:12" [deviceTime]="Mar 13 2017 16:24:12" [msg]="Network connection detected:UtcTime: 2017-03-13 16:24:11.620ProcessGuid: {0031B1CC-B351-58C6-0000-00103D540100}ProcessId: 1280Image: C:\\Program Files\\AccelOps\\Agent\\AoWinAgt.exeUser: NT AUTHORITY\\SYSTEMProtocol: tcpInitiated: trueSourceIsIpv6: falseSourceIp: 192.168.169.59SourceHostname: DC.OrgC_Domain.localSourcePort: 53370SourcePortName: DestinationIsIpv6: falseDestinationIp: 192.168.169.57DestinationHostname: DestinationPort: 443DestinationPortName: https"
192.168.169.59:2017-03-13T16:24:13Z DC.OrgC_Domain.local 192.168.169.59 AccelOps-WUA-WinLog-Microsoft-Windows-Sysmon/Operational [monitorStatus]="Success" [Locale]="en-GB" [MachineGuid]="0031b1cc-f526-488c-bd3b-41b2ff7cd13b" [timeZone]="+0000" [eventName]="Microsoft-Windows-Sysmon/Operational" [eventSource]="Microsoft-Windows-Sysmon" [eventId]="3" [eventType]="Information" [domain]="NT AUTHORITY" [computer]="DC.OrgC_Domain.local" [user]="SYSTEM" [userSID]="S-1-5-18" [userSIDAcctType]="User" [eventTime]="Mar 13 2017 16:24:13" [deviceTime]="Mar 13 2017 16:24:13" [msg]="Network connection detected:UtcTime: 2017-03-13 16:24:11.650ProcessGuid: {0031B1CC-B351-58C6-0000-00103D540100}ProcessId: 1280Image: C:\\Program Files\\AccelOps\\Agent\\AoWinAgt.exeUser: NT AUTHORITY\\SYSTEMProtocol: tcpInitiated: trueSourceIsIpv6: falseSourceIp: 192.168.169.59SourceHostname: DC.OrgC_Domain.localSourcePort: 53371SourcePortName: DestinationIsIpv6: falseDestinationIp: 192.168.169.57DestinationHostname: DestinationPort: 443DestinationPortName: https"
192.168.169.59:2017-03-13T16:24:18Z DC.OrgC_Domain.local 192.168.169.59 AccelOps-WUA-WinLog-Microsoft-Windows-Sysmon/Operational [monitorStatus]="Success" [Locale]="en-GB" [MachineGuid]="0031b1cc-f526-488c-bd3b-41b2ff7cd13b" [timeZone]="+0000" [eventName]="Microsoft-Windows-Sysmon/Operational" [eventSource]="Microsoft-Windows-Sysmon" [eventId]="3" [eventType]="Information" [domain]="NT AUTHORITY" [computer]="DC.OrgC_Domain.local" [user]="SYSTEM" [userSID]="S-1-5-18" [userSIDAcctType]="User" [eventTime]="Mar 13 2017 16:24:17" [deviceTime]="Mar 13 2017 16:24:17" [msg]="Network connection detected:UtcTime: 2017-03-13 16:24:16.728ProcessGuid: {0031B1CC-B351-58C6-0000-00103D540100}ProcessId: 1280Image: C:\\Program Files\\AccelOps\\Agent\\AoWinAgt.exeUser: NT AUTHORITY\\SYSTEMProtocol: tcpInitiated: trueSourceIsIpv6: falseSourceIp: 192.168.169.59SourceHostname: DC.OrgC_Domain.localSourcePort: 53372SourcePortName: DestinationIsIpv6: falseDestinationIp: 192.168.169.57DestinationHostname: DestinationPort: 443DestinationPortName: https"
192.168.169.59:2017-03-13T16:24:19Z DC.OrgC_Domain.local 192.168.169.59 AccelOps-WUA-WinLog-Microsoft-Windows-Sysmon/Operational [monitorStatus]="Success" [Locale]="en-GB" [MachineGuid]="0031b1cc-f526-488c-bd3b-41b2ff7cd13b" [timeZone]="+0000" [eventName]="Microsoft-Windows-Sysmon/Operational" [eventSource]="Microsoft-Windows-Sysmon" [eventId]="3" [eventType]="Information" [domain]="NT AUTHORITY" [computer]="DC.OrgC_Domain.local" [user]="SYSTEM" [userSID]="S-1-5-18" [userSIDAcctType]="User" [eventTime]="Mar 13 2017 16:24:18" [deviceTime]="Mar 13 2017 16:24:18" [msg]="Network connection detected:UtcTime: 2017-03-13 16:24:16.759ProcessGuid: {0031B1CC-B351-58C6-0000-00103D540100}ProcessId: 1280Image: C:\\Program Files\\AccelOps\\Agent\\AoWinAgt.exeUser: NT AUTHORITY\\SYSTEMProtocol: tcpInitiated: trueSourceIsIpv6: falseSourceIp: 192.168.169.59SourceHostname: DC.OrgC_Domain.localSourcePort: 53373SourcePortName: DestinationIsIpv6: falseDestinationIp: 192.168.169.57DestinationHostname: DestinationPort: 443DestinationPortName: https"
192.168.169.59:2017-03-13T16:24:23Z DC.OrgC_Domain.local 192.168.169.59 AccelOps-WUA-WinLog-Microsoft-Windows-Sysmon/Operational [monitorStatus]="Success" [Locale]="en-GB" [MachineGuid]="0031b1cc-f526-488c-bd3b-41b2ff7cd13b" [timeZone]="+0000" [eventName]="Microsoft-Windows-Sysmon/Operational" [eventSource]="Microsoft-Windows-Sysmon" [eventId]="3" [eventType]="Information" [domain]="NT AUTHORITY" [computer]="DC.OrgC_Domain.local" [user]="SYSTEM" [userSID]="S-1-5-18" [userSIDAcctType]="User" [eventTime]="Mar 13 2017 16:24:22" [deviceTime]="Mar 13 2017 16:24:22" [msg]="Network connection detected:UtcTime: 2017-03-13 16:24:21.822ProcessGuid: {0031B1CC-B351-58C6-0000-00103D540100}ProcessId: 1280Image: C:\\Program Files\\AccelOps\\Agent\\AoWinAgt.exeUser: NT AUTHORITY\\SYSTEMProtocol: tcpInitiated: trueSourceIsIpv6: falseSourceIp: 192.168.169.59SourceHostname: DC.OrgC_Domain.localSourcePort: 53374SourcePortName: DestinationIsIpv6: falseDestinationIp: 192.168.169.57DestinationHostname: DestinationPort: 443DestinationPortName: https"
192.168.169.59:2017-03-13T16:24:25Z DC.OrgC_Domain.local 192.168.169.59 AccelOps-WUA-WinLog-Microsoft-Windows-Sysmon/Operational [monitorStatus]="Success" [Locale]="en-GB" [MachineGuid]="0031b1cc-f526-488c-bd3b-41b2ff7cd13b" [timeZone]="+0000" [eventName]="Microsoft-Windows-Sysmon/Operational" [eventSource]="Microsoft-Windows-Sysmon" [eventId]="3" [eventType]="Information" [domain]="NT AUTHORITY" [computer]="DC.OrgC_Domain.local" [user]="SYSTEM" [userSID]="S-1-5-18" [userSIDAcctType]="User" [eventTime]="Mar 13 2017 16:24:24" [deviceTime]="Mar 13 2017 16:24:24" [msg]="Network connection detected:UtcTime: 2017-03-13 16:24:23.529ProcessGuid: {0031B1CC-B342-58C6-0000-001040F00000}ProcessId: 956Image: C:\\Windows\\System32\\svchost.exeUser: NT AUTHORITY\\NETWORK SERVICEProtocol: udpInitiated: falseSourceIsIpv6: falseSourceIp: 224.0.0.252SourceHostname: SourcePort: 5355SourcePortName: llmnrDestinationIsIpv6: falseDestinationIp: 192.168.169.55DestinationHostname: DCDestinationPort: 60390DestinationPortName: "
192.168.169.59:2017-03-13T16:24:24Z DC.OrgC_Domain.local 192.168.169.59 AccelOps-WUA-WinLog-Microsoft-Windows-Sysmon/Operational [monitorStatus]="Success" [Locale]="en-GB" [MachineGuid]="0031b1cc-f526-488c-bd3b-41b2ff7cd13b" [timeZone]="+0000" [eventName]="Microsoft-Windows-Sysmon/Operational" [eventSource]="Microsoft-Windows-Sysmon" [eventId]="3" [eventType]="Information" [domain]="NT AUTHORITY" [computer]="DC.OrgC_Domain.local" [user]="SYSTEM" [userSID]="S-1-5-18" [userSIDAcctType]="User" [eventTime]="Mar 13 2017 16:24:23" [deviceTime]="Mar 13 2017 16:24:23" [msg]="Network connection detected:UtcTime: 2017-03-13 16:24:21.837ProcessGuid: {0031B1CC-B351-58C6-0000-00103D540100}ProcessId: 1280Image: C:\\Program Files\\AccelOps\\Agent\\AoWinAgt.exeUser: NT AUTHORITY\\SYSTEMProtocol: tcpInitiated: trueSourceIsIpv6: falseSourceIp: 192.168.169.59SourceHostname: DC.OrgC_Domain.localSourcePort: 53375SourcePortName: DestinationIsIpv6: falseDestinationIp: 192.168.169.57DestinationHostname: DestinationPort: 443DestinationPortName: https"
192.168.169.59:2017-03-13T16:24:27Z DC.OrgC_Domain.local 192.168.169.59 AccelOps-WUA-WinLog-Microsoft-Windows-Sysmon/Operational [monitorStatus]="Success" [Locale]="en-GB" [MachineGuid]="0031b1cc-f526-488c-bd3b-41b2ff7cd13b" [timeZone]="+0000" [eventName]="Microsoft-Windows-Sysmon/Operational" [eventSource]="Microsoft-Windows-Sysmon" [eventId]="3" [eventType]="Information" [domain]="NT AUTHORITY" [computer]="DC.OrgC_Domain.local" [user]="SYSTEM" [userSID]="S-1-5-18" [userSIDAcctType]="User" [eventTime]="Mar 13 2017 16:24:27" [deviceTime]="Mar 13 2017 16:24:27" [msg]="Network connection detected:UtcTime: 2017-03-13 16:24:26.237ProcessGuid: {0031B1CC-B342-58C6-0000-001040F00000}ProcessId: 956Image: C:\\Windows\\System32\\svchost.exeUser: NT AUTHORITY\\NETWORK SERVICEProtocol: udpInitiated: falseSourceIsIpv6: falseSourceIp: 224.0.0.252SourceHostname: SourcePort: 5355SourcePortName: llmnrDestinationIsIpv6: falseDestinationIp: 192.168.169.55DestinationHostname: DCDestinationPort: 50480DestinationPortName: "
192.168.169.59:2017-03-13T16:24:27Z DC.OrgC_Domain.local 192.168.169.59 AccelOps-WUA-WinLog-Microsoft-Windows-Sysmon/Operational [monitorStatus]="Success" [Locale]="en-GB" [MachineGuid]="0031b1cc-f526-488c-bd3b-41b2ff7cd13b" [timeZone]="+0000" [eventName]="Microsoft-Windows-Sysmon/Operational" [eventSource]="Microsoft-Windows-Sysmon" [eventId]="3" [eventType]="Information" [domain]="NT AUTHORITY" [computer]="DC.OrgC_Domain.local" [user]="SYSTEM" [userSID]="S-1-5-18" [userSIDAcctType]="User" [eventTime]="Mar 13 2017 16:24:26" [deviceTime]="Mar 13 2017 16:24:26" [msg]="Network connection detected:UtcTime: 2017-03-13 16:24:25.371ProcessGuid: {0031B1CC-B342-58C6-0000-001040F00000}ProcessId: 956Image: C:\\Windows\\System32\\svchost.exeUser: NT AUTHORITY\\NETWORK SERVICEProtocol: udpInitiated: falseSourceIsIpv6: falseSourceIp: 224.0.0.252SourceHostname: SourcePort: 5355SourcePortName: llmnrDestinationIsIpv6: falseDestinationIp: 192.168.169.55DestinationHostname: DCDestinationPort: 63390DestinationPortName: "
192.168.169.59:2017-03-13T16:24:27Z DC.OrgC_Domain.local 192.168.169.59 AccelOps-WUA-WinLog-Microsoft-Windows-Sysmon/Operational [monitorStatus]="Success" [Locale]="en-GB" [MachineGuid]="0031b1cc-f526-488c-bd3b-41b2ff7cd13b" [timeZone]="+0000" [eventName]="Microsoft-Windows-Sysmon/Operational" [eventSource]="Microsoft-Windows-Sysmon" [eventId]="3" [eventType]="Information" [domain]="NT AUTHORITY" [computer]="DC.OrgC_Domain.local" [user]="SYSTEM" [userSID]="S-1-5-18" [userSIDAcctType]="User" [eventTime]="Mar 13 2017 16:24:27" [deviceTime]="Mar 13 2017 16:24:27" [msg]="Network connection detected:UtcTime: 2017-03-13 16:24:26.237ProcessGuid: {0031B1CC-B342-58C6-0000-001040F00000}ProcessId: 956Image: C:\\Windows\\System32\\svchost.exeUser: NT AUTHORITY\\NETWORK SERVICEProtocol: udpInitiated: falseSourceIsIpv6: falseSourceIp: 224.0.0.252SourceHostname: SourcePort: 5355SourcePortName: llmnrDestinationIsIpv6: falseDestinationIp: 192.168.169.55DestinationHostname: DCDestinationPort: 57182DestinationPortName: "
192.168.169.59:2017-03-13T16:24:29Z DC.OrgC_Domain.local 192.168.169.59 AccelOps-WUA-WinLog-Microsoft-Windows-Sysmon/Operational [monitorStatus]="Success" [Locale]="en-GB" [MachineGuid]="0031b1cc-f526-488c-bd3b-41b2ff7cd13b" [timeZone]="+0000" [eventName]="Microsoft-Windows-Sysmon/Operational" [eventSource]="Microsoft-Windows-Sysmon" [eventId]="3" [eventType]="Information" [domain]="NT AUTHORITY" [computer]="DC.OrgC_Domain.local" [user]="SYSTEM" [userSID]="S-1-5-18" [userSIDAcctType]="User" [eventTime]="Mar 13 2017 16:24:28" [deviceTime]="Mar 13 2017 16:24:28" [msg]="Network connection detected:UtcTime: 2017-03-13 16:24:26.915ProcessGuid: {0031B1CC-B351-58C6-0000-00103D540100}ProcessId: 1280Image: C:\\Program Files\\AccelOps\\Agent\\AoWinAgt.exeUser: NT AUTHORITY\\SYSTEMProtocol: tcpInitiated: trueSourceIsIpv6: falseSourceIp: 192.168.169.59SourceHostname: DC.OrgC_Domain.localSourcePort: 53377SourcePortName: DestinationIsIpv6: falseDestinationIp: 192.168.169.57DestinationHostname: DestinationPort: 443DestinationPortName: https"
192.168.169.59:2017-03-13T16:24:29Z DC.OrgC_Domain.local 192.168.169.59 AccelOps-WUA-WinLog-Microsoft-Windows-Sysmon/Operational [monitorStatus]="Success" [Locale]="en-GB" [MachineGuid]="0031b1cc-f526-488c-bd3b-41b2ff7cd13b" [timeZone]="+0000" [eventName]="Microsoft-Windows-Sysmon/Operational" [eventSource]="Microsoft-Windows-Sysmon" [eventId]="3" [eventType]="Information" [domain]="NT AUTHORITY" [computer]="DC.OrgC_Domain.local" [user]="SYSTEM" [userSID]="S-1-5-18" [userSIDAcctType]="User" [eventTime]="Mar 13 2017 16:24:28" [deviceTime]="Mar 13 2017 16:24:28" [msg]="Network connection detected:UtcTime: 2017-03-13 16:24:26.900ProcessGuid: {0031B1CC-B351-58C6-0000-00103D540100}ProcessId: 1280Image: C:\\Program Files\\AccelOps\\Agent\\AoWinAgt.exeUser: NT AUTHORITY\\SYSTEMProtocol: tcpInitiated: trueSourceIsIpv6: falseSourceIp: 192.168.169.59SourceHostname: DC.OrgC_Domain.localSourcePort: 53376SourcePortName: DestinationIsIpv6: falseDestinationIp: 192.168.169.57DestinationHostname: DestinationPort: 443DestinationPortName: https"
192.168.169.59:2017-03-13T16:24:27Z DC.OrgC_Domain.local 192.168.169.59 AccelOps-WUA-WinLog-Microsoft-Windows-Sysmon/Operational [monitorStatus]="Success" [Locale]="en-GB" [MachineGuid]="0031b1cc-f526-488c-bd3b-41b2ff7cd13b" [timeZone]="+0000" [eventName]="Microsoft-Windows-Sysmon/Operational" [eventSource]="Microsoft-Windows-Sysmon" [eventId]="3" [eventType]="Information" [domain]="NT AUTHORITY" [computer]="DC.OrgC_Domain.local" [user]="SYSTEM" [userSID]="S-1-5-18" [userSIDAcctType]="User" [eventTime]="Mar 13 2017 16:24:26" [deviceTime]="Mar 13 2017 16:24:26" [msg]="Network connection detected:UtcTime: 2017-03-13 16:24:25.370ProcessGuid: {0031B1CC-B342-58C6-0000-001040F00000}ProcessId: 956Image: C:\\Windows\\System32\\svchost.exeUser: NT AUTHORITY\\NETWORK SERVICEProtocol: udpInitiated: falseSourceIsIpv6: falseSourceIp: 224.0.0.252SourceHostname: SourcePort: 5355SourcePortName: llmnrDestinationIsIpv6: falseDestinationIp: 192.168.169.55DestinationHostname: DCDestinationPort: 58796DestinationPortName: "
192.168.169.59:2017-03-13T16:24:34Z DC.OrgC_Domain.local 192.168.169.59 AccelOps-WUA-WinLog-Microsoft-Windows-Sysmon/Operational [monitorStatus]="Success" [Locale]="en-GB" [MachineGuid]="0031b1cc-f526-488c-bd3b-41b2ff7cd13b" [timeZone]="+0000" [eventName]="Microsoft-Windows-Sysmon/Operational" [eventSource]="Microsoft-Windows-Sysmon" [eventId]="3" [eventType]="Information" [domain]="NT AUTHORITY" [computer]="DC.OrgC_Domain.local" [user]="SYSTEM" [userSID]="S-1-5-18" [userSIDAcctType]="User" [eventTime]="Mar 13 2017 16:24:33" [deviceTime]="Mar 13 2017 16:24:33" [msg]="Network connection detected:UtcTime: 2017-03-13 16:24:32.685ProcessGuid: {0031B1CC-B341-58C6-0000-001087C50000}ProcessId: 624Image: C:\\Windows\\System32\\svchost.exeUser: NT AUTHORITY\\NETWORK SERVICEProtocol: tcpInitiated: falseSourceIsIpv6: falseSourceIp: 192.168.169.59SourceHostname: DC.OrgC_Domain.localSourcePort: 135SourcePortName: epmapDestinationIsIpv6: falseDestinationIp: 192.168.169.57DestinationHostname: DestinationPort: 39362DestinationPortName: "
192.168.169.59:2017-03-13T16:24:34Z DC.OrgC_Domain.local 192.168.169.59 AccelOps-WUA-WinLog-Microsoft-Windows-Sysmon/Operational [monitorStatus]="Success" [Locale]="en-GB" [MachineGuid]="0031b1cc-f526-488c-bd3b-41b2ff7cd13b" [timeZone]="+0000" [eventName]="Microsoft-Windows-Sysmon/Operational" [eventSource]="Microsoft-Windows-Sysmon" [eventId]="3" [eventType]="Information" [domain]="NT AUTHORITY" [computer]="DC.OrgC_Domain.local" [user]="SYSTEM" [userSID]="S-1-5-18" [userSIDAcctType]="User" [eventTime]="Mar 13 2017 16:24:33" [deviceTime]="Mar 13 2017 16:24:33" [msg]="Network connection detected:UtcTime: 2017-03-13 16:24:32.547ProcessGuid: {0031B1CC-B341-58C6-0000-001087C50000}ProcessId: 624Image: C:\\Windows\\System32\\svchost.exeUser: NT AUTHORITY\\NETWORK SERVICEProtocol: tcpInitiated: falseSourceIsIpv6: falseSourceIp: 192.168.169.59SourceHostname: DC.OrgC_Domain.localSourcePort: 135SourcePortName: epmapDestinationIsIpv6: falseDestinationIp: 192.168.169.57DestinationHostname: DestinationPort: 39356DestinationPortName: "
192.168.169.59:2017-03-13T16:24:34Z DC.OrgC_Domain.local 192.168.169.59 AccelOps-WUA-WinLog-Microsoft-Windows-Sysmon/Operational [monitorStatus]="Success" [Locale]="en-GB" [MachineGuid]="0031b1cc-f526-488c-bd3b-41b2ff7cd13b" [timeZone]="+0000" [eventName]="Microsoft-Windows-Sysmon/Operational" [eventSource]="Microsoft-Windows-Sysmon" [eventId]="3" [eventType]="Information" [domain]="NT AUTHORITY" [computer]="DC.OrgC_Domain.local" [user]="SYSTEM" [userSID]="S-1-5-18" [userSIDAcctType]="User" [eventTime]="Mar 13 2017 16:24:33" [deviceTime]="Mar 13 2017 16:24:33" [msg]="Network connection detected:UtcTime: 2017-03-13 16:24:32.421ProcessGuid: {0031B1CC-B341-58C6-0000-001087C50000}ProcessId: 624Image: C:\\Windows\\System32\\svchost.exeUser: NT AUTHORITY\\NETWORK SERVICEProtocol: tcpInitiated: falseSourceIsIpv6: falseSourceIp: 192.168.169.59SourceHostname: DC.OrgC_Domain.localSourcePort: 135SourcePortName: epmapDestinationIsIpv6: falseDestinationIp: 192.168.169.57DestinationHostname: DestinationPort: 39350DestinationPortName: "
192.168.169.59:2017-03-13T16:24:34Z DC.OrgC_Domain.local 192.168.169.59 AccelOps-WUA-WinLog-Microsoft-Windows-Sysmon/Operational [monitorStatus]="Success" [Locale]="en-GB" [MachineGuid]="0031b1cc-f526-488c-bd3b-41b2ff7cd13b" [timeZone]="+0000" [eventName]="Microsoft-Windows-Sysmon/Operational" [eventSource]="Microsoft-Windows-Sysmon" [eventId]="3" [eventType]="Information" [domain]="NT AUTHORITY" [computer]="DC.OrgC_Domain.local" [user]="SYSTEM" [userSID]="S-1-5-18" [userSIDAcctType]="User" [eventTime]="Mar 13 2017 16:24:33" [deviceTime]="Mar 13 2017 16:24:33" [msg]="Network connection detected:UtcTime: 2017-03-13 16:24:32.296ProcessGuid: {0031B1CC-B341-58C6-0000-001087C50000}ProcessId: 624Image: C:\\Windows\\System32\\svchost.exeUser: NT AUTHORITY\\NETWORK SERVICEProtocol: tcpInitiated: falseSourceIsIpv6: falseSourceIp: 192.168.169.59SourceHostname: DC.OrgC_Domain.localSourcePort: 135SourcePortName: epmapDestinationIsIpv6: falseDestinationIp: 192.168.169.57DestinationHostname: DestinationPort: 39344DestinationPortName: "
192.168.169.59:2017-03-13T16:24:34Z DC.OrgC_Domain.local 192.168.169.59 AccelOps-WUA-WinLog-Microsoft-Windows-Sysmon/Operational [monitorStatus]="Success" [Locale]="en-GB" [MachineGuid]="0031b1cc-f526-488c-bd3b-41b2ff7cd13b" [timeZone]="+0000" [eventName]="Microsoft-Windows-Sysmon/Operational" [eventSource]="Microsoft-Windows-Sysmon" [eventId]="3" [eventType]="Information" [domain]="NT AUTHORITY" [computer]="DC.OrgC_Domain.local" [user]="SYSTEM" [userSID]="S-1-5-18" [userSIDAcctType]="User" [eventTime]="Mar 13 2017 16:24:33" [deviceTime]="Mar 13 2017 16:24:33" [msg]="Network connection detected:UtcTime: 2017-03-13 16:24:32.168ProcessGuid: {0031B1CC-B341-58C6-0000-001087C50000}ProcessId: 624Image: C:\\Windows\\System32\\svchost.exeUser: NT AUTHORITY\\NETWORK SERVICEProtocol: tcpInitiated: falseSourceIsIpv6: falseSourceIp: 192.168.169.59SourceHostname: DC.OrgC_Domain.localSourcePort: 135SourcePortName: epmapDestinationIsIpv6: falseDestinationIp: 192.168.169.57DestinationHostname: DestinationPort: 39338DestinationPortName: "
192.168.169.59:2017-03-13T16:24:34Z DC.OrgC_Domain.local 192.168.169.59 AccelOps-WUA-WinLog-Microsoft-Windows-Sysmon/Operational [monitorStatus]="Success" [Locale]="en-GB" [MachineGuid]="0031b1cc-f526-488c-bd3b-41b2ff7cd13b" [timeZone]="+0000" [eventName]="Microsoft-Windows-Sysmon/Operational" [eventSource]="Microsoft-Windows-Sysmon" [eventId]="3" [eventType]="Information" [domain]="NT AUTHORITY" [computer]="DC.OrgC_Domain.local" [user]="SYSTEM" [userSID]="S-1-5-18" [userSIDAcctType]="User" [eventTime]="Mar 13 2017 16:24:33" [deviceTime]="Mar 13 2017 16:24:33" [msg]="Network connection detected:UtcTime: 2017-03-13 16:24:31.995ProcessGuid: {0031B1CC-B351-58C6-0000-00103D540100}ProcessId: 1280Image: C:\\Program Files\\AccelOps\\Agent\\AoWinAgt.exeUser: NT AUTHORITY\\SYSTEMProtocol: tcpInitiated: trueSourceIsIpv6: falseSourceIp: 192.168.169.59SourceHostname: DC.OrgC_Domain.localSourcePort: 53378SourcePortName: DestinationIsIpv6: falseDestinationIp: 192.168.169.57DestinationHostname: DestinationPort: 443DestinationPortName: https"
192.168.169.59:2017-03-13T16:24:34Z DC.OrgC_Domain.local 192.168.169.59 AccelOps-WUA-WinLog-Microsoft-Windows-Sysmon/Operational [monitorStatus]="Success" [Locale]="en-GB" [MachineGuid]="0031b1cc-f526-488c-bd3b-41b2ff7cd13b" [timeZone]="+0000" [eventName]="Microsoft-Windows-Sysmon/Operational" [eventSource]="Microsoft-Windows-Sysmon" [eventId]="3" [eventType]="Information" [domain]="NT AUTHORITY" [computer]="DC.OrgC_Domain.local" [user]="SYSTEM" [userSID]="S-1-5-18" [userSIDAcctType]="User" [eventTime]="Mar 13 2017 16:24:33" [deviceTime]="Mar 13 2017 16:24:33" [msg]="Network connection detected:UtcTime: 2017-03-13 16:24:32.692ProcessGuid: {0031B1CC-B342-58C6-0000-001078DA0000}ProcessId: 776Image: C:\\Windows\\System32\\svchost.exeUser: NT AUTHORITY\\SYSTEMProtocol: tcpInitiated: falseSourceIsIpv6: falseSourceIp: 192.168.169.59SourceHostname: DC.OrgC_Domain.localSourcePort: 49154SourcePortName: DestinationIsIpv6: falseDestinationIp: 192.168.169.57DestinationHostname: DestinationPort: 37070DestinationPortName: "
192.168.169.59:2017-03-13T16:24:34Z DC.OrgC_Domain.local 192.168.169.59 AccelOps-WUA-WinLog-Microsoft-Windows-Sysmon/Operational [monitorStatus]="Success" [Locale]="en-GB" [MachineGuid]="0031b1cc-f526-488c-bd3b-41b2ff7cd13b" [timeZone]="+0000" [eventName]="Microsoft-Windows-Sysmon/Operational" [eventSource]="Microsoft-Windows-Sysmon" [eventId]="3" [eventType]="Information" [domain]="NT AUTHORITY" [computer]="DC.OrgC_Domain.local" [user]="SYSTEM" [userSID]="S-1-5-18" [userSIDAcctType]="User" [eventTime]="Mar 13 2017 16:24:33" [deviceTime]="Mar 13 2017 16:24:33" [msg]="Network connection detected:UtcTime: 2017-03-13 16:24:32.427ProcessGuid: {0031B1CC-B342-58C6-0000-001078DA0000}ProcessId: 776Image: C:\\Windows\\System32\\svchost.exeUser: NT AUTHORITY\\SYSTEMProtocol: tcpInitiated: falseSourceIsIpv6: falseSourceIp: 192.168.169.59SourceHostname: DC.OrgC_Domain.localSourcePort: 49154SourcePortName: DestinationIsIpv6: falseDestinationIp: 192.168.169.57DestinationHostname: DestinationPort: 37058DestinationPortName: "
192.168.169.59:2017-03-13T16:24:34Z DC.OrgC_Domain.local 192.168.169.59 AccelOps-WUA-WinLog-Microsoft-Windows-Sysmon/Operational [monitorStatus]="Success" [Locale]="en-GB" [MachineGuid]="0031b1cc-f526-488c-bd3b-41b2ff7cd13b" [timeZone]="+0000" [eventName]="Microsoft-Windows-Sysmon/Operational" [eventSource]="Microsoft-Windows-Sysmon" [eventId]="3" [eventType]="Information" [domain]="NT AUTHORITY" [computer]="DC.OrgC_Domain.local" [user]="SYSTEM" [userSID]="S-1-5-18" [userSIDAcctType]="User" [eventTime]="Mar 13 2017 16:24:33" [deviceTime]="Mar 13 2017 16:24:33" [msg]="Network connection detected:UtcTime: 2017-03-13 16:24:32.302ProcessGuid: {0031B1CC-B342-58C6-0000-001078DA0000}ProcessId: 776Image: C:\\Windows\\System32\\svchost.exeUser: NT AUTHORITY\\SYSTEMProtocol: tcpInitiated: falseSourceIsIpv6: falseSourceIp: 192.168.169.59SourceHostname: DC.OrgC_Domain.localSourcePort: 49154SourcePortName: DestinationIsIpv6: falseDestinationIp: 192.168.169.57DestinationHostname: DestinationPort: 37052DestinationPortName: "
192.168.169.59:2017-03-13T16:24:34Z DC.OrgC_Domain.local 192.168.169.59 AccelOps-WUA-WinLog-Microsoft-Windows-Sysmon/Operational [monitorStatus]="Success" [Locale]="en-GB" [MachineGuid]="0031b1cc-f526-488c-bd3b-41b2ff7cd13b" [timeZone]="+0000" [eventName]="Microsoft-Windows-Sysmon/Operational" [eventSource]="Microsoft-Windows-Sysmon" [eventId]="3" [eventType]="Information" [domain]="NT AUTHORITY" [computer]="DC.OrgC_Domain.local" [user]="SYSTEM" [userSID]="S-1-5-18" [userSIDAcctType]="User" [eventTime]="Mar 13 2017 16:24:33" [deviceTime]="Mar 13 2017 16:24:33" [msg]="Network connection detected:UtcTime: 2017-03-13 16:24:32.553ProcessGuid: {0031B1CC-B342-58C6-0000-001078DA0000}ProcessId: 776Image: C:\\Windows\\System32\\svchost.exeUser: NT AUTHORITY\\SYSTEMProtocol: tcpInitiated: falseSourceIsIpv6: falseSourceIp: 192.168.169.59SourceHostname: DC.OrgC_Domain.localSourcePort: 49154SourcePortName: DestinationIsIpv6: falseDestinationIp: 192.168.169.57DestinationHostname: DestinationPort: 37064DestinationPortName: "
192.168.169.59:2017-03-13T16:24:34Z DC.OrgC_Domain.local 192.168.169.59 AccelOps-WUA-WinLog-Microsoft-Windows-Sysmon/Operational [monitorStatus]="Success" [Locale]="en-GB" [MachineGuid]="0031b1cc-f526-488c-bd3b-41b2ff7cd13b" [timeZone]="+0000" [eventName]="Microsoft-Windows-Sysmon/Operational" [eventSource]="Microsoft-Windows-Sysmon" [eventId]="3" [eventType]="Information" [domain]="NT AUTHORITY" [computer]="DC.OrgC_Domain.local" [user]="SYSTEM" [userSID]="S-1-5-18" [userSIDAcctType]="User" [eventTime]="Mar 13 2017 16:24:33" [deviceTime]="Mar 13 2017 16:24:33" [msg]="Network connection detected:UtcTime: 2017-03-13 16:24:32.297ProcessGuid: {0031B1CC-B341-58C6-0000-001087C50000}ProcessId: 624Image: C:\\Windows\\System32\\svchost.exeUser: NT AUTHORITY\\NETWORK SERVICEProtocol: tcpInitiated: falseSourceIsIpv6: falseSourceIp: 192.168.169.59SourceHostname: DC.OrgC_Domain.localSourcePort: 135SourcePortName: epmapDestinationIsIpv6: falseDestinationIp: 192.168.169.57DestinationHostname: DestinationPort: 39346DestinationPortName: "
192.168.169.59:2017-03-13T16:24:34Z DC.OrgC_Domain.local 192.168.169.59 AccelOps-WUA-WinLog-Microsoft-Windows-Sysmon/Operational [monitorStatus]="Success" [Locale]="en-GB" [MachineGuid]="0031b1cc-f526-488c-bd3b-41b2ff7cd13b" [timeZone]="+0000" [eventName]="Microsoft-Windows-Sysmon/Operational" [eventSource]="Microsoft-Windows-Sysmon" [eventId]="3" [eventType]="Information" [domain]="NT AUTHORITY" [computer]="DC.OrgC_Domain.local" [user]="SYSTEM" [userSID]="S-1-5-18" [userSIDAcctType]="User" [eventTime]="Mar 13 2017 16:24:33" [deviceTime]="Mar 13 2017 16:24:33" [msg]="Network connection detected:UtcTime: 2017-03-13 16:24:32.170ProcessGuid: {0031B1CC-B341-58C6-0000-001087C50000}ProcessId: 624Image: C:\\Windows\\System32\\svchost.exeUser: NT AUTHORITY\\NETWORK SERVICEProtocol: tcpInitiated: falseSourceIsIpv6: falseSourceIp: 192.168.169.59SourceHostname: DC.OrgC_Domain.localSourcePort: 135SourcePortName: epmapDestinationIsIpv6: falseDestinationIp: 192.168.169.57DestinationHostname: DestinationPort: 39340DestinationPortName: "
192.168.169.59:2017-03-13T16:24:34Z DC.OrgC_Domain.local 192.168.169.59 AccelOps-WUA-WinLog-Microsoft-Windows-Sysmon/Operational [monitorStatus]="Success" [Locale]="en-GB" [MachineGuid]="0031b1cc-f526-488c-bd3b-41b2ff7cd13b" [timeZone]="+0000" [eventName]="Microsoft-Windows-Sysmon/Operational" [eventSource]="Microsoft-Windows-Sysmon" [eventId]="3" [eventType]="Information" [domain]="NT AUTHORITY" [computer]="DC.OrgC_Domain.local" [user]="SYSTEM" [userSID]="S-1-5-18" [userSIDAcctType]="User" [eventTime]="Mar 13 2017 16:24:33" [deviceTime]="Mar 13 2017 16:24:33" [msg]="Network connection detected:UtcTime: 2017-03-13 16:24:32.025ProcessGuid: {0031B1CC-B351-58C6-0000-00103D540100}ProcessId: 1280Image: C:\\Program Files\\AccelOps\\Agent\\AoWinAgt.exeUser: NT AUTHORITY\\SYSTEMProtocol: tcpInitiated: trueSourceIsIpv6: falseSourceIp: 192.168.169.59SourceHostname: DC.OrgC_Domain.localSourcePort: 53379SourcePortName: DestinationIsIpv6: falseDestinationIp: 192.168.169.57DestinationHostname: DestinationPort: 443DestinationPortName: https"
192.168.169.59:2017-03-13T16:24:34Z DC.OrgC_Domain.local 192.168.169.59 AccelOps-WUA-WinLog-Microsoft-Windows-Sysmon/Operational [monitorStatus]="Success" [Locale]="en-GB" [MachineGuid]="0031b1cc-f526-488c-bd3b-41b2ff7cd13b" [timeZone]="+0000" [eventName]="Microsoft-Windows-Sysmon/Operational" [eventSource]="Microsoft-Windows-Sysmon" [eventId]="3" [eventType]="Information" [domain]="NT AUTHORITY" [computer]="DC.OrgC_Domain.local" [user]="SYSTEM" [userSID]="S-1-5-18" [userSIDAcctType]="User" [eventTime]="Mar 13 2017 16:24:33" [deviceTime]="Mar 13 2017 16:24:33" [msg]="Network connection detected:UtcTime: 2017-03-13 16:24:32.686ProcessGuid: {0031B1CC-B341-58C6-0000-001087C50000}ProcessId: 624Image: C:\\Windows\\System32\\svchost.exeUser: NT AUTHORITY\\NETWORK SERVICEProtocol: tcpInitiated: falseSourceIsIpv6: falseSourceIp: 192.168.169.59SourceHostname: DC.OrgC_Domain.localSourcePort: 135SourcePortName: epmapDestinationIsIpv6: falseDestinationIp: 192.168.169.57DestinationHostname: DestinationPort: 39364DestinationPortName: "
192.168.169.59:2017-03-13T16:24:34Z DC.OrgC_Domain.local 192.168.169.59 AccelOps-WUA-WinLog-Microsoft-Windows-Sysmon/Operational [monitorStatus]="Success" [Locale]="en-GB" [MachineGuid]="0031b1cc-f526-488c-bd3b-41b2ff7cd13b" [timeZone]="+0000" [eventName]="Microsoft-Windows-Sysmon/Operational" [eventSource]="Microsoft-Windows-Sysmon" [eventId]="3" [eventType]="Information" [domain]="NT AUTHORITY" [computer]="DC.OrgC_Domain.local" [user]="SYSTEM" [userSID]="S-1-5-18" [userSIDAcctType]="User" [eventTime]="Mar 13 2017 16:24:33" [deviceTime]="Mar 13 2017 16:24:33" [msg]="Network connection detected:UtcTime: 2017-03-13 16:24:32.549ProcessGuid: {0031B1CC-B341-58C6-0000-001087C50000}ProcessId: 624Image: C:\\Windows\\System32\\svchost.exeUser: NT AUTHORITY\\NETWORK SERVICEProtocol: tcpInitiated: falseSourceIsIpv6: falseSourceIp: 192.168.169.59SourceHostname: DC.OrgC_Domain.localSourcePort: 135SourcePortName: epmapDestinationIsIpv6: falseDestinationIp: 192.168.169.57DestinationHostname: DestinationPort: 39358DestinationPortName: "
192.168.169.59:2017-03-13T16:24:34Z DC.OrgC_Domain.local 192.168.169.59 AccelOps-WUA-WinLog-Microsoft-Windows-Sysmon/Operational [monitorStatus]="Success" [Locale]="en-GB" [MachineGuid]="0031b1cc-f526-488c-bd3b-41b2ff7cd13b" [timeZone]="+0000" [eventName]="Microsoft-Windows-Sysmon/Operational" [eventSource]="Microsoft-Windows-Sysmon" [eventId]="3" [eventType]="Information" [domain]="NT AUTHORITY" [computer]="DC.OrgC_Domain.local" [user]="SYSTEM" [userSID]="S-1-5-18" [userSIDAcctType]="User" [eventTime]="Mar 13 2017 16:24:33" [deviceTime]="Mar 13 2017 16:24:33" [msg]="Network connection detected:UtcTime: 2017-03-13 16:24:32.423ProcessGuid: {0031B1CC-B341-58C6-0000-001087C50000}ProcessId: 624Image: C:\\Windows\\System32\\svchost.exeUser: NT AUTHORITY\\NETWORK SERVICEProtocol: tcpInitiated: falseSourceIsIpv6: falseSourceIp: 192.168.169.59SourceHostname: DC.OrgC_Domain.localSourcePort: 135SourcePortName: epmapDestinationIsIpv6: falseDestinationIp: 192.168.169.57DestinationHostname: DestinationPort: 39352DestinationPortName: "
192.168.169.59:2017-03-13T16:24:34Z DC.OrgC_Domain.local 192.168.169.59 AccelOps-WUA-WinLog-Microsoft-Windows-Sysmon/Operational [monitorStatus]="Success" [Locale]="en-GB" [MachineGuid]="0031b1cc-f526-488c-bd3b-41b2ff7cd13b" [timeZone]="+0000" [eventName]="Microsoft-Windows-Sysmon/Operational" [eventSource]="Microsoft-Windows-Sysmon" [eventId]="3" [eventType]="Information" [domain]="NT AUTHORITY" [computer]="DC.OrgC_Domain.local" [user]="SYSTEM" [userSID]="S-1-5-18" [userSIDAcctType]="User" [eventTime]="Mar 13 2017 16:24:33" [deviceTime]="Mar 13 2017 16:24:33" [msg]="Network connection detected:UtcTime: 2017-03-13 16:24:32.175ProcessGuid: {0031B1CC-B342-58C6-0000-001078DA0000}ProcessId: 776Image: C:\\Windows\\System32\\svchost.exeUser: NT AUTHORITY\\SYSTEMProtocol: tcpInitiated: falseSourceIsIpv6: falseSourceIp: 192.168.169.59SourceHostname: DC.OrgC_Domain.localSourcePort: 49154SourcePortName: DestinationIsIpv6: falseDestinationIp: 192.168.169.57DestinationHostname: DestinationPort: 37046DestinationPortName: "
192.168.169.59:2017-03-13T16:24:40Z DC.OrgC_Domain.local 192.168.169.59 AccelOps-WUA-WinLog-Microsoft-Windows-Sysmon/Operational [monitorStatus]="Success" [Locale]="en-GB" [MachineGuid]="0031b1cc-f526-488c-bd3b-41b2ff7cd13b" [timeZone]="+0000" [eventName]="Microsoft-Windows-Sysmon/Operational" [eventSource]="Microsoft-Windows-Sysmon" [eventId]="3" [eventType]="Information" [domain]="NT AUTHORITY" [computer]="DC.OrgC_Domain.local" [user]="SYSTEM" [userSID]="S-1-5-18" [userSIDAcctType]="User" [eventTime]="Mar 13 2017 16:24:39" [deviceTime]="Mar 13 2017 16:24:39" [msg]="Network connection detected:UtcTime: 2017-03-13 16:24:38.149ProcessGuid: {0031B1CC-B34B-58C6-0000-0010714B0100}ProcessId: 1224Image: C:\\Windows\\ADWS\\Microsoft.ActiveDirectory.WebServices.exeUser: NT AUTHORITY\\SYSTEMProtocol: tcpInitiated: trueSourceIsIpv6: trueSourceIp: 0:0:0:0:0:0:0:1SourceHostname: DC.OrgC_Domain.localSourcePort: 53382SourcePortName: DestinationIsIpv6: trueDestinationIp: 0:0:0:0:0:0:0:1DestinationHostname: DC.OrgC_Domain.localDestinationPort: 389DestinationPortName: ldap"
192.168.169.59:2017-03-13T16:24:40Z DC.OrgC_Domain.local 192.168.169.59 AccelOps-WUA-WinLog-Microsoft-Windows-Sysmon/Operational [monitorStatus]="Success" [Locale]="en-GB" [MachineGuid]="0031b1cc-f526-488c-bd3b-41b2ff7cd13b" [timeZone]="+0000" [eventName]="Microsoft-Windows-Sysmon/Operational" [eventSource]="Microsoft-Windows-Sysmon" [eventId]="3" [eventType]="Information" [domain]="NT AUTHORITY" [computer]="DC.OrgC_Domain.local" [user]="SYSTEM" [userSID]="S-1-5-18" [userSIDAcctType]="User" [eventTime]="Mar 13 2017 16:24:39" [deviceTime]="Mar 13 2017 16:24:39" [msg]="Network connection detected:UtcTime: 2017-03-13 16:24:38.150ProcessGuid: {0031B1CC-B333-58C6-0000-0010B5790000}ProcessId: 444Image: C:\\Windows\\System32\\lsass.exeUser: NT AUTHORITY\\SYSTEMProtocol: tcpInitiated: falseSourceIsIpv6: trueSourceIp: 0:0:0:0:0:0:0:1SourceHostname: DC.OrgC_Domain.localSourcePort: 389SourcePortName: ldapDestinationIsIpv6: trueDestinationIp: 0:0:0:0:0:0:0:1DestinationHostname: DC.OrgC_Domain.localDestinationPort: 53382DestinationPortName: "
192.168.169.59:2017-03-13T16:24:39Z DC.OrgC_Domain.local 192.168.169.59 AccelOps-WUA-WinLog-Microsoft-Windows-Sysmon/Operational [monitorStatus]="Success" [Locale]="en-GB" [MachineGuid]="0031b1cc-f526-488c-bd3b-41b2ff7cd13b" [timeZone]="+0000" [eventName]="Microsoft-Windows-Sysmon/Operational" [eventSource]="Microsoft-Windows-Sysmon" [eventId]="3" [eventType]="Information" [domain]="NT AUTHORITY" [computer]="DC.OrgC_Domain.local" [user]="SYSTEM" [userSID]="S-1-5-18" [userSIDAcctType]="User" [eventTime]="Mar 13 2017 16:24:39" [deviceTime]="Mar 13 2017 16:24:39" [msg]="Network connection detected:UtcTime: 2017-03-13 16:24:37.150ProcessGuid: {0031B1CC-B351-58C6-0000-00103D540100}ProcessId: 1280Image: C:\\Program Files\\AccelOps\\Agent\\AoWinAgt.exeUser: NT AUTHORITY\\SYSTEMProtocol: tcpInitiated: trueSourceIsIpv6: falseSourceIp: 192.168.169.59SourceHostname: DC.OrgC_Domain.localSourcePort: 53381SourcePortName: DestinationIsIpv6: falseDestinationIp: 192.168.169.57DestinationHostname: DestinationPort: 443DestinationPortName: https"
192.168.169.59:2017-03-13T16:24:39Z DC.OrgC_Domain.local 192.168.169.59 AccelOps-WUA-WinLog-Microsoft-Windows-Sysmon/Operational [monitorStatus]="Success" [Locale]="en-GB" [MachineGuid]="0031b1cc-f526-488c-bd3b-41b2ff7cd13b" [timeZone]="+0000" [eventName]="Microsoft-Windows-Sysmon/Operational" [eventSource]="Microsoft-Windows-Sysmon" [eventId]="3" [eventType]="Information" [domain]="NT AUTHORITY" [computer]="DC.OrgC_Domain.local" [user]="SYSTEM" [userSID]="S-1-5-18" [userSIDAcctType]="User" [eventTime]="Mar 13 2017 16:24:38" [deviceTime]="Mar 13 2017 16:24:38" [msg]="Network connection detected:UtcTime: 2017-03-13 16:24:37.109ProcessGuid: {0031B1CC-B351-58C6-0000-00103D540100}ProcessId: 1280Image: C:\\Program Files\\AccelOps\\Agent\\AoWinAgt.exeUser: NT AUTHORITY\\SYSTEMProtocol: tcpInitiated: trueSourceIsIpv6: falseSourceIp: 192.168.169.59SourceHostname: DC.OrgC_Domain.localSourcePort: 53380SourcePortName: DestinationIsIpv6: falseDestinationIp: 192.168.169.57DestinationHostname: DestinationPort: 443DestinationPortName: https"
192.168.169.59:2017-03-13T16:24:44Z DC.OrgC_Domain.local 192.168.169.59 AccelOps-WUA-WinLog-Microsoft-Windows-Sysmon/Operational [monitorStatus]="Success" [Locale]="en-GB" [MachineGuid]="0031b1cc-f526-488c-bd3b-41b2ff7cd13b" [timeZone]="+0000" [eventName]="Microsoft-Windows-Sysmon/Operational" [eventSource]="Microsoft-Windows-Sysmon" [eventId]="3" [eventType]="Information" [domain]="NT AUTHORITY" [computer]="DC.OrgC_Domain.local" [user]="SYSTEM" [userSID]="S-1-5-18" [userSIDAcctType]="User" [eventTime]="Mar 13 2017 16:24:43" [deviceTime]="Mar 13 2017 16:24:43" [msg]="Network connection detected:UtcTime: 2017-03-13 16:24:42.369ProcessGuid: {0031B1CC-B351-58C6-0000-00103D540100}ProcessId: 1280Image: C:\\Program Files\\AccelOps\\Agent\\AoWinAgt.exeUser: NT AUTHORITY\\SYSTEMProtocol: tcpInitiated: trueSourceIsIpv6: falseSourceIp: 192.168.169.59SourceHostname: DC.OrgC_Domain.localSourcePort: 53384SourcePortName: DestinationIsIpv6: falseDestinationIp: 192.168.169.57DestinationHostname: DestinationPort: 443DestinationPortName: https"
192.168.169.59:2017-03-13T16:24:44Z DC.OrgC_Domain.local 192.168.169.59 AccelOps-WUA-WinLog-Microsoft-Windows-Sysmon/Operational [monitorStatus]="Success" [Locale]="en-GB" [MachineGuid]="0031b1cc-f526-488c-bd3b-41b2ff7cd13b" [timeZone]="+0000" [eventName]="Microsoft-Windows-Sysmon/Operational" [eventSource]="Microsoft-Windows-Sysmon" [eventId]="3" [eventType]="Information" [domain]="NT AUTHORITY" [computer]="DC.OrgC_Domain.local" [user]="SYSTEM" [userSID]="S-1-5-18" [userSIDAcctType]="User" [eventTime]="Mar 13 2017 16:24:43" [deviceTime]="Mar 13 2017 16:24:43" [msg]="Network connection detected:UtcTime: 2017-03-13 16:24:42.197ProcessGuid: {0031B1CC-B351-58C6-0000-00103D540100}ProcessId: 1280Image: C:\\Program Files\\AccelOps\\Agent\\AoWinAgt.exeUser: NT AUTHORITY\\SYSTEMProtocol: tcpInitiated: trueSourceIsIpv6: falseSourceIp: 192.168.169.59SourceHostname: DC.OrgC_Domain.localSourcePort: 53383SourcePortName: DestinationIsIpv6: falseDestinationIp: 192.168.169.57DestinationHostname: DestinationPort: 443DestinationPortName: https"
192.168.169.59:2017-03-13T16:24:49Z DC.OrgC_Domain.local 192.168.169.59 AccelOps-WUA-WinLog-Microsoft-Windows-Sysmon/Operational [monitorStatus]="Success" [Locale]="en-GB" [MachineGuid]="0031b1cc-f526-488c-bd3b-41b2ff7cd13b" [timeZone]="+0000" [eventName]="Microsoft-Windows-Sysmon/Operational" [eventSource]="Microsoft-Windows-Sysmon" [eventId]="3" [eventType]="Information" [domain]="NT AUTHORITY" [computer]="DC.OrgC_Domain.local" [user]="SYSTEM" [userSID]="S-1-5-18" [userSIDAcctType]="User" [eventTime]="Mar 13 2017 16:24:48" [deviceTime]="Mar 13 2017 16:24:48" [msg]="Network connection detected:UtcTime: 2017-03-13 16:24:47.494ProcessGuid: {0031B1CC-B351-58C6-0000-00103D540100}ProcessId: 1280Image: C:\\Program Files\\AccelOps\\Agent\\AoWinAgt.exeUser: NT AUTHORITY\\SYSTEMProtocol: tcpInitiated: trueSourceIsIpv6: falseSourceIp: 192.168.169.59SourceHostname: DC.OrgC_Domain.localSourcePort: 53386SourcePortName: DestinationIsIpv6: falseDestinationIp: 192.168.169.57DestinationHostname: DestinationPort: 443DestinationPortName: https"
192.168.169.59:2017-03-13T16:24:49Z DC.OrgC_Domain.local 192.168.169.59 AccelOps-WUA-WinLog-Microsoft-Windows-Sysmon/Operational [monitorStatus]="Success" [Locale]="en-GB" [MachineGuid]="0031b1cc-f526-488c-bd3b-41b2ff7cd13b" [timeZone]="+0000" [eventName]="Microsoft-Windows-Sysmon/Operational" [eventSource]="Microsoft-Windows-Sysmon" [eventId]="3" [eventType]="Information" [domain]="NT AUTHORITY" [computer]="DC.OrgC_Domain.local" [user]="SYSTEM" [userSID]="S-1-5-18" [userSIDAcctType]="User" [eventTime]="Mar 13 2017 16:24:48" [deviceTime]="Mar 13 2017 16:24:48" [msg]="Network connection detected:UtcTime: 2017-03-13 16:24:47.463ProcessGuid: {0031B1CC-B351-58C6-0000-00103D540100}ProcessId: 1280Image: C:\\Program Files\\AccelOps\\Agent\\AoWinAgt.exeUser: NT AUTHORITY\\SYSTEMProtocol: tcpInitiated: trueSourceIsIpv6: falseSourceIp: 192.168.169.59SourceHostname: DC.OrgC_Domain.localSourcePort: 53385SourcePortName: DestinationIsIpv6: falseDestinationIp: 192.168.169.57DestinationHostname: DestinationPort: 443DestinationPortName: https"
192.168.169.59:2017-03-13T16:24:54Z DC.OrgC_Domain.local 192.168.169.59 AccelOps-WUA-WinLog-Microsoft-Windows-Sysmon/Operational [monitorStatus]="Success" [Locale]="en-GB" [MachineGuid]="0031b1cc-f526-488c-bd3b-41b2ff7cd13b" [timeZone]="+0000" [eventName]="Microsoft-Windows-Sysmon/Operational" [eventSource]="Microsoft-Windows-Sysmon" [eventId]="3" [eventType]="Information" [domain]="NT AUTHORITY" [computer]="DC.OrgC_Domain.local" [user]="SYSTEM" [userSID]="S-1-5-18" [userSIDAcctType]="User" [eventTime]="Mar 13 2017 16:24:54" [deviceTime]="Mar 13 2017 16:24:54" [msg]="Network connection detected:UtcTime: 2017-03-13 16:24:53.212ProcessGuid: {0031B1CC-B353-58C6-0000-0010E35C0100}ProcessId: 1340Image: C:\\Program Files\\AccelOps\\Server\\AoWinAgtMgrSvc.exeUser: NT AUTHORITY\\SYSTEMProtocol: tcpInitiated: trueSourceIsIpv6: falseSourceIp: 192.168.169.59SourceHostname: DC.OrgC_Domain.localSourcePort: 53389SourcePortName: DestinationIsIpv6: falseDestinationIp: 192.168.169.56DestinationHostname: DestinationPort: 443DestinationPortName: https"
192.168.169.59:2017-03-13T16:24:54Z DC.OrgC_Domain.local 192.168.169.59 AccelOps-WUA-WinLog-Microsoft-Windows-Sysmon/Operational [monitorStatus]="Success" [Locale]="en-GB" [MachineGuid]="0031b1cc-f526-488c-bd3b-41b2ff7cd13b" [timeZone]="+0000" [eventName]="Microsoft-Windows-Sysmon/Operational" [eventSource]="Microsoft-Windows-Sysmon" [eventId]="3" [eventType]="Information" [domain]="NT AUTHORITY" [computer]="DC.OrgC_Domain.local" [user]="SYSTEM" [userSID]="S-1-5-18" [userSIDAcctType]="User" [eventTime]="Mar 13 2017 16:24:54" [deviceTime]="Mar 13 2017 16:24:54" [msg]="Network connection detected:UtcTime: 2017-03-13 16:24:53.339ProcessGuid: {0031B1CC-B353-58C6-0000-0010E35C0100}ProcessId: 1340Image: C:\\Program Files\\AccelOps\\Server\\AoWinAgtMgrSvc.exeUser: NT AUTHORITY\\SYSTEMProtocol: tcpInitiated: trueSourceIsIpv6: falseSourceIp: 192.168.169.59SourceHostname: DC.OrgC_Domain.localSourcePort: 53390SourcePortName: DestinationIsIpv6: falseDestinationIp: 192.168.169.57DestinationHostname: DestinationPort: 443DestinationPortName: https"
192.168.169.59:2017-03-13T16:24:54Z DC.OrgC_Domain.local 192.168.169.59 AccelOps-WUA-WinLog-Microsoft-Windows-Sysmon/Operational [monitorStatus]="Success" [Locale]="en-GB" [MachineGuid]="0031b1cc-f526-488c-bd3b-41b2ff7cd13b" [timeZone]="+0000" [eventName]="Microsoft-Windows-Sysmon/Operational" [eventSource]="Microsoft-Windows-Sysmon" [eventId]="3" [eventType]="Information" [domain]="NT AUTHORITY" [computer]="DC.OrgC_Domain.local" [user]="SYSTEM" [userSID]="S-1-5-18" [userSIDAcctType]="User" [eventTime]="Mar 13 2017 16:24:53" [deviceTime]="Mar 13 2017 16:24:53" [msg]="Network connection detected:UtcTime: 2017-03-13 16:24:52.561ProcessGuid: {0031B1CC-B351-58C6-0000-00103D540100}ProcessId: 1280Image: C:\\Program Files\\AccelOps\\Agent\\AoWinAgt.exeUser: NT AUTHORITY\\SYSTEMProtocol: tcpInitiated: trueSourceIsIpv6: falseSourceIp: 192.168.169.59SourceHostname: DC.OrgC_Domain.localSourcePort: 53387SourcePortName: DestinationIsIpv6: falseDestinationIp: 192.168.169.57DestinationHostname: DestinationPort: 443DestinationPortName: https"
192.168.169.59:2017-03-13T16:24:55Z DC.OrgC_Domain.local 192.168.169.59 AccelOps-WUA-WinLog-Microsoft-Windows-Sysmon/Operational [monitorStatus]="Success" [Locale]="en-GB" [MachineGuid]="0031b1cc-f526-488c-bd3b-41b2ff7cd13b" [timeZone]="+0000" [eventName]="Microsoft-Windows-Sysmon/Operational" [eventSource]="Microsoft-Windows-Sysmon" [eventId]="3" [eventType]="Information" [domain]="NT AUTHORITY" [computer]="DC.OrgC_Domain.local" [user]="SYSTEM" [userSID]="S-1-5-18" [userSIDAcctType]="User" [eventTime]="Mar 13 2017 16:24:54" [deviceTime]="Mar 13 2017 16:24:54" [msg]="Network connection detected:UtcTime: 2017-03-13 16:24:53.369ProcessGuid: {0031B1CC-B353-58C6-0000-0010E35C0100}ProcessId: 1340Image: C:\\Program Files\\AccelOps\\Server\\AoWinAgtMgrSvc.exeUser: NT AUTHORITY\\SYSTEMProtocol: tcpInitiated: trueSourceIsIpv6: falseSourceIp: 192.168.169.59SourceHostname: DC.OrgC_Domain.localSourcePort: 53391SourcePortName: DestinationIsIpv6: falseDestinationIp: 192.168.169.57DestinationHostname: DestinationPort: 443DestinationPortName: https"
192.168.169.59:2017-03-13T16:24:54Z DC.OrgC_Domain.local 192.168.169.59 AccelOps-WUA-WinLog-Microsoft-Windows-Sysmon/Operational [monitorStatus]="Success" [Locale]="en-GB" [MachineGuid]="0031b1cc-f526-488c-bd3b-41b2ff7cd13b" [timeZone]="+0000" [eventName]="Microsoft-Windows-Sysmon/Operational" [eventSource]="Microsoft-Windows-Sysmon" [eventId]="3" [eventType]="Information" [domain]="NT AUTHORITY" [computer]="DC.OrgC_Domain.local" [user]="SYSTEM" [userSID]="S-1-5-18" [userSIDAcctType]="User" [eventTime]="Mar 13 2017 16:24:53" [deviceTime]="Mar 13 2017 16:24:53" [msg]="Network connection detected:UtcTime: 2017-03-13 16:24:52.603ProcessGuid: {0031B1CC-B351-58C6-0000-00103D540100}ProcessId: 1280Image: C:\\Program Files\\AccelOps\\Agent\\AoWinAgt.exeUser: NT AUTHORITY\\SYSTEMProtocol: tcpInitiated: trueSourceIsIpv6: falseSourceIp: 192.168.169.59SourceHostname: DC.OrgC_Domain.localSourcePort: 53388SourcePortName: DestinationIsIpv6: falseDestinationIp: 192.168.169.57DestinationHostname: DestinationPort: 443DestinationPortName: https"
192.168.169.59:2017-03-13T16:24:58Z DC.OrgC_Domain.local 192.168.169.59 AccelOps-WUA-WinLog-Microsoft-Windows-Sysmon/Operational [monitorStatus]="Success" [Locale]="en-GB" [MachineGuid]="0031b1cc-f526-488c-bd3b-41b2ff7cd13b" [timeZone]="+0000" [eventName]="Microsoft-Windows-Sysmon/Operational" [eventSource]="Microsoft-Windows-Sysmon" [eventId]="3" [eventType]="Information" [domain]="NT AUTHORITY" [computer]="DC.OrgC_Domain.local" [user]="SYSTEM" [userSID]="S-1-5-18" [userSIDAcctType]="User" [eventTime]="Mar 13 2017 16:24:58" [deviceTime]="Mar 13 2017 16:24:58" [msg]="Network connection detected:UtcTime: 2017-03-13 16:24:57.666ProcessGuid: {0031B1CC-B351-58C6-0000-00103D540100}ProcessId: 1280Image: C:\\Program Files\\AccelOps\\Agent\\AoWinAgt.exeUser: NT AUTHORITY\\SYSTEMProtocol: tcpInitiated: trueSourceIsIpv6: falseSourceIp: 192.168.169.59SourceHostname: DC.OrgC_Domain.localSourcePort: 53392SourcePortName: DestinationIsIpv6: falseDestinationIp: 192.168.169.57DestinationHostname: DestinationPort: 443DestinationPortName: https"
192.168.169.59:2017-03-13T16:24:58Z DC.OrgC_Domain.local 192.168.169.59 AccelOps-WUA-WinLog-Microsoft-Windows-Sysmon/Operational [monitorStatus]="Success" [Locale]="en-GB" [MachineGuid]="0031b1cc-f526-488c-bd3b-41b2ff7cd13b" [timeZone]="+0000" [eventName]="Microsoft-Windows-Sysmon/Operational" [eventSource]="Microsoft-Windows-Sysmon" [eventId]="3" [eventType]="Information" [domain]="NT AUTHORITY" [computer]="DC.OrgC_Domain.local" [user]="SYSTEM" [userSID]="S-1-5-18" [userSIDAcctType]="User" [eventTime]="Mar 13 2017 16:24:57" [deviceTime]="Mar 13 2017 16:24:57" [msg]="Network connection detected:UtcTime: 2017-03-13 16:24:56.786ProcessGuid: {0031B1CC-B32D-58C6-0000-0010EB030000}ProcessId: 4Image: SystemUser: NT AUTHORITY\\SYSTEMProtocol: udpInitiated: falseSourceIsIpv6: falseSourceIp: 192.168.169.63SourceHostname: SourcePort: 138SourcePortName: netbios-dgmDestinationIsIpv6: falseDestinationIp: 192.168.169.50DestinationHostname: WINDOWSAMDestinationPort: 138DestinationPortName: netbios-dgm"
