192.168.169.59:2017-03-13T16:16:09Z DC.OrgC_Domain.local 192.168.169.59 AccelOps-WUA-WinLog-Microsoft-Windows-Sysmon/Operational [monitorStatus]="Success" [Locale]="en-GB" [MachineGuid]="0031b1cc-f526-488c-bd3b-41b2ff7cd13b" [timeZone]="+0000" [eventName]="Microsoft-Windows-Sysmon/Operational" [eventSource]="Microsoft-Windows-Sysmon" [eventId]="3" [eventType]="Information" [domain]="NT AUTHORITY" [computer]="DC.OrgC_Domain.local" [user]="SYSTEM" [userSID]="S-1-5-18" [userSIDAcctType]="User" [eventTime]="Mar 13 2017 16:16:08" [deviceTime]="Mar 13 2017 16:16:08" [msg]="Network connection detected:UtcTime: 2017-03-13 16:16:07.305ProcessGuid: {0031B1CC-B351-58C6-0000-00103D540100}ProcessId: 1280Image: C:\\Program Files\\AccelOps\\Agent\\AoWinAgt.exeUser: NT AUTHORITY\\SYSTEMProtocol: tcpInitiated: trueSourceIsIpv6: falseSourceIp: 192.168.169.59SourceHostname: DC.OrgC_Domain.localSourcePort: 53149SourcePortName: DestinationIsIpv6: falseDestinationIp: 192.168.169.57DestinationHostname: DestinationPort: 443DestinationPortName: https"
192.168.169.59:2017-03-13T16:16:09Z DC.OrgC_Domain.local 192.168.169.59 AccelOps-WUA-WinLog-Microsoft-Windows-Sysmon/Operational [monitorStatus]="Success" [Locale]="en-GB" [MachineGuid]="0031b1cc-f526-488c-bd3b-41b2ff7cd13b" [timeZone]="+0000" [eventName]="Microsoft-Windows-Sysmon/Operational" [eventSource]="Microsoft-Windows-Sysmon" [eventId]="3" [eventType]="Information" [domain]="NT AUTHORITY" [computer]="DC.OrgC_Domain.local" [user]="SYSTEM" [userSID]="S-1-5-18" [userSIDAcctType]="User" [eventTime]="Mar 13 2017 16:16:08" [deviceTime]="Mar 13 2017 16:16:08" [msg]="Network connection detected:UtcTime: 2017-03-13 16:16:07.290ProcessGuid: {0031B1CC-B351-58C6-0000-00103D540100}ProcessId: 1280Image: C:\\Program Files\\AccelOps\\Agent\\AoWinAgt.exeUser: NT AUTHORITY\\SYSTEMProtocol: tcpInitiated: trueSourceIsIpv6: falseSourceIp: 192.168.169.59SourceHostname: DC.OrgC_Domain.localSourcePort: 53148SourcePortName: DestinationIsIpv6: falseDestinationIp: 192.168.169.57DestinationHostname: DestinationPort: 443DestinationPortName: https"
192.168.169.59:2017-03-13T16:16:15Z DC.OrgC_Domain.local 192.168.169.59 AccelOps-WUA-WinLog-Microsoft-Windows-Sysmon/Operational [monitorStatus]="Success" [Locale]="en-GB" [MachineGuid]="0031b1cc-f526-488c-bd3b-41b2ff7cd13b" [timeZone]="+0000" [eventName]="Microsoft-Windows-Sysmon/Operational" [eventSource]="Microsoft-Windows-Sysmon" [eventId]="3" [eventType]="Information" [domain]="NT AUTHORITY" [computer]="DC.OrgC_Domain.local" [user]="SYSTEM" [userSID]="S-1-5-18" [userSIDAcctType]="User" [eventTime]="Mar 13 2017 16:16:14" [deviceTime]="Mar 13 2017 16:16:14" [msg]="Network connection detected:UtcTime: 2017-03-13 16:16:12.461ProcessGuid: {0031B1CC-B351-58C6-0000-00103D540100}ProcessId: 1280Image: C:\\Program Files\\AccelOps\\Agent\\AoWinAgt.exeUser: NT AUTHORITY\\SYSTEMProtocol: tcpInitiated: trueSourceIsIpv6: falseSourceIp: 192.168.169.59SourceHostname: DC.OrgC_Domain.localSourcePort: 53151SourcePortName: DestinationIsIpv6: falseDestinationIp: 192.168.169.57DestinationHostname: DestinationPort: 443DestinationPortName: https"
192.168.169.59:2017-03-13T16:16:14Z DC.OrgC_Domain.local 192.168.169.59 AccelOps-WUA-WinLog-Microsoft-Windows-Sysmon/Operational [monitorStatus]="Success" [Locale]="en-GB" [MachineGuid]="0031b1cc-f526-488c-bd3b-41b2ff7cd13b" [timeZone]="+0000" [eventName]="Microsoft-Windows-Sysmon/Operational" [eventSource]="Microsoft-Windows-Sysmon" [eventId]="3" [eventType]="Information" [domain]="NT AUTHORITY" [computer]="DC.OrgC_Domain.local" [user]="SYSTEM" [userSID]="S-1-5-18" [userSIDAcctType]="User" [eventTime]="Mar 13 2017 16:16:13" [deviceTime]="Mar 13 2017 16:16:13" [msg]="Network connection detected:UtcTime: 2017-03-13 16:16:12.417ProcessGuid: {0031B1CC-B351-58C6-0000-00103D540100}ProcessId: 1280Image: C:\\Program Files\\AccelOps\\Agent\\AoWinAgt.exeUser: NT AUTHORITY\\SYSTEMProtocol: tcpInitiated: trueSourceIsIpv6: falseSourceIp: 192.168.169.59SourceHostname: DC.OrgC_Domain.localSourcePort: 53150SourcePortName: DestinationIsIpv6: falseDestinationIp: 192.168.169.57DestinationHostname: DestinationPort: 443DestinationPortName: https"
192.168.169.59:2017-03-13T16:16:19Z DC.OrgC_Domain.local 192.168.169.59 AccelOps-WUA-WinLog-Microsoft-Windows-Sysmon/Operational [monitorStatus]="Success" [Locale]="en-GB" [MachineGuid]="0031b1cc-f526-488c-bd3b-41b2ff7cd13b" [timeZone]="+0000" [eventName]="Microsoft-Windows-Sysmon/Operational" [eventSource]="Microsoft-Windows-Sysmon" [eventId]="3" [eventType]="Information" [domain]="NT AUTHORITY" [computer]="DC.OrgC_Domain.local" [user]="SYSTEM" [userSID]="S-1-5-18" [userSIDAcctType]="User" [eventTime]="Mar 13 2017 16:16:18" [deviceTime]="Mar 13 2017 16:16:18" [msg]="Network connection detected:UtcTime: 2017-03-13 16:16:17.493ProcessGuid: {0031B1CC-B351-58C6-0000-00103D540100}ProcessId: 1280Image: C:\\Program Files\\AccelOps\\Agent\\AoWinAgt.exeUser: NT AUTHORITY\\SYSTEMProtocol: tcpInitiated: trueSourceIsIpv6: falseSourceIp: 192.168.169.59SourceHostname: DC.OrgC_Domain.localSourcePort: 53152SourcePortName: DestinationIsIpv6: falseDestinationIp: 192.168.169.57DestinationHostname: DestinationPort: 443DestinationPortName: https"
192.168.169.59:2017-03-13T16:16:20Z DC.OrgC_Domain.local 192.168.169.59 AccelOps-WUA-WinLog-Microsoft-Windows-Sysmon/Operational [monitorStatus]="Success" [Locale]="en-GB" [MachineGuid]="0031b1cc-f526-488c-bd3b-41b2ff7cd13b" [timeZone]="+0000" [eventName]="Microsoft-Windows-Sysmon/Operational" [eventSource]="Microsoft-Windows-Sysmon" [eventId]="3" [eventType]="Information" [domain]="NT AUTHORITY" [computer]="DC.OrgC_Domain.local" [user]="SYSTEM" [userSID]="S-1-5-18" [userSIDAcctType]="User" [eventTime]="Mar 13 2017 16:16:19" [deviceTime]="Mar 13 2017 16:16:19" [msg]="Network connection detected:UtcTime: 2017-03-13 16:16:17.523ProcessGuid: {0031B1CC-B351-58C6-0000-00103D540100}ProcessId: 1280Image: C:\\Program Files\\AccelOps\\Agent\\AoWinAgt.exeUser: NT AUTHORITY\\SYSTEMProtocol: tcpInitiated: trueSourceIsIpv6: falseSourceIp: 192.168.169.59SourceHostname: DC.OrgC_Domain.localSourcePort: 53153SourcePortName: DestinationIsIpv6: falseDestinationIp: 192.168.169.57DestinationHostname: DestinationPort: 443DestinationPortName: https"
192.168.169.59:2017-03-13T16:16:24Z DC.OrgC_Domain.local 192.168.169.59 AccelOps-WUA-WinLog-Microsoft-Windows-Sysmon/Operational [monitorStatus]="Success" [Locale]="en-GB" [MachineGuid]="0031b1cc-f526-488c-bd3b-41b2ff7cd13b" [timeZone]="+0000" [eventName]="Microsoft-Windows-Sysmon/Operational" [eventSource]="Microsoft-Windows-Sysmon" [eventId]="3" [eventType]="Information" [domain]="NT AUTHORITY" [computer]="DC.OrgC_Domain.local" [user]="SYSTEM" [userSID]="S-1-5-18" [userSIDAcctType]="User" [eventTime]="Mar 13 2017 16:16:23" [deviceTime]="Mar 13 2017 16:16:23" [msg]="Network connection detected:UtcTime: 2017-03-13 16:16:22.587ProcessGuid: {0031B1CC-B351-58C6-0000-00103D540100}ProcessId: 1280Image: C:\\Program Files\\AccelOps\\Agent\\AoWinAgt.exeUser: NT AUTHORITY\\SYSTEMProtocol: tcpInitiated: trueSourceIsIpv6: falseSourceIp: 192.168.169.59SourceHostname: DC.OrgC_Domain.localSourcePort: 53154SourcePortName: DestinationIsIpv6: falseDestinationIp: 192.168.169.57DestinationHostname: DestinationPort: 443DestinationPortName: https"
192.168.169.59:2017-03-13T16:16:27Z DC.OrgC_Domain.local 192.168.169.59 AccelOps-WUA-WinLog-Microsoft-Windows-Sysmon/Operational [monitorStatus]="Success" [Locale]="en-GB" [MachineGuid]="0031b1cc-f526-488c-bd3b-41b2ff7cd13b" [timeZone]="+0000" [eventName]="Microsoft-Windows-Sysmon/Operational" [eventSource]="Microsoft-Windows-Sysmon" [eventId]="3" [eventType]="Information" [domain]="NT AUTHORITY" [computer]="DC.OrgC_Domain.local" [user]="SYSTEM" [userSID]="S-1-5-18" [userSIDAcctType]="User" [eventTime]="Mar 13 2017 16:16:26" [deviceTime]="Mar 13 2017 16:16:26" [msg]="Network connection detected:UtcTime: 2017-03-13 16:16:25.392ProcessGuid: {0031B1CC-B653-58C6-0000-0010ECB30F00}ProcessId: 3132Image: C:\\Program Files\\AccelOps\\Server\\AoWinAgtMgr.exeUser: ORGC_DOMAIN\\AdministratorProtocol: tcpInitiated: trueSourceIsIpv6: trueSourceIp: 0:0:0:0:0:0:0:1SourceHostname: DC.OrgC_Domain.localSourcePort: 53156SourcePortName: DestinationIsIpv6: trueDestinationIp: 0:0:0:0:0:0:0:1DestinationHostname: DC.OrgC_Domain.localDestinationPort: 443DestinationPortName: https"
192.168.169.59:2017-03-13T16:16:25Z DC.OrgC_Domain.local 192.168.169.59 AccelOps-WUA-WinLog-Microsoft-Windows-Sysmon/Operational [monitorStatus]="Success" [Locale]="en-GB" [MachineGuid]="0031b1cc-f526-488c-bd3b-41b2ff7cd13b" [timeZone]="+0000" [eventName]="Microsoft-Windows-Sysmon/Operational" [eventSource]="Microsoft-Windows-Sysmon" [eventId]="3" [eventType]="Information" [domain]="NT AUTHORITY" [computer]="DC.OrgC_Domain.local" [user]="SYSTEM" [userSID]="S-1-5-18" [userSIDAcctType]="User" [eventTime]="Mar 13 2017 16:16:24" [deviceTime]="Mar 13 2017 16:16:24" [msg]="Network connection detected:UtcTime: 2017-03-13 16:16:22.617ProcessGuid: {0031B1CC-B351-58C6-0000-00103D540100}ProcessId: 1280Image: C:\\Program Files\\AccelOps\\Agent\\AoWinAgt.exeUser: NT AUTHORITY\\SYSTEMProtocol: tcpInitiated: trueSourceIsIpv6: falseSourceIp: 192.168.169.59SourceHostname: DC.OrgC_Domain.localSourcePort: 53155SourcePortName: DestinationIsIpv6: falseDestinationIp: 192.168.169.57DestinationHostname: DestinationPort: 443DestinationPortName: https"
192.168.169.59:2017-03-13T16:16:27Z DC.OrgC_Domain.local 192.168.169.59 AccelOps-WUA-WinLog-Microsoft-Windows-Sysmon/Operational [monitorStatus]="Success" [Locale]="en-GB" [MachineGuid]="0031b1cc-f526-488c-bd3b-41b2ff7cd13b" [timeZone]="+0000" [eventName]="Microsoft-Windows-Sysmon/Operational" [eventSource]="Microsoft-Windows-Sysmon" [eventId]="3" [eventType]="Information" [domain]="NT AUTHORITY" [computer]="DC.OrgC_Domain.local" [user]="SYSTEM" [userSID]="S-1-5-18" [userSIDAcctType]="User" [eventTime]="Mar 13 2017 16:16:26" [deviceTime]="Mar 13 2017 16:16:26" [msg]="Network connection detected:UtcTime: 2017-03-13 16:16:25.392ProcessGuid: {0031B1CC-B32D-58C6-0000-0010EB030000}ProcessId: 4Image: SystemUser: NT AUTHORITY\\SYSTEMProtocol: tcpInitiated: falseSourceIsIpv6: trueSourceIp: 0:0:0:0:0:0:0:1SourceHostname: DC.OrgC_Domain.localSourcePort: 443SourcePortName: httpsDestinationIsIpv6: trueDestinationIp: 0:0:0:0:0:0:0:1DestinationHostname: DC.OrgC_Domain.localDestinationPort: 53156DestinationPortName: "
192.168.169.59:2017-03-13T16:16:29Z DC.OrgC_Domain.local 192.168.169.59 AccelOps-WUA-WinLog-Microsoft-Windows-Sysmon/Operational [monitorStatus]="Success" [Locale]="en-GB" [MachineGuid]="0031b1cc-f526-488c-bd3b-41b2ff7cd13b" [timeZone]="+0000" [eventName]="Microsoft-Windows-Sysmon/Operational" [eventSource]="Microsoft-Windows-Sysmon" [eventId]="3" [eventType]="Information" [domain]="NT AUTHORITY" [computer]="DC.OrgC_Domain.local" [user]="SYSTEM" [userSID]="S-1-5-18" [userSIDAcctType]="User" [eventTime]="Mar 13 2017 16:16:29" [deviceTime]="Mar 13 2017 16:16:29" [msg]="Network connection detected:UtcTime: 2017-03-13 16:16:27.696ProcessGuid: {0031B1CC-B351-58C6-0000-00103D540100}ProcessId: 1280Image: C:\\Program Files\\AccelOps\\Agent\\AoWinAgt.exeUser: NT AUTHORITY\\SYSTEMProtocol: tcpInitiated: trueSourceIsIpv6: falseSourceIp: 192.168.169.59SourceHostname: DC.OrgC_Domain.localSourcePort: 53158SourcePortName: DestinationIsIpv6: falseDestinationIp: 192.168.169.57DestinationHostname: DestinationPort: 443DestinationPortName: https"
192.168.169.59:2017-03-13T16:16:29Z DC.OrgC_Domain.local 192.168.169.59 AccelOps-WUA-WinLog-Microsoft-Windows-Sysmon/Operational [monitorStatus]="Success" [Locale]="en-GB" [MachineGuid]="0031b1cc-f526-488c-bd3b-41b2ff7cd13b" [timeZone]="+0000" [eventName]="Microsoft-Windows-Sysmon/Operational" [eventSource]="Microsoft-Windows-Sysmon" [eventId]="3" [eventType]="Information" [domain]="NT AUTHORITY" [computer]="DC.OrgC_Domain.local" [user]="SYSTEM" [userSID]="S-1-5-18" [userSIDAcctType]="User" [eventTime]="Mar 13 2017 16:16:28" [deviceTime]="Mar 13 2017 16:16:28" [msg]="Network connection detected:UtcTime: 2017-03-13 16:16:27.665ProcessGuid: {0031B1CC-B351-58C6-0000-00103D540100}ProcessId: 1280Image: C:\\Program Files\\AccelOps\\Agent\\AoWinAgt.exeUser: NT AUTHORITY\\SYSTEMProtocol: tcpInitiated: trueSourceIsIpv6: falseSourceIp: 192.168.169.59SourceHostname: DC.OrgC_Domain.localSourcePort: 53157SourcePortName: DestinationIsIpv6: falseDestinationIp: 192.168.169.57DestinationHostname: DestinationPort: 443DestinationPortName: https"
192.168.169.59:2017-03-13T16:16:35Z DC.OrgC_Domain.local 192.168.169.59 AccelOps-WUA-WinLog-Microsoft-Windows-Sysmon/Operational [monitorStatus]="Success" [Locale]="en-GB" [MachineGuid]="0031b1cc-f526-488c-bd3b-41b2ff7cd13b" [timeZone]="+0000" [eventName]="Microsoft-Windows-Sysmon/Operational" [eventSource]="Microsoft-Windows-Sysmon" [eventId]="3" [eventType]="Information" [domain]="NT AUTHORITY" [computer]="DC.OrgC_Domain.local" [user]="SYSTEM" [userSID]="S-1-5-18" [userSIDAcctType]="User" [eventTime]="Mar 13 2017 16:16:34" [deviceTime]="Mar 13 2017 16:16:34" [msg]="Network connection detected:UtcTime: 2017-03-13 16:16:32.758ProcessGuid: {0031B1CC-B351-58C6-0000-00103D540100}ProcessId: 1280Image: C:\\Program Files\\AccelOps\\Agent\\AoWinAgt.exeUser: NT AUTHORITY\\SYSTEMProtocol: tcpInitiated: trueSourceIsIpv6: falseSourceIp: 192.168.169.59SourceHostname: DC.OrgC_Domain.localSourcePort: 53159SourcePortName: DestinationIsIpv6: falseDestinationIp: 192.168.169.57DestinationHostname: DestinationPort: 443DestinationPortName: https"
192.168.169.59:2017-03-13T16:16:35Z DC.OrgC_Domain.local 192.168.169.59 AccelOps-WUA-WinLog-Microsoft-Windows-Sysmon/Operational [monitorStatus]="Success" [Locale]="en-GB" [MachineGuid]="0031b1cc-f526-488c-bd3b-41b2ff7cd13b" [timeZone]="+0000" [eventName]="Microsoft-Windows-Sysmon/Operational" [eventSource]="Microsoft-Windows-Sysmon" [eventId]="3" [eventType]="Information" [domain]="NT AUTHORITY" [computer]="DC.OrgC_Domain.local" [user]="SYSTEM" [userSID]="S-1-5-18" [userSIDAcctType]="User" [eventTime]="Mar 13 2017 16:16:34" [deviceTime]="Mar 13 2017 16:16:34" [msg]="Network connection detected:UtcTime: 2017-03-13 16:16:32.789ProcessGuid: {0031B1CC-B351-58C6-0000-00103D540100}ProcessId: 1280Image: C:\\Program Files\\AccelOps\\Agent\\AoWinAgt.exeUser: NT AUTHORITY\\SYSTEMProtocol: tcpInitiated: trueSourceIsIpv6: falseSourceIp: 192.168.169.59SourceHostname: DC.OrgC_Domain.localSourcePort: 53160SourcePortName: DestinationIsIpv6: falseDestinationIp: 192.168.169.57DestinationHostname: DestinationPort: 443DestinationPortName: https"
192.168.169.59:2017-03-13T16:16:39Z DC.OrgC_Domain.local 192.168.169.59 AccelOps-WUA-WinLog-Microsoft-Windows-Sysmon/Operational [monitorStatus]="Success" [Locale]="en-GB" [MachineGuid]="0031b1cc-f526-488c-bd3b-41b2ff7cd13b" [timeZone]="+0000" [eventName]="Microsoft-Windows-Sysmon/Operational" [eventSource]="Microsoft-Windows-Sysmon" [eventId]="3" [eventType]="Information" [domain]="NT AUTHORITY" [computer]="DC.OrgC_Domain.local" [user]="SYSTEM" [userSID]="S-1-5-18" [userSIDAcctType]="User" [eventTime]="Mar 13 2017 16:16:39" [deviceTime]="Mar 13 2017 16:16:39" [msg]="Network connection detected:UtcTime: 2017-03-13 16:16:38.024ProcessGuid: {0031B1CC-B333-58C6-0000-0010B5790000}ProcessId: 444Image: C:\\Windows\\System32\\lsass.exeUser: NT AUTHORITY\\SYSTEMProtocol: tcpInitiated: falseSourceIsIpv6: trueSourceIp: 0:0:0:0:0:0:0:1SourceHostname: DC.OrgC_Domain.localSourcePort: 389SourcePortName: ldapDestinationIsIpv6: trueDestinationIp: 0:0:0:0:0:0:0:1DestinationHostname: DC.OrgC_Domain.localDestinationPort: 53163DestinationPortName: "
192.168.169.59:2017-03-13T16:16:39Z DC.OrgC_Domain.local 192.168.169.59 AccelOps-WUA-WinLog-Microsoft-Windows-Sysmon/Operational [monitorStatus]="Success" [Locale]="en-GB" [MachineGuid]="0031b1cc-f526-488c-bd3b-41b2ff7cd13b" [timeZone]="+0000" [eventName]="Microsoft-Windows-Sysmon/Operational" [eventSource]="Microsoft-Windows-Sysmon" [eventId]="3" [eventType]="Information" [domain]="NT AUTHORITY" [computer]="DC.OrgC_Domain.local" [user]="SYSTEM" [userSID]="S-1-5-18" [userSIDAcctType]="User" [eventTime]="Mar 13 2017 16:16:38" [deviceTime]="Mar 13 2017 16:16:38" [msg]="Network connection detected:UtcTime: 2017-03-13 16:16:37.868ProcessGuid: {0031B1CC-B351-58C6-0000-00103D540100}ProcessId: 1280Image: C:\\Program Files\\AccelOps\\Agent\\AoWinAgt.exeUser: NT AUTHORITY\\SYSTEMProtocol: tcpInitiated: trueSourceIsIpv6: falseSourceIp: 192.168.169.59SourceHostname: DC.OrgC_Domain.localSourcePort: 53162SourcePortName: DestinationIsIpv6: falseDestinationIp: 192.168.169.57DestinationHostname: DestinationPort: 443DestinationPortName: https"
192.168.169.59:2017-03-13T16:16:39Z DC.OrgC_Domain.local 192.168.169.59 AccelOps-WUA-WinLog-Microsoft-Windows-Sysmon/Operational [monitorStatus]="Success" [Locale]="en-GB" [MachineGuid]="0031b1cc-f526-488c-bd3b-41b2ff7cd13b" [timeZone]="+0000" [eventName]="Microsoft-Windows-Sysmon/Operational" [eventSource]="Microsoft-Windows-Sysmon" [eventId]="3" [eventType]="Information" [domain]="NT AUTHORITY" [computer]="DC.OrgC_Domain.local" [user]="SYSTEM" [userSID]="S-1-5-18" [userSIDAcctType]="User" [eventTime]="Mar 13 2017 16:16:39" [deviceTime]="Mar 13 2017 16:16:39" [msg]="Network connection detected:UtcTime: 2017-03-13 16:16:38.024ProcessGuid: {0031B1CC-B34B-58C6-0000-0010714B0100}ProcessId: 1224Image: C:\\Windows\\ADWS\\Microsoft.ActiveDirectory.WebServices.exeUser: NT AUTHORITY\\SYSTEMProtocol: tcpInitiated: trueSourceIsIpv6: trueSourceIp: 0:0:0:0:0:0:0:1SourceHostname: DC.OrgC_Domain.localSourcePort: 53163SourcePortName: DestinationIsIpv6: trueDestinationIp: 0:0:0:0:0:0:0:1DestinationHostname: DC.OrgC_Domain.localDestinationPort: 389DestinationPortName: ldap"
192.168.169.59:2017-03-13T16:16:39Z DC.OrgC_Domain.local 192.168.169.59 AccelOps-WUA-WinLog-Microsoft-Windows-Sysmon/Operational [monitorStatus]="Success" [Locale]="en-GB" [MachineGuid]="0031b1cc-f526-488c-bd3b-41b2ff7cd13b" [timeZone]="+0000" [eventName]="Microsoft-Windows-Sysmon/Operational" [eventSource]="Microsoft-Windows-Sysmon" [eventId]="3" [eventType]="Information" [domain]="NT AUTHORITY" [computer]="DC.OrgC_Domain.local" [user]="SYSTEM" [userSID]="S-1-5-18" [userSIDAcctType]="User" [eventTime]="Mar 13 2017 16:16:38" [deviceTime]="Mar 13 2017 16:16:38" [msg]="Network connection detected:UtcTime: 2017-03-13 16:16:37.837ProcessGuid: {0031B1CC-B351-58C6-0000-00103D540100}ProcessId: 1280Image: C:\\Program Files\\AccelOps\\Agent\\AoWinAgt.exeUser: NT AUTHORITY\\SYSTEMProtocol: tcpInitiated: trueSourceIsIpv6: falseSourceIp: 192.168.169.59SourceHostname: DC.OrgC_Domain.localSourcePort: 53161SourcePortName: DestinationIsIpv6: falseDestinationIp: 192.168.169.57DestinationHostname: DestinationPort: 443DestinationPortName: https"
192.168.169.59:2017-03-13T16:16:45Z DC.OrgC_Domain.local 192.168.169.59 AccelOps-WUA-WinLog-Microsoft-Windows-Sysmon/Operational [monitorStatus]="Success" [Locale]="en-GB" [MachineGuid]="0031b1cc-f526-488c-bd3b-41b2ff7cd13b" [timeZone]="+0000" [eventName]="Microsoft-Windows-Sysmon/Operational" [eventSource]="Microsoft-Windows-Sysmon" [eventId]="3" [eventType]="Information" [domain]="NT AUTHORITY" [computer]="DC.OrgC_Domain.local" [user]="SYSTEM" [userSID]="S-1-5-18" [userSIDAcctType]="User" [eventTime]="Mar 13 2017 16:16:44" [deviceTime]="Mar 13 2017 16:16:44" [msg]="Network connection detected:UtcTime: 2017-03-13 16:16:42.978ProcessGuid: {0031B1CC-B351-58C6-0000-00103D540100}ProcessId: 1280Image: C:\\Program Files\\AccelOps\\Agent\\AoWinAgt.exeUser: NT AUTHORITY\\SYSTEMProtocol: tcpInitiated: trueSourceIsIpv6: falseSourceIp: 192.168.169.59SourceHostname: DC.OrgC_Domain.localSourcePort: 53164SourcePortName: DestinationIsIpv6: falseDestinationIp: 192.168.169.57DestinationHostname: DestinationPort: 443DestinationPortName: https"
192.168.169.59:2017-03-13T16:16:46Z DC.OrgC_Domain.local 192.168.169.59 AccelOps-WUA-WinLog-Microsoft-Windows-Sysmon/Operational [monitorStatus]="Success" [Locale]="en-GB" [MachineGuid]="0031b1cc-f526-488c-bd3b-41b2ff7cd13b" [timeZone]="+0000" [eventName]="Microsoft-Windows-Sysmon/Operational" [eventSource]="Microsoft-Windows-Sysmon" [eventId]="3" [eventType]="Information" [domain]="NT AUTHORITY" [computer]="DC.OrgC_Domain.local" [user]="SYSTEM" [userSID]="S-1-5-18" [userSIDAcctType]="User" [eventTime]="Mar 13 2017 16:16:45" [deviceTime]="Mar 13 2017 16:16:45" [msg]="Network connection detected:UtcTime: 2017-03-13 16:16:43.008ProcessGuid: {0031B1CC-B351-58C6-0000-00103D540100}ProcessId: 1280Image: C:\\Program Files\\AccelOps\\Agent\\AoWinAgt.exeUser: NT AUTHORITY\\SYSTEMProtocol: tcpInitiated: trueSourceIsIpv6: falseSourceIp: 192.168.169.59SourceHostname: DC.OrgC_Domain.localSourcePort: 53165SourcePortName: DestinationIsIpv6: falseDestinationIp: 192.168.169.57DestinationHostname: DestinationPort: 443DestinationPortName: https"
192.168.169.59:2017-03-13T16:16:49Z DC.OrgC_Domain.local 192.168.169.59 AccelOps-WUA-WinLog-Microsoft-Windows-Sysmon/Operational [monitorStatus]="Success" [Locale]="en-GB" [MachineGuid]="0031b1cc-f526-488c-bd3b-41b2ff7cd13b" [timeZone]="+0000" [eventName]="Microsoft-Windows-Sysmon/Operational" [eventSource]="Microsoft-Windows-Sysmon" [eventId]="3" [eventType]="Information" [domain]="NT AUTHORITY" [computer]="DC.OrgC_Domain.local" [user]="SYSTEM" [userSID]="S-1-5-18" [userSIDAcctType]="User" [eventTime]="Mar 13 2017 16:16:49" [deviceTime]="Mar 13 2017 16:16:49" [msg]="Network connection detected:UtcTime: 2017-03-13 16:16:48.117ProcessGuid: {0031B1CC-B351-58C6-0000-00103D540100}ProcessId: 1280Image: C:\\Program Files\\AccelOps\\Agent\\AoWinAgt.exeUser: NT AUTHORITY\\SYSTEMProtocol: tcpInitiated: trueSourceIsIpv6: falseSourceIp: 192.168.169.59SourceHostname: DC.OrgC_Domain.localSourcePort: 53167SourcePortName: DestinationIsIpv6: falseDestinationIp: 192.168.169.57DestinationHostname: DestinationPort: 443DestinationPortName: https"
192.168.169.59:2017-03-13T16:16:49Z DC.OrgC_Domain.local 192.168.169.59 AccelOps-WUA-WinLog-Microsoft-Windows-Sysmon/Operational [monitorStatus]="Success" [Locale]="en-GB" [MachineGuid]="0031b1cc-f526-488c-bd3b-41b2ff7cd13b" [timeZone]="+0000" [eventName]="Microsoft-Windows-Sysmon/Operational" [eventSource]="Microsoft-Windows-Sysmon" [eventId]="3" [eventType]="Information" [domain]="NT AUTHORITY" [computer]="DC.OrgC_Domain.local" [user]="SYSTEM" [userSID]="S-1-5-18" [userSIDAcctType]="User" [eventTime]="Mar 13 2017 16:16:48" [deviceTime]="Mar 13 2017 16:16:48" [msg]="Network connection detected:UtcTime: 2017-03-13 16:16:47.653ProcessGuid: {0031B1CC-B342-58C6-0000-001040F00000}ProcessId: 956Image: C:\\Windows\\System32\\svchost.exeUser: NT AUTHORITY\\NETWORK SERVICEProtocol: udpInitiated: falseSourceIsIpv6: falseSourceIp: 192.168.169.59SourceHostname: DC.OrgC_Domain.localSourcePort: 61161SourcePortName: DestinationIsIpv6: falseDestinationIp: 192.168.169.55DestinationHostname: DCDestinationPort: 5355DestinationPortName: llmnr"
192.168.169.59:2017-03-13T16:16:49Z DC.OrgC_Domain.local 192.168.169.59 AccelOps-WUA-WinLog-Microsoft-Windows-Sysmon/Operational [monitorStatus]="Success" [Locale]="en-GB" [MachineGuid]="0031b1cc-f526-488c-bd3b-41b2ff7cd13b" [timeZone]="+0000" [eventName]="Microsoft-Windows-Sysmon/Operational" [eventSource]="Microsoft-Windows-Sysmon" [eventId]="3" [eventType]="Information" [domain]="NT AUTHORITY" [computer]="DC.OrgC_Domain.local" [user]="SYSTEM" [userSID]="S-1-5-18" [userSIDAcctType]="User" [eventTime]="Mar 13 2017 16:16:48" [deviceTime]="Mar 13 2017 16:16:48" [msg]="Network connection detected:UtcTime: 2017-03-13 16:16:46.621ProcessGuid: {0031B1CC-B342-58C6-0000-001040F00000}ProcessId: 956Image: C:\\Windows\\System32\\svchost.exeUser: NT AUTHORITY\\NETWORK SERVICEProtocol: udpInitiated: falseSourceIsIpv6: falseSourceIp: 224.0.0.252SourceHostname: SourcePort: 5355SourcePortName: llmnrDestinationIsIpv6: falseDestinationIp: 192.168.169.55DestinationHostname: DCDestinationPort: 58349DestinationPortName: "
192.168.169.59:2017-03-13T16:16:49Z DC.OrgC_Domain.local 192.168.169.59 AccelOps-WUA-WinLog-Microsoft-Windows-Sysmon/Operational [monitorStatus]="Success" [Locale]="en-GB" [MachineGuid]="0031b1cc-f526-488c-bd3b-41b2ff7cd13b" [timeZone]="+0000" [eventName]="Microsoft-Windows-Sysmon/Operational" [eventSource]="Microsoft-Windows-Sysmon" [eventId]="3" [eventType]="Information" [domain]="NT AUTHORITY" [computer]="DC.OrgC_Domain.local" [user]="SYSTEM" [userSID]="S-1-5-18" [userSIDAcctType]="User" [eventTime]="Mar 13 2017 16:16:48" [deviceTime]="Mar 13 2017 16:16:48" [msg]="Network connection detected:UtcTime: 2017-03-13 16:16:46.622ProcessGuid: {0031B1CC-B342-58C6-0000-001040F00000}ProcessId: 956Image: C:\\Windows\\System32\\svchost.exeUser: NT AUTHORITY\\NETWORK SERVICEProtocol: udpInitiated: falseSourceIsIpv6: falseSourceIp: 224.0.0.252SourceHostname: SourcePort: 5355SourcePortName: llmnrDestinationIsIpv6: falseDestinationIp: 192.168.169.55DestinationHostname: DCDestinationPort: 65251DestinationPortName: "
192.168.169.59:2017-03-13T16:16:49Z DC.OrgC_Domain.local 192.168.169.59 AccelOps-WUA-WinLog-Microsoft-Windows-Sysmon/Operational [monitorStatus]="Success" [Locale]="en-GB" [MachineGuid]="0031b1cc-f526-488c-bd3b-41b2ff7cd13b" [timeZone]="+0000" [eventName]="Microsoft-Windows-Sysmon/Operational" [eventSource]="Microsoft-Windows-Sysmon" [eventId]="3" [eventType]="Information" [domain]="NT AUTHORITY" [computer]="DC.OrgC_Domain.local" [user]="SYSTEM" [userSID]="S-1-5-18" [userSIDAcctType]="User" [eventTime]="Mar 13 2017 16:16:48" [deviceTime]="Mar 13 2017 16:16:48" [msg]="Network connection detected:UtcTime: 2017-03-13 16:16:46.621ProcessGuid: {0031B1CC-B342-58C6-0000-001040F00000}ProcessId: 956Image: C:\\Windows\\System32\\svchost.exeUser: NT AUTHORITY\\NETWORK SERVICEProtocol: udpInitiated: falseSourceIsIpv6: falseSourceIp: 224.0.0.252SourceHostname: SourcePort: 5355SourcePortName: llmnrDestinationIsIpv6: falseDestinationIp: 192.168.169.55DestinationHostname: DCDestinationPort: 60143DestinationPortName: "
192.168.169.59:2017-03-13T16:16:49Z DC.OrgC_Domain.local 192.168.169.59 AccelOps-WUA-WinLog-Microsoft-Windows-Sysmon/Operational [monitorStatus]="Success" [Locale]="en-GB" [MachineGuid]="0031b1cc-f526-488c-bd3b-41b2ff7cd13b" [timeZone]="+0000" [eventName]="Microsoft-Windows-Sysmon/Operational" [eventSource]="Microsoft-Windows-Sysmon" [eventId]="3" [eventType]="Information" [domain]="NT AUTHORITY" [computer]="DC.OrgC_Domain.local" [user]="SYSTEM" [userSID]="S-1-5-18" [userSIDAcctType]="User" [eventTime]="Mar 13 2017 16:16:48" [deviceTime]="Mar 13 2017 16:16:48" [msg]="Network connection detected:UtcTime: 2017-03-13 16:16:46.704ProcessGuid: {0031B1CC-B342-58C6-0000-001040F00000}ProcessId: 956Image: C:\\Windows\\System32\\svchost.exeUser: NT AUTHORITY\\NETWORK SERVICEProtocol: udpInitiated: falseSourceIsIpv6: falseSourceIp: 224.0.0.252SourceHostname: SourcePort: 5355SourcePortName: llmnrDestinationIsIpv6: falseDestinationIp: 192.168.169.55DestinationHostname: DCDestinationPort: 49712DestinationPortName: "
192.168.169.59:2017-03-13T16:16:48Z DC.OrgC_Domain.local 192.168.169.59 AccelOps-WUA-WinLog-Microsoft-Windows-Sysmon/Operational [monitorStatus]="Success" [Locale]="en-GB" [MachineGuid]="0031b1cc-f526-488c-bd3b-41b2ff7cd13b" [timeZone]="+0000" [eventName]="Microsoft-Windows-Sysmon/Operational" [eventSource]="Microsoft-Windows-Sysmon" [eventId]="3" [eventType]="Information" [domain]="NT AUTHORITY" [computer]="DC.OrgC_Domain.local" [user]="SYSTEM" [userSID]="S-1-5-18" [userSIDAcctType]="User" [eventTime]="Mar 13 2017 16:16:47" [deviceTime]="Mar 13 2017 16:16:47" [msg]="Network connection detected:UtcTime: 2017-03-13 16:16:45.537ProcessGuid: {0031B1CC-B342-58C6-0000-001040F00000}ProcessId: 956Image: C:\\Windows\\System32\\svchost.exeUser: NT AUTHORITY\\NETWORK SERVICEProtocol: udpInitiated: falseSourceIsIpv6: falseSourceIp: 224.0.0.252SourceHostname: SourcePort: 5355SourcePortName: llmnrDestinationIsIpv6: falseDestinationIp: 192.168.169.55DestinationHostname: DCDestinationPort: 49351DestinationPortName: "
192.168.169.59:2017-03-13T16:16:50Z DC.OrgC_Domain.local 192.168.169.59 AccelOps-WUA-WinLog-Microsoft-Windows-Sysmon/Operational [monitorStatus]="Success" [Locale]="en-GB" [MachineGuid]="0031b1cc-f526-488c-bd3b-41b2ff7cd13b" [timeZone]="+0000" [eventName]="Microsoft-Windows-Sysmon/Operational" [eventSource]="Microsoft-Windows-Sysmon" [eventId]="3" [eventType]="Information" [domain]="NT AUTHORITY" [computer]="DC.OrgC_Domain.local" [user]="SYSTEM" [userSID]="S-1-5-18" [userSIDAcctType]="User" [eventTime]="Mar 13 2017 16:16:49" [deviceTime]="Mar 13 2017 16:16:49" [msg]="Network connection detected:UtcTime: 2017-03-13 16:16:48.568ProcessGuid: {0031B1CC-B342-58C6-0000-001040F00000}ProcessId: 956Image: C:\\Windows\\System32\\svchost.exeUser: NT AUTHORITY\\NETWORK SERVICEProtocol: udpInitiated: falseSourceIsIpv6: falseSourceIp: 224.0.0.252SourceHostname: SourcePort: 5355SourcePortName: llmnrDestinationIsIpv6: falseDestinationIp: 192.168.169.55DestinationHostname: DCDestinationPort: 64037DestinationPortName: "
192.168.169.59:2017-03-13T16:16:49Z DC.OrgC_Domain.local 192.168.169.59 AccelOps-WUA-WinLog-Microsoft-Windows-Sysmon/Operational [monitorStatus]="Success" [Locale]="en-GB" [MachineGuid]="0031b1cc-f526-488c-bd3b-41b2ff7cd13b" [timeZone]="+0000" [eventName]="Microsoft-Windows-Sysmon/Operational" [eventSource]="Microsoft-Windows-Sysmon" [eventId]="3" [eventType]="Information" [domain]="NT AUTHORITY" [computer]="DC.OrgC_Domain.local" [user]="SYSTEM" [userSID]="S-1-5-18" [userSIDAcctType]="User" [eventTime]="Mar 13 2017 16:16:48" [deviceTime]="Mar 13 2017 16:16:48" [msg]="Network connection detected:UtcTime: 2017-03-13 16:16:47.653ProcessGuid: {0031B1CC-B32D-58C6-0000-0010EB030000}ProcessId: 4Image: SystemUser: NT AUTHORITY\\SYSTEMProtocol: udpInitiated: trueSourceIsIpv6: falseSourceIp: 192.168.169.59SourceHostname: DC.OrgC_Domain.localSourcePort: 137SourcePortName: netbios-nsDestinationIsIpv6: falseDestinationIp: 192.168.169.55DestinationHostname: DCDestinationPort: 137DestinationPortName: netbios-ns"
192.168.169.59:2017-03-13T16:16:50Z DC.OrgC_Domain.local 192.168.169.59 AccelOps-WUA-WinLog-Microsoft-Windows-Sysmon/Operational [monitorStatus]="Success" [Locale]="en-GB" [MachineGuid]="0031b1cc-f526-488c-bd3b-41b2ff7cd13b" [timeZone]="+0000" [eventName]="Microsoft-Windows-Sysmon/Operational" [eventSource]="Microsoft-Windows-Sysmon" [eventId]="3" [eventType]="Information" [domain]="NT AUTHORITY" [computer]="DC.OrgC_Domain.local" [user]="SYSTEM" [userSID]="S-1-5-18" [userSIDAcctType]="User" [eventTime]="Mar 13 2017 16:16:49" [deviceTime]="Mar 13 2017 16:16:49" [msg]="Network connection detected:UtcTime: 2017-03-13 16:16:48.568ProcessGuid: {0031B1CC-B342-58C6-0000-001040F00000}ProcessId: 956Image: C:\\Windows\\System32\\svchost.exeUser: NT AUTHORITY\\NETWORK SERVICEProtocol: udpInitiated: trueSourceIsIpv6: falseSourceIp: 192.168.169.59SourceHostname: DC.OrgC_Domain.localSourcePort: 5355SourcePortName: llmnrDestinationIsIpv6: falseDestinationIp: 192.168.169.55DestinationHostname: DCDestinationPort: 64037DestinationPortName: "
192.168.169.59:2017-03-13T16:16:49Z DC.OrgC_Domain.local 192.168.169.59 AccelOps-WUA-WinLog-Microsoft-Windows-Sysmon/Operational [monitorStatus]="Success" [Locale]="en-GB" [MachineGuid]="0031b1cc-f526-488c-bd3b-41b2ff7cd13b" [timeZone]="+0000" [eventName]="Microsoft-Windows-Sysmon/Operational" [eventSource]="Microsoft-Windows-Sysmon" [eventId]="3" [eventType]="Information" [domain]="NT AUTHORITY" [computer]="DC.OrgC_Domain.local" [user]="SYSTEM" [userSID]="S-1-5-18" [userSIDAcctType]="User" [eventTime]="Mar 13 2017 16:16:49" [deviceTime]="Mar 13 2017 16:16:49" [msg]="Network connection detected:UtcTime: 2017-03-13 16:16:48.086ProcessGuid: {0031B1CC-B351-58C6-0000-00103D540100}ProcessId: 1280Image: C:\\Program Files\\AccelOps\\Agent\\AoWinAgt.exeUser: NT AUTHORITY\\SYSTEMProtocol: tcpInitiated: trueSourceIsIpv6: falseSourceIp: 192.168.169.59SourceHostname: DC.OrgC_Domain.localSourcePort: 53166SourcePortName: DestinationIsIpv6: falseDestinationIp: 192.168.169.57DestinationHostname: DestinationPort: 443DestinationPortName: https"
192.168.169.59:2017-03-13T16:16:49Z DC.OrgC_Domain.local 192.168.169.59 AccelOps-WUA-WinLog-Microsoft-Windows-Sysmon/Operational [monitorStatus]="Success" [Locale]="en-GB" [MachineGuid]="0031b1cc-f526-488c-bd3b-41b2ff7cd13b" [timeZone]="+0000" [eventName]="Microsoft-Windows-Sysmon/Operational" [eventSource]="Microsoft-Windows-Sysmon" [eventId]="3" [eventType]="Information" [domain]="NT AUTHORITY" [computer]="DC.OrgC_Domain.local" [user]="SYSTEM" [userSID]="S-1-5-18" [userSIDAcctType]="User" [eventTime]="Mar 13 2017 16:16:48" [deviceTime]="Mar 13 2017 16:16:48" [msg]="Network connection detected:UtcTime: 2017-03-13 16:16:47.648ProcessGuid: {0031B1CC-B354-58C6-0000-0010CD6B0100}ProcessId: 1492Image: C:\\Windows\\System32\\dns.exeUser: NT AUTHORITY\\SYSTEMProtocol: udpInitiated: falseSourceIsIpv6: falseSourceIp: 127.0.0.1SourceHostname: SourcePort: 53SourcePortName: domainDestinationIsIpv6: falseDestinationIp: 127.0.0.1DestinationHostname: DestinationPort: 51617DestinationPortName: "
192.168.169.59:2017-03-13T16:16:49Z DC.OrgC_Domain.local 192.168.169.59 AccelOps-WUA-WinLog-Microsoft-Windows-Sysmon/Operational [monitorStatus]="Success" [Locale]="en-GB" [MachineGuid]="0031b1cc-f526-488c-bd3b-41b2ff7cd13b" [timeZone]="+0000" [eventName]="Microsoft-Windows-Sysmon/Operational" [eventSource]="Microsoft-Windows-Sysmon" [eventId]="3" [eventType]="Information" [domain]="NT AUTHORITY" [computer]="DC.OrgC_Domain.local" [user]="SYSTEM" [userSID]="S-1-5-18" [userSIDAcctType]="User" [eventTime]="Mar 13 2017 16:16:48" [deviceTime]="Mar 13 2017 16:16:48" [msg]="Network connection detected:UtcTime: 2017-03-13 16:16:47.647ProcessGuid: {0031B1CC-B32D-58C6-0000-0010EB030000}ProcessId: 4Image: SystemUser: NT AUTHORITY\\SYSTEMProtocol: udpInitiated: trueSourceIsIpv6: falseSourceIp: 192.168.169.59SourceHostname: DC.OrgC_Domain.localSourcePort: 137SourcePortName: netbios-nsDestinationIsIpv6: falseDestinationIp: 224.0.0.252DestinationHostname: DestinationPort: 137DestinationPortName: netbios-ns"
192.168.169.59:2017-03-13T16:16:57Z DC.OrgC_Domain.local 192.168.169.59 AccelOps-WUA-WinLog-Microsoft-Windows-Sysmon/Operational [monitorStatus]="Success" [Locale]="en-GB" [MachineGuid]="0031b1cc-f526-488c-bd3b-41b2ff7cd13b" [timeZone]="+0000" [eventName]="Microsoft-Windows-Sysmon/Operational" [eventSource]="Microsoft-Windows-Sysmon" [eventId]="3" [eventType]="Information" [domain]="NT AUTHORITY" [computer]="DC.OrgC_Domain.local" [user]="SYSTEM" [userSID]="S-1-5-18" [userSIDAcctType]="User" [eventTime]="Mar 13 2017 16:16:56" [deviceTime]="Mar 13 2017 16:16:56" [msg]="Network connection detected:UtcTime: 2017-03-13 16:16:55.586ProcessGuid: {0031B1CC-B341-58C6-0000-001087C50000}ProcessId: 624Image: C:\\Windows\\System32\\svchost.exeUser: NT AUTHORITY\\NETWORK SERVICEProtocol: tcpInitiated: falseSourceIsIpv6: falseSourceIp: 192.168.169.59SourceHostname: DC.OrgC_Domain.localSourcePort: 135SourcePortName: epmapDestinationIsIpv6: falseDestinationIp: 192.168.169.57DestinationHostname: DestinationPort: 38528DestinationPortName: "
192.168.169.59:2017-03-13T16:16:55Z DC.OrgC_Domain.local 192.168.169.59 AccelOps-WUA-WinLog-Microsoft-Windows-Sysmon/Operational [monitorStatus]="Success" [Locale]="en-GB" [MachineGuid]="0031b1cc-f526-488c-bd3b-41b2ff7cd13b" [timeZone]="+0000" [eventName]="Microsoft-Windows-Sysmon/Operational" [eventSource]="Microsoft-Windows-Sysmon" [eventId]="3" [eventType]="Information" [domain]="NT AUTHORITY" [computer]="DC.OrgC_Domain.local" [user]="SYSTEM" [userSID]="S-1-5-18" [userSIDAcctType]="User" [eventTime]="Mar 13 2017 16:16:54" [deviceTime]="Mar 13 2017 16:16:54" [msg]="Network connection detected:UtcTime: 2017-03-13 16:16:53.582ProcessGuid: {0031B1CC-B342-58C6-0000-001078DA0000}ProcessId: 776Image: C:\\Windows\\System32\\svchost.exeUser: NT AUTHORITY\\SYSTEMProtocol: tcpInitiated: falseSourceIsIpv6: falseSourceIp: 192.168.169.59SourceHostname: DC.OrgC_Domain.localSourcePort: 49154SourcePortName: DestinationIsIpv6: falseDestinationIp: 192.168.169.57DestinationHostname: DestinationPort: 36224DestinationPortName: "
192.168.169.59:2017-03-13T16:16:57Z DC.OrgC_Domain.local 192.168.169.59 AccelOps-WUA-WinLog-Microsoft-Windows-Sysmon/Operational [monitorStatus]="Success" [Locale]="en-GB" [MachineGuid]="0031b1cc-f526-488c-bd3b-41b2ff7cd13b" [timeZone]="+0000" [eventName]="Microsoft-Windows-Sysmon/Operational" [eventSource]="Microsoft-Windows-Sysmon" [eventId]="3" [eventType]="Information" [domain]="NT AUTHORITY" [computer]="DC.OrgC_Domain.local" [user]="SYSTEM" [userSID]="S-1-5-18" [userSIDAcctType]="User" [eventTime]="Mar 13 2017 16:16:56" [deviceTime]="Mar 13 2017 16:16:56" [msg]="Network connection detected:UtcTime: 2017-03-13 16:16:55.587ProcessGuid: {0031B1CC-B342-58C6-0000-001078DA0000}ProcessId: 776Image: C:\\Windows\\System32\\svchost.exeUser: NT AUTHORITY\\SYSTEMProtocol: tcpInitiated: falseSourceIsIpv6: falseSourceIp: 192.168.169.59SourceHostname: DC.OrgC_Domain.localSourcePort: 49154SourcePortName: DestinationIsIpv6: falseDestinationIp: 192.168.169.57DestinationHostname: DestinationPort: 36234DestinationPortName: "
192.168.169.59:2017-03-13T16:16:57Z DC.OrgC_Domain.local 192.168.169.59 AccelOps-WUA-WinLog-Microsoft-Windows-Sysmon/Operational [monitorStatus]="Success" [Locale]="en-GB" [MachineGuid]="0031b1cc-f526-488c-bd3b-41b2ff7cd13b" [timeZone]="+0000" [eventName]="Microsoft-Windows-Sysmon/Operational" [eventSource]="Microsoft-Windows-Sysmon" [eventId]="3" [eventType]="Information" [domain]="NT AUTHORITY" [computer]="DC.OrgC_Domain.local" [user]="SYSTEM" [userSID]="S-1-5-18" [userSIDAcctType]="User" [eventTime]="Mar 13 2017 16:16:56" [deviceTime]="Mar 13 2017 16:16:56" [msg]="Network connection detected:UtcTime: 2017-03-13 16:16:55.580ProcessGuid: {0031B1CC-B341-58C6-0000-001087C50000}ProcessId: 624Image: C:\\Windows\\System32\\svchost.exeUser: NT AUTHORITY\\NETWORK SERVICEProtocol: tcpInitiated: falseSourceIsIpv6: falseSourceIp: 192.168.169.59SourceHostname: DC.OrgC_Domain.localSourcePort: 135SourcePortName: epmapDestinationIsIpv6: falseDestinationIp: 192.168.169.57DestinationHostname: DestinationPort: 38522DestinationPortName: "
192.168.169.59:2017-03-13T16:16:55Z DC.OrgC_Domain.local 192.168.169.59 AccelOps-WUA-WinLog-Microsoft-Windows-Sysmon/Operational [monitorStatus]="Success" [Locale]="en-GB" [MachineGuid]="0031b1cc-f526-488c-bd3b-41b2ff7cd13b" [timeZone]="+0000" [eventName]="Microsoft-Windows-Sysmon/Operational" [eventSource]="Microsoft-Windows-Sysmon" [eventId]="3" [eventType]="Information" [domain]="NT AUTHORITY" [computer]="DC.OrgC_Domain.local" [user]="SYSTEM" [userSID]="S-1-5-18" [userSIDAcctType]="User" [eventTime]="Mar 13 2017 16:16:54" [deviceTime]="Mar 13 2017 16:16:54" [msg]="Network connection detected:UtcTime: 2017-03-13 16:16:53.575ProcessGuid: {0031B1CC-B341-58C6-0000-001087C50000}ProcessId: 624Image: C:\\Windows\\System32\\svchost.exeUser: NT AUTHORITY\\NETWORK SERVICEProtocol: tcpInitiated: falseSourceIsIpv6: falseSourceIp: 192.168.169.59SourceHostname: DC.OrgC_Domain.localSourcePort: 135SourcePortName: epmapDestinationIsIpv6: falseDestinationIp: 192.168.169.57DestinationHostname: DestinationPort: 38516DestinationPortName: "
192.168.169.59:2017-03-13T16:16:55Z DC.OrgC_Domain.local 192.168.169.59 AccelOps-WUA-WinLog-Microsoft-Windows-Sysmon/Operational [monitorStatus]="Success" [Locale]="en-GB" [MachineGuid]="0031b1cc-f526-488c-bd3b-41b2ff7cd13b" [timeZone]="+0000" [eventName]="Microsoft-Windows-Sysmon/Operational" [eventSource]="Microsoft-Windows-Sysmon" [eventId]="3" [eventType]="Information" [domain]="NT AUTHORITY" [computer]="DC.OrgC_Domain.local" [user]="SYSTEM" [userSID]="S-1-5-18" [userSIDAcctType]="User" [eventTime]="Mar 13 2017 16:16:54" [deviceTime]="Mar 13 2017 16:16:54" [msg]="Network connection detected:UtcTime: 2017-03-13 16:16:53.183ProcessGuid: {0031B1CC-B351-58C6-0000-00103D540100}ProcessId: 1280Image: C:\\Program Files\\AccelOps\\Agent\\AoWinAgt.exeUser: NT AUTHORITY\\SYSTEMProtocol: tcpInitiated: trueSourceIsIpv6: falseSourceIp: 192.168.169.59SourceHostname: DC.OrgC_Domain.localSourcePort: 53168SourcePortName: DestinationIsIpv6: falseDestinationIp: 192.168.169.57DestinationHostname: DestinationPort: 443DestinationPortName: https"
192.168.169.59:2017-03-13T16:16:57Z DC.OrgC_Domain.local 192.168.169.59 AccelOps-WUA-WinLog-Microsoft-Windows-Sysmon/Operational [monitorStatus]="Success" [Locale]="en-GB" [MachineGuid]="0031b1cc-f526-488c-bd3b-41b2ff7cd13b" [timeZone]="+0000" [eventName]="Microsoft-Windows-Sysmon/Operational" [eventSource]="Microsoft-Windows-Sysmon" [eventId]="3" [eventType]="Information" [domain]="NT AUTHORITY" [computer]="DC.OrgC_Domain.local" [user]="SYSTEM" [userSID]="S-1-5-18" [userSIDAcctType]="User" [eventTime]="Mar 13 2017 16:16:56" [deviceTime]="Mar 13 2017 16:16:56" [msg]="Network connection detected:UtcTime: 2017-03-13 16:16:55.582ProcessGuid: {0031B1CC-B341-58C6-0000-001087C50000}ProcessId: 624Image: C:\\Windows\\System32\\svchost.exeUser: NT AUTHORITY\\NETWORK SERVICEProtocol: tcpInitiated: falseSourceIsIpv6: falseSourceIp: 192.168.169.59SourceHostname: DC.OrgC_Domain.localSourcePort: 135SourcePortName: epmapDestinationIsIpv6: falseDestinationIp: 192.168.169.57DestinationHostname: DestinationPort: 38524DestinationPortName: "
192.168.169.59:2017-03-13T16:16:55Z DC.OrgC_Domain.local 192.168.169.59 AccelOps-WUA-WinLog-Microsoft-Windows-Sysmon/Operational [monitorStatus]="Success" [Locale]="en-GB" [MachineGuid]="0031b1cc-f526-488c-bd3b-41b2ff7cd13b" [timeZone]="+0000" [eventName]="Microsoft-Windows-Sysmon/Operational" [eventSource]="Microsoft-Windows-Sysmon" [eventId]="3" [eventType]="Information" [domain]="NT AUTHORITY" [computer]="DC.OrgC_Domain.local" [user]="SYSTEM" [userSID]="S-1-5-18" [userSIDAcctType]="User" [eventTime]="Mar 13 2017 16:16:54" [deviceTime]="Mar 13 2017 16:16:54" [msg]="Network connection detected:UtcTime: 2017-03-13 16:16:53.211ProcessGuid: {0031B1CC-B351-58C6-0000-00103D540100}ProcessId: 1280Image: C:\\Program Files\\AccelOps\\Agent\\AoWinAgt.exeUser: NT AUTHORITY\\SYSTEMProtocol: tcpInitiated: trueSourceIsIpv6: falseSourceIp: 192.168.169.59SourceHostname: DC.OrgC_Domain.localSourcePort: 53169SourcePortName: DestinationIsIpv6: falseDestinationIp: 192.168.169.57DestinationHostname: DestinationPort: 443DestinationPortName: https"
192.168.169.59:2017-03-13T16:16:57Z DC.OrgC_Domain.local 192.168.169.59 AccelOps-WUA-WinLog-Microsoft-Windows-Sysmon/Operational [monitorStatus]="Success" [Locale]="en-GB" [MachineGuid]="0031b1cc-f526-488c-bd3b-41b2ff7cd13b" [timeZone]="+0000" [eventName]="Microsoft-Windows-Sysmon/Operational" [eventSource]="Microsoft-Windows-Sysmon" [eventId]="3" [eventType]="Information" [domain]="NT AUTHORITY" [computer]="DC.OrgC_Domain.local" [user]="SYSTEM" [userSID]="S-1-5-18" [userSIDAcctType]="User" [eventTime]="Mar 13 2017 16:16:56" [deviceTime]="Mar 13 2017 16:16:56" [msg]="Network connection detected:UtcTime: 2017-03-13 16:16:55.590ProcessGuid: {0031B1CC-B342-58C6-0000-001078DA0000}ProcessId: 776Image: C:\\Windows\\System32\\svchost.exeUser: NT AUTHORITY\\SYSTEMProtocol: tcpInitiated: falseSourceIsIpv6: falseSourceIp: 192.168.169.59SourceHostname: DC.OrgC_Domain.localSourcePort: 49154SourcePortName: DestinationIsIpv6: falseDestinationIp: 192.168.169.57DestinationHostname: DestinationPort: 36236DestinationPortName: "
192.168.169.59:2017-03-13T16:16:57Z DC.OrgC_Domain.local 192.168.169.59 AccelOps-WUA-WinLog-Microsoft-Windows-Sysmon/Operational [monitorStatus]="Success" [Locale]="en-GB" [MachineGuid]="0031b1cc-f526-488c-bd3b-41b2ff7cd13b" [timeZone]="+0000" [eventName]="Microsoft-Windows-Sysmon/Operational" [eventSource]="Microsoft-Windows-Sysmon" [eventId]="3" [eventType]="Information" [domain]="NT AUTHORITY" [computer]="DC.OrgC_Domain.local" [user]="SYSTEM" [userSID]="S-1-5-18" [userSIDAcctType]="User" [eventTime]="Mar 13 2017 16:16:56" [deviceTime]="Mar 13 2017 16:16:56" [msg]="Network connection detected:UtcTime: 2017-03-13 16:16:55.584ProcessGuid: {0031B1CC-B341-58C6-0000-001087C50000}ProcessId: 624Image: C:\\Windows\\System32\\svchost.exeUser: NT AUTHORITY\\NETWORK SERVICEProtocol: tcpInitiated: falseSourceIsIpv6: falseSourceIp: 192.168.169.59SourceHostname: DC.OrgC_Domain.localSourcePort: 135SourcePortName: epmapDestinationIsIpv6: falseDestinationIp: 192.168.169.57DestinationHostname: DestinationPort: 38526DestinationPortName: "
192.168.169.59:2017-03-13T16:16:55Z DC.OrgC_Domain.local 192.168.169.59 AccelOps-WUA-WinLog-Microsoft-Windows-Sysmon/Operational [monitorStatus]="Success" [Locale]="en-GB" [MachineGuid]="0031b1cc-f526-488c-bd3b-41b2ff7cd13b" [timeZone]="+0000" [eventName]="Microsoft-Windows-Sysmon/Operational" [eventSource]="Microsoft-Windows-Sysmon" [eventId]="3" [eventType]="Information" [domain]="NT AUTHORITY" [computer]="DC.OrgC_Domain.local" [user]="SYSTEM" [userSID]="S-1-5-18" [userSIDAcctType]="User" [eventTime]="Mar 13 2017 16:16:54" [deviceTime]="Mar 13 2017 16:16:54" [msg]="Network connection detected:UtcTime: 2017-03-13 16:16:53.577ProcessGuid: {0031B1CC-B341-58C6-0000-001087C50000}ProcessId: 624Image: C:\\Windows\\System32\\svchost.exeUser: NT AUTHORITY\\NETWORK SERVICEProtocol: tcpInitiated: falseSourceIsIpv6: falseSourceIp: 192.168.169.59SourceHostname: DC.OrgC_Domain.localSourcePort: 135SourcePortName: epmapDestinationIsIpv6: falseDestinationIp: 192.168.169.57DestinationHostname: DestinationPort: 38518DestinationPortName: "
192.168.169.59:2017-03-13T16:17:00Z DC.OrgC_Domain.local 192.168.169.59 AccelOps-WUA-WinLog-Microsoft-Windows-Sysmon/Operational [monitorStatus]="Success" [Locale]="en-GB" [MachineGuid]="0031b1cc-f526-488c-bd3b-41b2ff7cd13b" [timeZone]="+0000" [eventName]="Microsoft-Windows-Sysmon/Operational" [eventSource]="Microsoft-Windows-Sysmon" [eventId]="3" [eventType]="Information" [domain]="NT AUTHORITY" [computer]="DC.OrgC_Domain.local" [user]="SYSTEM" [userSID]="S-1-5-18" [userSIDAcctType]="User" [eventTime]="Mar 13 2017 16:16:59" [deviceTime]="Mar 13 2017 16:16:59" [msg]="Network connection detected:UtcTime: 2017-03-13 16:16:58.261ProcessGuid: {0031B1CC-B351-58C6-0000-00103D540100}ProcessId: 1280Image: C:\\Program Files\\AccelOps\\Agent\\AoWinAgt.exeUser: NT AUTHORITY\\SYSTEMProtocol: tcpInitiated: trueSourceIsIpv6: falseSourceIp: 192.168.169.59SourceHostname: DC.OrgC_Domain.localSourcePort: 53170SourcePortName: DestinationIsIpv6: falseDestinationIp: 192.168.169.57DestinationHostname: DestinationPort: 443DestinationPortName: https"
192.168.169.59:2017-03-13T16:17:00Z DC.OrgC_Domain.local 192.168.169.59 AccelOps-WUA-WinLog-Microsoft-Windows-Sysmon/Operational [monitorStatus]="Success" [Locale]="en-GB" [MachineGuid]="0031b1cc-f526-488c-bd3b-41b2ff7cd13b" [timeZone]="+0000" [eventName]="Microsoft-Windows-Sysmon/Operational" [eventSource]="Microsoft-Windows-Sysmon" [eventId]="3" [eventType]="Information" [domain]="NT AUTHORITY" [computer]="DC.OrgC_Domain.local" [user]="SYSTEM" [userSID]="S-1-5-18" [userSIDAcctType]="User" [eventTime]="Mar 13 2017 16:16:59" [deviceTime]="Mar 13 2017 16:16:59" [msg]="Network connection detected:UtcTime: 2017-03-13 16:16:58.289ProcessGuid: {0031B1CC-B351-58C6-0000-00103D540100}ProcessId: 1280Image: C:\\Program Files\\AccelOps\\Agent\\AoWinAgt.exeUser: NT AUTHORITY\\SYSTEMProtocol: tcpInitiated: trueSourceIsIpv6: falseSourceIp: 192.168.169.59SourceHostname: DC.OrgC_Domain.localSourcePort: 53171SourcePortName: DestinationIsIpv6: falseDestinationIp: 192.168.169.57DestinationHostname: DestinationPort: 443DestinationPortName: https"
192.168.169.59:2017-03-13T16:17:03Z DC.OrgC_Domain.local 192.168.169.59 AccelOps-WUA-WinLog-Microsoft-Windows-Sysmon/Operational [monitorStatus]="Success" [Locale]="en-GB" [MachineGuid]="0031b1cc-f526-488c-bd3b-41b2ff7cd13b" [timeZone]="+0000" [eventName]="Microsoft-Windows-Sysmon/Operational" [eventSource]="Microsoft-Windows-Sysmon" [eventId]="3" [eventType]="Information" [domain]="NT AUTHORITY" [computer]="DC.OrgC_Domain.local" [user]="SYSTEM" [userSID]="S-1-5-18" [userSIDAcctType]="User" [eventTime]="Mar 13 2017 16:17:02" [deviceTime]="Mar 13 2017 16:17:02" [msg]="Network connection detected:UtcTime: 2017-03-13 16:17:01.599ProcessGuid: {0031B1CC-B341-58C6-0000-001087C50000}ProcessId: 624Image: C:\\Windows\\System32\\svchost.exeUser: NT AUTHORITY\\NETWORK SERVICEProtocol: tcpInitiated: falseSourceIsIpv6: falseSourceIp: 192.168.169.59SourceHostname: DC.OrgC_Domain.localSourcePort: 135SourcePortName: epmapDestinationIsIpv6: falseDestinationIp: 192.168.169.57DestinationHostname: DestinationPort: 38540DestinationPortName: "
192.168.169.59:2017-03-13T16:17:07Z DC.OrgC_Domain.local 192.168.169.59 AccelOps-WUA-WinLog-Microsoft-Windows-Sysmon/Operational [monitorStatus]="Success" [Locale]="en-GB" [MachineGuid]="0031b1cc-f526-488c-bd3b-41b2ff7cd13b" [timeZone]="+0000" [eventName]="Microsoft-Windows-Sysmon/Operational" [eventSource]="Microsoft-Windows-Sysmon" [eventId]="3" [eventType]="Information" [domain]="NT AUTHORITY" [computer]="DC.OrgC_Domain.local" [user]="SYSTEM" [userSID]="S-1-5-18" [userSIDAcctType]="User" [eventTime]="Mar 13 2017 16:17:06" [deviceTime]="Mar 13 2017 16:17:06" [msg]="Network connection detected:UtcTime: 2017-03-13 16:17:04.991ProcessGuid: {0031B1CC-B342-58C6-0000-001040F00000}ProcessId: 956Image: C:\\Windows\\System32\\svchost.exeUser: NT AUTHORITY\\NETWORK SERVICEProtocol: udpInitiated: falseSourceIsIpv6: falseSourceIp: 224.0.0.252SourceHostname: SourcePort: 5355SourcePortName: llmnrDestinationIsIpv6: falseDestinationIp: 192.168.169.55DestinationHostname: DCDestinationPort: 64475DestinationPortName: "
