192.168.169.59:2017-03-16T09:17:40Z DC.OrgC_Domain.local 192.168.169.59 AccelOps-WUA-WinLog-Microsoft-Windows-Sysmon/Operational [monitorStatus]="Success" [Locale]="en-GB" [MachineGuid]="0031b1cc-f526-488c-bd3b-41b2ff7cd13b" [timeZone]="+0000" [eventName]="Microsoft-Windows-Sysmon/Operational" [eventSource]="Microsoft-Windows-Sysmon" [eventId]="3" [eventType]="Information" [domain]="NT AUTHORITY" [computer]="DC.OrgC_Domain.local" [user]="SYSTEM" [userSID]="S-1-5-18" [userSIDAcctType]="User" [eventTime]="Mar 16 2017 09:17:39" [deviceTime]="Mar 16 2017 09:17:39" [msg]="Network connection detected:UtcTime: 2017-03-16 09:17:38.516ProcessGuid: {0031B1CC-B653-58C6-0000-0010ECB30F00}ProcessId: 3132Image: C:\\Program Files\\AccelOps\\Server\\AoWinAgtMgr.exeUser: ORGC_DOMAIN\\AdministratorProtocol: tcpInitiated: trueSourceIsIpv6: trueSourceIp: 0:0:0:0:0:0:0:1SourceHostname: DC.OrgC_Domain.localSourcePort: 55796SourcePortName: DestinationIsIpv6: trueDestinationIp: 0:0:0:0:0:0:0:1DestinationHostname: DC.OrgC_Domain.localDestinationPort: 443DestinationPortName: https"
192.168.169.59:2017-03-16T09:23:40Z DC.OrgC_Domain.local 192.168.169.59 AccelOps-WUA-WinLog-Microsoft-Windows-Sysmon/Operational [monitorStatus]="Success" [Locale]="en-GB" [MachineGuid]="0031b1cc-f526-488c-bd3b-41b2ff7cd13b" [timeZone]="+0000" [eventName]="Microsoft-Windows-Sysmon/Operational" [eventSource]="Microsoft-Windows-Sysmon" [eventId]="3" [eventType]="Information" [domain]="NT AUTHORITY" [computer]="DC.OrgC_Domain.local" [user]="SYSTEM" [userSID]="S-1-5-18" [userSIDAcctType]="User" [eventTime]="Mar 16 2017 09:23:39" [deviceTime]="Mar 16 2017 09:23:39" [msg]="Network connection detected:UtcTime: 2017-03-16 09:23:38.639ProcessGuid: {0031B1CC-B653-58C6-0000-0010ECB30F00}ProcessId: 3132Image: C:\\Program Files\\AccelOps\\Server\\AoWinAgtMgr.exeUser: ORGC_DOMAIN\\AdministratorProtocol: tcpInitiated: trueSourceIsIpv6: trueSourceIp: 0:0:0:0:0:0:0:1SourceHostname: DC.OrgC_Domain.localSourcePort: 55828SourcePortName: DestinationIsIpv6: trueDestinationIp: 0:0:0:0:0:0:0:1DestinationHostname: DC.OrgC_Domain.localDestinationPort: 443DestinationPortName: https"
192.168.169.59:2017-03-16T09:29:40Z DC.OrgC_Domain.local 192.168.169.59 AccelOps-WUA-WinLog-Microsoft-Windows-Sysmon/Operational [monitorStatus]="Success" [Locale]="en-GB" [MachineGuid]="0031b1cc-f526-488c-bd3b-41b2ff7cd13b" [timeZone]="+0000" [eventName]="Microsoft-Windows-Sysmon/Operational" [eventSource]="Microsoft-Windows-Sysmon" [eventId]="3" [eventType]="Information" [domain]="NT AUTHORITY" [computer]="DC.OrgC_Domain.local" [user]="SYSTEM" [userSID]="S-1-5-18" [userSIDAcctType]="User" [eventTime]="Mar 16 2017 09:29:39" [deviceTime]="Mar 16 2017 09:29:39" [msg]="Network connection detected:UtcTime: 2017-03-16 09:29:38.754ProcessGuid: {0031B1CC-B653-58C6-0000-0010ECB30F00}ProcessId: 3132Image: C:\\Program Files\\AccelOps\\Server\\AoWinAgtMgr.exeUser: ORGC_DOMAIN\\AdministratorProtocol: tcpInitiated: trueSourceIsIpv6: trueSourceIp: 0:0:0:0:0:0:0:1SourceHostname: DC.OrgC_Domain.localSourcePort: 55860SourcePortName: DestinationIsIpv6: trueDestinationIp: 0:0:0:0:0:0:0:1DestinationHostname: DC.OrgC_Domain.localDestinationPort: 443DestinationPortName: https"
192.168.169.59:2017-03-16T09:35:41Z DC.OrgC_Domain.local 192.168.169.59 AccelOps-WUA-WinLog-Microsoft-Windows-Sysmon/Operational [monitorStatus]="Success" [Locale]="en-GB" [MachineGuid]="0031b1cc-f526-488c-bd3b-41b2ff7cd13b" [timeZone]="+0000" [eventName]="Microsoft-Windows-Sysmon/Operational" [eventSource]="Microsoft-Windows-Sysmon" [eventId]="3" [eventType]="Information" [domain]="NT AUTHORITY" [computer]="DC.OrgC_Domain.local" [user]="SYSTEM" [userSID]="S-1-5-18" [userSIDAcctType]="User" [eventTime]="Mar 16 2017 09:35:39" [deviceTime]="Mar 16 2017 09:35:39" [msg]="Network connection detected:UtcTime: 2017-03-16 09:35:38.894ProcessGuid: {0031B1CC-B653-58C6-0000-0010ECB30F00}ProcessId: 3132Image: C:\\Program Files\\AccelOps\\Server\\AoWinAgtMgr.exeUser: ORGC_DOMAIN\\AdministratorProtocol: tcpInitiated: trueSourceIsIpv6: trueSourceIp: 0:0:0:0:0:0:0:1SourceHostname: DC.OrgC_Domain.localSourcePort: 55901SourcePortName: DestinationIsIpv6: trueDestinationIp: 0:0:0:0:0:0:0:1DestinationHostname: DC.OrgC_Domain.localDestinationPort: 443DestinationPortName: https"
192.168.169.59:2017-03-16T09:41:41Z DC.OrgC_Domain.local 192.168.169.59 AccelOps-WUA-WinLog-Microsoft-Windows-Sysmon/Operational [monitorStatus]="Success" [Locale]="en-GB" [MachineGuid]="0031b1cc-f526-488c-bd3b-41b2ff7cd13b" [timeZone]="+0000" [eventName]="Microsoft-Windows-Sysmon/Operational" [eventSource]="Microsoft-Windows-Sysmon" [eventId]="3" [eventType]="Information" [domain]="NT AUTHORITY" [computer]="DC.OrgC_Domain.local" [user]="SYSTEM" [userSID]="S-1-5-18" [userSIDAcctType]="User" [eventTime]="Mar 16 2017 09:41:40" [deviceTime]="Mar 16 2017 09:41:40" [msg]="Network connection detected:UtcTime: 2017-03-16 09:41:38.985ProcessGuid: {0031B1CC-B653-58C6-0000-0010ECB30F00}ProcessId: 3132Image: C:\\Program Files\\AccelOps\\Server\\AoWinAgtMgr.exeUser: ORGC_DOMAIN\\AdministratorProtocol: tcpInitiated: trueSourceIsIpv6: trueSourceIp: 0:0:0:0:0:0:0:1SourceHostname: DC.OrgC_Domain.localSourcePort: 55944SourcePortName: DestinationIsIpv6: trueDestinationIp: 0:0:0:0:0:0:0:1DestinationHostname: DC.OrgC_Domain.localDestinationPort: 443DestinationPortName: https"
192.168.169.59:2017-03-16T09:47:41Z DC.OrgC_Domain.local 192.168.169.59 AccelOps-WUA-WinLog-Microsoft-Windows-Sysmon/Operational [monitorStatus]="Success" [Locale]="en-GB" [MachineGuid]="0031b1cc-f526-488c-bd3b-41b2ff7cd13b" [timeZone]="+0000" [eventName]="Microsoft-Windows-Sysmon/Operational" [eventSource]="Microsoft-Windows-Sysmon" [eventId]="3" [eventType]="Information" [domain]="NT AUTHORITY" [computer]="DC.OrgC_Domain.local" [user]="SYSTEM" [userSID]="S-1-5-18" [userSIDAcctType]="User" [eventTime]="Mar 16 2017 09:47:40" [deviceTime]="Mar 16 2017 09:47:40" [msg]="Network connection detected:UtcTime: 2017-03-16 09:47:39.119ProcessGuid: {0031B1CC-B653-58C6-0000-0010ECB30F00}ProcessId: 3132Image: C:\\Program Files\\AccelOps\\Server\\AoWinAgtMgr.exeUser: ORGC_DOMAIN\\AdministratorProtocol: tcpInitiated: trueSourceIsIpv6: trueSourceIp: 0:0:0:0:0:0:0:1SourceHostname: DC.OrgC_Domain.localSourcePort: 55972SourcePortName: DestinationIsIpv6: trueDestinationIp: 0:0:0:0:0:0:0:1DestinationHostname: DC.OrgC_Domain.localDestinationPort: 443DestinationPortName: https"
192.168.169.59:2017-03-16T09:53:41Z DC.OrgC_Domain.local 192.168.169.59 AccelOps-WUA-WinLog-Microsoft-Windows-Sysmon/Operational [monitorStatus]="Success" [Locale]="en-GB" [MachineGuid]="0031b1cc-f526-488c-bd3b-41b2ff7cd13b" [timeZone]="+0000" [eventName]="Microsoft-Windows-Sysmon/Operational" [eventSource]="Microsoft-Windows-Sysmon" [eventId]="3" [eventType]="Information" [domain]="NT AUTHORITY" [computer]="DC.OrgC_Domain.local" [user]="SYSTEM" [userSID]="S-1-5-18" [userSIDAcctType]="User" [eventTime]="Mar 16 2017 09:53:40" [deviceTime]="Mar 16 2017 09:53:40" [msg]="Network connection detected:UtcTime: 2017-03-16 09:53:39.206ProcessGuid: {0031B1CC-B653-58C6-0000-0010ECB30F00}ProcessId: 3132Image: C:\\Program Files\\AccelOps\\Server\\AoWinAgtMgr.exeUser: ORGC_DOMAIN\\AdministratorProtocol: tcpInitiated: trueSourceIsIpv6: trueSourceIp: 0:0:0:0:0:0:0:1SourceHostname: DC.OrgC_Domain.localSourcePort: 56002SourcePortName: DestinationIsIpv6: trueDestinationIp: 0:0:0:0:0:0:0:1DestinationHostname: DC.OrgC_Domain.localDestinationPort: 443DestinationPortName: https"
192.168.169.59:2017-03-16T09:59:41Z DC.OrgC_Domain.local 192.168.169.59 AccelOps-WUA-WinLog-Microsoft-Windows-Sysmon/Operational [monitorStatus]="Success" [Locale]="en-GB" [MachineGuid]="0031b1cc-f526-488c-bd3b-41b2ff7cd13b" [timeZone]="+0000" [eventName]="Microsoft-Windows-Sysmon/Operational" [eventSource]="Microsoft-Windows-Sysmon" [eventId]="3" [eventType]="Information" [domain]="NT AUTHORITY" [computer]="DC.OrgC_Domain.local" [user]="SYSTEM" [userSID]="S-1-5-18" [userSIDAcctType]="User" [eventTime]="Mar 16 2017 09:59:40" [deviceTime]="Mar 16 2017 09:59:40" [msg]="Network connection detected:UtcTime: 2017-03-16 09:59:39.316ProcessGuid: {0031B1CC-B653-58C6-0000-0010ECB30F00}ProcessId: 3132Image: C:\\Program Files\\AccelOps\\Server\\AoWinAgtMgr.exeUser: ORGC_DOMAIN\\AdministratorProtocol: tcpInitiated: trueSourceIsIpv6: trueSourceIp: 0:0:0:0:0:0:0:1SourceHostname: DC.OrgC_Domain.localSourcePort: 56036SourcePortName: DestinationIsIpv6: trueDestinationIp: 0:0:0:0:0:0:0:1DestinationHostname: DC.OrgC_Domain.localDestinationPort: 443DestinationPortName: https"
192.168.169.59:2017-03-16T10:05:41Z DC.OrgC_Domain.local 192.168.169.59 AccelOps-WUA-WinLog-Microsoft-Windows-Sysmon/Operational [monitorStatus]="Success" [Locale]="en-GB" [MachineGuid]="0031b1cc-f526-488c-bd3b-41b2ff7cd13b" [timeZone]="+0000" [eventName]="Microsoft-Windows-Sysmon/Operational" [eventSource]="Microsoft-Windows-Sysmon" [eventId]="3" [eventType]="Information" [domain]="NT AUTHORITY" [computer]="DC.OrgC_Domain.local" [user]="SYSTEM" [userSID]="S-1-5-18" [userSIDAcctType]="User" [eventTime]="Mar 16 2017 10:05:40" [deviceTime]="Mar 16 2017 10:05:40" [msg]="Network connection detected:UtcTime: 2017-03-16 10:05:39.418ProcessGuid: {0031B1CC-B653-58C6-0000-0010ECB30F00}ProcessId: 3132Image: C:\\Program Files\\AccelOps\\Server\\AoWinAgtMgr.exeUser: ORGC_DOMAIN\\AdministratorProtocol: tcpInitiated: trueSourceIsIpv6: trueSourceIp: 0:0:0:0:0:0:0:1SourceHostname: DC.OrgC_Domain.localSourcePort: 56080SourcePortName: DestinationIsIpv6: trueDestinationIp: 0:0:0:0:0:0:0:1DestinationHostname: DC.OrgC_Domain.localDestinationPort: 443DestinationPortName: https"
192.168.169.59:2017-03-16T10:11:41Z DC.OrgC_Domain.local 192.168.169.59 AccelOps-WUA-WinLog-Microsoft-Windows-Sysmon/Operational [monitorStatus]="Success" [Locale]="en-GB" [MachineGuid]="0031b1cc-f526-488c-bd3b-41b2ff7cd13b" [timeZone]="+0000" [eventName]="Microsoft-Windows-Sysmon/Operational" [eventSource]="Microsoft-Windows-Sysmon" [eventId]="3" [eventType]="Information" [domain]="NT AUTHORITY" [computer]="DC.OrgC_Domain.local" [user]="SYSTEM" [userSID]="S-1-5-18" [userSIDAcctType]="User" [eventTime]="Mar 16 2017 10:11:40" [deviceTime]="Mar 16 2017 10:11:40" [msg]="Network connection detected:UtcTime: 2017-03-16 10:11:39.508ProcessGuid: {0031B1CC-B653-58C6-0000-0010ECB30F00}ProcessId: 3132Image: C:\\Program Files\\AccelOps\\Server\\AoWinAgtMgr.exeUser: ORGC_DOMAIN\\AdministratorProtocol: tcpInitiated: trueSourceIsIpv6: trueSourceIp: 0:0:0:0:0:0:0:1SourceHostname: DC.OrgC_Domain.localSourcePort: 56123SourcePortName: DestinationIsIpv6: trueDestinationIp: 0:0:0:0:0:0:0:1DestinationHostname: DC.OrgC_Domain.localDestinationPort: 443DestinationPortName: https"
192.168.169.59:2017-03-16T10:17:41Z DC.OrgC_Domain.local 192.168.169.59 AccelOps-WUA-WinLog-Microsoft-Windows-Sysmon/Operational [monitorStatus]="Success" [Locale]="en-GB" [MachineGuid]="0031b1cc-f526-488c-bd3b-41b2ff7cd13b" [timeZone]="+0000" [eventName]="Microsoft-Windows-Sysmon/Operational" [eventSource]="Microsoft-Windows-Sysmon" [eventId]="3" [eventType]="Information" [domain]="NT AUTHORITY" [computer]="DC.OrgC_Domain.local" [user]="SYSTEM" [userSID]="S-1-5-18" [userSIDAcctType]="User" [eventTime]="Mar 16 2017 10:17:40" [deviceTime]="Mar 16 2017 10:17:40" [msg]="Network connection detected:UtcTime: 2017-03-16 10:17:39.618ProcessGuid: {0031B1CC-B653-58C6-0000-0010ECB30F00}ProcessId: 3132Image: C:\\Program Files\\AccelOps\\Server\\AoWinAgtMgr.exeUser: ORGC_DOMAIN\\AdministratorProtocol: tcpInitiated: trueSourceIsIpv6: trueSourceIp: 0:0:0:0:0:0:0:1SourceHostname: DC.OrgC_Domain.localSourcePort: 56161SourcePortName: DestinationIsIpv6: trueDestinationIp: 0:0:0:0:0:0:0:1DestinationHostname: DC.OrgC_Domain.localDestinationPort: 443DestinationPortName: https"
192.168.169.59:2017-03-16T10:23:41Z DC.OrgC_Domain.local 192.168.169.59 AccelOps-WUA-WinLog-Microsoft-Windows-Sysmon/Operational [monitorStatus]="Success" [Locale]="en-GB" [MachineGuid]="0031b1cc-f526-488c-bd3b-41b2ff7cd13b" [timeZone]="+0000" [eventName]="Microsoft-Windows-Sysmon/Operational" [eventSource]="Microsoft-Windows-Sysmon" [eventId]="3" [eventType]="Information" [domain]="NT AUTHORITY" [computer]="DC.OrgC_Domain.local" [user]="SYSTEM" [userSID]="S-1-5-18" [userSIDAcctType]="User" [eventTime]="Mar 16 2017 10:23:40" [deviceTime]="Mar 16 2017 10:23:40" [msg]="Network connection detected:UtcTime: 2017-03-16 10:23:39.745ProcessGuid: {0031B1CC-B653-58C6-0000-0010ECB30F00}ProcessId: 3132Image: C:\\Program Files\\AccelOps\\Server\\AoWinAgtMgr.exeUser: ORGC_DOMAIN\\AdministratorProtocol: tcpInitiated: trueSourceIsIpv6: trueSourceIp: 0:0:0:0:0:0:0:1SourceHostname: DC.OrgC_Domain.localSourcePort: 56185SourcePortName: DestinationIsIpv6: trueDestinationIp: 0:0:0:0:0:0:0:1DestinationHostname: DC.OrgC_Domain.localDestinationPort: 443DestinationPortName: https"
192.168.169.59:2017-03-16T10:29:41Z DC.OrgC_Domain.local 192.168.169.59 AccelOps-WUA-WinLog-Microsoft-Windows-Sysmon/Operational [monitorStatus]="Success" [Locale]="en-GB" [MachineGuid]="0031b1cc-f526-488c-bd3b-41b2ff7cd13b" [timeZone]="+0000" [eventName]="Microsoft-Windows-Sysmon/Operational" [eventSource]="Microsoft-Windows-Sysmon" [eventId]="3" [eventType]="Information" [domain]="NT AUTHORITY" [computer]="DC.OrgC_Domain.local" [user]="SYSTEM" [userSID]="S-1-5-18" [userSIDAcctType]="User" [eventTime]="Mar 16 2017 10:29:40" [deviceTime]="Mar 16 2017 10:29:40" [msg]="Network connection detected:UtcTime: 2017-03-16 10:29:39.854ProcessGuid: {0031B1CC-B653-58C6-0000-0010ECB30F00}ProcessId: 3132Image: C:\\Program Files\\AccelOps\\Server\\AoWinAgtMgr.exeUser: ORGC_DOMAIN\\AdministratorProtocol: tcpInitiated: trueSourceIsIpv6: trueSourceIp: 0:0:0:0:0:0:0:1SourceHostname: DC.OrgC_Domain.localSourcePort: 56223SourcePortName: DestinationIsIpv6: trueDestinationIp: 0:0:0:0:0:0:0:1DestinationHostname: DC.OrgC_Domain.localDestinationPort: 443DestinationPortName: https"
192.168.169.59:2017-03-16T10:35:42Z DC.OrgC_Domain.local 192.168.169.59 AccelOps-WUA-WinLog-Microsoft-Windows-Sysmon/Operational [monitorStatus]="Success" [Locale]="en-GB" [MachineGuid]="0031b1cc-f526-488c-bd3b-41b2ff7cd13b" [timeZone]="+0000" [eventName]="Microsoft-Windows-Sysmon/Operational" [eventSource]="Microsoft-Windows-Sysmon" [eventId]="3" [eventType]="Information" [domain]="NT AUTHORITY" [computer]="DC.OrgC_Domain.local" [user]="SYSTEM" [userSID]="S-1-5-18" [userSIDAcctType]="User" [eventTime]="Mar 16 2017 10:35:41" [deviceTime]="Mar 16 2017 10:35:41" [msg]="Network connection detected:UtcTime: 2017-03-16 10:35:39.963ProcessGuid: {0031B1CC-B653-58C6-0000-0010ECB30F00}ProcessId: 3132Image: C:\\Program Files\\AccelOps\\Server\\AoWinAgtMgr.exeUser: ORGC_DOMAIN\\AdministratorProtocol: tcpInitiated: trueSourceIsIpv6: trueSourceIp: 0:0:0:0:0:0:0:1SourceHostname: DC.OrgC_Domain.localSourcePort: 56269SourcePortName: DestinationIsIpv6: trueDestinationIp: 0:0:0:0:0:0:0:1DestinationHostname: DC.OrgC_Domain.localDestinationPort: 443DestinationPortName: https"
192.168.169.59:2017-03-16T10:41:42Z DC.OrgC_Domain.local 192.168.169.59 AccelOps-WUA-WinLog-Microsoft-Windows-Sysmon/Operational [monitorStatus]="Success" [Locale]="en-GB" [MachineGuid]="0031b1cc-f526-488c-bd3b-41b2ff7cd13b" [timeZone]="+0000" [eventName]="Microsoft-Windows-Sysmon/Operational" [eventSource]="Microsoft-Windows-Sysmon" [eventId]="3" [eventType]="Information" [domain]="NT AUTHORITY" [computer]="DC.OrgC_Domain.local" [user]="SYSTEM" [userSID]="S-1-5-18" [userSIDAcctType]="User" [eventTime]="Mar 16 2017 10:41:41" [deviceTime]="Mar 16 2017 10:41:41" [msg]="Network connection detected:UtcTime: 2017-03-16 10:41:40.090ProcessGuid: {0031B1CC-B653-58C6-0000-0010ECB30F00}ProcessId: 3132Image: C:\\Program Files\\AccelOps\\Server\\AoWinAgtMgr.exeUser: ORGC_DOMAIN\\AdministratorProtocol: tcpInitiated: trueSourceIsIpv6: trueSourceIp: 0:0:0:0:0:0:0:1SourceHostname: DC.OrgC_Domain.localSourcePort: 56324SourcePortName: DestinationIsIpv6: trueDestinationIp: 0:0:0:0:0:0:0:1DestinationHostname: DC.OrgC_Domain.localDestinationPort: 443DestinationPortName: https"
192.168.169.59:2017-03-16T10:47:42Z DC.OrgC_Domain.local 192.168.169.59 AccelOps-WUA-WinLog-Microsoft-Windows-Sysmon/Operational [monitorStatus]="Success" [Locale]="en-GB" [MachineGuid]="0031b1cc-f526-488c-bd3b-41b2ff7cd13b" [timeZone]="+0000" [eventName]="Microsoft-Windows-Sysmon/Operational" [eventSource]="Microsoft-Windows-Sysmon" [eventId]="3" [eventType]="Information" [domain]="NT AUTHORITY" [computer]="DC.OrgC_Domain.local" [user]="SYSTEM" [userSID]="S-1-5-18" [userSIDAcctType]="User" [eventTime]="Mar 16 2017 10:47:41" [deviceTime]="Mar 16 2017 10:47:41" [msg]="Network connection detected:UtcTime: 2017-03-16 10:47:40.200ProcessGuid: {0031B1CC-B653-58C6-0000-0010ECB30F00}ProcessId: 3132Image: C:\\Program Files\\AccelOps\\Server\\AoWinAgtMgr.exeUser: ORGC_DOMAIN\\AdministratorProtocol: tcpInitiated: trueSourceIsIpv6: trueSourceIp: 0:0:0:0:0:0:0:1SourceHostname: DC.OrgC_Domain.localSourcePort: 56360SourcePortName: DestinationIsIpv6: trueDestinationIp: 0:0:0:0:0:0:0:1DestinationHostname: DC.OrgC_Domain.localDestinationPort: 443DestinationPortName: https"
192.168.169.59:2017-03-16T10:53:42Z DC.OrgC_Domain.local 192.168.169.59 AccelOps-WUA-WinLog-Microsoft-Windows-Sysmon/Operational [monitorStatus]="Success" [Locale]="en-GB" [MachineGuid]="0031b1cc-f526-488c-bd3b-41b2ff7cd13b" [timeZone]="+0000" [eventName]="Microsoft-Windows-Sysmon/Operational" [eventSource]="Microsoft-Windows-Sysmon" [eventId]="3" [eventType]="Information" [domain]="NT AUTHORITY" [computer]="DC.OrgC_Domain.local" [user]="SYSTEM" [userSID]="S-1-5-18" [userSIDAcctType]="User" [eventTime]="Mar 16 2017 10:53:41" [deviceTime]="Mar 16 2017 10:53:41" [msg]="Network connection detected:UtcTime: 2017-03-16 10:53:40.339ProcessGuid: {0031B1CC-B653-58C6-0000-0010ECB30F00}ProcessId: 3132Image: C:\\Program Files\\AccelOps\\Server\\AoWinAgtMgr.exeUser: ORGC_DOMAIN\\AdministratorProtocol: tcpInitiated: trueSourceIsIpv6: trueSourceIp: 0:0:0:0:0:0:0:1SourceHostname: DC.OrgC_Domain.localSourcePort: 56384SourcePortName: DestinationIsIpv6: trueDestinationIp: 0:0:0:0:0:0:0:1DestinationHostname: DC.OrgC_Domain.localDestinationPort: 443DestinationPortName: https"
192.168.169.59:2017-03-16T10:59:42Z DC.OrgC_Domain.local 192.168.169.59 AccelOps-WUA-WinLog-Microsoft-Windows-Sysmon/Operational [monitorStatus]="Success" [Locale]="en-GB" [MachineGuid]="0031b1cc-f526-488c-bd3b-41b2ff7cd13b" [timeZone]="+0000" [eventName]="Microsoft-Windows-Sysmon/Operational" [eventSource]="Microsoft-Windows-Sysmon" [eventId]="3" [eventType]="Information" [domain]="NT AUTHORITY" [computer]="DC.OrgC_Domain.local" [user]="SYSTEM" [userSID]="S-1-5-18" [userSIDAcctType]="User" [eventTime]="Mar 16 2017 10:59:41" [deviceTime]="Mar 16 2017 10:59:41" [msg]="Network connection detected:UtcTime: 2017-03-16 10:59:40.451ProcessGuid: {0031B1CC-B653-58C6-0000-0010ECB30F00}ProcessId: 3132Image: C:\\Program Files\\AccelOps\\Server\\AoWinAgtMgr.exeUser: ORGC_DOMAIN\\AdministratorProtocol: tcpInitiated: trueSourceIsIpv6: trueSourceIp: 0:0:0:0:0:0:0:1SourceHostname: DC.OrgC_Domain.localSourcePort: 56428SourcePortName: DestinationIsIpv6: trueDestinationIp: 0:0:0:0:0:0:0:1DestinationHostname: DC.OrgC_Domain.localDestinationPort: 443DestinationPortName: https"
192.168.169.59:2017-03-16T11:05:42Z DC.OrgC_Domain.local 192.168.169.59 AccelOps-WUA-WinLog-Microsoft-Windows-Sysmon/Operational [monitorStatus]="Success" [Locale]="en-GB" [MachineGuid]="0031b1cc-f526-488c-bd3b-41b2ff7cd13b" [timeZone]="+0000" [eventName]="Microsoft-Windows-Sysmon/Operational" [eventSource]="Microsoft-Windows-Sysmon" [eventId]="3" [eventType]="Information" [domain]="NT AUTHORITY" [computer]="DC.OrgC_Domain.local" [user]="SYSTEM" [userSID]="S-1-5-18" [userSIDAcctType]="User" [eventTime]="Mar 16 2017 11:05:41" [deviceTime]="Mar 16 2017 11:05:41" [msg]="Network connection detected:UtcTime: 2017-03-16 11:05:40.579ProcessGuid: {0031B1CC-B653-58C6-0000-0010ECB30F00}ProcessId: 3132Image: C:\\Program Files\\AccelOps\\Server\\AoWinAgtMgr.exeUser: ORGC_DOMAIN\\AdministratorProtocol: tcpInitiated: trueSourceIsIpv6: trueSourceIp: 0:0:0:0:0:0:0:1SourceHostname: DC.OrgC_Domain.localSourcePort: 56452SourcePortName: DestinationIsIpv6: trueDestinationIp: 0:0:0:0:0:0:0:1DestinationHostname: DC.OrgC_Domain.localDestinationPort: 443DestinationPortName: https"
192.168.169.59:2017-03-16T11:11:42Z DC.OrgC_Domain.local 192.168.169.59 AccelOps-WUA-WinLog-Microsoft-Windows-Sysmon/Operational [monitorStatus]="Success" [Locale]="en-GB" [MachineGuid]="0031b1cc-f526-488c-bd3b-41b2ff7cd13b" [timeZone]="+0000" [eventName]="Microsoft-Windows-Sysmon/Operational" [eventSource]="Microsoft-Windows-Sysmon" [eventId]="3" [eventType]="Information" [domain]="NT AUTHORITY" [computer]="DC.OrgC_Domain.local" [user]="SYSTEM" [userSID]="S-1-5-18" [userSIDAcctType]="User" [eventTime]="Mar 16 2017 11:11:41" [deviceTime]="Mar 16 2017 11:11:41" [msg]="Network connection detected:UtcTime: 2017-03-16 11:11:40.671ProcessGuid: {0031B1CC-B653-58C6-0000-0010ECB30F00}ProcessId: 3132Image: C:\\Program Files\\AccelOps\\Server\\AoWinAgtMgr.exeUser: ORGC_DOMAIN\\AdministratorProtocol: tcpInitiated: trueSourceIsIpv6: trueSourceIp: 0:0:0:0:0:0:0:1SourceHostname: DC.OrgC_Domain.localSourcePort: 56477SourcePortName: DestinationIsIpv6: trueDestinationIp: 0:0:0:0:0:0:0:1DestinationHostname: DC.OrgC_Domain.localDestinationPort: 443DestinationPortName: https"
192.168.169.59:2017-03-16T11:17:42Z DC.OrgC_Domain.local 192.168.169.59 AccelOps-WUA-WinLog-Microsoft-Windows-Sysmon/Operational [monitorStatus]="Success" [Locale]="en-GB" [MachineGuid]="0031b1cc-f526-488c-bd3b-41b2ff7cd13b" [timeZone]="+0000" [eventName]="Microsoft-Windows-Sysmon/Operational" [eventSource]="Microsoft-Windows-Sysmon" [eventId]="3" [eventType]="Information" [domain]="NT AUTHORITY" [computer]="DC.OrgC_Domain.local" [user]="SYSTEM" [userSID]="S-1-5-18" [userSIDAcctType]="User" [eventTime]="Mar 16 2017 11:17:41" [deviceTime]="Mar 16 2017 11:17:41" [msg]="Network connection detected:UtcTime: 2017-03-16 11:17:40.750ProcessGuid: {0031B1CC-B653-58C6-0000-0010ECB30F00}ProcessId: 3132Image: C:\\Program Files\\AccelOps\\Server\\AoWinAgtMgr.exeUser: ORGC_DOMAIN\\AdministratorProtocol: tcpInitiated: trueSourceIsIpv6: trueSourceIp: 0:0:0:0:0:0:0:1SourceHostname: DC.OrgC_Domain.localSourcePort: 56517SourcePortName: DestinationIsIpv6: trueDestinationIp: 0:0:0:0:0:0:0:1DestinationHostname: DC.OrgC_Domain.localDestinationPort: 443DestinationPortName: https"
192.168.169.59:2017-03-16T11:23:42Z DC.OrgC_Domain.local 192.168.169.59 AccelOps-WUA-WinLog-Microsoft-Windows-Sysmon/Operational [monitorStatus]="Success" [Locale]="en-GB" [MachineGuid]="0031b1cc-f526-488c-bd3b-41b2ff7cd13b" [timeZone]="+0000" [eventName]="Microsoft-Windows-Sysmon/Operational" [eventSource]="Microsoft-Windows-Sysmon" [eventId]="3" [eventType]="Information" [domain]="NT AUTHORITY" [computer]="DC.OrgC_Domain.local" [user]="SYSTEM" [userSID]="S-1-5-18" [userSIDAcctType]="User" [eventTime]="Mar 16 2017 11:23:41" [deviceTime]="Mar 16 2017 11:23:41" [msg]="Network connection detected:UtcTime: 2017-03-16 11:23:40.843ProcessGuid: {0031B1CC-B653-58C6-0000-0010ECB30F00}ProcessId: 3132Image: C:\\Program Files\\AccelOps\\Server\\AoWinAgtMgr.exeUser: ORGC_DOMAIN\\AdministratorProtocol: tcpInitiated: trueSourceIsIpv6: trueSourceIp: 0:0:0:0:0:0:0:1SourceHostname: DC.OrgC_Domain.localSourcePort: 56541SourcePortName: DestinationIsIpv6: trueDestinationIp: 0:0:0:0:0:0:0:1DestinationHostname: DC.OrgC_Domain.localDestinationPort: 443DestinationPortName: https"
192.168.169.59:2017-03-16T11:29:43Z DC.OrgC_Domain.local 192.168.169.59 AccelOps-WUA-WinLog-Microsoft-Windows-Sysmon/Operational [monitorStatus]="Success" [Locale]="en-GB" [MachineGuid]="0031b1cc-f526-488c-bd3b-41b2ff7cd13b" [timeZone]="+0000" [eventName]="Microsoft-Windows-Sysmon/Operational" [eventSource]="Microsoft-Windows-Sysmon" [eventId]="3" [eventType]="Information" [domain]="NT AUTHORITY" [computer]="DC.OrgC_Domain.local" [user]="SYSTEM" [userSID]="S-1-5-18" [userSIDAcctType]="User" [eventTime]="Mar 16 2017 11:29:42" [deviceTime]="Mar 16 2017 11:29:42" [msg]="Network connection detected:UtcTime: 2017-03-16 11:29:41.020ProcessGuid: {0031B1CC-B653-58C6-0000-0010ECB30F00}ProcessId: 3132Image: C:\\Program Files\\AccelOps\\Server\\AoWinAgtMgr.exeUser: ORGC_DOMAIN\\AdministratorProtocol: tcpInitiated: trueSourceIsIpv6: trueSourceIp: 0:0:0:0:0:0:0:1SourceHostname: DC.OrgC_Domain.localSourcePort: 56575SourcePortName: DestinationIsIpv6: trueDestinationIp: 0:0:0:0:0:0:0:1DestinationHostname: DC.OrgC_Domain.localDestinationPort: 443DestinationPortName: https"
192.168.169.59:2017-03-16T11:35:43Z DC.OrgC_Domain.local 192.168.169.59 AccelOps-WUA-WinLog-Microsoft-Windows-Sysmon/Operational [monitorStatus]="Success" [Locale]="en-GB" [MachineGuid]="0031b1cc-f526-488c-bd3b-41b2ff7cd13b" [timeZone]="+0000" [eventName]="Microsoft-Windows-Sysmon/Operational" [eventSource]="Microsoft-Windows-Sysmon" [eventId]="3" [eventType]="Information" [domain]="NT AUTHORITY" [computer]="DC.OrgC_Domain.local" [user]="SYSTEM" [userSID]="S-1-5-18" [userSIDAcctType]="User" [eventTime]="Mar 16 2017 11:35:42" [deviceTime]="Mar 16 2017 11:35:42" [msg]="Network connection detected:UtcTime: 2017-03-16 11:35:41.174ProcessGuid: {0031B1CC-B653-58C6-0000-0010ECB30F00}ProcessId: 3132Image: C:\\Program Files\\AccelOps\\Server\\AoWinAgtMgr.exeUser: ORGC_DOMAIN\\AdministratorProtocol: tcpInitiated: trueSourceIsIpv6: trueSourceIp: 0:0:0:0:0:0:0:1SourceHostname: DC.OrgC_Domain.localSourcePort: 56603SourcePortName: DestinationIsIpv6: trueDestinationIp: 0:0:0:0:0:0:0:1DestinationHostname: DC.OrgC_Domain.localDestinationPort: 443DestinationPortName: https"
192.168.169.59:2017-03-16T11:41:43Z DC.OrgC_Domain.local 192.168.169.59 AccelOps-WUA-WinLog-Microsoft-Windows-Sysmon/Operational [monitorStatus]="Success" [Locale]="en-GB" [MachineGuid]="0031b1cc-f526-488c-bd3b-41b2ff7cd13b" [timeZone]="+0000" [eventName]="Microsoft-Windows-Sysmon/Operational" [eventSource]="Microsoft-Windows-Sysmon" [eventId]="3" [eventType]="Information" [domain]="NT AUTHORITY" [computer]="DC.OrgC_Domain.local" [user]="SYSTEM" [userSID]="S-1-5-18" [userSIDAcctType]="User" [eventTime]="Mar 16 2017 11:41:42" [deviceTime]="Mar 16 2017 11:41:42" [msg]="Network connection detected:UtcTime: 2017-03-16 11:41:41.300ProcessGuid: {0031B1CC-B653-58C6-0000-0010ECB30F00}ProcessId: 3132Image: C:\\Program Files\\AccelOps\\Server\\AoWinAgtMgr.exeUser: ORGC_DOMAIN\\AdministratorProtocol: tcpInitiated: trueSourceIsIpv6: trueSourceIp: 0:0:0:0:0:0:0:1SourceHostname: DC.OrgC_Domain.localSourcePort: 56630SourcePortName: DestinationIsIpv6: trueDestinationIp: 0:0:0:0:0:0:0:1DestinationHostname: DC.OrgC_Domain.localDestinationPort: 443DestinationPortName: https"
192.168.169.59:2017-03-16T11:47:43Z DC.OrgC_Domain.local 192.168.169.59 AccelOps-WUA-WinLog-Microsoft-Windows-Sysmon/Operational [monitorStatus]="Success" [Locale]="en-GB" [MachineGuid]="0031b1cc-f526-488c-bd3b-41b2ff7cd13b" [timeZone]="+0000" [eventName]="Microsoft-Windows-Sysmon/Operational" [eventSource]="Microsoft-Windows-Sysmon" [eventId]="3" [eventType]="Information" [domain]="NT AUTHORITY" [computer]="DC.OrgC_Domain.local" [user]="SYSTEM" [userSID]="S-1-5-18" [userSIDAcctType]="User" [eventTime]="Mar 16 2017 11:47:42" [deviceTime]="Mar 16 2017 11:47:42" [msg]="Network connection detected:UtcTime: 2017-03-16 11:47:41.409ProcessGuid: {0031B1CC-B653-58C6-0000-0010ECB30F00}ProcessId: 3132Image: C:\\Program Files\\AccelOps\\Server\\AoWinAgtMgr.exeUser: ORGC_DOMAIN\\AdministratorProtocol: tcpInitiated: trueSourceIsIpv6: trueSourceIp: 0:0:0:0:0:0:0:1SourceHostname: DC.OrgC_Domain.localSourcePort: 56670SourcePortName: DestinationIsIpv6: trueDestinationIp: 0:0:0:0:0:0:0:1DestinationHostname: DC.OrgC_Domain.localDestinationPort: 443DestinationPortName: https"
192.168.169.59:2017-03-16T11:53:43Z DC.OrgC_Domain.local 192.168.169.59 AccelOps-WUA-WinLog-Microsoft-Windows-Sysmon/Operational [monitorStatus]="Success" [Locale]="en-GB" [MachineGuid]="0031b1cc-f526-488c-bd3b-41b2ff7cd13b" [timeZone]="+0000" [eventName]="Microsoft-Windows-Sysmon/Operational" [eventSource]="Microsoft-Windows-Sysmon" [eventId]="3" [eventType]="Information" [domain]="NT AUTHORITY" [computer]="DC.OrgC_Domain.local" [user]="SYSTEM" [userSID]="S-1-5-18" [userSIDAcctType]="User" [eventTime]="Mar 16 2017 11:53:42" [deviceTime]="Mar 16 2017 11:53:42" [msg]="Network connection detected:UtcTime: 2017-03-16 11:53:41.504ProcessGuid: {0031B1CC-B653-58C6-0000-0010ECB30F00}ProcessId: 3132Image: C:\\Program Files\\AccelOps\\Server\\AoWinAgtMgr.exeUser: ORGC_DOMAIN\\AdministratorProtocol: tcpInitiated: trueSourceIsIpv6: trueSourceIp: 0:0:0:0:0:0:0:1SourceHostname: DC.OrgC_Domain.localSourcePort: 56700SourcePortName: DestinationIsIpv6: trueDestinationIp: 0:0:0:0:0:0:0:1DestinationHostname: DC.OrgC_Domain.localDestinationPort: 443DestinationPortName: https"
192.168.169.59:2017-03-16T11:59:43Z DC.OrgC_Domain.local 192.168.169.59 AccelOps-WUA-WinLog-Microsoft-Windows-Sysmon/Operational [monitorStatus]="Success" [Locale]="en-GB" [MachineGuid]="0031b1cc-f526-488c-bd3b-41b2ff7cd13b" [timeZone]="+0000" [eventName]="Microsoft-Windows-Sysmon/Operational" [eventSource]="Microsoft-Windows-Sysmon" [eventId]="3" [eventType]="Information" [domain]="NT AUTHORITY" [computer]="DC.OrgC_Domain.local" [user]="SYSTEM" [userSID]="S-1-5-18" [userSIDAcctType]="User" [eventTime]="Mar 16 2017 11:59:42" [deviceTime]="Mar 16 2017 11:59:42" [msg]="Network connection detected:UtcTime: 2017-03-16 11:59:41.630ProcessGuid: {0031B1CC-B653-58C6-0000-0010ECB30F00}ProcessId: 3132Image: C:\\Program Files\\AccelOps\\Server\\AoWinAgtMgr.exeUser: ORGC_DOMAIN\\AdministratorProtocol: tcpInitiated: trueSourceIsIpv6: trueSourceIp: 0:0:0:0:0:0:0:1SourceHostname: DC.OrgC_Domain.localSourcePort: 56730SourcePortName: DestinationIsIpv6: trueDestinationIp: 0:0:0:0:0:0:0:1DestinationHostname: DC.OrgC_Domain.localDestinationPort: 443DestinationPortName: https"
192.168.169.59:2017-03-16T12:05:44Z DC.OrgC_Domain.local 192.168.169.59 AccelOps-WUA-WinLog-Microsoft-Windows-Sysmon/Operational [monitorStatus]="Success" [Locale]="en-GB" [MachineGuid]="0031b1cc-f526-488c-bd3b-41b2ff7cd13b" [timeZone]="+0000" [eventName]="Microsoft-Windows-Sysmon/Operational" [eventSource]="Microsoft-Windows-Sysmon" [eventId]="3" [eventType]="Information" [domain]="NT AUTHORITY" [computer]="DC.OrgC_Domain.local" [user]="SYSTEM" [userSID]="S-1-5-18" [userSIDAcctType]="User" [eventTime]="Mar 16 2017 12:05:43" [deviceTime]="Mar 16 2017 12:05:43" [msg]="Network connection detected:UtcTime: 2017-03-16 12:05:41.757ProcessGuid: {0031B1CC-B653-58C6-0000-0010ECB30F00}ProcessId: 3132Image: C:\\Program Files\\AccelOps\\Server\\AoWinAgtMgr.exeUser: ORGC_DOMAIN\\AdministratorProtocol: tcpInitiated: trueSourceIsIpv6: trueSourceIp: 0:0:0:0:0:0:0:1SourceHostname: DC.OrgC_Domain.localSourcePort: 56772SourcePortName: DestinationIsIpv6: trueDestinationIp: 0:0:0:0:0:0:0:1DestinationHostname: DC.OrgC_Domain.localDestinationPort: 443DestinationPortName: https"
192.168.169.59:2017-03-16T12:11:44Z DC.OrgC_Domain.local 192.168.169.59 AccelOps-WUA-WinLog-Microsoft-Windows-Sysmon/Operational [monitorStatus]="Success" [Locale]="en-GB" [MachineGuid]="0031b1cc-f526-488c-bd3b-41b2ff7cd13b" [timeZone]="+0000" [eventName]="Microsoft-Windows-Sysmon/Operational" [eventSource]="Microsoft-Windows-Sysmon" [eventId]="3" [eventType]="Information" [domain]="NT AUTHORITY" [computer]="DC.OrgC_Domain.local" [user]="SYSTEM" [userSID]="S-1-5-18" [userSIDAcctType]="User" [eventTime]="Mar 16 2017 12:11:43" [deviceTime]="Mar 16 2017 12:11:43" [msg]="Network connection detected:UtcTime: 2017-03-16 12:11:41.850ProcessGuid: {0031B1CC-B653-58C6-0000-0010ECB30F00}ProcessId: 3132Image: C:\\Program Files\\AccelOps\\Server\\AoWinAgtMgr.exeUser: ORGC_DOMAIN\\AdministratorProtocol: tcpInitiated: trueSourceIsIpv6: trueSourceIp: 0:0:0:0:0:0:0:1SourceHostname: DC.OrgC_Domain.localSourcePort: 56797SourcePortName: DestinationIsIpv6: trueDestinationIp: 0:0:0:0:0:0:0:1DestinationHostname: DC.OrgC_Domain.localDestinationPort: 443DestinationPortName: https"
192.168.169.59:2017-03-16T12:17:44Z DC.OrgC_Domain.local 192.168.169.59 AccelOps-WUA-WinLog-Microsoft-Windows-Sysmon/Operational [monitorStatus]="Success" [Locale]="en-GB" [MachineGuid]="0031b1cc-f526-488c-bd3b-41b2ff7cd13b" [timeZone]="+0000" [eventName]="Microsoft-Windows-Sysmon/Operational" [eventSource]="Microsoft-Windows-Sysmon" [eventId]="3" [eventType]="Information" [domain]="NT AUTHORITY" [computer]="DC.OrgC_Domain.local" [user]="SYSTEM" [userSID]="S-1-5-18" [userSIDAcctType]="User" [eventTime]="Mar 16 2017 12:17:43" [deviceTime]="Mar 16 2017 12:17:43" [msg]="Network connection detected:UtcTime: 2017-03-16 12:17:41.896ProcessGuid: {0031B1CC-B653-58C6-0000-0010ECB30F00}ProcessId: 3132Image: C:\\Program Files\\AccelOps\\Server\\AoWinAgtMgr.exeUser: ORGC_DOMAIN\\AdministratorProtocol: tcpInitiated: trueSourceIsIpv6: trueSourceIp: 0:0:0:0:0:0:0:1SourceHostname: DC.OrgC_Domain.localSourcePort: 56824SourcePortName: DestinationIsIpv6: trueDestinationIp: 0:0:0:0:0:0:0:1DestinationHostname: DC.OrgC_Domain.localDestinationPort: 443DestinationPortName: https"
192.168.169.59:2017-03-16T12:23:44Z DC.OrgC_Domain.local 192.168.169.59 AccelOps-WUA-WinLog-Microsoft-Windows-Sysmon/Operational [monitorStatus]="Success" [Locale]="en-GB" [MachineGuid]="0031b1cc-f526-488c-bd3b-41b2ff7cd13b" [timeZone]="+0000" [eventName]="Microsoft-Windows-Sysmon/Operational" [eventSource]="Microsoft-Windows-Sysmon" [eventId]="3" [eventType]="Information" [domain]="NT AUTHORITY" [computer]="DC.OrgC_Domain.local" [user]="SYSTEM" [userSID]="S-1-5-18" [userSIDAcctType]="User" [eventTime]="Mar 16 2017 12:23:43" [deviceTime]="Mar 16 2017 12:23:43" [msg]="Network connection detected:UtcTime: 2017-03-16 12:23:41.992ProcessGuid: {0031B1CC-B653-58C6-0000-0010ECB30F00}ProcessId: 3132Image: C:\\Program Files\\AccelOps\\Server\\AoWinAgtMgr.exeUser: ORGC_DOMAIN\\AdministratorProtocol: tcpInitiated: trueSourceIsIpv6: trueSourceIp: 0:0:0:0:0:0:0:1SourceHostname: DC.OrgC_Domain.localSourcePort: 56859SourcePortName: DestinationIsIpv6: trueDestinationIp: 0:0:0:0:0:0:0:1DestinationHostname: DC.OrgC_Domain.localDestinationPort: 443DestinationPortName: https"
192.168.169.59:2017-03-16T12:29:44Z DC.OrgC_Domain.local 192.168.169.59 AccelOps-WUA-WinLog-Microsoft-Windows-Sysmon/Operational [monitorStatus]="Success" [Locale]="en-GB" [MachineGuid]="0031b1cc-f526-488c-bd3b-41b2ff7cd13b" [timeZone]="+0000" [eventName]="Microsoft-Windows-Sysmon/Operational" [eventSource]="Microsoft-Windows-Sysmon" [eventId]="3" [eventType]="Information" [domain]="NT AUTHORITY" [computer]="DC.OrgC_Domain.local" [user]="SYSTEM" [userSID]="S-1-5-18" [userSIDAcctType]="User" [eventTime]="Mar 16 2017 12:29:43" [deviceTime]="Mar 16 2017 12:29:43" [msg]="Network connection detected:UtcTime: 2017-03-16 12:29:42.071ProcessGuid: {0031B1CC-B653-58C6-0000-0010ECB30F00}ProcessId: 3132Image: C:\\Program Files\\AccelOps\\Server\\AoWinAgtMgr.exeUser: ORGC_DOMAIN\\AdministratorProtocol: tcpInitiated: trueSourceIsIpv6: trueSourceIp: 0:0:0:0:0:0:0:1SourceHostname: DC.OrgC_Domain.localSourcePort: 56890SourcePortName: DestinationIsIpv6: trueDestinationIp: 0:0:0:0:0:0:0:1DestinationHostname: DC.OrgC_Domain.localDestinationPort: 443DestinationPortName: https"
192.168.169.59:2017-03-16T12:35:44Z DC.OrgC_Domain.local 192.168.169.59 AccelOps-WUA-WinLog-Microsoft-Windows-Sysmon/Operational [monitorStatus]="Success" [Locale]="en-GB" [MachineGuid]="0031b1cc-f526-488c-bd3b-41b2ff7cd13b" [timeZone]="+0000" [eventName]="Microsoft-Windows-Sysmon/Operational" [eventSource]="Microsoft-Windows-Sysmon" [eventId]="3" [eventType]="Information" [domain]="NT AUTHORITY" [computer]="DC.OrgC_Domain.local" [user]="SYSTEM" [userSID]="S-1-5-18" [userSIDAcctType]="User" [eventTime]="Mar 16 2017 12:35:43" [deviceTime]="Mar 16 2017 12:35:43" [msg]="Network connection detected:UtcTime: 2017-03-16 12:35:42.164ProcessGuid: {0031B1CC-B653-58C6-0000-0010ECB30F00}ProcessId: 3132Image: C:\\Program Files\\AccelOps\\Server\\AoWinAgtMgr.exeUser: ORGC_DOMAIN\\AdministratorProtocol: tcpInitiated: trueSourceIsIpv6: trueSourceIp: 0:0:0:0:0:0:0:1SourceHostname: DC.OrgC_Domain.localSourcePort: 56934SourcePortName: DestinationIsIpv6: trueDestinationIp: 0:0:0:0:0:0:0:1DestinationHostname: DC.OrgC_Domain.localDestinationPort: 443DestinationPortName: https"
192.168.169.59:2017-03-16T12:41:44Z DC.OrgC_Domain.local 192.168.169.59 AccelOps-WUA-WinLog-Microsoft-Windows-Sysmon/Operational [monitorStatus]="Success" [Locale]="en-GB" [MachineGuid]="0031b1cc-f526-488c-bd3b-41b2ff7cd13b" [timeZone]="+0000" [eventName]="Microsoft-Windows-Sysmon/Operational" [eventSource]="Microsoft-Windows-Sysmon" [eventId]="3" [eventType]="Information" [domain]="NT AUTHORITY" [computer]="DC.OrgC_Domain.local" [user]="SYSTEM" [userSID]="S-1-5-18" [userSIDAcctType]="User" [eventTime]="Mar 16 2017 12:41:43" [deviceTime]="Mar 16 2017 12:41:43" [msg]="Network connection detected:UtcTime: 2017-03-16 12:41:42.276ProcessGuid: {0031B1CC-B653-58C6-0000-0010ECB30F00}ProcessId: 3132Image: C:\\Program Files\\AccelOps\\Server\\AoWinAgtMgr.exeUser: ORGC_DOMAIN\\AdministratorProtocol: tcpInitiated: trueSourceIsIpv6: trueSourceIp: 0:0:0:0:0:0:0:1SourceHostname: DC.OrgC_Domain.localSourcePort: 56965SourcePortName: DestinationIsIpv6: trueDestinationIp: 0:0:0:0:0:0:0:1DestinationHostname: DC.OrgC_Domain.localDestinationPort: 443DestinationPortName: https"
192.168.169.59:2017-03-16T12:41:44Z DC.OrgC_Domain.local 192.168.169.59 AccelOps-WUA-WinLog-Microsoft-Windows-Sysmon/Operational [monitorStatus]="Success" [Locale]="en-GB" [MachineGuid]="0031b1cc-f526-488c-bd3b-41b2ff7cd13b" [timeZone]="+0000" [eventName]="Microsoft-Windows-Sysmon/Operational" [eventSource]="Microsoft-Windows-Sysmon" [eventId]="3" [eventType]="Information" [domain]="NT AUTHORITY" [computer]="DC.OrgC_Domain.local" [user]="SYSTEM" [userSID]="S-1-5-18" [userSIDAcctType]="User" [eventTime]="Mar 16 2017 12:41:43" [deviceTime]="Mar 16 2017 12:41:43" [msg]="Network connection detected:UtcTime: 2017-03-16 12:41:42.276ProcessGuid: {0031B1CC-B653-58C6-0000-0010ECB30F00}ProcessId: 3132Image: C:\\Program Files\\AccelOps\\Server\\AoWinAgtMgr.exeUser: ORGC_DOMAIN\\AdministratorProtocol: tcpInitiated: trueSourceIsIpv6: trueSourceIp: 0:0:0:0:0:0:0:1SourceHostname: DC.OrgC_Domain.localSourcePort: 56965SourcePortName: DestinationIsIpv6: trueDestinationIp: 0:0:0:0:0:0:0:1DestinationHostname: DC.OrgC_Domain.localDestinationPort: 443DestinationPortName: https"
192.168.169.59:2017-03-16T12:47:44Z DC.OrgC_Domain.local 192.168.169.59 AccelOps-WUA-WinLog-Microsoft-Windows-Sysmon/Operational [monitorStatus]="Success" [Locale]="en-GB" [MachineGuid]="0031b1cc-f526-488c-bd3b-41b2ff7cd13b" [timeZone]="+0000" [eventName]="Microsoft-Windows-Sysmon/Operational" [eventSource]="Microsoft-Windows-Sysmon" [eventId]="3" [eventType]="Information" [domain]="NT AUTHORITY" [computer]="DC.OrgC_Domain.local" [user]="SYSTEM" [userSID]="S-1-5-18" [userSIDAcctType]="User" [eventTime]="Mar 16 2017 12:47:43" [deviceTime]="Mar 16 2017 12:47:43" [msg]="Network connection detected:UtcTime: 2017-03-16 12:47:42.354ProcessGuid: {0031B1CC-B653-58C6-0000-0010ECB30F00}ProcessId: 3132Image: C:\\Program Files\\AccelOps\\Server\\AoWinAgtMgr.exeUser: ORGC_DOMAIN\\AdministratorProtocol: tcpInitiated: trueSourceIsIpv6: trueSourceIp: 0:0:0:0:0:0:0:1SourceHostname: DC.OrgC_Domain.localSourcePort: 56995SourcePortName: DestinationIsIpv6: trueDestinationIp: 0:0:0:0:0:0:0:1DestinationHostname: DC.OrgC_Domain.localDestinationPort: 443DestinationPortName: https"
192.168.169.59:2017-03-16T12:53:44Z DC.OrgC_Domain.local 192.168.169.59 AccelOps-WUA-WinLog-Microsoft-Windows-Sysmon/Operational [monitorStatus]="Success" [Locale]="en-GB" [MachineGuid]="0031b1cc-f526-488c-bd3b-41b2ff7cd13b" [timeZone]="+0000" [eventName]="Microsoft-Windows-Sysmon/Operational" [eventSource]="Microsoft-Windows-Sysmon" [eventId]="3" [eventType]="Information" [domain]="NT AUTHORITY" [computer]="DC.OrgC_Domain.local" [user]="SYSTEM" [userSID]="S-1-5-18" [userSIDAcctType]="User" [eventTime]="Mar 16 2017 12:53:43" [deviceTime]="Mar 16 2017 12:53:43" [msg]="Network connection detected:UtcTime: 2017-03-16 12:53:42.463ProcessGuid: {0031B1CC-B653-58C6-0000-0010ECB30F00}ProcessId: 3132Image: C:\\Program Files\\AccelOps\\Server\\AoWinAgtMgr.exeUser: ORGC_DOMAIN\\AdministratorProtocol: tcpInitiated: trueSourceIsIpv6: trueSourceIp: 0:0:0:0:0:0:0:1SourceHostname: DC.OrgC_Domain.localSourcePort: 57036SourcePortName: DestinationIsIpv6: trueDestinationIp: 0:0:0:0:0:0:0:1DestinationHostname: DC.OrgC_Domain.localDestinationPort: 443DestinationPortName: https"
192.168.169.59:2017-03-16T12:59:44Z DC.OrgC_Domain.local 192.168.169.59 AccelOps-WUA-WinLog-Microsoft-Windows-Sysmon/Operational [monitorStatus]="Success" [Locale]="en-GB" [MachineGuid]="0031b1cc-f526-488c-bd3b-41b2ff7cd13b" [timeZone]="+0000" [eventName]="Microsoft-Windows-Sysmon/Operational" [eventSource]="Microsoft-Windows-Sysmon" [eventId]="3" [eventType]="Information" [domain]="NT AUTHORITY" [computer]="DC.OrgC_Domain.local" [user]="SYSTEM" [userSID]="S-1-5-18" [userSIDAcctType]="User" [eventTime]="Mar 16 2017 12:59:43" [deviceTime]="Mar 16 2017 12:59:43" [msg]="Network connection detected:UtcTime: 2017-03-16 12:59:42.559ProcessGuid: {0031B1CC-B653-58C6-0000-0010ECB30F00}ProcessId: 3132Image: C:\\Program Files\\AccelOps\\Server\\AoWinAgtMgr.exeUser: ORGC_DOMAIN\\AdministratorProtocol: tcpInitiated: trueSourceIsIpv6: trueSourceIp: 0:0:0:0:0:0:0:1SourceHostname: DC.OrgC_Domain.localSourcePort: 57066SourcePortName: DestinationIsIpv6: trueDestinationIp: 0:0:0:0:0:0:0:1DestinationHostname: DC.OrgC_Domain.localDestinationPort: 443DestinationPortName: https"
192.168.169.59:2017-03-16T13:05:44Z DC.OrgC_Domain.local 192.168.169.59 AccelOps-WUA-WinLog-Microsoft-Windows-Sysmon/Operational [monitorStatus]="Success" [Locale]="en-GB" [MachineGuid]="0031b1cc-f526-488c-bd3b-41b2ff7cd13b" [timeZone]="+0000" [eventName]="Microsoft-Windows-Sysmon/Operational" [eventSource]="Microsoft-Windows-Sysmon" [eventId]="3" [eventType]="Information" [domain]="NT AUTHORITY" [computer]="DC.OrgC_Domain.local" [user]="SYSTEM" [userSID]="S-1-5-18" [userSIDAcctType]="User" [eventTime]="Mar 16 2017 13:05:43" [deviceTime]="Mar 16 2017 13:05:43" [msg]="Network connection detected:UtcTime: 2017-03-16 13:05:42.652ProcessGuid: {0031B1CC-B653-58C6-0000-0010ECB30F00}ProcessId: 3132Image: C:\\Program Files\\AccelOps\\Server\\AoWinAgtMgr.exeUser: ORGC_DOMAIN\\AdministratorProtocol: tcpInitiated: trueSourceIsIpv6: trueSourceIp: 0:0:0:0:0:0:0:1SourceHostname: DC.OrgC_Domain.localSourcePort: 57112SourcePortName: DestinationIsIpv6: trueDestinationIp: 0:0:0:0:0:0:0:1DestinationHostname: DC.OrgC_Domain.localDestinationPort: 443DestinationPortName: https"
192.168.169.59:2017-03-16T13:11:44Z DC.OrgC_Domain.local 192.168.169.59 AccelOps-WUA-WinLog-Microsoft-Windows-Sysmon/Operational [monitorStatus]="Success" [Locale]="en-GB" [MachineGuid]="0031b1cc-f526-488c-bd3b-41b2ff7cd13b" [timeZone]="+0000" [eventName]="Microsoft-Windows-Sysmon/Operational" [eventSource]="Microsoft-Windows-Sysmon" [eventId]="3" [eventType]="Information" [domain]="NT AUTHORITY" [computer]="DC.OrgC_Domain.local" [user]="SYSTEM" [userSID]="S-1-5-18" [userSIDAcctType]="User" [eventTime]="Mar 16 2017 13:11:43" [deviceTime]="Mar 16 2017 13:11:43" [msg]="Network connection detected:UtcTime: 2017-03-16 13:11:42.749ProcessGuid: {0031B1CC-B653-58C6-0000-0010ECB30F00}ProcessId: 3132Image: C:\\Program Files\\AccelOps\\Server\\AoWinAgtMgr.exeUser: ORGC_DOMAIN\\AdministratorProtocol: tcpInitiated: trueSourceIsIpv6: trueSourceIp: 0:0:0:0:0:0:0:1SourceHostname: DC.OrgC_Domain.localSourcePort: 57154SourcePortName: DestinationIsIpv6: trueDestinationIp: 0:0:0:0:0:0:0:1DestinationHostname: DC.OrgC_Domain.localDestinationPort: 443DestinationPortName: https"
192.168.169.59:2017-03-16T13:17:44Z DC.OrgC_Domain.local 192.168.169.59 AccelOps-WUA-WinLog-Microsoft-Windows-Sysmon/Operational [monitorStatus]="Success" [Locale]="en-GB" [MachineGuid]="0031b1cc-f526-488c-bd3b-41b2ff7cd13b" [timeZone]="+0000" [eventName]="Microsoft-Windows-Sysmon/Operational" [eventSource]="Microsoft-Windows-Sysmon" [eventId]="3" [eventType]="Information" [domain]="NT AUTHORITY" [computer]="DC.OrgC_Domain.local" [user]="SYSTEM" [userSID]="S-1-5-18" [userSIDAcctType]="User" [eventTime]="Mar 16 2017 13:17:43" [deviceTime]="Mar 16 2017 13:17:43" [msg]="Network connection detected:UtcTime: 2017-03-16 13:17:42.874ProcessGuid: {0031B1CC-B653-58C6-0000-0010ECB30F00}ProcessId: 3132Image: C:\\Program Files\\AccelOps\\Server\\AoWinAgtMgr.exeUser: ORGC_DOMAIN\\AdministratorProtocol: tcpInitiated: trueSourceIsIpv6: trueSourceIp: 0:0:0:0:0:0:0:1SourceHostname: DC.OrgC_Domain.localSourcePort: 57181SourcePortName: DestinationIsIpv6: trueDestinationIp: 0:0:0:0:0:0:0:1DestinationHostname: DC.OrgC_Domain.localDestinationPort: 443DestinationPortName: https"
192.168.169.59:2017-03-16T13:23:45Z DC.OrgC_Domain.local 192.168.169.59 AccelOps-WUA-WinLog-Microsoft-Windows-Sysmon/Operational [monitorStatus]="Success" [Locale]="en-GB" [MachineGuid]="0031b1cc-f526-488c-bd3b-41b2ff7cd13b" [timeZone]="+0000" [eventName]="Microsoft-Windows-Sysmon/Operational" [eventSource]="Microsoft-Windows-Sysmon" [eventId]="3" [eventType]="Information" [domain]="NT AUTHORITY" [computer]="DC.OrgC_Domain.local" [user]="SYSTEM" [userSID]="S-1-5-18" [userSIDAcctType]="User" [eventTime]="Mar 16 2017 13:23:44" [deviceTime]="Mar 16 2017 13:23:44" [msg]="Network connection detected:UtcTime: 2017-03-16 13:23:42.951ProcessGuid: {0031B1CC-B653-58C6-0000-0010ECB30F00}ProcessId: 3132Image: C:\\Program Files\\AccelOps\\Server\\AoWinAgtMgr.exeUser: ORGC_DOMAIN\\AdministratorProtocol: tcpInitiated: trueSourceIsIpv6: trueSourceIp: 0:0:0:0:0:0:0:1SourceHostname: DC.OrgC_Domain.localSourcePort: 57208SourcePortName: DestinationIsIpv6: trueDestinationIp: 0:0:0:0:0:0:0:1DestinationHostname: DC.OrgC_Domain.localDestinationPort: 443DestinationPortName: https"
192.168.169.59:2017-03-16T13:29:45Z DC.OrgC_Domain.local 192.168.169.59 AccelOps-WUA-WinLog-Microsoft-Windows-Sysmon/Operational [monitorStatus]="Success" [Locale]="en-GB" [MachineGuid]="0031b1cc-f526-488c-bd3b-41b2ff7cd13b" [timeZone]="+0000" [eventName]="Microsoft-Windows-Sysmon/Operational" [eventSource]="Microsoft-Windows-Sysmon" [eventId]="3" [eventType]="Information" [domain]="NT AUTHORITY" [computer]="DC.OrgC_Domain.local" [user]="SYSTEM" [userSID]="S-1-5-18" [userSIDAcctType]="User" [eventTime]="Mar 16 2017 13:29:44" [deviceTime]="Mar 16 2017 13:29:44" [msg]="Network connection detected:UtcTime: 2017-03-16 13:29:43.029ProcessGuid: {0031B1CC-B653-58C6-0000-0010ECB30F00}ProcessId: 3132Image: C:\\Program Files\\AccelOps\\Server\\AoWinAgtMgr.exeUser: ORGC_DOMAIN\\AdministratorProtocol: tcpInitiated: trueSourceIsIpv6: trueSourceIp: 0:0:0:0:0:0:0:1SourceHostname: DC.OrgC_Domain.localSourcePort: 57244SourcePortName: DestinationIsIpv6: trueDestinationIp: 0:0:0:0:0:0:0:1DestinationHostname: DC.OrgC_Domain.localDestinationPort: 443DestinationPortName: https"
192.168.169.59:2017-03-16T13:35:45Z DC.OrgC_Domain.local 192.168.169.59 AccelOps-WUA-WinLog-Microsoft-Windows-Sysmon/Operational [monitorStatus]="Success" [Locale]="en-GB" [MachineGuid]="0031b1cc-f526-488c-bd3b-41b2ff7cd13b" [timeZone]="+0000" [eventName]="Microsoft-Windows-Sysmon/Operational" [eventSource]="Microsoft-Windows-Sysmon" [eventId]="3" [eventType]="Information" [domain]="NT AUTHORITY" [computer]="DC.OrgC_Domain.local" [user]="SYSTEM" [userSID]="S-1-5-18" [userSIDAcctType]="User" [eventTime]="Mar 16 2017 13:35:44" [deviceTime]="Mar 16 2017 13:35:44" [msg]="Network connection detected:UtcTime: 2017-03-16 13:35:43.315ProcessGuid: {0031B1CC-B653-58C6-0000-0010ECB30F00}ProcessId: 3132Image: C:\\Program Files\\AccelOps\\Server\\AoWinAgtMgr.exeUser: ORGC_DOMAIN\\AdministratorProtocol: tcpInitiated: trueSourceIsIpv6: trueSourceIp: 0:0:0:0:0:0:0:1SourceHostname: DC.OrgC_Domain.localSourcePort: 57286SourcePortName: DestinationIsIpv6: trueDestinationIp: 0:0:0:0:0:0:0:1DestinationHostname: DC.OrgC_Domain.localDestinationPort: 443DestinationPortName: https"
192.168.169.59:2017-03-16T13:41:45Z DC.OrgC_Domain.local 192.168.169.59 AccelOps-WUA-WinLog-Microsoft-Windows-Sysmon/Operational [monitorStatus]="Success" [Locale]="en-GB" [MachineGuid]="0031b1cc-f526-488c-bd3b-41b2ff7cd13b" [timeZone]="+0000" [eventName]="Microsoft-Windows-Sysmon/Operational" [eventSource]="Microsoft-Windows-Sysmon" [eventId]="3" [eventType]="Information" [domain]="NT AUTHORITY" [computer]="DC.OrgC_Domain.local" [user]="SYSTEM" [userSID]="S-1-5-18" [userSIDAcctType]="User" [eventTime]="Mar 16 2017 13:41:44" [deviceTime]="Mar 16 2017 13:41:44" [msg]="Network connection detected:UtcTime: 2017-03-16 13:41:43.423ProcessGuid: {0031B1CC-B653-58C6-0000-0010ECB30F00}ProcessId: 3132Image: C:\\Program Files\\AccelOps\\Server\\AoWinAgtMgr.exeUser: ORGC_DOMAIN\\AdministratorProtocol: tcpInitiated: trueSourceIsIpv6: trueSourceIp: 0:0:0:0:0:0:0:1SourceHostname: DC.OrgC_Domain.localSourcePort: 57342SourcePortName: DestinationIsIpv6: trueDestinationIp: 0:0:0:0:0:0:0:1DestinationHostname: DC.OrgC_Domain.localDestinationPort: 443DestinationPortName: https"
