192.168.169.59:2017-03-14T22:44:42Z DC.OrgC_Domain.local 192.168.169.59 AccelOps-WUA-WinLog-Microsoft-Windows-Sysmon/Operational [monitorStatus]="Success" [Locale]="en-GB" [MachineGuid]="0031b1cc-f526-488c-bd3b-41b2ff7cd13b" [timeZone]="+0000" [eventName]="Microsoft-Windows-Sysmon/Operational" [eventSource]="Microsoft-Windows-Sysmon" [eventId]="3" [eventType]="Information" [domain]="NT AUTHORITY" [computer]="DC.OrgC_Domain.local" [user]="SYSTEM" [userSID]="S-1-5-18" [userSIDAcctType]="User" [eventTime]="Mar 14 2017 22:44:41" [deviceTime]="Mar 14 2017 22:44:41" [msg]="Network connection detected:UtcTime: 2017-03-14 22:44:40.374ProcessGuid: {0031B1CC-B653-58C6-0000-0010ECB30F00}ProcessId: 3132Image: C:\\Program Files\\AccelOps\\Server\\AoWinAgtMgr.exeUser: ORGC_DOMAIN\\AdministratorProtocol: tcpInitiated: trueSourceIsIpv6: trueSourceIp: 0:0:0:0:0:0:0:1SourceHostname: DC.OrgC_Domain.localSourcePort: 64065SourcePortName: DestinationIsIpv6: trueDestinationIp: 0:0:0:0:0:0:0:1DestinationHostname: DC.OrgC_Domain.localDestinationPort: 443DestinationPortName: https"
192.168.169.59:2017-03-14T22:47:01Z DC.OrgC_Domain.local 192.168.169.59 AccelOps-WUA-WinLog-Microsoft-Windows-Sysmon/Operational [monitorStatus]="Success" [Locale]="en-GB" [MachineGuid]="0031b1cc-f526-488c-bd3b-41b2ff7cd13b" [timeZone]="+0000" [eventName]="Microsoft-Windows-Sysmon/Operational" [eventSource]="Microsoft-Windows-Sysmon" [eventId]="3" [eventType]="Information" [domain]="NT AUTHORITY" [computer]="DC.OrgC_Domain.local" [user]="SYSTEM" [userSID]="S-1-5-18" [userSIDAcctType]="User" [eventTime]="Mar 14 2017 22:47:00" [deviceTime]="Mar 14 2017 22:47:00" [msg]="Network connection detected:UtcTime: 2017-03-14 22:46:59.333ProcessGuid: {0031B1CC-B653-58C6-0000-0010ECB30F00}ProcessId: 3132Image: C:\\Program Files\\AccelOps\\Server\\AoWinAgtMgr.exeUser: ORGC_DOMAIN\\AdministratorProtocol: tcpInitiated: trueSourceIsIpv6: trueSourceIp: 0:0:0:0:0:0:0:1SourceHostname: DC.OrgC_Domain.localSourcePort: 64077SourcePortName: DestinationIsIpv6: trueDestinationIp: 0:0:0:0:0:0:0:1DestinationHostname: DC.OrgC_Domain.localDestinationPort: 443DestinationPortName: https"
192.168.169.59:2017-03-14T22:50:42Z DC.OrgC_Domain.local 192.168.169.59 AccelOps-WUA-WinLog-Microsoft-Windows-Sysmon/Operational [monitorStatus]="Success" [Locale]="en-GB" [MachineGuid]="0031b1cc-f526-488c-bd3b-41b2ff7cd13b" [timeZone]="+0000" [eventName]="Microsoft-Windows-Sysmon/Operational" [eventSource]="Microsoft-Windows-Sysmon" [eventId]="3" [eventType]="Information" [domain]="NT AUTHORITY" [computer]="DC.OrgC_Domain.local" [user]="SYSTEM" [userSID]="S-1-5-18" [userSIDAcctType]="User" [eventTime]="Mar 14 2017 22:50:41" [deviceTime]="Mar 14 2017 22:50:41" [msg]="Network connection detected:UtcTime: 2017-03-14 22:50:40.467ProcessGuid: {0031B1CC-B653-58C6-0000-0010ECB30F00}ProcessId: 3132Image: C:\\Program Files\\AccelOps\\Server\\AoWinAgtMgr.exeUser: ORGC_DOMAIN\\AdministratorProtocol: tcpInitiated: trueSourceIsIpv6: trueSourceIp: 0:0:0:0:0:0:0:1SourceHostname: DC.OrgC_Domain.localSourcePort: 64091SourcePortName: DestinationIsIpv6: trueDestinationIp: 0:0:0:0:0:0:0:1DestinationHostname: DC.OrgC_Domain.localDestinationPort: 443DestinationPortName: https"
192.168.169.59:2017-03-14T22:53:01Z DC.OrgC_Domain.local 192.168.169.59 AccelOps-WUA-WinLog-Microsoft-Windows-Sysmon/Operational [monitorStatus]="Success" [Locale]="en-GB" [MachineGuid]="0031b1cc-f526-488c-bd3b-41b2ff7cd13b" [timeZone]="+0000" [eventName]="Microsoft-Windows-Sysmon/Operational" [eventSource]="Microsoft-Windows-Sysmon" [eventId]="3" [eventType]="Information" [domain]="NT AUTHORITY" [computer]="DC.OrgC_Domain.local" [user]="SYSTEM" [userSID]="S-1-5-18" [userSIDAcctType]="User" [eventTime]="Mar 14 2017 22:53:00" [deviceTime]="Mar 14 2017 22:53:00" [msg]="Network connection detected:UtcTime: 2017-03-14 22:52:59.451ProcessGuid: {0031B1CC-B653-58C6-0000-0010ECB30F00}ProcessId: 3132Image: C:\\Program Files\\AccelOps\\Server\\AoWinAgtMgr.exeUser: ORGC_DOMAIN\\AdministratorProtocol: tcpInitiated: trueSourceIsIpv6: trueSourceIp: 0:0:0:0:0:0:0:1SourceHostname: DC.OrgC_Domain.localSourcePort: 64114SourcePortName: DestinationIsIpv6: trueDestinationIp: 0:0:0:0:0:0:0:1DestinationHostname: DC.OrgC_Domain.localDestinationPort: 443DestinationPortName: https"
192.168.169.59:2017-03-14T22:56:42Z DC.OrgC_Domain.local 192.168.169.59 AccelOps-WUA-WinLog-Microsoft-Windows-Sysmon/Operational [monitorStatus]="Success" [Locale]="en-GB" [MachineGuid]="0031b1cc-f526-488c-bd3b-41b2ff7cd13b" [timeZone]="+0000" [eventName]="Microsoft-Windows-Sysmon/Operational" [eventSource]="Microsoft-Windows-Sysmon" [eventId]="3" [eventType]="Information" [domain]="NT AUTHORITY" [computer]="DC.OrgC_Domain.local" [user]="SYSTEM" [userSID]="S-1-5-18" [userSIDAcctType]="User" [eventTime]="Mar 14 2017 22:56:41" [deviceTime]="Mar 14 2017 22:56:41" [msg]="Network connection detected:UtcTime: 2017-03-14 22:56:40.529ProcessGuid: {0031B1CC-B653-58C6-0000-0010ECB30F00}ProcessId: 3132Image: C:\\Program Files\\AccelOps\\Server\\AoWinAgtMgr.exeUser: ORGC_DOMAIN\\AdministratorProtocol: tcpInitiated: trueSourceIsIpv6: trueSourceIp: 0:0:0:0:0:0:0:1SourceHostname: DC.OrgC_Domain.localSourcePort: 64128SourcePortName: DestinationIsIpv6: trueDestinationIp: 0:0:0:0:0:0:0:1DestinationHostname: DC.OrgC_Domain.localDestinationPort: 443DestinationPortName: https"
192.168.169.59:2017-03-14T22:59:01Z DC.OrgC_Domain.local 192.168.169.59 AccelOps-WUA-WinLog-Microsoft-Windows-Sysmon/Operational [monitorStatus]="Success" [Locale]="en-GB" [MachineGuid]="0031b1cc-f526-488c-bd3b-41b2ff7cd13b" [timeZone]="+0000" [eventName]="Microsoft-Windows-Sysmon/Operational" [eventSource]="Microsoft-Windows-Sysmon" [eventId]="3" [eventType]="Information" [domain]="NT AUTHORITY" [computer]="DC.OrgC_Domain.local" [user]="SYSTEM" [userSID]="S-1-5-18" [userSIDAcctType]="User" [eventTime]="Mar 14 2017 22:59:00" [deviceTime]="Mar 14 2017 22:59:00" [msg]="Network connection detected:UtcTime: 2017-03-14 22:58:59.576ProcessGuid: {0031B1CC-B653-58C6-0000-0010ECB30F00}ProcessId: 3132Image: C:\\Program Files\\AccelOps\\Server\\AoWinAgtMgr.exeUser: ORGC_DOMAIN\\AdministratorProtocol: tcpInitiated: trueSourceIsIpv6: trueSourceIp: 0:0:0:0:0:0:0:1SourceHostname: DC.OrgC_Domain.localSourcePort: 64154SourcePortName: DestinationIsIpv6: trueDestinationIp: 0:0:0:0:0:0:0:1DestinationHostname: DC.OrgC_Domain.localDestinationPort: 443DestinationPortName: https"
192.168.169.59:2017-03-14T23:02:42Z DC.OrgC_Domain.local 192.168.169.59 AccelOps-WUA-WinLog-Microsoft-Windows-Sysmon/Operational [monitorStatus]="Success" [Locale]="en-GB" [MachineGuid]="0031b1cc-f526-488c-bd3b-41b2ff7cd13b" [timeZone]="+0000" [eventName]="Microsoft-Windows-Sysmon/Operational" [eventSource]="Microsoft-Windows-Sysmon" [eventId]="3" [eventType]="Information" [domain]="NT AUTHORITY" [computer]="DC.OrgC_Domain.local" [user]="SYSTEM" [userSID]="S-1-5-18" [userSIDAcctType]="User" [eventTime]="Mar 14 2017 23:02:41" [deviceTime]="Mar 14 2017 23:02:41" [msg]="Network connection detected:UtcTime: 2017-03-14 23:02:40.594ProcessGuid: {0031B1CC-B653-58C6-0000-0010ECB30F00}ProcessId: 3132Image: C:\\Program Files\\AccelOps\\Server\\AoWinAgtMgr.exeUser: ORGC_DOMAIN\\AdministratorProtocol: tcpInitiated: trueSourceIsIpv6: trueSourceIp: 0:0:0:0:0:0:0:1SourceHostname: DC.OrgC_Domain.localSourcePort: 64184SourcePortName: DestinationIsIpv6: trueDestinationIp: 0:0:0:0:0:0:0:1DestinationHostname: DC.OrgC_Domain.localDestinationPort: 443DestinationPortName: https"
192.168.169.59:2017-03-14T23:05:01Z DC.OrgC_Domain.local 192.168.169.59 AccelOps-WUA-WinLog-Microsoft-Windows-Sysmon/Operational [monitorStatus]="Success" [Locale]="en-GB" [MachineGuid]="0031b1cc-f526-488c-bd3b-41b2ff7cd13b" [timeZone]="+0000" [eventName]="Microsoft-Windows-Sysmon/Operational" [eventSource]="Microsoft-Windows-Sysmon" [eventId]="3" [eventType]="Information" [domain]="NT AUTHORITY" [computer]="DC.OrgC_Domain.local" [user]="SYSTEM" [userSID]="S-1-5-18" [userSIDAcctType]="User" [eventTime]="Mar 14 2017 23:05:00" [deviceTime]="Mar 14 2017 23:05:00" [msg]="Network connection detected:UtcTime: 2017-03-14 23:04:59.670ProcessGuid: {0031B1CC-B653-58C6-0000-0010ECB30F00}ProcessId: 3132Image: C:\\Program Files\\AccelOps\\Server\\AoWinAgtMgr.exeUser: ORGC_DOMAIN\\AdministratorProtocol: tcpInitiated: trueSourceIsIpv6: trueSourceIp: 0:0:0:0:0:0:0:1SourceHostname: DC.OrgC_Domain.localSourcePort: 64201SourcePortName: DestinationIsIpv6: trueDestinationIp: 0:0:0:0:0:0:0:1DestinationHostname: DC.OrgC_Domain.localDestinationPort: 443DestinationPortName: https"
192.168.169.59:2017-03-14T23:08:42Z DC.OrgC_Domain.local 192.168.169.59 AccelOps-WUA-WinLog-Microsoft-Windows-Sysmon/Operational [monitorStatus]="Success" [Locale]="en-GB" [MachineGuid]="0031b1cc-f526-488c-bd3b-41b2ff7cd13b" [timeZone]="+0000" [eventName]="Microsoft-Windows-Sysmon/Operational" [eventSource]="Microsoft-Windows-Sysmon" [eventId]="3" [eventType]="Information" [domain]="NT AUTHORITY" [computer]="DC.OrgC_Domain.local" [user]="SYSTEM" [userSID]="S-1-5-18" [userSIDAcctType]="User" [eventTime]="Mar 14 2017 23:08:41" [deviceTime]="Mar 14 2017 23:08:41" [msg]="Network connection detected:UtcTime: 2017-03-14 23:08:40.673ProcessGuid: {0031B1CC-B653-58C6-0000-0010ECB30F00}ProcessId: 3132Image: C:\\Program Files\\AccelOps\\Server\\AoWinAgtMgr.exeUser: ORGC_DOMAIN\\AdministratorProtocol: tcpInitiated: trueSourceIsIpv6: trueSourceIp: 0:0:0:0:0:0:0:1SourceHostname: DC.OrgC_Domain.localSourcePort: 64229SourcePortName: DestinationIsIpv6: trueDestinationIp: 0:0:0:0:0:0:0:1DestinationHostname: DC.OrgC_Domain.localDestinationPort: 443DestinationPortName: https"
192.168.169.59:2017-03-14T23:11:01Z DC.OrgC_Domain.local 192.168.169.59 AccelOps-WUA-WinLog-Microsoft-Windows-Sysmon/Operational [monitorStatus]="Success" [Locale]="en-GB" [MachineGuid]="0031b1cc-f526-488c-bd3b-41b2ff7cd13b" [timeZone]="+0000" [eventName]="Microsoft-Windows-Sysmon/Operational" [eventSource]="Microsoft-Windows-Sysmon" [eventId]="3" [eventType]="Information" [domain]="NT AUTHORITY" [computer]="DC.OrgC_Domain.local" [user]="SYSTEM" [userSID]="S-1-5-18" [userSIDAcctType]="User" [eventTime]="Mar 14 2017 23:11:00" [deviceTime]="Mar 14 2017 23:11:00" [msg]="Network connection detected:UtcTime: 2017-03-14 23:10:59.750ProcessGuid: {0031B1CC-B653-58C6-0000-0010ECB30F00}ProcessId: 3132Image: C:\\Program Files\\AccelOps\\Server\\AoWinAgtMgr.exeUser: ORGC_DOMAIN\\AdministratorProtocol: tcpInitiated: trueSourceIsIpv6: trueSourceIp: 0:0:0:0:0:0:0:1SourceHostname: DC.OrgC_Domain.localSourcePort: 64245SourcePortName: DestinationIsIpv6: trueDestinationIp: 0:0:0:0:0:0:0:1DestinationHostname: DC.OrgC_Domain.localDestinationPort: 443DestinationPortName: https"
192.168.169.59:2017-03-14T23:14:42Z DC.OrgC_Domain.local 192.168.169.59 AccelOps-WUA-WinLog-Microsoft-Windows-Sysmon/Operational [monitorStatus]="Success" [Locale]="en-GB" [MachineGuid]="0031b1cc-f526-488c-bd3b-41b2ff7cd13b" [timeZone]="+0000" [eventName]="Microsoft-Windows-Sysmon/Operational" [eventSource]="Microsoft-Windows-Sysmon" [eventId]="3" [eventType]="Information" [domain]="NT AUTHORITY" [computer]="DC.OrgC_Domain.local" [user]="SYSTEM" [userSID]="S-1-5-18" [userSIDAcctType]="User" [eventTime]="Mar 14 2017 23:14:41" [deviceTime]="Mar 14 2017 23:14:41" [msg]="Network connection detected:UtcTime: 2017-03-14 23:14:40.751ProcessGuid: {0031B1CC-B653-58C6-0000-0010ECB30F00}ProcessId: 3132Image: C:\\Program Files\\AccelOps\\Server\\AoWinAgtMgr.exeUser: ORGC_DOMAIN\\AdministratorProtocol: tcpInitiated: trueSourceIsIpv6: trueSourceIp: 0:0:0:0:0:0:0:1SourceHostname: DC.OrgC_Domain.localSourcePort: 64263SourcePortName: DestinationIsIpv6: trueDestinationIp: 0:0:0:0:0:0:0:1DestinationHostname: DC.OrgC_Domain.localDestinationPort: 443DestinationPortName: https"
192.168.169.59:2017-03-14T23:17:02Z DC.OrgC_Domain.local 192.168.169.59 AccelOps-WUA-WinLog-Microsoft-Windows-Sysmon/Operational [monitorStatus]="Success" [Locale]="en-GB" [MachineGuid]="0031b1cc-f526-488c-bd3b-41b2ff7cd13b" [timeZone]="+0000" [eventName]="Microsoft-Windows-Sysmon/Operational" [eventSource]="Microsoft-Windows-Sysmon" [eventId]="3" [eventType]="Information" [domain]="NT AUTHORITY" [computer]="DC.OrgC_Domain.local" [user]="SYSTEM" [userSID]="S-1-5-18" [userSIDAcctType]="User" [eventTime]="Mar 14 2017 23:17:01" [deviceTime]="Mar 14 2017 23:17:01" [msg]="Network connection detected:UtcTime: 2017-03-14 23:17:00.094ProcessGuid: {0031B1CC-B653-58C6-0000-0010ECB30F00}ProcessId: 3132Image: C:\\Program Files\\AccelOps\\Server\\AoWinAgtMgr.exeUser: ORGC_DOMAIN\\AdministratorProtocol: tcpInitiated: trueSourceIsIpv6: trueSourceIp: 0:0:0:0:0:0:0:1SourceHostname: DC.OrgC_Domain.localSourcePort: 64273SourcePortName: DestinationIsIpv6: trueDestinationIp: 0:0:0:0:0:0:0:1DestinationHostname: DC.OrgC_Domain.localDestinationPort: 443DestinationPortName: https"
192.168.169.59:2017-03-14T23:20:42Z DC.OrgC_Domain.local 192.168.169.59 AccelOps-WUA-WinLog-Microsoft-Windows-Sysmon/Operational [monitorStatus]="Success" [Locale]="en-GB" [MachineGuid]="0031b1cc-f526-488c-bd3b-41b2ff7cd13b" [timeZone]="+0000" [eventName]="Microsoft-Windows-Sysmon/Operational" [eventSource]="Microsoft-Windows-Sysmon" [eventId]="3" [eventType]="Information" [domain]="NT AUTHORITY" [computer]="DC.OrgC_Domain.local" [user]="SYSTEM" [userSID]="S-1-5-18" [userSIDAcctType]="User" [eventTime]="Mar 14 2017 23:20:41" [deviceTime]="Mar 14 2017 23:20:41" [msg]="Network connection detected:UtcTime: 2017-03-14 23:20:40.816ProcessGuid: {0031B1CC-B653-58C6-0000-0010ECB30F00}ProcessId: 3132Image: C:\\Program Files\\AccelOps\\Server\\AoWinAgtMgr.exeUser: ORGC_DOMAIN\\AdministratorProtocol: tcpInitiated: trueSourceIsIpv6: trueSourceIp: 0:0:0:0:0:0:0:1SourceHostname: DC.OrgC_Domain.localSourcePort: 64289SourcePortName: DestinationIsIpv6: trueDestinationIp: 0:0:0:0:0:0:0:1DestinationHostname: DC.OrgC_Domain.localDestinationPort: 443DestinationPortName: https"
192.168.169.59:2017-03-14T23:23:02Z DC.OrgC_Domain.local 192.168.169.59 AccelOps-WUA-WinLog-Microsoft-Windows-Sysmon/Operational [monitorStatus]="Success" [Locale]="en-GB" [MachineGuid]="0031b1cc-f526-488c-bd3b-41b2ff7cd13b" [timeZone]="+0000" [eventName]="Microsoft-Windows-Sysmon/Operational" [eventSource]="Microsoft-Windows-Sysmon" [eventId]="3" [eventType]="Information" [domain]="NT AUTHORITY" [computer]="DC.OrgC_Domain.local" [user]="SYSTEM" [userSID]="S-1-5-18" [userSIDAcctType]="User" [eventTime]="Mar 14 2017 23:23:01" [deviceTime]="Mar 14 2017 23:23:01" [msg]="Network connection detected:UtcTime: 2017-03-14 23:23:00.517ProcessGuid: {0031B1CC-B653-58C6-0000-0010ECB30F00}ProcessId: 3132Image: C:\\Program Files\\AccelOps\\Server\\AoWinAgtMgr.exeUser: ORGC_DOMAIN\\AdministratorProtocol: tcpInitiated: trueSourceIsIpv6: trueSourceIp: 0:0:0:0:0:0:0:1SourceHostname: DC.OrgC_Domain.localSourcePort: 64303SourcePortName: DestinationIsIpv6: trueDestinationIp: 0:0:0:0:0:0:0:1DestinationHostname: DC.OrgC_Domain.localDestinationPort: 443DestinationPortName: https"
192.168.169.59:2017-03-14T23:26:43Z DC.OrgC_Domain.local 192.168.169.59 AccelOps-WUA-WinLog-Microsoft-Windows-Sysmon/Operational [monitorStatus]="Success" [Locale]="en-GB" [MachineGuid]="0031b1cc-f526-488c-bd3b-41b2ff7cd13b" [timeZone]="+0000" [eventName]="Microsoft-Windows-Sysmon/Operational" [eventSource]="Microsoft-Windows-Sysmon" [eventId]="3" [eventType]="Information" [domain]="NT AUTHORITY" [computer]="DC.OrgC_Domain.local" [user]="SYSTEM" [userSID]="S-1-5-18" [userSIDAcctType]="User" [eventTime]="Mar 14 2017 23:26:42" [deviceTime]="Mar 14 2017 23:26:42" [msg]="Network connection detected:UtcTime: 2017-03-14 23:26:40.878ProcessGuid: {0031B1CC-B653-58C6-0000-0010ECB30F00}ProcessId: 3132Image: C:\\Program Files\\AccelOps\\Server\\AoWinAgtMgr.exeUser: ORGC_DOMAIN\\AdministratorProtocol: tcpInitiated: trueSourceIsIpv6: trueSourceIp: 0:0:0:0:0:0:0:1SourceHostname: DC.OrgC_Domain.localSourcePort: 64324SourcePortName: DestinationIsIpv6: trueDestinationIp: 0:0:0:0:0:0:0:1DestinationHostname: DC.OrgC_Domain.localDestinationPort: 443DestinationPortName: https"
192.168.169.59:2017-03-14T23:29:02Z DC.OrgC_Domain.local 192.168.169.59 AccelOps-WUA-WinLog-Microsoft-Windows-Sysmon/Operational [monitorStatus]="Success" [Locale]="en-GB" [MachineGuid]="0031b1cc-f526-488c-bd3b-41b2ff7cd13b" [timeZone]="+0000" [eventName]="Microsoft-Windows-Sysmon/Operational" [eventSource]="Microsoft-Windows-Sysmon" [eventId]="3" [eventType]="Information" [domain]="NT AUTHORITY" [computer]="DC.OrgC_Domain.local" [user]="SYSTEM" [userSID]="S-1-5-18" [userSIDAcctType]="User" [eventTime]="Mar 14 2017 23:29:01" [deviceTime]="Mar 14 2017 23:29:01" [msg]="Network connection detected:UtcTime: 2017-03-14 23:29:00.768ProcessGuid: {0031B1CC-B653-58C6-0000-0010ECB30F00}ProcessId: 3132Image: C:\\Program Files\\AccelOps\\Server\\AoWinAgtMgr.exeUser: ORGC_DOMAIN\\AdministratorProtocol: tcpInitiated: trueSourceIsIpv6: trueSourceIp: 0:0:0:0:0:0:0:1SourceHostname: DC.OrgC_Domain.localSourcePort: 64341SourcePortName: DestinationIsIpv6: trueDestinationIp: 0:0:0:0:0:0:0:1DestinationHostname: DC.OrgC_Domain.localDestinationPort: 443DestinationPortName: https"
192.168.169.59:2017-03-14T23:32:43Z DC.OrgC_Domain.local 192.168.169.59 AccelOps-WUA-WinLog-Microsoft-Windows-Sysmon/Operational [monitorStatus]="Success" [Locale]="en-GB" [MachineGuid]="0031b1cc-f526-488c-bd3b-41b2ff7cd13b" [timeZone]="+0000" [eventName]="Microsoft-Windows-Sysmon/Operational" [eventSource]="Microsoft-Windows-Sysmon" [eventId]="3" [eventType]="Information" [domain]="NT AUTHORITY" [computer]="DC.OrgC_Domain.local" [user]="SYSTEM" [userSID]="S-1-5-18" [userSIDAcctType]="User" [eventTime]="Mar 14 2017 23:32:42" [deviceTime]="Mar 14 2017 23:32:42" [msg]="Network connection detected:UtcTime: 2017-03-14 23:32:40.973ProcessGuid: {0031B1CC-B653-58C6-0000-0010ECB30F00}ProcessId: 3132Image: C:\\Program Files\\AccelOps\\Server\\AoWinAgtMgr.exeUser: ORGC_DOMAIN\\AdministratorProtocol: tcpInitiated: trueSourceIsIpv6: trueSourceIp: 0:0:0:0:0:0:0:1SourceHostname: DC.OrgC_Domain.localSourcePort: 64376SourcePortName: DestinationIsIpv6: trueDestinationIp: 0:0:0:0:0:0:0:1DestinationHostname: DC.OrgC_Domain.localDestinationPort: 443DestinationPortName: https"
192.168.169.59:2017-03-14T23:35:03Z DC.OrgC_Domain.local 192.168.169.59 AccelOps-WUA-WinLog-Microsoft-Windows-Sysmon/Operational [monitorStatus]="Success" [Locale]="en-GB" [MachineGuid]="0031b1cc-f526-488c-bd3b-41b2ff7cd13b" [timeZone]="+0000" [eventName]="Microsoft-Windows-Sysmon/Operational" [eventSource]="Microsoft-Windows-Sysmon" [eventId]="3" [eventType]="Information" [domain]="NT AUTHORITY" [computer]="DC.OrgC_Domain.local" [user]="SYSTEM" [userSID]="S-1-5-18" [userSIDAcctType]="User" [eventTime]="Mar 14 2017 23:35:02" [deviceTime]="Mar 14 2017 23:35:02" [msg]="Network connection detected:UtcTime: 2017-03-14 23:35:00.863ProcessGuid: {0031B1CC-B653-58C6-0000-0010ECB30F00}ProcessId: 3132Image: C:\\Program Files\\AccelOps\\Server\\AoWinAgtMgr.exeUser: ORGC_DOMAIN\\AdministratorProtocol: tcpInitiated: trueSourceIsIpv6: trueSourceIp: 0:0:0:0:0:0:0:1SourceHostname: DC.OrgC_Domain.localSourcePort: 64390SourcePortName: DestinationIsIpv6: trueDestinationIp: 0:0:0:0:0:0:0:1DestinationHostname: DC.OrgC_Domain.localDestinationPort: 443DestinationPortName: https"
192.168.169.59:2017-03-14T23:38:43Z DC.OrgC_Domain.local 192.168.169.59 AccelOps-WUA-WinLog-Microsoft-Windows-Sysmon/Operational [monitorStatus]="Success" [Locale]="en-GB" [MachineGuid]="0031b1cc-f526-488c-bd3b-41b2ff7cd13b" [timeZone]="+0000" [eventName]="Microsoft-Windows-Sysmon/Operational" [eventSource]="Microsoft-Windows-Sysmon" [eventId]="3" [eventType]="Information" [domain]="NT AUTHORITY" [computer]="DC.OrgC_Domain.local" [user]="SYSTEM" [userSID]="S-1-5-18" [userSIDAcctType]="User" [eventTime]="Mar 14 2017 23:38:42" [deviceTime]="Mar 14 2017 23:38:42" [msg]="Network connection detected:UtcTime: 2017-03-14 23:38:41.061ProcessGuid: {0031B1CC-B653-58C6-0000-0010ECB30F00}ProcessId: 3132Image: C:\\Program Files\\AccelOps\\Server\\AoWinAgtMgr.exeUser: ORGC_DOMAIN\\AdministratorProtocol: tcpInitiated: trueSourceIsIpv6: trueSourceIp: 0:0:0:0:0:0:0:1SourceHostname: DC.OrgC_Domain.localSourcePort: 64421SourcePortName: DestinationIsIpv6: trueDestinationIp: 0:0:0:0:0:0:0:1DestinationHostname: DC.OrgC_Domain.localDestinationPort: 443DestinationPortName: https"
192.168.169.59:2017-03-14T23:41:03Z DC.OrgC_Domain.local 192.168.169.59 AccelOps-WUA-WinLog-Microsoft-Windows-Sysmon/Operational [monitorStatus]="Success" [Locale]="en-GB" [MachineGuid]="0031b1cc-f526-488c-bd3b-41b2ff7cd13b" [timeZone]="+0000" [eventName]="Microsoft-Windows-Sysmon/Operational" [eventSource]="Microsoft-Windows-Sysmon" [eventId]="3" [eventType]="Information" [domain]="NT AUTHORITY" [computer]="DC.OrgC_Domain.local" [user]="SYSTEM" [userSID]="S-1-5-18" [userSIDAcctType]="User" [eventTime]="Mar 14 2017 23:41:02" [deviceTime]="Mar 14 2017 23:41:02" [msg]="Network connection detected:UtcTime: 2017-03-14 23:41:00.973ProcessGuid: {0031B1CC-B653-58C6-0000-0010ECB30F00}ProcessId: 3132Image: C:\\Program Files\\AccelOps\\Server\\AoWinAgtMgr.exeUser: ORGC_DOMAIN\\AdministratorProtocol: tcpInitiated: trueSourceIsIpv6: trueSourceIp: 0:0:0:0:0:0:0:1SourceHostname: DC.OrgC_Domain.localSourcePort: 64436SourcePortName: DestinationIsIpv6: trueDestinationIp: 0:0:0:0:0:0:0:1DestinationHostname: DC.OrgC_Domain.localDestinationPort: 443DestinationPortName: https"
192.168.169.59:2017-03-14T23:44:43Z DC.OrgC_Domain.local 192.168.169.59 AccelOps-WUA-WinLog-Microsoft-Windows-Sysmon/Operational [monitorStatus]="Success" [Locale]="en-GB" [MachineGuid]="0031b1cc-f526-488c-bd3b-41b2ff7cd13b" [timeZone]="+0000" [eventName]="Microsoft-Windows-Sysmon/Operational" [eventSource]="Microsoft-Windows-Sysmon" [eventId]="3" [eventType]="Information" [domain]="NT AUTHORITY" [computer]="DC.OrgC_Domain.local" [user]="SYSTEM" [userSID]="S-1-5-18" [userSIDAcctType]="User" [eventTime]="Mar 14 2017 23:44:42" [deviceTime]="Mar 14 2017 23:44:42" [msg]="Network connection detected:UtcTime: 2017-03-14 23:44:41.176ProcessGuid: {0031B1CC-B653-58C6-0000-0010ECB30F00}ProcessId: 3132Image: C:\\Program Files\\AccelOps\\Server\\AoWinAgtMgr.exeUser: ORGC_DOMAIN\\AdministratorProtocol: tcpInitiated: trueSourceIsIpv6: trueSourceIp: 0:0:0:0:0:0:0:1SourceHostname: DC.OrgC_Domain.localSourcePort: 64465SourcePortName: DestinationIsIpv6: trueDestinationIp: 0:0:0:0:0:0:0:1DestinationHostname: DC.OrgC_Domain.localDestinationPort: 443DestinationPortName: https"
192.168.169.59:2017-03-14T23:47:03Z DC.OrgC_Domain.local 192.168.169.59 AccelOps-WUA-WinLog-Microsoft-Windows-Sysmon/Operational [monitorStatus]="Success" [Locale]="en-GB" [MachineGuid]="0031b1cc-f526-488c-bd3b-41b2ff7cd13b" [timeZone]="+0000" [eventName]="Microsoft-Windows-Sysmon/Operational" [eventSource]="Microsoft-Windows-Sysmon" [eventId]="3" [eventType]="Information" [domain]="NT AUTHORITY" [computer]="DC.OrgC_Domain.local" [user]="SYSTEM" [userSID]="S-1-5-18" [userSIDAcctType]="User" [eventTime]="Mar 14 2017 23:47:02" [deviceTime]="Mar 14 2017 23:47:02" [msg]="Network connection detected:UtcTime: 2017-03-14 23:47:01.083ProcessGuid: {0031B1CC-B653-58C6-0000-0010ECB30F00}ProcessId: 3132Image: C:\\Program Files\\AccelOps\\Server\\AoWinAgtMgr.exeUser: ORGC_DOMAIN\\AdministratorProtocol: tcpInitiated: trueSourceIsIpv6: trueSourceIp: 0:0:0:0:0:0:0:1SourceHostname: DC.OrgC_Domain.localSourcePort: 64474SourcePortName: DestinationIsIpv6: trueDestinationIp: 0:0:0:0:0:0:0:1DestinationHostname: DC.OrgC_Domain.localDestinationPort: 443DestinationPortName: https"
192.168.169.59:2017-03-14T23:50:43Z DC.OrgC_Domain.local 192.168.169.59 AccelOps-WUA-WinLog-Microsoft-Windows-Sysmon/Operational [monitorStatus]="Success" [Locale]="en-GB" [MachineGuid]="0031b1cc-f526-488c-bd3b-41b2ff7cd13b" [timeZone]="+0000" [eventName]="Microsoft-Windows-Sysmon/Operational" [eventSource]="Microsoft-Windows-Sysmon" [eventId]="3" [eventType]="Information" [domain]="NT AUTHORITY" [computer]="DC.OrgC_Domain.local" [user]="SYSTEM" [userSID]="S-1-5-18" [userSIDAcctType]="User" [eventTime]="Mar 14 2017 23:50:42" [deviceTime]="Mar 14 2017 23:50:42" [msg]="Network connection detected:UtcTime: 2017-03-14 23:50:41.272ProcessGuid: {0031B1CC-B653-58C6-0000-0010ECB30F00}ProcessId: 3132Image: C:\\Program Files\\AccelOps\\Server\\AoWinAgtMgr.exeUser: ORGC_DOMAIN\\AdministratorProtocol: tcpInitiated: trueSourceIsIpv6: trueSourceIp: 0:0:0:0:0:0:0:1SourceHostname: DC.OrgC_Domain.localSourcePort: 64491SourcePortName: DestinationIsIpv6: trueDestinationIp: 0:0:0:0:0:0:0:1DestinationHostname: DC.OrgC_Domain.localDestinationPort: 443DestinationPortName: https"
192.168.169.59:2017-03-14T23:53:03Z DC.OrgC_Domain.local 192.168.169.59 AccelOps-WUA-WinLog-Microsoft-Windows-Sysmon/Operational [monitorStatus]="Success" [Locale]="en-GB" [MachineGuid]="0031b1cc-f526-488c-bd3b-41b2ff7cd13b" [timeZone]="+0000" [eventName]="Microsoft-Windows-Sysmon/Operational" [eventSource]="Microsoft-Windows-Sysmon" [eventId]="3" [eventType]="Information" [domain]="NT AUTHORITY" [computer]="DC.OrgC_Domain.local" [user]="SYSTEM" [userSID]="S-1-5-18" [userSIDAcctType]="User" [eventTime]="Mar 14 2017 23:53:02" [deviceTime]="Mar 14 2017 23:53:02" [msg]="Network connection detected:UtcTime: 2017-03-14 23:53:01.194ProcessGuid: {0031B1CC-B653-58C6-0000-0010ECB30F00}ProcessId: 3132Image: C:\\Program Files\\AccelOps\\Server\\AoWinAgtMgr.exeUser: ORGC_DOMAIN\\AdministratorProtocol: tcpInitiated: trueSourceIsIpv6: trueSourceIp: 0:0:0:0:0:0:0:1SourceHostname: DC.OrgC_Domain.localSourcePort: 64505SourcePortName: DestinationIsIpv6: trueDestinationIp: 0:0:0:0:0:0:0:1DestinationHostname: DC.OrgC_Domain.localDestinationPort: 443DestinationPortName: https"
192.168.169.59:2017-03-14T23:56:43Z DC.OrgC_Domain.local 192.168.169.59 AccelOps-WUA-WinLog-Microsoft-Windows-Sysmon/Operational [monitorStatus]="Success" [Locale]="en-GB" [MachineGuid]="0031b1cc-f526-488c-bd3b-41b2ff7cd13b" [timeZone]="+0000" [eventName]="Microsoft-Windows-Sysmon/Operational" [eventSource]="Microsoft-Windows-Sysmon" [eventId]="3" [eventType]="Information" [domain]="NT AUTHORITY" [computer]="DC.OrgC_Domain.local" [user]="SYSTEM" [userSID]="S-1-5-18" [userSIDAcctType]="User" [eventTime]="Mar 14 2017 23:56:42" [deviceTime]="Mar 14 2017 23:56:42" [msg]="Network connection detected:UtcTime: 2017-03-14 23:56:41.380ProcessGuid: {0031B1CC-B653-58C6-0000-0010ECB30F00}ProcessId: 3132Image: C:\\Program Files\\AccelOps\\Server\\AoWinAgtMgr.exeUser: ORGC_DOMAIN\\AdministratorProtocol: tcpInitiated: trueSourceIsIpv6: trueSourceIp: 0:0:0:0:0:0:0:1SourceHostname: DC.OrgC_Domain.localSourcePort: 64518SourcePortName: DestinationIsIpv6: trueDestinationIp: 0:0:0:0:0:0:0:1DestinationHostname: DC.OrgC_Domain.localDestinationPort: 443DestinationPortName: https"
192.168.169.59:2017-03-14T23:59:03Z DC.OrgC_Domain.local 192.168.169.59 AccelOps-WUA-WinLog-Microsoft-Windows-Sysmon/Operational [monitorStatus]="Success" [Locale]="en-GB" [MachineGuid]="0031b1cc-f526-488c-bd3b-41b2ff7cd13b" [timeZone]="+0000" [eventName]="Microsoft-Windows-Sysmon/Operational" [eventSource]="Microsoft-Windows-Sysmon" [eventId]="3" [eventType]="Information" [domain]="NT AUTHORITY" [computer]="DC.OrgC_Domain.local" [user]="SYSTEM" [userSID]="S-1-5-18" [userSIDAcctType]="User" [eventTime]="Mar 14 2017 23:59:02" [deviceTime]="Mar 14 2017 23:59:02" [msg]="Network connection detected:UtcTime: 2017-03-14 23:59:01.289ProcessGuid: {0031B1CC-B653-58C6-0000-0010ECB30F00}ProcessId: 3132Image: C:\\Program Files\\AccelOps\\Server\\AoWinAgtMgr.exeUser: ORGC_DOMAIN\\AdministratorProtocol: tcpInitiated: trueSourceIsIpv6: trueSourceIp: 0:0:0:0:0:0:0:1SourceHostname: DC.OrgC_Domain.localSourcePort: 64545SourcePortName: DestinationIsIpv6: trueDestinationIp: 0:0:0:0:0:0:0:1DestinationHostname: DC.OrgC_Domain.localDestinationPort: 443DestinationPortName: https"
192.168.169.59:2017-03-15T00:02:43Z DC.OrgC_Domain.local 192.168.169.59 AccelOps-WUA-WinLog-Microsoft-Windows-Sysmon/Operational [monitorStatus]="Success" [Locale]="en-GB" [MachineGuid]="0031b1cc-f526-488c-bd3b-41b2ff7cd13b" [timeZone]="+0000" [eventName]="Microsoft-Windows-Sysmon/Operational" [eventSource]="Microsoft-Windows-Sysmon" [eventId]="3" [eventType]="Information" [domain]="NT AUTHORITY" [computer]="DC.OrgC_Domain.local" [user]="SYSTEM" [userSID]="S-1-5-18" [userSIDAcctType]="User" [eventTime]="Mar 15 2017 00:02:42" [deviceTime]="Mar 15 2017 00:02:42" [msg]="Network connection detected:UtcTime: 2017-03-15 00:02:41.460ProcessGuid: {0031B1CC-B653-58C6-0000-0010ECB30F00}ProcessId: 3132Image: C:\\Program Files\\AccelOps\\Server\\AoWinAgtMgr.exeUser: ORGC_DOMAIN\\AdministratorProtocol: tcpInitiated: trueSourceIsIpv6: trueSourceIp: 0:0:0:0:0:0:0:1SourceHostname: DC.OrgC_Domain.localSourcePort: 64568SourcePortName: DestinationIsIpv6: trueDestinationIp: 0:0:0:0:0:0:0:1DestinationHostname: DC.OrgC_Domain.localDestinationPort: 443DestinationPortName: https"
192.168.169.59:2017-03-15T00:05:03Z DC.OrgC_Domain.local 192.168.169.59 AccelOps-WUA-WinLog-Microsoft-Windows-Sysmon/Operational [monitorStatus]="Success" [Locale]="en-GB" [MachineGuid]="0031b1cc-f526-488c-bd3b-41b2ff7cd13b" [timeZone]="+0000" [eventName]="Microsoft-Windows-Sysmon/Operational" [eventSource]="Microsoft-Windows-Sysmon" [eventId]="3" [eventType]="Information" [domain]="NT AUTHORITY" [computer]="DC.OrgC_Domain.local" [user]="SYSTEM" [userSID]="S-1-5-18" [userSIDAcctType]="User" [eventTime]="Mar 15 2017 00:05:02" [deviceTime]="Mar 15 2017 00:05:02" [msg]="Network connection detected:UtcTime: 2017-03-15 00:05:01.383ProcessGuid: {0031B1CC-B653-58C6-0000-0010ECB30F00}ProcessId: 3132Image: C:\\Program Files\\AccelOps\\Server\\AoWinAgtMgr.exeUser: ORGC_DOMAIN\\AdministratorProtocol: tcpInitiated: trueSourceIsIpv6: trueSourceIp: 0:0:0:0:0:0:0:1SourceHostname: DC.OrgC_Domain.localSourcePort: 64578SourcePortName: DestinationIsIpv6: trueDestinationIp: 0:0:0:0:0:0:0:1DestinationHostname: DC.OrgC_Domain.localDestinationPort: 443DestinationPortName: https"
192.168.169.59:2017-03-15T00:08:43Z DC.OrgC_Domain.local 192.168.169.59 AccelOps-WUA-WinLog-Microsoft-Windows-Sysmon/Operational [monitorStatus]="Success" [Locale]="en-GB" [MachineGuid]="0031b1cc-f526-488c-bd3b-41b2ff7cd13b" [timeZone]="+0000" [eventName]="Microsoft-Windows-Sysmon/Operational" [eventSource]="Microsoft-Windows-Sysmon" [eventId]="3" [eventType]="Information" [domain]="NT AUTHORITY" [computer]="DC.OrgC_Domain.local" [user]="SYSTEM" [userSID]="S-1-5-18" [userSIDAcctType]="User" [eventTime]="Mar 15 2017 00:08:42" [deviceTime]="Mar 15 2017 00:08:42" [msg]="Network connection detected:UtcTime: 2017-03-15 00:08:41.538ProcessGuid: {0031B1CC-B653-58C6-0000-0010ECB30F00}ProcessId: 3132Image: C:\\Program Files\\AccelOps\\Server\\AoWinAgtMgr.exeUser: ORGC_DOMAIN\\AdministratorProtocol: tcpInitiated: trueSourceIsIpv6: trueSourceIp: 0:0:0:0:0:0:0:1SourceHostname: DC.OrgC_Domain.localSourcePort: 64595SourcePortName: DestinationIsIpv6: trueDestinationIp: 0:0:0:0:0:0:0:1DestinationHostname: DC.OrgC_Domain.localDestinationPort: 443DestinationPortName: https"
192.168.169.59:2017-03-15T00:11:03Z DC.OrgC_Domain.local 192.168.169.59 AccelOps-WUA-WinLog-Microsoft-Windows-Sysmon/Operational [monitorStatus]="Success" [Locale]="en-GB" [MachineGuid]="0031b1cc-f526-488c-bd3b-41b2ff7cd13b" [timeZone]="+0000" [eventName]="Microsoft-Windows-Sysmon/Operational" [eventSource]="Microsoft-Windows-Sysmon" [eventId]="3" [eventType]="Information" [domain]="NT AUTHORITY" [computer]="DC.OrgC_Domain.local" [user]="SYSTEM" [userSID]="S-1-5-18" [userSIDAcctType]="User" [eventTime]="Mar 15 2017 00:11:02" [deviceTime]="Mar 15 2017 00:11:02" [msg]="Network connection detected:UtcTime: 2017-03-15 00:11:01.493ProcessGuid: {0031B1CC-B653-58C6-0000-0010ECB30F00}ProcessId: 3132Image: C:\\Program Files\\AccelOps\\Server\\AoWinAgtMgr.exeUser: ORGC_DOMAIN\\AdministratorProtocol: tcpInitiated: trueSourceIsIpv6: trueSourceIp: 0:0:0:0:0:0:0:1SourceHostname: DC.OrgC_Domain.localSourcePort: 64608SourcePortName: DestinationIsIpv6: trueDestinationIp: 0:0:0:0:0:0:0:1DestinationHostname: DC.OrgC_Domain.localDestinationPort: 443DestinationPortName: https"
192.168.169.59:2017-03-15T00:14:43Z DC.OrgC_Domain.local 192.168.169.59 AccelOps-WUA-WinLog-Microsoft-Windows-Sysmon/Operational [monitorStatus]="Success" [Locale]="en-GB" [MachineGuid]="0031b1cc-f526-488c-bd3b-41b2ff7cd13b" [timeZone]="+0000" [eventName]="Microsoft-Windows-Sysmon/Operational" [eventSource]="Microsoft-Windows-Sysmon" [eventId]="3" [eventType]="Information" [domain]="NT AUTHORITY" [computer]="DC.OrgC_Domain.local" [user]="SYSTEM" [userSID]="S-1-5-18" [userSIDAcctType]="User" [eventTime]="Mar 15 2017 00:14:42" [deviceTime]="Mar 15 2017 00:14:42" [msg]="Network connection detected:UtcTime: 2017-03-15 00:14:41.649ProcessGuid: {0031B1CC-B653-58C6-0000-0010ECB30F00}ProcessId: 3132Image: C:\\Program Files\\AccelOps\\Server\\AoWinAgtMgr.exeUser: ORGC_DOMAIN\\AdministratorProtocol: tcpInitiated: trueSourceIsIpv6: trueSourceIp: 0:0:0:0:0:0:0:1SourceHostname: DC.OrgC_Domain.localSourcePort: 64631SourcePortName: DestinationIsIpv6: trueDestinationIp: 0:0:0:0:0:0:0:1DestinationHostname: DC.OrgC_Domain.localDestinationPort: 443DestinationPortName: https"
192.168.169.59:2017-03-15T00:17:03Z DC.OrgC_Domain.local 192.168.169.59 AccelOps-WUA-WinLog-Microsoft-Windows-Sysmon/Operational [monitorStatus]="Success" [Locale]="en-GB" [MachineGuid]="0031b1cc-f526-488c-bd3b-41b2ff7cd13b" [timeZone]="+0000" [eventName]="Microsoft-Windows-Sysmon/Operational" [eventSource]="Microsoft-Windows-Sysmon" [eventId]="3" [eventType]="Information" [domain]="NT AUTHORITY" [computer]="DC.OrgC_Domain.local" [user]="SYSTEM" [userSID]="S-1-5-18" [userSIDAcctType]="User" [eventTime]="Mar 15 2017 00:17:02" [deviceTime]="Mar 15 2017 00:17:02" [msg]="Network connection detected:UtcTime: 2017-03-15 00:17:01.588ProcessGuid: {0031B1CC-B653-58C6-0000-0010ECB30F00}ProcessId: 3132Image: C:\\Program Files\\AccelOps\\Server\\AoWinAgtMgr.exeUser: ORGC_DOMAIN\\AdministratorProtocol: tcpInitiated: trueSourceIsIpv6: trueSourceIp: 0:0:0:0:0:0:0:1SourceHostname: DC.OrgC_Domain.localSourcePort: 64644SourcePortName: DestinationIsIpv6: trueDestinationIp: 0:0:0:0:0:0:0:1DestinationHostname: DC.OrgC_Domain.localDestinationPort: 443DestinationPortName: https"
192.168.169.59:2017-03-15T00:20:43Z DC.OrgC_Domain.local 192.168.169.59 AccelOps-WUA-WinLog-Microsoft-Windows-Sysmon/Operational [monitorStatus]="Success" [Locale]="en-GB" [MachineGuid]="0031b1cc-f526-488c-bd3b-41b2ff7cd13b" [timeZone]="+0000" [eventName]="Microsoft-Windows-Sysmon/Operational" [eventSource]="Microsoft-Windows-Sysmon" [eventId]="3" [eventType]="Information" [domain]="NT AUTHORITY" [computer]="DC.OrgC_Domain.local" [user]="SYSTEM" [userSID]="S-1-5-18" [userSIDAcctType]="User" [eventTime]="Mar 15 2017 00:20:42" [deviceTime]="Mar 15 2017 00:20:42" [msg]="Network connection detected:UtcTime: 2017-03-15 00:20:41.758ProcessGuid: {0031B1CC-B653-58C6-0000-0010ECB30F00}ProcessId: 3132Image: C:\\Program Files\\AccelOps\\Server\\AoWinAgtMgr.exeUser: ORGC_DOMAIN\\AdministratorProtocol: tcpInitiated: trueSourceIsIpv6: trueSourceIp: 0:0:0:0:0:0:0:1SourceHostname: DC.OrgC_Domain.localSourcePort: 64661SourcePortName: DestinationIsIpv6: trueDestinationIp: 0:0:0:0:0:0:0:1DestinationHostname: DC.OrgC_Domain.localDestinationPort: 443DestinationPortName: https"
192.168.169.59:2017-03-15T00:23:03Z DC.OrgC_Domain.local 192.168.169.59 AccelOps-WUA-WinLog-Microsoft-Windows-Sysmon/Operational [monitorStatus]="Success" [Locale]="en-GB" [MachineGuid]="0031b1cc-f526-488c-bd3b-41b2ff7cd13b" [timeZone]="+0000" [eventName]="Microsoft-Windows-Sysmon/Operational" [eventSource]="Microsoft-Windows-Sysmon" [eventId]="3" [eventType]="Information" [domain]="NT AUTHORITY" [computer]="DC.OrgC_Domain.local" [user]="SYSTEM" [userSID]="S-1-5-18" [userSIDAcctType]="User" [eventTime]="Mar 15 2017 00:23:02" [deviceTime]="Mar 15 2017 00:23:02" [msg]="Network connection detected:UtcTime: 2017-03-15 00:23:01.697ProcessGuid: {0031B1CC-B653-58C6-0000-0010ECB30F00}ProcessId: 3132Image: C:\\Program Files\\AccelOps\\Server\\AoWinAgtMgr.exeUser: ORGC_DOMAIN\\AdministratorProtocol: tcpInitiated: trueSourceIsIpv6: trueSourceIp: 0:0:0:0:0:0:0:1SourceHostname: DC.OrgC_Domain.localSourcePort: 64675SourcePortName: DestinationIsIpv6: trueDestinationIp: 0:0:0:0:0:0:0:1DestinationHostname: DC.OrgC_Domain.localDestinationPort: 443DestinationPortName: https"
192.168.169.59:2017-03-15T00:26:43Z DC.OrgC_Domain.local 192.168.169.59 AccelOps-WUA-WinLog-Microsoft-Windows-Sysmon/Operational [monitorStatus]="Success" [Locale]="en-GB" [MachineGuid]="0031b1cc-f526-488c-bd3b-41b2ff7cd13b" [timeZone]="+0000" [eventName]="Microsoft-Windows-Sysmon/Operational" [eventSource]="Microsoft-Windows-Sysmon" [eventId]="3" [eventType]="Information" [domain]="NT AUTHORITY" [computer]="DC.OrgC_Domain.local" [user]="SYSTEM" [userSID]="S-1-5-18" [userSIDAcctType]="User" [eventTime]="Mar 15 2017 00:26:42" [deviceTime]="Mar 15 2017 00:26:42" [msg]="Network connection detected:UtcTime: 2017-03-15 00:26:41.837ProcessGuid: {0031B1CC-B653-58C6-0000-0010ECB30F00}ProcessId: 3132Image: C:\\Program Files\\AccelOps\\Server\\AoWinAgtMgr.exeUser: ORGC_DOMAIN\\AdministratorProtocol: tcpInitiated: trueSourceIsIpv6: trueSourceIp: 0:0:0:0:0:0:0:1SourceHostname: DC.OrgC_Domain.localSourcePort: 64688SourcePortName: DestinationIsIpv6: trueDestinationIp: 0:0:0:0:0:0:0:1DestinationHostname: DC.OrgC_Domain.localDestinationPort: 443DestinationPortName: https"
192.168.169.59:2017-03-15T00:29:04Z DC.OrgC_Domain.local 192.168.169.59 AccelOps-WUA-WinLog-Microsoft-Windows-Sysmon/Operational [monitorStatus]="Success" [Locale]="en-GB" [MachineGuid]="0031b1cc-f526-488c-bd3b-41b2ff7cd13b" [timeZone]="+0000" [eventName]="Microsoft-Windows-Sysmon/Operational" [eventSource]="Microsoft-Windows-Sysmon" [eventId]="3" [eventType]="Information" [domain]="NT AUTHORITY" [computer]="DC.OrgC_Domain.local" [user]="SYSTEM" [userSID]="S-1-5-18" [userSIDAcctType]="User" [eventTime]="Mar 15 2017 00:29:03" [deviceTime]="Mar 15 2017 00:29:03" [msg]="Network connection detected:UtcTime: 2017-03-15 00:29:01.792ProcessGuid: {0031B1CC-B653-58C6-0000-0010ECB30F00}ProcessId: 3132Image: C:\\Program Files\\AccelOps\\Server\\AoWinAgtMgr.exeUser: ORGC_DOMAIN\\AdministratorProtocol: tcpInitiated: trueSourceIsIpv6: trueSourceIp: 0:0:0:0:0:0:0:1SourceHostname: DC.OrgC_Domain.localSourcePort: 64705SourcePortName: DestinationIsIpv6: trueDestinationIp: 0:0:0:0:0:0:0:1DestinationHostname: DC.OrgC_Domain.localDestinationPort: 443DestinationPortName: https"
192.168.169.59:2017-03-15T00:32:44Z DC.OrgC_Domain.local 192.168.169.59 AccelOps-WUA-WinLog-Microsoft-Windows-Sysmon/Operational [monitorStatus]="Success" [Locale]="en-GB" [MachineGuid]="0031b1cc-f526-488c-bd3b-41b2ff7cd13b" [timeZone]="+0000" [eventName]="Microsoft-Windows-Sysmon/Operational" [eventSource]="Microsoft-Windows-Sysmon" [eventId]="3" [eventType]="Information" [domain]="NT AUTHORITY" [computer]="DC.OrgC_Domain.local" [user]="SYSTEM" [userSID]="S-1-5-18" [userSIDAcctType]="User" [eventTime]="Mar 15 2017 00:32:43" [deviceTime]="Mar 15 2017 00:32:43" [msg]="Network connection detected:UtcTime: 2017-03-15 00:32:41.948ProcessGuid: {0031B1CC-B653-58C6-0000-0010ECB30F00}ProcessId: 3132Image: C:\\Program Files\\AccelOps\\Server\\AoWinAgtMgr.exeUser: ORGC_DOMAIN\\AdministratorProtocol: tcpInitiated: trueSourceIsIpv6: trueSourceIp: 0:0:0:0:0:0:0:1SourceHostname: DC.OrgC_Domain.localSourcePort: 64736SourcePortName: DestinationIsIpv6: trueDestinationIp: 0:0:0:0:0:0:0:1DestinationHostname: DC.OrgC_Domain.localDestinationPort: 443DestinationPortName: https"
192.168.169.59:2017-03-15T00:35:04Z DC.OrgC_Domain.local 192.168.169.59 AccelOps-WUA-WinLog-Microsoft-Windows-Sysmon/Operational [monitorStatus]="Success" [Locale]="en-GB" [MachineGuid]="0031b1cc-f526-488c-bd3b-41b2ff7cd13b" [timeZone]="+0000" [eventName]="Microsoft-Windows-Sysmon/Operational" [eventSource]="Microsoft-Windows-Sysmon" [eventId]="3" [eventType]="Information" [domain]="NT AUTHORITY" [computer]="DC.OrgC_Domain.local" [user]="SYSTEM" [userSID]="S-1-5-18" [userSIDAcctType]="User" [eventTime]="Mar 15 2017 00:35:03" [deviceTime]="Mar 15 2017 00:35:03" [msg]="Network connection detected:UtcTime: 2017-03-15 00:35:01.887ProcessGuid: {0031B1CC-B653-58C6-0000-0010ECB30F00}ProcessId: 3132Image: C:\\Program Files\\AccelOps\\Server\\AoWinAgtMgr.exeUser: ORGC_DOMAIN\\AdministratorProtocol: tcpInitiated: trueSourceIsIpv6: trueSourceIp: 0:0:0:0:0:0:0:1SourceHostname: DC.OrgC_Domain.localSourcePort: 64746SourcePortName: DestinationIsIpv6: trueDestinationIp: 0:0:0:0:0:0:0:1DestinationHostname: DC.OrgC_Domain.localDestinationPort: 443DestinationPortName: https"
192.168.169.59:2017-03-15T00:38:44Z DC.OrgC_Domain.local 192.168.169.59 AccelOps-WUA-WinLog-Microsoft-Windows-Sysmon/Operational [monitorStatus]="Success" [Locale]="en-GB" [MachineGuid]="0031b1cc-f526-488c-bd3b-41b2ff7cd13b" [timeZone]="+0000" [eventName]="Microsoft-Windows-Sysmon/Operational" [eventSource]="Microsoft-Windows-Sysmon" [eventId]="3" [eventType]="Information" [domain]="NT AUTHORITY" [computer]="DC.OrgC_Domain.local" [user]="SYSTEM" [userSID]="S-1-5-18" [userSIDAcctType]="User" [eventTime]="Mar 15 2017 00:38:43" [deviceTime]="Mar 15 2017 00:38:43" [msg]="Network connection detected:UtcTime: 2017-03-15 00:38:42.042ProcessGuid: {0031B1CC-B653-58C6-0000-0010ECB30F00}ProcessId: 3132Image: C:\\Program Files\\AccelOps\\Server\\AoWinAgtMgr.exeUser: ORGC_DOMAIN\\AdministratorProtocol: tcpInitiated: trueSourceIsIpv6: trueSourceIp: 0:0:0:0:0:0:0:1SourceHostname: DC.OrgC_Domain.localSourcePort: 64765SourcePortName: DestinationIsIpv6: trueDestinationIp: 0:0:0:0:0:0:0:1DestinationHostname: DC.OrgC_Domain.localDestinationPort: 443DestinationPortName: https"
192.168.169.59:2017-03-15T00:41:04Z DC.OrgC_Domain.local 192.168.169.59 AccelOps-WUA-WinLog-Microsoft-Windows-Sysmon/Operational [monitorStatus]="Success" [Locale]="en-GB" [MachineGuid]="0031b1cc-f526-488c-bd3b-41b2ff7cd13b" [timeZone]="+0000" [eventName]="Microsoft-Windows-Sysmon/Operational" [eventSource]="Microsoft-Windows-Sysmon" [eventId]="3" [eventType]="Information" [domain]="NT AUTHORITY" [computer]="DC.OrgC_Domain.local" [user]="SYSTEM" [userSID]="S-1-5-18" [userSIDAcctType]="User" [eventTime]="Mar 15 2017 00:41:03" [deviceTime]="Mar 15 2017 00:41:03" [msg]="Network connection detected:UtcTime: 2017-03-15 00:41:02.028ProcessGuid: {0031B1CC-B653-58C6-0000-0010ECB30F00}ProcessId: 3132Image: C:\\Program Files\\AccelOps\\Server\\AoWinAgtMgr.exeUser: ORGC_DOMAIN\\AdministratorProtocol: tcpInitiated: trueSourceIsIpv6: trueSourceIp: 0:0:0:0:0:0:0:1SourceHostname: DC.OrgC_Domain.localSourcePort: 64774SourcePortName: DestinationIsIpv6: trueDestinationIp: 0:0:0:0:0:0:0:1DestinationHostname: DC.OrgC_Domain.localDestinationPort: 443DestinationPortName: https"
192.168.169.59:2017-03-15T00:47:04Z DC.OrgC_Domain.local 192.168.169.59 AccelOps-WUA-WinLog-Microsoft-Windows-Sysmon/Operational [monitorStatus]="Success" [Locale]="en-GB" [MachineGuid]="0031b1cc-f526-488c-bd3b-41b2ff7cd13b" [timeZone]="+0000" [eventName]="Microsoft-Windows-Sysmon/Operational" [eventSource]="Microsoft-Windows-Sysmon" [eventId]="3" [eventType]="Information" [domain]="NT AUTHORITY" [computer]="DC.OrgC_Domain.local" [user]="SYSTEM" [userSID]="S-1-5-18" [userSIDAcctType]="User" [eventTime]="Mar 15 2017 00:47:03" [deviceTime]="Mar 15 2017 00:47:03" [msg]="Network connection detected:UtcTime: 2017-03-15 00:47:02.216ProcessGuid: {0031B1CC-B653-58C6-0000-0010ECB30F00}ProcessId: 3132Image: C:\\Program Files\\AccelOps\\Server\\AoWinAgtMgr.exeUser: ORGC_DOMAIN\\AdministratorProtocol: tcpInitiated: trueSourceIsIpv6: trueSourceIp: 0:0:0:0:0:0:0:1SourceHostname: DC.OrgC_Domain.localSourcePort: 64803SourcePortName: DestinationIsIpv6: trueDestinationIp: 0:0:0:0:0:0:0:1DestinationHostname: DC.OrgC_Domain.localDestinationPort: 443DestinationPortName: https"
192.168.169.59:2017-03-15T00:53:04Z DC.OrgC_Domain.local 192.168.169.59 AccelOps-WUA-WinLog-Microsoft-Windows-Sysmon/Operational [monitorStatus]="Success" [Locale]="en-GB" [MachineGuid]="0031b1cc-f526-488c-bd3b-41b2ff7cd13b" [timeZone]="+0000" [eventName]="Microsoft-Windows-Sysmon/Operational" [eventSource]="Microsoft-Windows-Sysmon" [eventId]="3" [eventType]="Information" [domain]="NT AUTHORITY" [computer]="DC.OrgC_Domain.local" [user]="SYSTEM" [userSID]="S-1-5-18" [userSIDAcctType]="User" [eventTime]="Mar 15 2017 00:53:03" [deviceTime]="Mar 15 2017 00:53:03" [msg]="Network connection detected:UtcTime: 2017-03-15 00:53:02.323ProcessGuid: {0031B1CC-B653-58C6-0000-0010ECB30F00}ProcessId: 3132Image: C:\\Program Files\\AccelOps\\Server\\AoWinAgtMgr.exeUser: ORGC_DOMAIN\\AdministratorProtocol: tcpInitiated: trueSourceIsIpv6: trueSourceIp: 0:0:0:0:0:0:0:1SourceHostname: DC.OrgC_Domain.localSourcePort: 64839SourcePortName: DestinationIsIpv6: trueDestinationIp: 0:0:0:0:0:0:0:1DestinationHostname: DC.OrgC_Domain.localDestinationPort: 443DestinationPortName: https"
192.168.169.59:2017-03-15T00:59:04Z DC.OrgC_Domain.local 192.168.169.59 AccelOps-WUA-WinLog-Microsoft-Windows-Sysmon/Operational [monitorStatus]="Success" [Locale]="en-GB" [MachineGuid]="0031b1cc-f526-488c-bd3b-41b2ff7cd13b" [timeZone]="+0000" [eventName]="Microsoft-Windows-Sysmon/Operational" [eventSource]="Microsoft-Windows-Sysmon" [eventId]="3" [eventType]="Information" [domain]="NT AUTHORITY" [computer]="DC.OrgC_Domain.local" [user]="SYSTEM" [userSID]="S-1-5-18" [userSIDAcctType]="User" [eventTime]="Mar 15 2017 00:59:03" [deviceTime]="Mar 15 2017 00:59:03" [msg]="Network connection detected:UtcTime: 2017-03-15 00:59:02.405ProcessGuid: {0031B1CC-B653-58C6-0000-0010ECB30F00}ProcessId: 3132Image: C:\\Program Files\\AccelOps\\Server\\AoWinAgtMgr.exeUser: ORGC_DOMAIN\\AdministratorProtocol: tcpInitiated: trueSourceIsIpv6: trueSourceIp: 0:0:0:0:0:0:0:1SourceHostname: DC.OrgC_Domain.localSourcePort: 64866SourcePortName: DestinationIsIpv6: trueDestinationIp: 0:0:0:0:0:0:0:1DestinationHostname: DC.OrgC_Domain.localDestinationPort: 443DestinationPortName: https"
192.168.169.59:2017-03-15T01:05:04Z DC.OrgC_Domain.local 192.168.169.59 AccelOps-WUA-WinLog-Microsoft-Windows-Sysmon/Operational [monitorStatus]="Success" [Locale]="en-GB" [MachineGuid]="0031b1cc-f526-488c-bd3b-41b2ff7cd13b" [timeZone]="+0000" [eventName]="Microsoft-Windows-Sysmon/Operational" [eventSource]="Microsoft-Windows-Sysmon" [eventId]="3" [eventType]="Information" [domain]="NT AUTHORITY" [computer]="DC.OrgC_Domain.local" [user]="SYSTEM" [userSID]="S-1-5-18" [userSIDAcctType]="User" [eventTime]="Mar 15 2017 01:05:03" [deviceTime]="Mar 15 2017 01:05:03" [msg]="Network connection detected:UtcTime: 2017-03-15 01:05:02.496ProcessGuid: {0031B1CC-B653-58C6-0000-0010ECB30F00}ProcessId: 3132Image: C:\\Program Files\\AccelOps\\Server\\AoWinAgtMgr.exeUser: ORGC_DOMAIN\\AdministratorProtocol: tcpInitiated: trueSourceIsIpv6: trueSourceIp: 0:0:0:0:0:0:0:1SourceHostname: DC.OrgC_Domain.localSourcePort: 64916SourcePortName: DestinationIsIpv6: trueDestinationIp: 0:0:0:0:0:0:0:1DestinationHostname: DC.OrgC_Domain.localDestinationPort: 443DestinationPortName: https"
192.168.169.59:2017-03-15T01:11:04Z DC.OrgC_Domain.local 192.168.169.59 AccelOps-WUA-WinLog-Microsoft-Windows-Sysmon/Operational [monitorStatus]="Success" [Locale]="en-GB" [MachineGuid]="0031b1cc-f526-488c-bd3b-41b2ff7cd13b" [timeZone]="+0000" [eventName]="Microsoft-Windows-Sysmon/Operational" [eventSource]="Microsoft-Windows-Sysmon" [eventId]="3" [eventType]="Information" [domain]="NT AUTHORITY" [computer]="DC.OrgC_Domain.local" [user]="SYSTEM" [userSID]="S-1-5-18" [userSIDAcctType]="User" [eventTime]="Mar 15 2017 01:11:03" [deviceTime]="Mar 15 2017 01:11:03" [msg]="Network connection detected:UtcTime: 2017-03-15 01:11:02.595ProcessGuid: {0031B1CC-B653-58C6-0000-0010ECB30F00}ProcessId: 3132Image: C:\\Program Files\\AccelOps\\Server\\AoWinAgtMgr.exeUser: ORGC_DOMAIN\\AdministratorProtocol: tcpInitiated: trueSourceIsIpv6: trueSourceIp: 0:0:0:0:0:0:0:1SourceHostname: DC.OrgC_Domain.localSourcePort: 64939SourcePortName: DestinationIsIpv6: trueDestinationIp: 0:0:0:0:0:0:0:1DestinationHostname: DC.OrgC_Domain.localDestinationPort: 443DestinationPortName: https"
192.168.169.59:2017-03-15T01:17:04Z DC.OrgC_Domain.local 192.168.169.59 AccelOps-WUA-WinLog-Microsoft-Windows-Sysmon/Operational [monitorStatus]="Success" [Locale]="en-GB" [MachineGuid]="0031b1cc-f526-488c-bd3b-41b2ff7cd13b" [timeZone]="+0000" [eventName]="Microsoft-Windows-Sysmon/Operational" [eventSource]="Microsoft-Windows-Sysmon" [eventId]="3" [eventType]="Information" [domain]="NT AUTHORITY" [computer]="DC.OrgC_Domain.local" [user]="SYSTEM" [userSID]="S-1-5-18" [userSIDAcctType]="User" [eventTime]="Mar 15 2017 01:17:03" [deviceTime]="Mar 15 2017 01:17:03" [msg]="Network connection detected:UtcTime: 2017-03-15 01:17:02.688ProcessGuid: {0031B1CC-B653-58C6-0000-0010ECB30F00}ProcessId: 3132Image: C:\\Program Files\\AccelOps\\Server\\AoWinAgtMgr.exeUser: ORGC_DOMAIN\\AdministratorProtocol: tcpInitiated: trueSourceIsIpv6: trueSourceIp: 0:0:0:0:0:0:0:1SourceHostname: DC.OrgC_Domain.localSourcePort: 64964SourcePortName: DestinationIsIpv6: trueDestinationIp: 0:0:0:0:0:0:0:1DestinationHostname: DC.OrgC_Domain.localDestinationPort: 443DestinationPortName: https"
