192.168.169.59:2017-03-13T16:19:52Z DC.OrgC_Domain.local 192.168.169.59 AccelOps-WUA-WinLog-Microsoft-Windows-Sysmon/Operational [monitorStatus]="Success" [Locale]="en-GB" [MachineGuid]="0031b1cc-f526-488c-bd3b-41b2ff7cd13b" [timeZone]="+0000" [eventName]="Microsoft-Windows-Sysmon/Operational" [eventSource]="Microsoft-Windows-Sysmon" [eventId]="3" [eventType]="Information" [domain]="NT AUTHORITY" [computer]="DC.OrgC_Domain.local" [user]="SYSTEM" [userSID]="S-1-5-18" [userSIDAcctType]="User" [eventTime]="Mar 13 2017 16:19:52" [deviceTime]="Mar 13 2017 16:19:52" [msg]="Network connection detected:UtcTime: 2017-03-13 16:19:51.539ProcessGuid: {0031B1CC-B351-58C6-0000-00103D540100}ProcessId: 1280Image: C:\\Program Files\\AccelOps\\Agent\\AoWinAgt.exeUser: NT AUTHORITY\\SYSTEMProtocol: tcpInitiated: trueSourceIsIpv6: falseSourceIp: 192.168.169.59SourceHostname: DC.OrgC_Domain.localSourcePort: 53250SourcePortName: DestinationIsIpv6: falseDestinationIp: 192.168.169.57DestinationHostname: DestinationPort: 443DestinationPortName: https"
192.168.169.59:2017-03-13T16:19:52Z DC.OrgC_Domain.local 192.168.169.59 AccelOps-WUA-WinLog-Microsoft-Windows-Sysmon/Operational [monitorStatus]="Success" [Locale]="en-GB" [MachineGuid]="0031b1cc-f526-488c-bd3b-41b2ff7cd13b" [timeZone]="+0000" [eventName]="Microsoft-Windows-Sysmon/Operational" [eventSource]="Microsoft-Windows-Sysmon" [eventId]="3" [eventType]="Information" [domain]="NT AUTHORITY" [computer]="DC.OrgC_Domain.local" [user]="SYSTEM" [userSID]="S-1-5-18" [userSIDAcctType]="User" [eventTime]="Mar 13 2017 16:19:51" [deviceTime]="Mar 13 2017 16:19:51" [msg]="Network connection detected:UtcTime: 2017-03-13 16:19:49.611ProcessGuid: {0031B1CC-B341-58C6-0000-001087C50000}ProcessId: 624Image: C:\\Windows\\System32\\svchost.exeUser: NT AUTHORITY\\NETWORK SERVICEProtocol: tcpInitiated: falseSourceIsIpv6: falseSourceIp: 192.168.169.59SourceHostname: DC.OrgC_Domain.localSourcePort: 135SourcePortName: epmapDestinationIsIpv6: falseDestinationIp: 192.168.169.57DestinationHostname: DestinationPort: 38838DestinationPortName: "
192.168.169.59:2017-03-13T16:19:52Z DC.OrgC_Domain.local 192.168.169.59 AccelOps-WUA-WinLog-Microsoft-Windows-Sysmon/Operational [monitorStatus]="Success" [Locale]="en-GB" [MachineGuid]="0031b1cc-f526-488c-bd3b-41b2ff7cd13b" [timeZone]="+0000" [eventName]="Microsoft-Windows-Sysmon/Operational" [eventSource]="Microsoft-Windows-Sysmon" [eventId]="3" [eventType]="Information" [domain]="NT AUTHORITY" [computer]="DC.OrgC_Domain.local" [user]="SYSTEM" [userSID]="S-1-5-18" [userSIDAcctType]="User" [eventTime]="Mar 13 2017 16:19:52" [deviceTime]="Mar 13 2017 16:19:52" [msg]="Network connection detected:UtcTime: 2017-03-13 16:19:51.554ProcessGuid: {0031B1CC-B351-58C6-0000-00103D540100}ProcessId: 1280Image: C:\\Program Files\\AccelOps\\Agent\\AoWinAgt.exeUser: NT AUTHORITY\\SYSTEMProtocol: tcpInitiated: trueSourceIsIpv6: falseSourceIp: 192.168.169.59SourceHostname: DC.OrgC_Domain.localSourcePort: 53251SourcePortName: DestinationIsIpv6: falseDestinationIp: 192.168.169.57DestinationHostname: DestinationPort: 443DestinationPortName: https"
192.168.169.59:2017-03-13T16:19:54Z DC.OrgC_Domain.local 192.168.169.59 AccelOps-WUA-WinLog-Microsoft-Windows-Sysmon/Operational [monitorStatus]="Success" [Locale]="en-GB" [MachineGuid]="0031b1cc-f526-488c-bd3b-41b2ff7cd13b" [timeZone]="+0000" [eventName]="Microsoft-Windows-Sysmon/Operational" [eventSource]="Microsoft-Windows-Sysmon" [eventId]="3" [eventType]="Information" [domain]="NT AUTHORITY" [computer]="DC.OrgC_Domain.local" [user]="SYSTEM" [userSID]="S-1-5-18" [userSIDAcctType]="User" [eventTime]="Mar 13 2017 16:19:53" [deviceTime]="Mar 13 2017 16:19:53" [msg]="Network connection detected:UtcTime: 2017-03-13 16:19:52.351ProcessGuid: {0031B1CC-B353-58C6-0000-0010E35C0100}ProcessId: 1340Image: C:\\Program Files\\AccelOps\\Server\\AoWinAgtMgrSvc.exeUser: NT AUTHORITY\\SYSTEMProtocol: tcpInitiated: trueSourceIsIpv6: falseSourceIp: 192.168.169.59SourceHostname: DC.OrgC_Domain.localSourcePort: 53252SourcePortName: DestinationIsIpv6: falseDestinationIp: 192.168.169.56DestinationHostname: DestinationPort: 443DestinationPortName: https"
192.168.169.59:2017-03-13T16:19:52Z DC.OrgC_Domain.local 192.168.169.59 AccelOps-WUA-WinLog-Microsoft-Windows-Sysmon/Operational [monitorStatus]="Success" [Locale]="en-GB" [MachineGuid]="0031b1cc-f526-488c-bd3b-41b2ff7cd13b" [timeZone]="+0000" [eventName]="Microsoft-Windows-Sysmon/Operational" [eventSource]="Microsoft-Windows-Sysmon" [eventId]="3" [eventType]="Information" [domain]="NT AUTHORITY" [computer]="DC.OrgC_Domain.local" [user]="SYSTEM" [userSID]="S-1-5-18" [userSIDAcctType]="User" [eventTime]="Mar 13 2017 16:19:51" [deviceTime]="Mar 13 2017 16:19:51" [msg]="Network connection detected:UtcTime: 2017-03-13 16:19:49.611ProcessGuid: {0031B1CC-B341-58C6-0000-001087C50000}ProcessId: 624Image: C:\\Windows\\System32\\svchost.exeUser: NT AUTHORITY\\NETWORK SERVICEProtocol: tcpInitiated: falseSourceIsIpv6: falseSourceIp: 192.168.169.59SourceHostname: DC.OrgC_Domain.localSourcePort: 135SourcePortName: epmapDestinationIsIpv6: falseDestinationIp: 192.168.169.57DestinationHostname: DestinationPort: 38836DestinationPortName: "
192.168.169.59:2017-03-13T16:20:00Z DC.OrgC_Domain.local 192.168.169.59 AccelOps-WUA-WinLog-Microsoft-Windows-Sysmon/Operational [monitorStatus]="Success" [Locale]="en-GB" [MachineGuid]="0031b1cc-f526-488c-bd3b-41b2ff7cd13b" [timeZone]="+0000" [eventName]="Microsoft-Windows-Sysmon/Operational" [eventSource]="Microsoft-Windows-Sysmon" [eventId]="3" [eventType]="Information" [domain]="NT AUTHORITY" [computer]="DC.OrgC_Domain.local" [user]="SYSTEM" [userSID]="S-1-5-18" [userSIDAcctType]="User" [eventTime]="Mar 13 2017 16:19:59" [deviceTime]="Mar 13 2017 16:19:59" [msg]="Network connection detected:UtcTime: 2017-03-13 16:19:57.981ProcessGuid: {0031B1CC-B342-58C6-0000-001078DA0000}ProcessId: 776Image: C:\\Windows\\System32\\svchost.exeUser: NT AUTHORITY\\SYSTEMProtocol: tcpInitiated: falseSourceIsIpv6: falseSourceIp: 192.168.169.59SourceHostname: DC.OrgC_Domain.localSourcePort: 49154SourcePortName: DestinationIsIpv6: falseDestinationIp: 192.168.169.57DestinationHostname: DestinationPort: 36582DestinationPortName: "
192.168.169.59:2017-03-13T16:20:00Z DC.OrgC_Domain.local 192.168.169.59 AccelOps-WUA-WinLog-Microsoft-Windows-Sysmon/Operational [monitorStatus]="Success" [Locale]="en-GB" [MachineGuid]="0031b1cc-f526-488c-bd3b-41b2ff7cd13b" [timeZone]="+0000" [eventName]="Microsoft-Windows-Sysmon/Operational" [eventSource]="Microsoft-Windows-Sysmon" [eventId]="3" [eventType]="Information" [domain]="NT AUTHORITY" [computer]="DC.OrgC_Domain.local" [user]="SYSTEM" [userSID]="S-1-5-18" [userSIDAcctType]="User" [eventTime]="Mar 13 2017 16:19:59" [deviceTime]="Mar 13 2017 16:19:59" [msg]="Network connection detected:UtcTime: 2017-03-13 16:19:57.850ProcessGuid: {0031B1CC-B341-58C6-0000-001087C50000}ProcessId: 624Image: C:\\Windows\\System32\\svchost.exeUser: NT AUTHORITY\\NETWORK SERVICEProtocol: tcpInitiated: falseSourceIsIpv6: falseSourceIp: 192.168.169.59SourceHostname: DC.OrgC_Domain.localSourcePort: 135SourcePortName: epmapDestinationIsIpv6: falseDestinationIp: 192.168.169.57DestinationHostname: DestinationPort: 38856DestinationPortName: "
192.168.169.59:2017-03-13T16:20:00Z DC.OrgC_Domain.local 192.168.169.59 AccelOps-WUA-WinLog-Microsoft-Windows-Sysmon/Operational [monitorStatus]="Success" [Locale]="en-GB" [MachineGuid]="0031b1cc-f526-488c-bd3b-41b2ff7cd13b" [timeZone]="+0000" [eventName]="Microsoft-Windows-Sysmon/Operational" [eventSource]="Microsoft-Windows-Sysmon" [eventId]="3" [eventType]="Information" [domain]="NT AUTHORITY" [computer]="DC.OrgC_Domain.local" [user]="SYSTEM" [userSID]="S-1-5-18" [userSIDAcctType]="User" [eventTime]="Mar 13 2017 16:19:59" [deviceTime]="Mar 13 2017 16:19:59" [msg]="Network connection detected:UtcTime: 2017-03-13 16:19:57.844ProcessGuid: {0031B1CC-B341-58C6-0000-001087C50000}ProcessId: 624Image: C:\\Windows\\System32\\svchost.exeUser: NT AUTHORITY\\NETWORK SERVICEProtocol: tcpInitiated: falseSourceIsIpv6: falseSourceIp: 192.168.169.59SourceHostname: DC.OrgC_Domain.localSourcePort: 135SourcePortName: epmapDestinationIsIpv6: falseDestinationIp: 192.168.169.57DestinationHostname: DestinationPort: 38850DestinationPortName: "
192.168.169.59:2017-03-13T16:19:58Z DC.OrgC_Domain.local 192.168.169.59 AccelOps-WUA-WinLog-Microsoft-Windows-Sysmon/Operational [monitorStatus]="Success" [Locale]="en-GB" [MachineGuid]="0031b1cc-f526-488c-bd3b-41b2ff7cd13b" [timeZone]="+0000" [eventName]="Microsoft-Windows-Sysmon/Operational" [eventSource]="Microsoft-Windows-Sysmon" [eventId]="3" [eventType]="Information" [domain]="NT AUTHORITY" [computer]="DC.OrgC_Domain.local" [user]="SYSTEM" [userSID]="S-1-5-18" [userSIDAcctType]="User" [eventTime]="Mar 13 2017 16:19:57" [deviceTime]="Mar 13 2017 16:19:57" [msg]="Network connection detected:UtcTime: 2017-03-13 16:19:56.619ProcessGuid: {0031B1CC-B351-58C6-0000-00103D540100}ProcessId: 1280Image: C:\\Program Files\\AccelOps\\Agent\\AoWinAgt.exeUser: NT AUTHORITY\\SYSTEMProtocol: tcpInitiated: trueSourceIsIpv6: falseSourceIp: 192.168.169.59SourceHostname: DC.OrgC_Domain.localSourcePort: 53253SourcePortName: DestinationIsIpv6: falseDestinationIp: 192.168.169.57DestinationHostname: DestinationPort: 443DestinationPortName: https"
192.168.169.59:2017-03-13T16:20:00Z DC.OrgC_Domain.local 192.168.169.59 AccelOps-WUA-WinLog-Microsoft-Windows-Sysmon/Operational [monitorStatus]="Success" [Locale]="en-GB" [MachineGuid]="0031b1cc-f526-488c-bd3b-41b2ff7cd13b" [timeZone]="+0000" [eventName]="Microsoft-Windows-Sysmon/Operational" [eventSource]="Microsoft-Windows-Sysmon" [eventId]="3" [eventType]="Information" [domain]="NT AUTHORITY" [computer]="DC.OrgC_Domain.local" [user]="SYSTEM" [userSID]="S-1-5-18" [userSIDAcctType]="User" [eventTime]="Mar 13 2017 16:19:59" [deviceTime]="Mar 13 2017 16:19:59" [msg]="Network connection detected:UtcTime: 2017-03-13 16:19:57.975ProcessGuid: {0031B1CC-B341-58C6-0000-001087C50000}ProcessId: 624Image: C:\\Windows\\System32\\svchost.exeUser: NT AUTHORITY\\NETWORK SERVICEProtocol: tcpInitiated: falseSourceIsIpv6: falseSourceIp: 192.168.169.59SourceHostname: DC.OrgC_Domain.localSourcePort: 135SourcePortName: epmapDestinationIsIpv6: falseDestinationIp: 192.168.169.57DestinationHostname: DestinationPort: 38874DestinationPortName: "
192.168.169.59:2017-03-13T16:20:00Z DC.OrgC_Domain.local 192.168.169.59 AccelOps-WUA-WinLog-Microsoft-Windows-Sysmon/Operational [monitorStatus]="Success" [Locale]="en-GB" [MachineGuid]="0031b1cc-f526-488c-bd3b-41b2ff7cd13b" [timeZone]="+0000" [eventName]="Microsoft-Windows-Sysmon/Operational" [eventSource]="Microsoft-Windows-Sysmon" [eventId]="3" [eventType]="Information" [domain]="NT AUTHORITY" [computer]="DC.OrgC_Domain.local" [user]="SYSTEM" [userSID]="S-1-5-18" [userSIDAcctType]="User" [eventTime]="Mar 13 2017 16:19:59" [deviceTime]="Mar 13 2017 16:19:59" [msg]="Network connection detected:UtcTime: 2017-03-13 16:19:57.939ProcessGuid: {0031B1CC-B341-58C6-0000-001087C50000}ProcessId: 624Image: C:\\Windows\\System32\\svchost.exeUser: NT AUTHORITY\\NETWORK SERVICEProtocol: tcpInitiated: falseSourceIsIpv6: falseSourceIp: 192.168.169.59SourceHostname: DC.OrgC_Domain.localSourcePort: 135SourcePortName: epmapDestinationIsIpv6: falseDestinationIp: 192.168.169.57DestinationHostname: DestinationPort: 38870DestinationPortName: "
192.168.169.59:2017-03-13T16:20:00Z DC.OrgC_Domain.local 192.168.169.59 AccelOps-WUA-WinLog-Microsoft-Windows-Sysmon/Operational [monitorStatus]="Success" [Locale]="en-GB" [MachineGuid]="0031b1cc-f526-488c-bd3b-41b2ff7cd13b" [timeZone]="+0000" [eventName]="Microsoft-Windows-Sysmon/Operational" [eventSource]="Microsoft-Windows-Sysmon" [eventId]="3" [eventType]="Information" [domain]="NT AUTHORITY" [computer]="DC.OrgC_Domain.local" [user]="SYSTEM" [userSID]="S-1-5-18" [userSIDAcctType]="User" [eventTime]="Mar 13 2017 16:19:59" [deviceTime]="Mar 13 2017 16:19:59" [msg]="Network connection detected:UtcTime: 2017-03-13 16:19:57.851ProcessGuid: {0031B1CC-B341-58C6-0000-001087C50000}ProcessId: 624Image: C:\\Windows\\System32\\svchost.exeUser: NT AUTHORITY\\NETWORK SERVICEProtocol: tcpInitiated: falseSourceIsIpv6: falseSourceIp: 192.168.169.59SourceHostname: DC.OrgC_Domain.localSourcePort: 135SourcePortName: epmapDestinationIsIpv6: falseDestinationIp: 192.168.169.57DestinationHostname: DestinationPort: 38858DestinationPortName: "
192.168.169.59:2017-03-13T16:20:00Z DC.OrgC_Domain.local 192.168.169.59 AccelOps-WUA-WinLog-Microsoft-Windows-Sysmon/Operational [monitorStatus]="Success" [Locale]="en-GB" [MachineGuid]="0031b1cc-f526-488c-bd3b-41b2ff7cd13b" [timeZone]="+0000" [eventName]="Microsoft-Windows-Sysmon/Operational" [eventSource]="Microsoft-Windows-Sysmon" [eventId]="3" [eventType]="Information" [domain]="NT AUTHORITY" [computer]="DC.OrgC_Domain.local" [user]="SYSTEM" [userSID]="S-1-5-18" [userSIDAcctType]="User" [eventTime]="Mar 13 2017 16:19:59" [deviceTime]="Mar 13 2017 16:19:59" [msg]="Network connection detected:UtcTime: 2017-03-13 16:19:57.841ProcessGuid: {0031B1CC-B341-58C6-0000-001087C50000}ProcessId: 624Image: C:\\Windows\\System32\\svchost.exeUser: NT AUTHORITY\\NETWORK SERVICEProtocol: tcpInitiated: falseSourceIsIpv6: falseSourceIp: 192.168.169.59SourceHostname: DC.OrgC_Domain.localSourcePort: 135SourcePortName: epmapDestinationIsIpv6: falseDestinationIp: 192.168.169.57DestinationHostname: DestinationPort: 38846DestinationPortName: "
192.168.169.59:2017-03-13T16:20:00Z DC.OrgC_Domain.local 192.168.169.59 AccelOps-WUA-WinLog-Microsoft-Windows-Sysmon/Operational [monitorStatus]="Success" [Locale]="en-GB" [MachineGuid]="0031b1cc-f526-488c-bd3b-41b2ff7cd13b" [timeZone]="+0000" [eventName]="Microsoft-Windows-Sysmon/Operational" [eventSource]="Microsoft-Windows-Sysmon" [eventId]="3" [eventType]="Information" [domain]="NT AUTHORITY" [computer]="DC.OrgC_Domain.local" [user]="SYSTEM" [userSID]="S-1-5-18" [userSIDAcctType]="User" [eventTime]="Mar 13 2017 16:19:59" [deviceTime]="Mar 13 2017 16:19:59" [msg]="Network connection detected:UtcTime: 2017-03-13 16:19:57.842ProcessGuid: {0031B1CC-B341-58C6-0000-001087C50000}ProcessId: 624Image: C:\\Windows\\System32\\svchost.exeUser: NT AUTHORITY\\NETWORK SERVICEProtocol: tcpInitiated: falseSourceIsIpv6: falseSourceIp: 192.168.169.59SourceHostname: DC.OrgC_Domain.localSourcePort: 135SourcePortName: epmapDestinationIsIpv6: falseDestinationIp: 192.168.169.57DestinationHostname: DestinationPort: 38848DestinationPortName: "
192.168.169.59:2017-03-13T16:19:58Z DC.OrgC_Domain.local 192.168.169.59 AccelOps-WUA-WinLog-Microsoft-Windows-Sysmon/Operational [monitorStatus]="Success" [Locale]="en-GB" [MachineGuid]="0031b1cc-f526-488c-bd3b-41b2ff7cd13b" [timeZone]="+0000" [eventName]="Microsoft-Windows-Sysmon/Operational" [eventSource]="Microsoft-Windows-Sysmon" [eventId]="3" [eventType]="Information" [domain]="NT AUTHORITY" [computer]="DC.OrgC_Domain.local" [user]="SYSTEM" [userSID]="S-1-5-18" [userSIDAcctType]="User" [eventTime]="Mar 13 2017 16:19:57" [deviceTime]="Mar 13 2017 16:19:57" [msg]="Network connection detected:UtcTime: 2017-03-13 16:19:56.650ProcessGuid: {0031B1CC-B351-58C6-0000-00103D540100}ProcessId: 1280Image: C:\\Program Files\\AccelOps\\Agent\\AoWinAgt.exeUser: NT AUTHORITY\\SYSTEMProtocol: tcpInitiated: trueSourceIsIpv6: falseSourceIp: 192.168.169.59SourceHostname: DC.OrgC_Domain.localSourcePort: 53254SourcePortName: DestinationIsIpv6: falseDestinationIp: 192.168.169.57DestinationHostname: DestinationPort: 443DestinationPortName: https"
192.168.169.59:2017-03-13T16:20:00Z DC.OrgC_Domain.local 192.168.169.59 AccelOps-WUA-WinLog-Microsoft-Windows-Sysmon/Operational [monitorStatus]="Success" [Locale]="en-GB" [MachineGuid]="0031b1cc-f526-488c-bd3b-41b2ff7cd13b" [timeZone]="+0000" [eventName]="Microsoft-Windows-Sysmon/Operational" [eventSource]="Microsoft-Windows-Sysmon" [eventId]="3" [eventType]="Information" [domain]="NT AUTHORITY" [computer]="DC.OrgC_Domain.local" [user]="SYSTEM" [userSID]="S-1-5-18" [userSIDAcctType]="User" [eventTime]="Mar 13 2017 16:19:59" [deviceTime]="Mar 13 2017 16:19:59" [msg]="Network connection detected:UtcTime: 2017-03-13 16:19:57.840ProcessGuid: {0031B1CC-B341-58C6-0000-001087C50000}ProcessId: 624Image: C:\\Windows\\System32\\svchost.exeUser: NT AUTHORITY\\NETWORK SERVICEProtocol: tcpInitiated: falseSourceIsIpv6: falseSourceIp: 192.168.169.59SourceHostname: DC.OrgC_Domain.localSourcePort: 135SourcePortName: epmapDestinationIsIpv6: falseDestinationIp: 192.168.169.57DestinationHostname: DestinationPort: 38844DestinationPortName: "
192.168.169.59:2017-03-13T16:20:00Z DC.OrgC_Domain.local 192.168.169.59 AccelOps-WUA-WinLog-Microsoft-Windows-Sysmon/Operational [monitorStatus]="Success" [Locale]="en-GB" [MachineGuid]="0031b1cc-f526-488c-bd3b-41b2ff7cd13b" [timeZone]="+0000" [eventName]="Microsoft-Windows-Sysmon/Operational" [eventSource]="Microsoft-Windows-Sysmon" [eventId]="3" [eventType]="Information" [domain]="NT AUTHORITY" [computer]="DC.OrgC_Domain.local" [user]="SYSTEM" [userSID]="S-1-5-18" [userSIDAcctType]="User" [eventTime]="Mar 13 2017 16:19:59" [deviceTime]="Mar 13 2017 16:19:59" [msg]="Network connection detected:UtcTime: 2017-03-13 16:19:57.849ProcessGuid: {0031B1CC-B342-58C6-0000-001078DA0000}ProcessId: 776Image: C:\\Windows\\System32\\svchost.exeUser: NT AUTHORITY\\SYSTEMProtocol: tcpInitiated: falseSourceIsIpv6: falseSourceIp: 192.168.169.59SourceHostname: DC.OrgC_Domain.localSourcePort: 49154SourcePortName: DestinationIsIpv6: falseDestinationIp: 192.168.169.57DestinationHostname: DestinationPort: 36558DestinationPortName: "
192.168.169.59:2017-03-13T16:20:00Z DC.OrgC_Domain.local 192.168.169.59 AccelOps-WUA-WinLog-Microsoft-Windows-Sysmon/Operational [monitorStatus]="Success" [Locale]="en-GB" [MachineGuid]="0031b1cc-f526-488c-bd3b-41b2ff7cd13b" [timeZone]="+0000" [eventName]="Microsoft-Windows-Sysmon/Operational" [eventSource]="Microsoft-Windows-Sysmon" [eventId]="3" [eventType]="Information" [domain]="NT AUTHORITY" [computer]="DC.OrgC_Domain.local" [user]="SYSTEM" [userSID]="S-1-5-18" [userSIDAcctType]="User" [eventTime]="Mar 13 2017 16:19:59" [deviceTime]="Mar 13 2017 16:19:59" [msg]="Network connection detected:UtcTime: 2017-03-13 16:19:57.865ProcessGuid: {0031B1CC-B341-58C6-0000-001087C50000}ProcessId: 624Image: C:\\Windows\\System32\\svchost.exeUser: NT AUTHORITY\\NETWORK SERVICEProtocol: tcpInitiated: falseSourceIsIpv6: falseSourceIp: 192.168.169.59SourceHostname: DC.OrgC_Domain.localSourcePort: 135SourcePortName: epmapDestinationIsIpv6: falseDestinationIp: 192.168.169.57DestinationHostname: DestinationPort: 38864DestinationPortName: "
192.168.169.59:2017-03-13T16:20:00Z DC.OrgC_Domain.local 192.168.169.59 AccelOps-WUA-WinLog-Microsoft-Windows-Sysmon/Operational [monitorStatus]="Success" [Locale]="en-GB" [MachineGuid]="0031b1cc-f526-488c-bd3b-41b2ff7cd13b" [timeZone]="+0000" [eventName]="Microsoft-Windows-Sysmon/Operational" [eventSource]="Microsoft-Windows-Sysmon" [eventId]="3" [eventType]="Information" [domain]="NT AUTHORITY" [computer]="DC.OrgC_Domain.local" [user]="SYSTEM" [userSID]="S-1-5-18" [userSIDAcctType]="User" [eventTime]="Mar 13 2017 16:19:59" [deviceTime]="Mar 13 2017 16:19:59" [msg]="Network connection detected:UtcTime: 2017-03-13 16:19:57.944ProcessGuid: {0031B1CC-B342-58C6-0000-001078DA0000}ProcessId: 776Image: C:\\Windows\\System32\\svchost.exeUser: NT AUTHORITY\\SYSTEMProtocol: tcpInitiated: falseSourceIsIpv6: falseSourceIp: 192.168.169.59SourceHostname: DC.OrgC_Domain.localSourcePort: 49154SourcePortName: DestinationIsIpv6: falseDestinationIp: 192.168.169.57DestinationHostname: DestinationPort: 36576DestinationPortName: "
192.168.169.59:2017-03-13T16:20:00Z DC.OrgC_Domain.local 192.168.169.59 AccelOps-WUA-WinLog-Microsoft-Windows-Sysmon/Operational [monitorStatus]="Success" [Locale]="en-GB" [MachineGuid]="0031b1cc-f526-488c-bd3b-41b2ff7cd13b" [timeZone]="+0000" [eventName]="Microsoft-Windows-Sysmon/Operational" [eventSource]="Microsoft-Windows-Sysmon" [eventId]="3" [eventType]="Information" [domain]="NT AUTHORITY" [computer]="DC.OrgC_Domain.local" [user]="SYSTEM" [userSID]="S-1-5-18" [userSIDAcctType]="User" [eventTime]="Mar 13 2017 16:19:59" [deviceTime]="Mar 13 2017 16:19:59" [msg]="Network connection detected:UtcTime: 2017-03-13 16:19:57.846ProcessGuid: {0031B1CC-B342-58C6-0000-001078DA0000}ProcessId: 776Image: C:\\Windows\\System32\\svchost.exeUser: NT AUTHORITY\\SYSTEMProtocol: tcpInitiated: falseSourceIsIpv6: falseSourceIp: 192.168.169.59SourceHostname: DC.OrgC_Domain.localSourcePort: 49154SourcePortName: DestinationIsIpv6: falseDestinationIp: 192.168.169.57DestinationHostname: DestinationPort: 36556DestinationPortName: "
192.168.169.59:2017-03-13T16:20:00Z DC.OrgC_Domain.local 192.168.169.59 AccelOps-WUA-WinLog-Microsoft-Windows-Sysmon/Operational [monitorStatus]="Success" [Locale]="en-GB" [MachineGuid]="0031b1cc-f526-488c-bd3b-41b2ff7cd13b" [timeZone]="+0000" [eventName]="Microsoft-Windows-Sysmon/Operational" [eventSource]="Microsoft-Windows-Sysmon" [eventId]="3" [eventType]="Information" [domain]="NT AUTHORITY" [computer]="DC.OrgC_Domain.local" [user]="SYSTEM" [userSID]="S-1-5-18" [userSIDAcctType]="User" [eventTime]="Mar 13 2017 16:19:59" [deviceTime]="Mar 13 2017 16:19:59" [msg]="Network connection detected:UtcTime: 2017-03-13 16:19:57.855ProcessGuid: {0031B1CC-B342-58C6-0000-001078DA0000}ProcessId: 776Image: C:\\Windows\\System32\\svchost.exeUser: NT AUTHORITY\\SYSTEMProtocol: tcpInitiated: falseSourceIsIpv6: falseSourceIp: 192.168.169.59SourceHostname: DC.OrgC_Domain.localSourcePort: 49154SourcePortName: DestinationIsIpv6: falseDestinationIp: 192.168.169.57DestinationHostname: DestinationPort: 36564DestinationPortName: "
192.168.169.59:2017-03-13T16:20:00Z DC.OrgC_Domain.local 192.168.169.59 AccelOps-WUA-WinLog-Microsoft-Windows-Sysmon/Operational [monitorStatus]="Success" [Locale]="en-GB" [MachineGuid]="0031b1cc-f526-488c-bd3b-41b2ff7cd13b" [timeZone]="+0000" [eventName]="Microsoft-Windows-Sysmon/Operational" [eventSource]="Microsoft-Windows-Sysmon" [eventId]="3" [eventType]="Information" [domain]="NT AUTHORITY" [computer]="DC.OrgC_Domain.local" [user]="SYSTEM" [userSID]="S-1-5-18" [userSIDAcctType]="User" [eventTime]="Mar 13 2017 16:19:59" [deviceTime]="Mar 13 2017 16:19:59" [msg]="Network connection detected:UtcTime: 2017-03-13 16:19:57.869ProcessGuid: {0031B1CC-B342-58C6-0000-001078DA0000}ProcessId: 776Image: C:\\Windows\\System32\\svchost.exeUser: NT AUTHORITY\\SYSTEMProtocol: tcpInitiated: falseSourceIsIpv6: falseSourceIp: 192.168.169.59SourceHostname: DC.OrgC_Domain.localSourcePort: 49154SourcePortName: DestinationIsIpv6: falseDestinationIp: 192.168.169.57DestinationHostname: DestinationPort: 36570DestinationPortName: "
192.168.169.59:2017-03-13T16:20:00Z DC.OrgC_Domain.local 192.168.169.59 AccelOps-WUA-WinLog-Microsoft-Windows-Sysmon/Operational [monitorStatus]="Success" [Locale]="en-GB" [MachineGuid]="0031b1cc-f526-488c-bd3b-41b2ff7cd13b" [timeZone]="+0000" [eventName]="Microsoft-Windows-Sysmon/Operational" [eventSource]="Microsoft-Windows-Sysmon" [eventId]="3" [eventType]="Information" [domain]="NT AUTHORITY" [computer]="DC.OrgC_Domain.local" [user]="SYSTEM" [userSID]="S-1-5-18" [userSIDAcctType]="User" [eventTime]="Mar 13 2017 16:19:59" [deviceTime]="Mar 13 2017 16:19:59" [msg]="Network connection detected:UtcTime: 2017-03-13 16:19:57.864ProcessGuid: {0031B1CC-B341-58C6-0000-001087C50000}ProcessId: 624Image: C:\\Windows\\System32\\svchost.exeUser: NT AUTHORITY\\NETWORK SERVICEProtocol: tcpInitiated: falseSourceIsIpv6: falseSourceIp: 192.168.169.59SourceHostname: DC.OrgC_Domain.localSourcePort: 135SourcePortName: epmapDestinationIsIpv6: falseDestinationIp: 192.168.169.57DestinationHostname: DestinationPort: 38862DestinationPortName: "
192.168.169.59:2017-03-13T16:20:00Z DC.OrgC_Domain.local 192.168.169.59 AccelOps-WUA-WinLog-Microsoft-Windows-Sysmon/Operational [monitorStatus]="Success" [Locale]="en-GB" [MachineGuid]="0031b1cc-f526-488c-bd3b-41b2ff7cd13b" [timeZone]="+0000" [eventName]="Microsoft-Windows-Sysmon/Operational" [eventSource]="Microsoft-Windows-Sysmon" [eventId]="3" [eventType]="Information" [domain]="NT AUTHORITY" [computer]="DC.OrgC_Domain.local" [user]="SYSTEM" [userSID]="S-1-5-18" [userSIDAcctType]="User" [eventTime]="Mar 13 2017 16:19:59" [deviceTime]="Mar 13 2017 16:19:59" [msg]="Network connection detected:UtcTime: 2017-03-13 16:19:57.936ProcessGuid: {0031B1CC-B341-58C6-0000-001087C50000}ProcessId: 624Image: C:\\Windows\\System32\\svchost.exeUser: NT AUTHORITY\\NETWORK SERVICEProtocol: tcpInitiated: falseSourceIsIpv6: falseSourceIp: 192.168.169.59SourceHostname: DC.OrgC_Domain.localSourcePort: 135SourcePortName: epmapDestinationIsIpv6: falseDestinationIp: 192.168.169.57DestinationHostname: DestinationPort: 38868DestinationPortName: "
192.168.169.59:2017-03-13T16:20:00Z DC.OrgC_Domain.local 192.168.169.59 AccelOps-WUA-WinLog-Microsoft-Windows-Sysmon/Operational [monitorStatus]="Success" [Locale]="en-GB" [MachineGuid]="0031b1cc-f526-488c-bd3b-41b2ff7cd13b" [timeZone]="+0000" [eventName]="Microsoft-Windows-Sysmon/Operational" [eventSource]="Microsoft-Windows-Sysmon" [eventId]="3" [eventType]="Information" [domain]="NT AUTHORITY" [computer]="DC.OrgC_Domain.local" [user]="SYSTEM" [userSID]="S-1-5-18" [userSIDAcctType]="User" [eventTime]="Mar 13 2017 16:19:59" [deviceTime]="Mar 13 2017 16:19:59" [msg]="Network connection detected:UtcTime: 2017-03-13 16:19:57.977ProcessGuid: {0031B1CC-B341-58C6-0000-001087C50000}ProcessId: 624Image: C:\\Windows\\System32\\svchost.exeUser: NT AUTHORITY\\NETWORK SERVICEProtocol: tcpInitiated: falseSourceIsIpv6: falseSourceIp: 192.168.169.59SourceHostname: DC.OrgC_Domain.localSourcePort: 135SourcePortName: epmapDestinationIsIpv6: falseDestinationIp: 192.168.169.57DestinationHostname: DestinationPort: 38876DestinationPortName: "
192.168.169.59:2017-03-13T16:20:03Z DC.OrgC_Domain.local 192.168.169.59 AccelOps-WUA-WinLog-Microsoft-Windows-Sysmon/Operational [monitorStatus]="Success" [Locale]="en-GB" [MachineGuid]="0031b1cc-f526-488c-bd3b-41b2ff7cd13b" [timeZone]="+0000" [eventName]="Microsoft-Windows-Sysmon/Operational" [eventSource]="Microsoft-Windows-Sysmon" [eventId]="3" [eventType]="Information" [domain]="NT AUTHORITY" [computer]="DC.OrgC_Domain.local" [user]="SYSTEM" [userSID]="S-1-5-18" [userSIDAcctType]="User" [eventTime]="Mar 13 2017 16:20:02" [deviceTime]="Mar 13 2017 16:20:02" [msg]="Network connection detected:UtcTime: 2017-03-13 16:20:01.743ProcessGuid: {0031B1CC-B351-58C6-0000-00103D540100}ProcessId: 1280Image: C:\\Program Files\\AccelOps\\Agent\\AoWinAgt.exeUser: NT AUTHORITY\\SYSTEMProtocol: tcpInitiated: trueSourceIsIpv6: falseSourceIp: 192.168.169.59SourceHostname: DC.OrgC_Domain.localSourcePort: 53256SourcePortName: DestinationIsIpv6: falseDestinationIp: 192.168.169.57DestinationHostname: DestinationPort: 443DestinationPortName: https"
192.168.169.59:2017-03-13T16:20:03Z DC.OrgC_Domain.local 192.168.169.59 AccelOps-WUA-WinLog-Microsoft-Windows-Sysmon/Operational [monitorStatus]="Success" [Locale]="en-GB" [MachineGuid]="0031b1cc-f526-488c-bd3b-41b2ff7cd13b" [timeZone]="+0000" [eventName]="Microsoft-Windows-Sysmon/Operational" [eventSource]="Microsoft-Windows-Sysmon" [eventId]="3" [eventType]="Information" [domain]="NT AUTHORITY" [computer]="DC.OrgC_Domain.local" [user]="SYSTEM" [userSID]="S-1-5-18" [userSIDAcctType]="User" [eventTime]="Mar 13 2017 16:20:02" [deviceTime]="Mar 13 2017 16:20:02" [msg]="Network connection detected:UtcTime: 2017-03-13 16:20:01.716ProcessGuid: {0031B1CC-B351-58C6-0000-00103D540100}ProcessId: 1280Image: C:\\Program Files\\AccelOps\\Agent\\AoWinAgt.exeUser: NT AUTHORITY\\SYSTEMProtocol: tcpInitiated: trueSourceIsIpv6: falseSourceIp: 192.168.169.59SourceHostname: DC.OrgC_Domain.localSourcePort: 53255SourcePortName: DestinationIsIpv6: falseDestinationIp: 192.168.169.57DestinationHostname: DestinationPort: 443DestinationPortName: https"
192.168.169.59:2017-03-13T16:20:09Z DC.OrgC_Domain.local 192.168.169.59 AccelOps-WUA-WinLog-Microsoft-Windows-Sysmon/Operational [monitorStatus]="Success" [Locale]="en-GB" [MachineGuid]="0031b1cc-f526-488c-bd3b-41b2ff7cd13b" [timeZone]="+0000" [eventName]="Microsoft-Windows-Sysmon/Operational" [eventSource]="Microsoft-Windows-Sysmon" [eventId]="3" [eventType]="Information" [domain]="NT AUTHORITY" [computer]="DC.OrgC_Domain.local" [user]="SYSTEM" [userSID]="S-1-5-18" [userSIDAcctType]="User" [eventTime]="Mar 13 2017 16:20:08" [deviceTime]="Mar 13 2017 16:20:08" [msg]="Network connection detected:UtcTime: 2017-03-13 16:20:07.009ProcessGuid: {0031B1CC-B351-58C6-0000-00103D540100}ProcessId: 1280Image: C:\\Program Files\\AccelOps\\Agent\\AoWinAgt.exeUser: NT AUTHORITY\\SYSTEMProtocol: tcpInitiated: trueSourceIsIpv6: falseSourceIp: 192.168.169.59SourceHostname: DC.OrgC_Domain.localSourcePort: 53258SourcePortName: DestinationIsIpv6: falseDestinationIp: 192.168.169.57DestinationHostname: DestinationPort: 443DestinationPortName: https"
192.168.169.59:2017-03-13T16:20:09Z DC.OrgC_Domain.local 192.168.169.59 AccelOps-WUA-WinLog-Microsoft-Windows-Sysmon/Operational [monitorStatus]="Success" [Locale]="en-GB" [MachineGuid]="0031b1cc-f526-488c-bd3b-41b2ff7cd13b" [timeZone]="+0000" [eventName]="Microsoft-Windows-Sysmon/Operational" [eventSource]="Microsoft-Windows-Sysmon" [eventId]="3" [eventType]="Information" [domain]="NT AUTHORITY" [computer]="DC.OrgC_Domain.local" [user]="SYSTEM" [userSID]="S-1-5-18" [userSIDAcctType]="User" [eventTime]="Mar 13 2017 16:20:08" [deviceTime]="Mar 13 2017 16:20:08" [msg]="Network connection detected:UtcTime: 2017-03-13 16:20:06.821ProcessGuid: {0031B1CC-B351-58C6-0000-00103D540100}ProcessId: 1280Image: C:\\Program Files\\AccelOps\\Agent\\AoWinAgt.exeUser: NT AUTHORITY\\SYSTEMProtocol: tcpInitiated: trueSourceIsIpv6: falseSourceIp: 192.168.169.59SourceHostname: DC.OrgC_Domain.localSourcePort: 53257SourcePortName: DestinationIsIpv6: falseDestinationIp: 192.168.169.57DestinationHostname: DestinationPort: 443DestinationPortName: https"
192.168.169.59:2017-03-13T16:20:15Z DC.OrgC_Domain.local 192.168.169.59 AccelOps-WUA-WinLog-Microsoft-Windows-Sysmon/Operational [monitorStatus]="Success" [Locale]="en-GB" [MachineGuid]="0031b1cc-f526-488c-bd3b-41b2ff7cd13b" [timeZone]="+0000" [eventName]="Microsoft-Windows-Sysmon/Operational" [eventSource]="Microsoft-Windows-Sysmon" [eventId]="3" [eventType]="Information" [domain]="NT AUTHORITY" [computer]="DC.OrgC_Domain.local" [user]="SYSTEM" [userSID]="S-1-5-18" [userSIDAcctType]="User" [eventTime]="Mar 13 2017 16:20:14" [deviceTime]="Mar 13 2017 16:20:14" [msg]="Network connection detected:UtcTime: 2017-03-13 16:20:12.086ProcessGuid: {0031B1CC-B351-58C6-0000-00103D540100}ProcessId: 1280Image: C:\\Program Files\\AccelOps\\Agent\\AoWinAgt.exeUser: NT AUTHORITY\\SYSTEMProtocol: tcpInitiated: trueSourceIsIpv6: falseSourceIp: 192.168.169.59SourceHostname: DC.OrgC_Domain.localSourcePort: 53260SourcePortName: DestinationIsIpv6: falseDestinationIp: 192.168.169.57DestinationHostname: DestinationPort: 443DestinationPortName: https"
192.168.169.59:2017-03-13T16:20:14Z DC.OrgC_Domain.local 192.168.169.59 AccelOps-WUA-WinLog-Microsoft-Windows-Sysmon/Operational [monitorStatus]="Success" [Locale]="en-GB" [MachineGuid]="0031b1cc-f526-488c-bd3b-41b2ff7cd13b" [timeZone]="+0000" [eventName]="Microsoft-Windows-Sysmon/Operational" [eventSource]="Microsoft-Windows-Sysmon" [eventId]="3" [eventType]="Information" [domain]="NT AUTHORITY" [computer]="DC.OrgC_Domain.local" [user]="SYSTEM" [userSID]="S-1-5-18" [userSIDAcctType]="User" [eventTime]="Mar 13 2017 16:20:13" [deviceTime]="Mar 13 2017 16:20:13" [msg]="Network connection detected:UtcTime: 2017-03-13 16:20:11.880ProcessGuid: {0031B1CC-B342-58C6-0000-001078DA0000}ProcessId: 776Image: C:\\Windows\\System32\\svchost.exeUser: NT AUTHORITY\\SYSTEMProtocol: tcpInitiated: falseSourceIsIpv6: falseSourceIp: 192.168.169.59SourceHostname: DC.OrgC_Domain.localSourcePort: 49154SourcePortName: DestinationIsIpv6: falseDestinationIp: 192.168.169.57DestinationHostname: DestinationPort: 36596DestinationPortName: "
192.168.169.59:2017-03-13T16:20:15Z DC.OrgC_Domain.local 192.168.169.59 AccelOps-WUA-WinLog-Microsoft-Windows-Sysmon/Operational [monitorStatus]="Success" [Locale]="en-GB" [MachineGuid]="0031b1cc-f526-488c-bd3b-41b2ff7cd13b" [timeZone]="+0000" [eventName]="Microsoft-Windows-Sysmon/Operational" [eventSource]="Microsoft-Windows-Sysmon" [eventId]="3" [eventType]="Information" [domain]="NT AUTHORITY" [computer]="DC.OrgC_Domain.local" [user]="SYSTEM" [userSID]="S-1-5-18" [userSIDAcctType]="User" [eventTime]="Mar 13 2017 16:20:14" [deviceTime]="Mar 13 2017 16:20:14" [msg]="Network connection detected:UtcTime: 2017-03-13 16:20:12.071ProcessGuid: {0031B1CC-B351-58C6-0000-00103D540100}ProcessId: 1280Image: C:\\Program Files\\AccelOps\\Agent\\AoWinAgt.exeUser: NT AUTHORITY\\SYSTEMProtocol: tcpInitiated: trueSourceIsIpv6: falseSourceIp: 192.168.169.59SourceHostname: DC.OrgC_Domain.localSourcePort: 53259SourcePortName: DestinationIsIpv6: falseDestinationIp: 192.168.169.57DestinationHostname: DestinationPort: 443DestinationPortName: https"
192.168.169.59:2017-03-13T16:20:14Z DC.OrgC_Domain.local 192.168.169.59 AccelOps-WUA-WinLog-Microsoft-Windows-Sysmon/Operational [monitorStatus]="Success" [Locale]="en-GB" [MachineGuid]="0031b1cc-f526-488c-bd3b-41b2ff7cd13b" [timeZone]="+0000" [eventName]="Microsoft-Windows-Sysmon/Operational" [eventSource]="Microsoft-Windows-Sysmon" [eventId]="3" [eventType]="Information" [domain]="NT AUTHORITY" [computer]="DC.OrgC_Domain.local" [user]="SYSTEM" [userSID]="S-1-5-18" [userSIDAcctType]="User" [eventTime]="Mar 13 2017 16:20:13" [deviceTime]="Mar 13 2017 16:20:13" [msg]="Network connection detected:UtcTime: 2017-03-13 16:20:11.873ProcessGuid: {0031B1CC-B341-58C6-0000-001087C50000}ProcessId: 624Image: C:\\Windows\\System32\\svchost.exeUser: NT AUTHORITY\\NETWORK SERVICEProtocol: tcpInitiated: falseSourceIsIpv6: falseSourceIp: 192.168.169.59SourceHostname: DC.OrgC_Domain.localSourcePort: 135SourcePortName: epmapDestinationIsIpv6: falseDestinationIp: 192.168.169.57DestinationHostname: DestinationPort: 38888DestinationPortName: "
192.168.169.59:2017-03-13T16:20:15Z DC.OrgC_Domain.local 192.168.169.59 AccelOps-WUA-WinLog-Microsoft-Windows-Sysmon/Operational [monitorStatus]="Success" [Locale]="en-GB" [MachineGuid]="0031b1cc-f526-488c-bd3b-41b2ff7cd13b" [timeZone]="+0000" [eventName]="Microsoft-Windows-Sysmon/Operational" [eventSource]="Microsoft-Windows-Sysmon" [eventId]="3" [eventType]="Information" [domain]="NT AUTHORITY" [computer]="DC.OrgC_Domain.local" [user]="SYSTEM" [userSID]="S-1-5-18" [userSIDAcctType]="User" [eventTime]="Mar 13 2017 16:20:14" [deviceTime]="Mar 13 2017 16:20:14" [msg]="Network connection detected:UtcTime: 2017-03-13 16:20:12.904ProcessGuid: {0031B1CC-B653-58C6-0000-0010ECB30F00}ProcessId: 3132Image: C:\\Program Files\\AccelOps\\Server\\AoWinAgtMgr.exeUser: ORGC_DOMAIN\\AdministratorProtocol: tcpInitiated: trueSourceIsIpv6: trueSourceIp: 0:0:0:0:0:0:0:1SourceHostname: DC.OrgC_Domain.localSourcePort: 53261SourcePortName: DestinationIsIpv6: trueDestinationIp: 0:0:0:0:0:0:0:1DestinationHostname: DC.OrgC_Domain.localDestinationPort: 443DestinationPortName: https"
192.168.169.59:2017-03-13T16:20:14Z DC.OrgC_Domain.local 192.168.169.59 AccelOps-WUA-WinLog-Microsoft-Windows-Sysmon/Operational [monitorStatus]="Success" [Locale]="en-GB" [MachineGuid]="0031b1cc-f526-488c-bd3b-41b2ff7cd13b" [timeZone]="+0000" [eventName]="Microsoft-Windows-Sysmon/Operational" [eventSource]="Microsoft-Windows-Sysmon" [eventId]="3" [eventType]="Information" [domain]="NT AUTHORITY" [computer]="DC.OrgC_Domain.local" [user]="SYSTEM" [userSID]="S-1-5-18" [userSIDAcctType]="User" [eventTime]="Mar 13 2017 16:20:13" [deviceTime]="Mar 13 2017 16:20:13" [msg]="Network connection detected:UtcTime: 2017-03-13 16:20:11.875ProcessGuid: {0031B1CC-B341-58C6-0000-001087C50000}ProcessId: 624Image: C:\\Windows\\System32\\svchost.exeUser: NT AUTHORITY\\NETWORK SERVICEProtocol: tcpInitiated: falseSourceIsIpv6: falseSourceIp: 192.168.169.59SourceHostname: DC.OrgC_Domain.localSourcePort: 135SourcePortName: epmapDestinationIsIpv6: falseDestinationIp: 192.168.169.57DestinationHostname: DestinationPort: 38890DestinationPortName: "
192.168.169.59:2017-03-13T16:20:15Z DC.OrgC_Domain.local 192.168.169.59 AccelOps-WUA-WinLog-Microsoft-Windows-Sysmon/Operational [monitorStatus]="Success" [Locale]="en-GB" [MachineGuid]="0031b1cc-f526-488c-bd3b-41b2ff7cd13b" [timeZone]="+0000" [eventName]="Microsoft-Windows-Sysmon/Operational" [eventSource]="Microsoft-Windows-Sysmon" [eventId]="3" [eventType]="Information" [domain]="NT AUTHORITY" [computer]="DC.OrgC_Domain.local" [user]="SYSTEM" [userSID]="S-1-5-18" [userSIDAcctType]="User" [eventTime]="Mar 13 2017 16:20:14" [deviceTime]="Mar 13 2017 16:20:14" [msg]="Network connection detected:UtcTime: 2017-03-13 16:20:12.905ProcessGuid: {0031B1CC-B32D-58C6-0000-0010EB030000}ProcessId: 4Image: SystemUser: NT AUTHORITY\\SYSTEMProtocol: tcpInitiated: falseSourceIsIpv6: trueSourceIp: 0:0:0:0:0:0:0:1SourceHostname: DC.OrgC_Domain.localSourcePort: 443SourcePortName: httpsDestinationIsIpv6: trueDestinationIp: 0:0:0:0:0:0:0:1DestinationHostname: DC.OrgC_Domain.localDestinationPort: 53261DestinationPortName: "
192.168.169.59:2017-03-13T16:20:19Z DC.OrgC_Domain.local 192.168.169.59 AccelOps-WUA-WinLog-Microsoft-Windows-Sysmon/Operational [monitorStatus]="Success" [Locale]="en-GB" [MachineGuid]="0031b1cc-f526-488c-bd3b-41b2ff7cd13b" [timeZone]="+0000" [eventName]="Microsoft-Windows-Sysmon/Operational" [eventSource]="Microsoft-Windows-Sysmon" [eventId]="3" [eventType]="Information" [domain]="NT AUTHORITY" [computer]="DC.OrgC_Domain.local" [user]="SYSTEM" [userSID]="S-1-5-18" [userSIDAcctType]="User" [eventTime]="Mar 13 2017 16:20:18" [deviceTime]="Mar 13 2017 16:20:18" [msg]="Network connection detected:UtcTime: 2017-03-13 16:20:17.166ProcessGuid: {0031B1CC-B351-58C6-0000-00103D540100}ProcessId: 1280Image: C:\\Program Files\\AccelOps\\Agent\\AoWinAgt.exeUser: NT AUTHORITY\\SYSTEMProtocol: tcpInitiated: trueSourceIsIpv6: falseSourceIp: 192.168.169.59SourceHostname: DC.OrgC_Domain.localSourcePort: 53262SourcePortName: DestinationIsIpv6: falseDestinationIp: 192.168.169.57DestinationHostname: DestinationPort: 443DestinationPortName: https"
192.168.169.59:2017-03-13T16:20:19Z DC.OrgC_Domain.local 192.168.169.59 AccelOps-WUA-WinLog-Microsoft-Windows-Sysmon/Operational [monitorStatus]="Success" [Locale]="en-GB" [MachineGuid]="0031b1cc-f526-488c-bd3b-41b2ff7cd13b" [timeZone]="+0000" [eventName]="Microsoft-Windows-Sysmon/Operational" [eventSource]="Microsoft-Windows-Sysmon" [eventId]="3" [eventType]="Information" [domain]="NT AUTHORITY" [computer]="DC.OrgC_Domain.local" [user]="SYSTEM" [userSID]="S-1-5-18" [userSIDAcctType]="User" [eventTime]="Mar 13 2017 16:20:18" [deviceTime]="Mar 13 2017 16:20:18" [msg]="Network connection detected:UtcTime: 2017-03-13 16:20:17.211ProcessGuid: {0031B1CC-B351-58C6-0000-00103D540100}ProcessId: 1280Image: C:\\Program Files\\AccelOps\\Agent\\AoWinAgt.exeUser: NT AUTHORITY\\SYSTEMProtocol: tcpInitiated: trueSourceIsIpv6: falseSourceIp: 192.168.169.59SourceHostname: DC.OrgC_Domain.localSourcePort: 53263SourcePortName: DestinationIsIpv6: falseDestinationIp: 192.168.169.57DestinationHostname: DestinationPort: 443DestinationPortName: https"
192.168.169.59:2017-03-13T16:20:25Z DC.OrgC_Domain.local 192.168.169.59 AccelOps-WUA-WinLog-Microsoft-Windows-Sysmon/Operational [monitorStatus]="Success" [Locale]="en-GB" [MachineGuid]="0031b1cc-f526-488c-bd3b-41b2ff7cd13b" [timeZone]="+0000" [eventName]="Microsoft-Windows-Sysmon/Operational" [eventSource]="Microsoft-Windows-Sysmon" [eventId]="3" [eventType]="Information" [domain]="NT AUTHORITY" [computer]="DC.OrgC_Domain.local" [user]="SYSTEM" [userSID]="S-1-5-18" [userSIDAcctType]="User" [eventTime]="Mar 13 2017 16:20:24" [deviceTime]="Mar 13 2017 16:20:24" [msg]="Network connection detected:UtcTime: 2017-03-13 16:20:22.274ProcessGuid: {0031B1CC-B351-58C6-0000-00103D540100}ProcessId: 1280Image: C:\\Program Files\\AccelOps\\Agent\\AoWinAgt.exeUser: NT AUTHORITY\\SYSTEMProtocol: tcpInitiated: trueSourceIsIpv6: falseSourceIp: 192.168.169.59SourceHostname: DC.OrgC_Domain.localSourcePort: 53265SourcePortName: DestinationIsIpv6: falseDestinationIp: 192.168.169.57DestinationHostname: DestinationPort: 443DestinationPortName: https"
192.168.169.59:2017-03-13T16:20:24Z DC.OrgC_Domain.local 192.168.169.59 AccelOps-WUA-WinLog-Microsoft-Windows-Sysmon/Operational [monitorStatus]="Success" [Locale]="en-GB" [MachineGuid]="0031b1cc-f526-488c-bd3b-41b2ff7cd13b" [timeZone]="+0000" [eventName]="Microsoft-Windows-Sysmon/Operational" [eventSource]="Microsoft-Windows-Sysmon" [eventId]="3" [eventType]="Information" [domain]="NT AUTHORITY" [computer]="DC.OrgC_Domain.local" [user]="SYSTEM" [userSID]="S-1-5-18" [userSIDAcctType]="User" [eventTime]="Mar 13 2017 16:20:23" [deviceTime]="Mar 13 2017 16:20:23" [msg]="Network connection detected:UtcTime: 2017-03-13 16:20:22.243ProcessGuid: {0031B1CC-B351-58C6-0000-00103D540100}ProcessId: 1280Image: C:\\Program Files\\AccelOps\\Agent\\AoWinAgt.exeUser: NT AUTHORITY\\SYSTEMProtocol: tcpInitiated: trueSourceIsIpv6: falseSourceIp: 192.168.169.59SourceHostname: DC.OrgC_Domain.localSourcePort: 53264SourcePortName: DestinationIsIpv6: falseDestinationIp: 192.168.169.57DestinationHostname: DestinationPort: 443DestinationPortName: https"
192.168.169.59:2017-03-13T16:20:29Z DC.OrgC_Domain.local 192.168.169.59 AccelOps-WUA-WinLog-Microsoft-Windows-Sysmon/Operational [monitorStatus]="Success" [Locale]="en-GB" [MachineGuid]="0031b1cc-f526-488c-bd3b-41b2ff7cd13b" [timeZone]="+0000" [eventName]="Microsoft-Windows-Sysmon/Operational" [eventSource]="Microsoft-Windows-Sysmon" [eventId]="3" [eventType]="Information" [domain]="NT AUTHORITY" [computer]="DC.OrgC_Domain.local" [user]="SYSTEM" [userSID]="S-1-5-18" [userSIDAcctType]="User" [eventTime]="Mar 13 2017 16:20:28" [deviceTime]="Mar 13 2017 16:20:28" [msg]="Network connection detected:UtcTime: 2017-03-13 16:20:27.368ProcessGuid: {0031B1CC-B351-58C6-0000-00103D540100}ProcessId: 1280Image: C:\\Program Files\\AccelOps\\Agent\\AoWinAgt.exeUser: NT AUTHORITY\\SYSTEMProtocol: tcpInitiated: trueSourceIsIpv6: falseSourceIp: 192.168.169.59SourceHostname: DC.OrgC_Domain.localSourcePort: 53267SourcePortName: DestinationIsIpv6: falseDestinationIp: 192.168.169.57DestinationHostname: DestinationPort: 443DestinationPortName: https"
192.168.169.59:2017-03-13T16:20:29Z DC.OrgC_Domain.local 192.168.169.59 AccelOps-WUA-WinLog-Microsoft-Windows-Sysmon/Operational [monitorStatus]="Success" [Locale]="en-GB" [MachineGuid]="0031b1cc-f526-488c-bd3b-41b2ff7cd13b" [timeZone]="+0000" [eventName]="Microsoft-Windows-Sysmon/Operational" [eventSource]="Microsoft-Windows-Sysmon" [eventId]="3" [eventType]="Information" [domain]="NT AUTHORITY" [computer]="DC.OrgC_Domain.local" [user]="SYSTEM" [userSID]="S-1-5-18" [userSIDAcctType]="User" [eventTime]="Mar 13 2017 16:20:28" [deviceTime]="Mar 13 2017 16:20:28" [msg]="Network connection detected:UtcTime: 2017-03-13 16:20:27.338ProcessGuid: {0031B1CC-B351-58C6-0000-00103D540100}ProcessId: 1280Image: C:\\Program Files\\AccelOps\\Agent\\AoWinAgt.exeUser: NT AUTHORITY\\SYSTEMProtocol: tcpInitiated: trueSourceIsIpv6: falseSourceIp: 192.168.169.59SourceHostname: DC.OrgC_Domain.localSourcePort: 53266SourcePortName: DestinationIsIpv6: falseDestinationIp: 192.168.169.57DestinationHostname: DestinationPort: 443DestinationPortName: https"
192.168.169.59:2017-03-13T16:20:34Z DC.OrgC_Domain.local 192.168.169.59 AccelOps-WUA-WinLog-Microsoft-Windows-Sysmon/Operational [monitorStatus]="Success" [Locale]="en-GB" [MachineGuid]="0031b1cc-f526-488c-bd3b-41b2ff7cd13b" [timeZone]="+0000" [eventName]="Microsoft-Windows-Sysmon/Operational" [eventSource]="Microsoft-Windows-Sysmon" [eventId]="3" [eventType]="Information" [domain]="NT AUTHORITY" [computer]="DC.OrgC_Domain.local" [user]="SYSTEM" [userSID]="S-1-5-18" [userSIDAcctType]="User" [eventTime]="Mar 13 2017 16:20:33" [deviceTime]="Mar 13 2017 16:20:33" [msg]="Network connection detected:UtcTime: 2017-03-13 16:20:32.446ProcessGuid: {0031B1CC-B351-58C6-0000-00103D540100}ProcessId: 1280Image: C:\\Program Files\\AccelOps\\Agent\\AoWinAgt.exeUser: NT AUTHORITY\\SYSTEMProtocol: tcpInitiated: trueSourceIsIpv6: falseSourceIp: 192.168.169.59SourceHostname: DC.OrgC_Domain.localSourcePort: 53269SourcePortName: DestinationIsIpv6: falseDestinationIp: 192.168.169.57DestinationHostname: DestinationPort: 443DestinationPortName: https"
192.168.169.59:2017-03-13T16:20:34Z DC.OrgC_Domain.local 192.168.169.59 AccelOps-WUA-WinLog-Microsoft-Windows-Sysmon/Operational [monitorStatus]="Success" [Locale]="en-GB" [MachineGuid]="0031b1cc-f526-488c-bd3b-41b2ff7cd13b" [timeZone]="+0000" [eventName]="Microsoft-Windows-Sysmon/Operational" [eventSource]="Microsoft-Windows-Sysmon" [eventId]="3" [eventType]="Information" [domain]="NT AUTHORITY" [computer]="DC.OrgC_Domain.local" [user]="SYSTEM" [userSID]="S-1-5-18" [userSIDAcctType]="User" [eventTime]="Mar 13 2017 16:20:33" [deviceTime]="Mar 13 2017 16:20:33" [msg]="Network connection detected:UtcTime: 2017-03-13 16:20:32.431ProcessGuid: {0031B1CC-B351-58C6-0000-00103D540100}ProcessId: 1280Image: C:\\Program Files\\AccelOps\\Agent\\AoWinAgt.exeUser: NT AUTHORITY\\SYSTEMProtocol: tcpInitiated: trueSourceIsIpv6: falseSourceIp: 192.168.169.59SourceHostname: DC.OrgC_Domain.localSourcePort: 53268SourcePortName: DestinationIsIpv6: falseDestinationIp: 192.168.169.57DestinationHostname: DestinationPort: 443DestinationPortName: https"
192.168.169.59:2017-03-13T16:20:39Z DC.OrgC_Domain.local 192.168.169.59 AccelOps-WUA-WinLog-Microsoft-Windows-Sysmon/Operational [monitorStatus]="Success" [Locale]="en-GB" [MachineGuid]="0031b1cc-f526-488c-bd3b-41b2ff7cd13b" [timeZone]="+0000" [eventName]="Microsoft-Windows-Sysmon/Operational" [eventSource]="Microsoft-Windows-Sysmon" [eventId]="3" [eventType]="Information" [domain]="NT AUTHORITY" [computer]="DC.OrgC_Domain.local" [user]="SYSTEM" [userSID]="S-1-5-18" [userSIDAcctType]="User" [eventTime]="Mar 13 2017 16:20:38" [deviceTime]="Mar 13 2017 16:20:38" [msg]="Network connection detected:UtcTime: 2017-03-13 16:20:37.556ProcessGuid: {0031B1CC-B351-58C6-0000-00103D540100}ProcessId: 1280Image: C:\\Program Files\\AccelOps\\Agent\\AoWinAgt.exeUser: NT AUTHORITY\\SYSTEMProtocol: tcpInitiated: trueSourceIsIpv6: falseSourceIp: 192.168.169.59SourceHostname: DC.OrgC_Domain.localSourcePort: 53271SourcePortName: DestinationIsIpv6: falseDestinationIp: 192.168.169.57DestinationHostname: DestinationPort: 443DestinationPortName: https"
192.168.169.59:2017-03-13T16:20:41Z DC.OrgC_Domain.local 192.168.169.59 AccelOps-WUA-WinLog-Microsoft-Windows-Sysmon/Operational [monitorStatus]="Success" [Locale]="en-GB" [MachineGuid]="0031b1cc-f526-488c-bd3b-41b2ff7cd13b" [timeZone]="+0000" [eventName]="Microsoft-Windows-Sysmon/Operational" [eventSource]="Microsoft-Windows-Sysmon" [eventId]="3" [eventType]="Information" [domain]="NT AUTHORITY" [computer]="DC.OrgC_Domain.local" [user]="SYSTEM" [userSID]="S-1-5-18" [userSIDAcctType]="User" [eventTime]="Mar 13 2017 16:20:41" [deviceTime]="Mar 13 2017 16:20:41" [msg]="Network connection detected:UtcTime: 2017-03-13 16:20:40.703ProcessGuid: {0031B1CC-B32D-58C6-0000-0010EB030000}ProcessId: 4Image: SystemUser: NT AUTHORITY\\SYSTEMProtocol: udpInitiated: trueSourceIsIpv6: falseSourceIp: 192.168.169.59SourceHostname: DC.OrgC_Domain.localSourcePort: 137SourcePortName: netbios-nsDestinationIsIpv6: falseDestinationIp: 192.168.169.39DestinationHostname: DCDestinationPort: 137DestinationPortName: netbios-ns"
192.168.169.59:2017-03-13T16:20:41Z DC.OrgC_Domain.local 192.168.169.59 AccelOps-WUA-WinLog-Microsoft-Windows-Sysmon/Operational [monitorStatus]="Success" [Locale]="en-GB" [MachineGuid]="0031b1cc-f526-488c-bd3b-41b2ff7cd13b" [timeZone]="+0000" [eventName]="Microsoft-Windows-Sysmon/Operational" [eventSource]="Microsoft-Windows-Sysmon" [eventId]="3" [eventType]="Information" [domain]="NT AUTHORITY" [computer]="DC.OrgC_Domain.local" [user]="SYSTEM" [userSID]="S-1-5-18" [userSIDAcctType]="User" [eventTime]="Mar 13 2017 16:20:40" [deviceTime]="Mar 13 2017 16:20:40" [msg]="Network connection detected:UtcTime: 2017-03-13 16:20:39.897ProcessGuid: {0031B1CC-B342-58C6-0000-001078DA0000}ProcessId: 776Image: C:\\Windows\\System32\\svchost.exeUser: NT AUTHORITY\\SYSTEMProtocol: tcpInitiated: falseSourceIsIpv6: falseSourceIp: 192.168.169.59SourceHostname: DC.OrgC_Domain.localSourcePort: 49154SourcePortName: DestinationIsIpv6: falseDestinationIp: 192.168.169.57DestinationHostname: DestinationPort: 36626DestinationPortName: "
192.168.169.59:2017-03-13T16:20:41Z DC.OrgC_Domain.local 192.168.169.59 AccelOps-WUA-WinLog-Microsoft-Windows-Sysmon/Operational [monitorStatus]="Success" [Locale]="en-GB" [MachineGuid]="0031b1cc-f526-488c-bd3b-41b2ff7cd13b" [timeZone]="+0000" [eventName]="Microsoft-Windows-Sysmon/Operational" [eventSource]="Microsoft-Windows-Sysmon" [eventId]="3" [eventType]="Information" [domain]="NT AUTHORITY" [computer]="DC.OrgC_Domain.local" [user]="SYSTEM" [userSID]="S-1-5-18" [userSIDAcctType]="User" [eventTime]="Mar 13 2017 16:20:40" [deviceTime]="Mar 13 2017 16:20:40" [msg]="Network connection detected:UtcTime: 2017-03-13 16:20:39.893ProcessGuid: {0031B1CC-B341-58C6-0000-001087C50000}ProcessId: 624Image: C:\\Windows\\System32\\svchost.exeUser: NT AUTHORITY\\NETWORK SERVICEProtocol: tcpInitiated: falseSourceIsIpv6: falseSourceIp: 192.168.169.59SourceHostname: DC.OrgC_Domain.localSourcePort: 135SourcePortName: epmapDestinationIsIpv6: falseDestinationIp: 192.168.169.57DestinationHostname: DestinationPort: 38914DestinationPortName: "
