192.168.169.59:2017-03-13T16:23:26Z DC.OrgC_Domain.local 192.168.169.59 AccelOps-WUA-WinLog-Microsoft-Windows-Sysmon/Operational [monitorStatus]="Success" [Locale]="en-GB" [MachineGuid]="0031b1cc-f526-488c-bd3b-41b2ff7cd13b" [timeZone]="+0000" [eventName]="Microsoft-Windows-Sysmon/Operational" [eventSource]="Microsoft-Windows-Sysmon" [eventId]="3" [eventType]="Information" [domain]="NT AUTHORITY" [computer]="DC.OrgC_Domain.local" [user]="SYSTEM" [userSID]="S-1-5-18" [userSIDAcctType]="User" [eventTime]="Mar 13 2017 16:23:25" [deviceTime]="Mar 13 2017 16:23:25" [msg]="Network connection detected:UtcTime: 2017-03-13 16:23:24.113ProcessGuid: {0031B1CC-B341-58C6-0000-001087C50000}ProcessId: 624Image: C:\\Windows\\System32\\svchost.exeUser: NT AUTHORITY\\NETWORK SERVICEProtocol: tcpInitiated: falseSourceIsIpv6: falseSourceIp: 192.168.169.59SourceHostname: DC.OrgC_Domain.localSourcePort: 135SourcePortName: epmapDestinationIsIpv6: falseDestinationIp: 192.168.169.57DestinationHostname: DestinationPort: 39230DestinationPortName: "
192.168.169.59:2017-03-13T16:23:26Z DC.OrgC_Domain.local 192.168.169.59 AccelOps-WUA-WinLog-Microsoft-Windows-Sysmon/Operational [monitorStatus]="Success" [Locale]="en-GB" [MachineGuid]="0031b1cc-f526-488c-bd3b-41b2ff7cd13b" [timeZone]="+0000" [eventName]="Microsoft-Windows-Sysmon/Operational" [eventSource]="Microsoft-Windows-Sysmon" [eventId]="3" [eventType]="Information" [domain]="NT AUTHORITY" [computer]="DC.OrgC_Domain.local" [user]="SYSTEM" [userSID]="S-1-5-18" [userSIDAcctType]="User" [eventTime]="Mar 13 2017 16:23:25" [deviceTime]="Mar 13 2017 16:23:25" [msg]="Network connection detected:UtcTime: 2017-03-13 16:23:24.238ProcessGuid: {0031B1CC-B341-58C6-0000-001087C50000}ProcessId: 624Image: C:\\Windows\\System32\\svchost.exeUser: NT AUTHORITY\\NETWORK SERVICEProtocol: tcpInitiated: falseSourceIsIpv6: falseSourceIp: 192.168.169.59SourceHostname: DC.OrgC_Domain.localSourcePort: 135SourcePortName: epmapDestinationIsIpv6: falseDestinationIp: 192.168.169.57DestinationHostname: DestinationPort: 39240DestinationPortName: "
192.168.169.59:2017-03-13T16:23:26Z DC.OrgC_Domain.local 192.168.169.59 AccelOps-WUA-WinLog-Microsoft-Windows-Sysmon/Operational [monitorStatus]="Success" [Locale]="en-GB" [MachineGuid]="0031b1cc-f526-488c-bd3b-41b2ff7cd13b" [timeZone]="+0000" [eventName]="Microsoft-Windows-Sysmon/Operational" [eventSource]="Microsoft-Windows-Sysmon" [eventId]="3" [eventType]="Information" [domain]="NT AUTHORITY" [computer]="DC.OrgC_Domain.local" [user]="SYSTEM" [userSID]="S-1-5-18" [userSIDAcctType]="User" [eventTime]="Mar 13 2017 16:23:25" [deviceTime]="Mar 13 2017 16:23:25" [msg]="Network connection detected:UtcTime: 2017-03-13 16:23:24.117ProcessGuid: {0031B1CC-B342-58C6-0000-001078DA0000}ProcessId: 776Image: C:\\Windows\\System32\\svchost.exeUser: NT AUTHORITY\\SYSTEMProtocol: tcpInitiated: falseSourceIsIpv6: falseSourceIp: 192.168.169.59SourceHostname: DC.OrgC_Domain.localSourcePort: 49154SourcePortName: DestinationIsIpv6: falseDestinationIp: 192.168.169.57DestinationHostname: DestinationPort: 36938DestinationPortName: "
192.168.169.59:2017-03-13T16:23:26Z DC.OrgC_Domain.local 192.168.169.59 AccelOps-WUA-WinLog-Microsoft-Windows-Sysmon/Operational [monitorStatus]="Success" [Locale]="en-GB" [MachineGuid]="0031b1cc-f526-488c-bd3b-41b2ff7cd13b" [timeZone]="+0000" [eventName]="Microsoft-Windows-Sysmon/Operational" [eventSource]="Microsoft-Windows-Sysmon" [eventId]="3" [eventType]="Information" [domain]="NT AUTHORITY" [computer]="DC.OrgC_Domain.local" [user]="SYSTEM" [userSID]="S-1-5-18" [userSIDAcctType]="User" [eventTime]="Mar 13 2017 16:23:25" [deviceTime]="Mar 13 2017 16:23:25" [msg]="Network connection detected:UtcTime: 2017-03-13 16:23:24.109ProcessGuid: {0031B1CC-B341-58C6-0000-001087C50000}ProcessId: 624Image: C:\\Windows\\System32\\svchost.exeUser: NT AUTHORITY\\NETWORK SERVICEProtocol: tcpInitiated: falseSourceIsIpv6: falseSourceIp: 192.168.169.59SourceHostname: DC.OrgC_Domain.localSourcePort: 135SourcePortName: epmapDestinationIsIpv6: falseDestinationIp: 192.168.169.57DestinationHostname: DestinationPort: 39226DestinationPortName: "
192.168.169.59:2017-03-13T16:23:27Z DC.OrgC_Domain.local 192.168.169.59 AccelOps-WUA-WinLog-Microsoft-Windows-Sysmon/Operational [monitorStatus]="Success" [Locale]="en-GB" [MachineGuid]="0031b1cc-f526-488c-bd3b-41b2ff7cd13b" [timeZone]="+0000" [eventName]="Microsoft-Windows-Sysmon/Operational" [eventSource]="Microsoft-Windows-Sysmon" [eventId]="3" [eventType]="Information" [domain]="NT AUTHORITY" [computer]="DC.OrgC_Domain.local" [user]="SYSTEM" [userSID]="S-1-5-18" [userSIDAcctType]="User" [eventTime]="Mar 13 2017 16:23:26" [deviceTime]="Mar 13 2017 16:23:26" [msg]="Network connection detected:UtcTime: 2017-03-13 16:23:24.242ProcessGuid: {0031B1CC-B342-58C6-0000-001078DA0000}ProcessId: 776Image: C:\\Windows\\System32\\svchost.exeUser: NT AUTHORITY\\SYSTEMProtocol: tcpInitiated: falseSourceIsIpv6: falseSourceIp: 192.168.169.59SourceHostname: DC.OrgC_Domain.localSourcePort: 49154SourcePortName: DestinationIsIpv6: falseDestinationIp: 192.168.169.57DestinationHostname: DestinationPort: 36946DestinationPortName: "
192.168.169.59:2017-03-13T16:23:34Z DC.OrgC_Domain.local 192.168.169.59 AccelOps-WUA-WinLog-Microsoft-Windows-Sysmon/Operational [monitorStatus]="Success" [Locale]="en-GB" [MachineGuid]="0031b1cc-f526-488c-bd3b-41b2ff7cd13b" [timeZone]="+0000" [eventName]="Microsoft-Windows-Sysmon/Operational" [eventSource]="Microsoft-Windows-Sysmon" [eventId]="3" [eventType]="Information" [domain]="NT AUTHORITY" [computer]="DC.OrgC_Domain.local" [user]="SYSTEM" [userSID]="S-1-5-18" [userSIDAcctType]="User" [eventTime]="Mar 13 2017 16:23:32" [deviceTime]="Mar 13 2017 16:23:32" [msg]="Network connection detected:UtcTime: 2017-03-13 16:23:30.900ProcessGuid: {0031B1CC-B351-58C6-0000-00103D540100}ProcessId: 1280Image: C:\\Program Files\\AccelOps\\Agent\\AoWinAgt.exeUser: NT AUTHORITY\\SYSTEMProtocol: tcpInitiated: trueSourceIsIpv6: falseSourceIp: 192.168.169.59SourceHostname: DC.OrgC_Domain.localSourcePort: 53353SourcePortName: DestinationIsIpv6: falseDestinationIp: 192.168.169.57DestinationHostname: DestinationPort: 443DestinationPortName: https"
192.168.169.59:2017-03-13T16:23:32Z DC.OrgC_Domain.local 192.168.169.59 AccelOps-WUA-WinLog-Microsoft-Windows-Sysmon/Operational [monitorStatus]="Success" [Locale]="en-GB" [MachineGuid]="0031b1cc-f526-488c-bd3b-41b2ff7cd13b" [timeZone]="+0000" [eventName]="Microsoft-Windows-Sysmon/Operational" [eventSource]="Microsoft-Windows-Sysmon" [eventId]="3" [eventType]="Information" [domain]="NT AUTHORITY" [computer]="DC.OrgC_Domain.local" [user]="SYSTEM" [userSID]="S-1-5-18" [userSIDAcctType]="User" [eventTime]="Mar 13 2017 16:23:31" [deviceTime]="Mar 13 2017 16:23:31" [msg]="Network connection detected:UtcTime: 2017-03-13 16:23:30.871ProcessGuid: {0031B1CC-B351-58C6-0000-00103D540100}ProcessId: 1280Image: C:\\Program Files\\AccelOps\\Agent\\AoWinAgt.exeUser: NT AUTHORITY\\SYSTEMProtocol: tcpInitiated: trueSourceIsIpv6: falseSourceIp: 192.168.169.59SourceHostname: DC.OrgC_Domain.localSourcePort: 53352SourcePortName: DestinationIsIpv6: falseDestinationIp: 192.168.169.57DestinationHostname: DestinationPort: 443DestinationPortName: https"
192.168.169.59:2017-03-13T16:23:40Z DC.OrgC_Domain.local 192.168.169.59 AccelOps-WUA-WinLog-Microsoft-Windows-Sysmon/Operational [monitorStatus]="Success" [Locale]="en-GB" [MachineGuid]="0031b1cc-f526-488c-bd3b-41b2ff7cd13b" [timeZone]="+0000" [eventName]="Microsoft-Windows-Sysmon/Operational" [eventSource]="Microsoft-Windows-Sysmon" [eventId]="3" [eventType]="Information" [domain]="NT AUTHORITY" [computer]="DC.OrgC_Domain.local" [user]="SYSTEM" [userSID]="S-1-5-18" [userSIDAcctType]="User" [eventTime]="Mar 13 2017 16:23:39" [deviceTime]="Mar 13 2017 16:23:39" [msg]="Network connection detected:UtcTime: 2017-03-13 16:23:38.134ProcessGuid: {0031B1CC-B333-58C6-0000-0010B5790000}ProcessId: 444Image: C:\\Windows\\System32\\lsass.exeUser: NT AUTHORITY\\SYSTEMProtocol: tcpInitiated: falseSourceIsIpv6: trueSourceIp: 0:0:0:0:0:0:0:1SourceHostname: DC.OrgC_Domain.localSourcePort: 389SourcePortName: ldapDestinationIsIpv6: trueDestinationIp: 0:0:0:0:0:0:0:1DestinationHostname: DC.OrgC_Domain.localDestinationPort: 53356DestinationPortName: "
192.168.169.59:2017-03-13T16:23:38Z DC.OrgC_Domain.local 192.168.169.59 AccelOps-WUA-WinLog-Microsoft-Windows-Sysmon/Operational [monitorStatus]="Success" [Locale]="en-GB" [MachineGuid]="0031b1cc-f526-488c-bd3b-41b2ff7cd13b" [timeZone]="+0000" [eventName]="Microsoft-Windows-Sysmon/Operational" [eventSource]="Microsoft-Windows-Sysmon" [eventId]="3" [eventType]="Information" [domain]="NT AUTHORITY" [computer]="DC.OrgC_Domain.local" [user]="SYSTEM" [userSID]="S-1-5-18" [userSIDAcctType]="User" [eventTime]="Mar 13 2017 16:23:37" [deviceTime]="Mar 13 2017 16:23:37" [msg]="Network connection detected:UtcTime: 2017-03-13 16:23:35.978ProcessGuid: {0031B1CC-B351-58C6-0000-00103D540100}ProcessId: 1280Image: C:\\Program Files\\AccelOps\\Agent\\AoWinAgt.exeUser: NT AUTHORITY\\SYSTEMProtocol: tcpInitiated: trueSourceIsIpv6: falseSourceIp: 192.168.169.59SourceHostname: DC.OrgC_Domain.localSourcePort: 53354SourcePortName: DestinationIsIpv6: falseDestinationIp: 192.168.169.57DestinationHostname: DestinationPort: 443DestinationPortName: https"
192.168.169.59:2017-03-13T16:23:39Z DC.OrgC_Domain.local 192.168.169.59 AccelOps-WUA-WinLog-Microsoft-Windows-Sysmon/Operational [monitorStatus]="Success" [Locale]="en-GB" [MachineGuid]="0031b1cc-f526-488c-bd3b-41b2ff7cd13b" [timeZone]="+0000" [eventName]="Microsoft-Windows-Sysmon/Operational" [eventSource]="Microsoft-Windows-Sysmon" [eventId]="3" [eventType]="Information" [domain]="NT AUTHORITY" [computer]="DC.OrgC_Domain.local" [user]="SYSTEM" [userSID]="S-1-5-18" [userSIDAcctType]="User" [eventTime]="Mar 13 2017 16:23:38" [deviceTime]="Mar 13 2017 16:23:38" [msg]="Network connection detected:UtcTime: 2017-03-13 16:23:36.009ProcessGuid: {0031B1CC-B351-58C6-0000-00103D540100}ProcessId: 1280Image: C:\\Program Files\\AccelOps\\Agent\\AoWinAgt.exeUser: NT AUTHORITY\\SYSTEMProtocol: tcpInitiated: trueSourceIsIpv6: falseSourceIp: 192.168.169.59SourceHostname: DC.OrgC_Domain.localSourcePort: 53355SourcePortName: DestinationIsIpv6: falseDestinationIp: 192.168.169.57DestinationHostname: DestinationPort: 443DestinationPortName: https"
192.168.169.59:2017-03-13T16:23:40Z DC.OrgC_Domain.local 192.168.169.59 AccelOps-WUA-WinLog-Microsoft-Windows-Sysmon/Operational [monitorStatus]="Success" [Locale]="en-GB" [MachineGuid]="0031b1cc-f526-488c-bd3b-41b2ff7cd13b" [timeZone]="+0000" [eventName]="Microsoft-Windows-Sysmon/Operational" [eventSource]="Microsoft-Windows-Sysmon" [eventId]="3" [eventType]="Information" [domain]="NT AUTHORITY" [computer]="DC.OrgC_Domain.local" [user]="SYSTEM" [userSID]="S-1-5-18" [userSIDAcctType]="User" [eventTime]="Mar 13 2017 16:23:39" [deviceTime]="Mar 13 2017 16:23:39" [msg]="Network connection detected:UtcTime: 2017-03-13 16:23:38.134ProcessGuid: {0031B1CC-B34B-58C6-0000-0010714B0100}ProcessId: 1224Image: C:\\Windows\\ADWS\\Microsoft.ActiveDirectory.WebServices.exeUser: NT AUTHORITY\\SYSTEMProtocol: tcpInitiated: trueSourceIsIpv6: trueSourceIp: 0:0:0:0:0:0:0:1SourceHostname: DC.OrgC_Domain.localSourcePort: 53356SourcePortName: DestinationIsIpv6: trueDestinationIp: 0:0:0:0:0:0:0:1DestinationHostname: DC.OrgC_Domain.localDestinationPort: 389DestinationPortName: ldap"
192.168.169.59:2017-03-13T16:23:44Z DC.OrgC_Domain.local 192.168.169.59 AccelOps-WUA-WinLog-Microsoft-Windows-Sysmon/Operational [monitorStatus]="Success" [Locale]="en-GB" [MachineGuid]="0031b1cc-f526-488c-bd3b-41b2ff7cd13b" [timeZone]="+0000" [eventName]="Microsoft-Windows-Sysmon/Operational" [eventSource]="Microsoft-Windows-Sysmon" [eventId]="3" [eventType]="Information" [domain]="NT AUTHORITY" [computer]="DC.OrgC_Domain.local" [user]="SYSTEM" [userSID]="S-1-5-18" [userSIDAcctType]="User" [eventTime]="Mar 13 2017 16:23:43" [deviceTime]="Mar 13 2017 16:23:43" [msg]="Network connection detected:UtcTime: 2017-03-13 16:23:42.370ProcessGuid: {0031B1CC-B341-58C6-0000-001087C50000}ProcessId: 624Image: C:\\Windows\\System32\\svchost.exeUser: NT AUTHORITY\\NETWORK SERVICEProtocol: tcpInitiated: falseSourceIsIpv6: falseSourceIp: 192.168.169.59SourceHostname: DC.OrgC_Domain.localSourcePort: 135SourcePortName: epmapDestinationIsIpv6: falseDestinationIp: 192.168.169.57DestinationHostname: DestinationPort: 39270DestinationPortName: "
192.168.169.59:2017-03-13T16:23:44Z DC.OrgC_Domain.local 192.168.169.59 AccelOps-WUA-WinLog-Microsoft-Windows-Sysmon/Operational [monitorStatus]="Success" [Locale]="en-GB" [MachineGuid]="0031b1cc-f526-488c-bd3b-41b2ff7cd13b" [timeZone]="+0000" [eventName]="Microsoft-Windows-Sysmon/Operational" [eventSource]="Microsoft-Windows-Sysmon" [eventId]="3" [eventType]="Information" [domain]="NT AUTHORITY" [computer]="DC.OrgC_Domain.local" [user]="SYSTEM" [userSID]="S-1-5-18" [userSIDAcctType]="User" [eventTime]="Mar 13 2017 16:23:43" [deviceTime]="Mar 13 2017 16:23:43" [msg]="Network connection detected:UtcTime: 2017-03-13 16:23:42.257ProcessGuid: {0031B1CC-B341-58C6-0000-001087C50000}ProcessId: 624Image: C:\\Windows\\System32\\svchost.exeUser: NT AUTHORITY\\NETWORK SERVICEProtocol: tcpInitiated: falseSourceIsIpv6: falseSourceIp: 192.168.169.59SourceHostname: DC.OrgC_Domain.localSourcePort: 135SourcePortName: epmapDestinationIsIpv6: falseDestinationIp: 192.168.169.57DestinationHostname: DestinationPort: 39264DestinationPortName: "
192.168.169.59:2017-03-13T16:23:44Z DC.OrgC_Domain.local 192.168.169.59 AccelOps-WUA-WinLog-Microsoft-Windows-Sysmon/Operational [monitorStatus]="Success" [Locale]="en-GB" [MachineGuid]="0031b1cc-f526-488c-bd3b-41b2ff7cd13b" [timeZone]="+0000" [eventName]="Microsoft-Windows-Sysmon/Operational" [eventSource]="Microsoft-Windows-Sysmon" [eventId]="3" [eventType]="Information" [domain]="NT AUTHORITY" [computer]="DC.OrgC_Domain.local" [user]="SYSTEM" [userSID]="S-1-5-18" [userSIDAcctType]="User" [eventTime]="Mar 13 2017 16:23:43" [deviceTime]="Mar 13 2017 16:23:43" [msg]="Network connection detected:UtcTime: 2017-03-13 16:23:42.527ProcessGuid: {0031B1CC-B341-58C6-0000-001087C50000}ProcessId: 624Image: C:\\Windows\\System32\\svchost.exeUser: NT AUTHORITY\\NETWORK SERVICEProtocol: tcpInitiated: falseSourceIsIpv6: falseSourceIp: 192.168.169.59SourceHostname: DC.OrgC_Domain.localSourcePort: 135SourcePortName: epmapDestinationIsIpv6: falseDestinationIp: 192.168.169.57DestinationHostname: DestinationPort: 39276DestinationPortName: "
192.168.169.59:2017-03-13T16:23:45Z DC.OrgC_Domain.local 192.168.169.59 AccelOps-WUA-WinLog-Microsoft-Windows-Sysmon/Operational [monitorStatus]="Success" [Locale]="en-GB" [MachineGuid]="0031b1cc-f526-488c-bd3b-41b2ff7cd13b" [timeZone]="+0000" [eventName]="Microsoft-Windows-Sysmon/Operational" [eventSource]="Microsoft-Windows-Sysmon" [eventId]="3" [eventType]="Information" [domain]="NT AUTHORITY" [computer]="DC.OrgC_Domain.local" [user]="SYSTEM" [userSID]="S-1-5-18" [userSIDAcctType]="User" [eventTime]="Mar 13 2017 16:23:44" [deviceTime]="Mar 13 2017 16:23:44" [msg]="Network connection detected:UtcTime: 2017-03-13 16:23:42.531ProcessGuid: {0031B1CC-B342-58C6-0000-001078DA0000}ProcessId: 776Image: C:\\Windows\\System32\\svchost.exeUser: NT AUTHORITY\\SYSTEMProtocol: tcpInitiated: falseSourceIsIpv6: falseSourceIp: 192.168.169.59SourceHostname: DC.OrgC_Domain.localSourcePort: 49154SourcePortName: DestinationIsIpv6: falseDestinationIp: 192.168.169.57DestinationHostname: DestinationPort: 36982DestinationPortName: "
192.168.169.59:2017-03-13T16:23:44Z DC.OrgC_Domain.local 192.168.169.59 AccelOps-WUA-WinLog-Microsoft-Windows-Sysmon/Operational [monitorStatus]="Success" [Locale]="en-GB" [MachineGuid]="0031b1cc-f526-488c-bd3b-41b2ff7cd13b" [timeZone]="+0000" [eventName]="Microsoft-Windows-Sysmon/Operational" [eventSource]="Microsoft-Windows-Sysmon" [eventId]="3" [eventType]="Information" [domain]="NT AUTHORITY" [computer]="DC.OrgC_Domain.local" [user]="SYSTEM" [userSID]="S-1-5-18" [userSIDAcctType]="User" [eventTime]="Mar 13 2017 16:23:43" [deviceTime]="Mar 13 2017 16:23:43" [msg]="Network connection detected:UtcTime: 2017-03-13 16:23:42.369ProcessGuid: {0031B1CC-B341-58C6-0000-001087C50000}ProcessId: 624Image: C:\\Windows\\System32\\svchost.exeUser: NT AUTHORITY\\NETWORK SERVICEProtocol: tcpInitiated: falseSourceIsIpv6: falseSourceIp: 192.168.169.59SourceHostname: DC.OrgC_Domain.localSourcePort: 135SourcePortName: epmapDestinationIsIpv6: falseDestinationIp: 192.168.169.57DestinationHostname: DestinationPort: 39268DestinationPortName: "
192.168.169.59:2017-03-13T16:23:43Z DC.OrgC_Domain.local 192.168.169.59 AccelOps-WUA-WinLog-Microsoft-Windows-Sysmon/Operational [monitorStatus]="Success" [Locale]="en-GB" [MachineGuid]="0031b1cc-f526-488c-bd3b-41b2ff7cd13b" [timeZone]="+0000" [eventName]="Microsoft-Windows-Sysmon/Operational" [eventSource]="Microsoft-Windows-Sysmon" [eventId]="3" [eventType]="Information" [domain]="NT AUTHORITY" [computer]="DC.OrgC_Domain.local" [user]="SYSTEM" [userSID]="S-1-5-18" [userSIDAcctType]="User" [eventTime]="Mar 13 2017 16:23:42" [deviceTime]="Mar 13 2017 16:23:42" [msg]="Network connection detected:UtcTime: 2017-03-13 16:23:41.087ProcessGuid: {0031B1CC-B351-58C6-0000-00103D540100}ProcessId: 1280Image: C:\\Program Files\\AccelOps\\Agent\\AoWinAgt.exeUser: NT AUTHORITY\\SYSTEMProtocol: tcpInitiated: trueSourceIsIpv6: falseSourceIp: 192.168.169.59SourceHostname: DC.OrgC_Domain.localSourcePort: 53358SourcePortName: DestinationIsIpv6: falseDestinationIp: 192.168.169.57DestinationHostname: DestinationPort: 443DestinationPortName: https"
192.168.169.59:2017-03-13T16:23:42Z DC.OrgC_Domain.local 192.168.169.59 AccelOps-WUA-WinLog-Microsoft-Windows-Sysmon/Operational [monitorStatus]="Success" [Locale]="en-GB" [MachineGuid]="0031b1cc-f526-488c-bd3b-41b2ff7cd13b" [timeZone]="+0000" [eventName]="Microsoft-Windows-Sysmon/Operational" [eventSource]="Microsoft-Windows-Sysmon" [eventId]="3" [eventType]="Information" [domain]="NT AUTHORITY" [computer]="DC.OrgC_Domain.local" [user]="SYSTEM" [userSID]="S-1-5-18" [userSIDAcctType]="User" [eventTime]="Mar 13 2017 16:23:41" [deviceTime]="Mar 13 2017 16:23:41" [msg]="Network connection detected:UtcTime: 2017-03-13 16:23:40.120ProcessGuid: {0031B1CC-B341-58C6-0000-001087C50000}ProcessId: 624Image: C:\\Windows\\System32\\svchost.exeUser: NT AUTHORITY\\NETWORK SERVICEProtocol: tcpInitiated: falseSourceIsIpv6: falseSourceIp: 192.168.169.59SourceHostname: DC.OrgC_Domain.localSourcePort: 135SourcePortName: epmapDestinationIsIpv6: falseDestinationIp: 192.168.169.57DestinationHostname: DestinationPort: 39252DestinationPortName: "
192.168.169.59:2017-03-13T16:23:42Z DC.OrgC_Domain.local 192.168.169.59 AccelOps-WUA-WinLog-Microsoft-Windows-Sysmon/Operational [monitorStatus]="Success" [Locale]="en-GB" [MachineGuid]="0031b1cc-f526-488c-bd3b-41b2ff7cd13b" [timeZone]="+0000" [eventName]="Microsoft-Windows-Sysmon/Operational" [eventSource]="Microsoft-Windows-Sysmon" [eventId]="3" [eventType]="Information" [domain]="NT AUTHORITY" [computer]="DC.OrgC_Domain.local" [user]="SYSTEM" [userSID]="S-1-5-18" [userSIDAcctType]="User" [eventTime]="Mar 13 2017 16:23:41" [deviceTime]="Mar 13 2017 16:23:41" [msg]="Network connection detected:UtcTime: 2017-03-13 16:23:40.122ProcessGuid: {0031B1CC-B341-58C6-0000-001087C50000}ProcessId: 624Image: C:\\Windows\\System32\\svchost.exeUser: NT AUTHORITY\\NETWORK SERVICEProtocol: tcpInitiated: falseSourceIsIpv6: falseSourceIp: 192.168.169.59SourceHostname: DC.OrgC_Domain.localSourcePort: 135SourcePortName: epmapDestinationIsIpv6: falseDestinationIp: 192.168.169.57DestinationHostname: DestinationPort: 39254DestinationPortName: "
192.168.169.59:2017-03-13T16:23:44Z DC.OrgC_Domain.local 192.168.169.59 AccelOps-WUA-WinLog-Microsoft-Windows-Sysmon/Operational [monitorStatus]="Success" [Locale]="en-GB" [MachineGuid]="0031b1cc-f526-488c-bd3b-41b2ff7cd13b" [timeZone]="+0000" [eventName]="Microsoft-Windows-Sysmon/Operational" [eventSource]="Microsoft-Windows-Sysmon" [eventId]="3" [eventType]="Information" [domain]="NT AUTHORITY" [computer]="DC.OrgC_Domain.local" [user]="SYSTEM" [userSID]="S-1-5-18" [userSIDAcctType]="User" [eventTime]="Mar 13 2017 16:23:43" [deviceTime]="Mar 13 2017 16:23:43" [msg]="Network connection detected:UtcTime: 2017-03-13 16:23:42.374ProcessGuid: {0031B1CC-B342-58C6-0000-001078DA0000}ProcessId: 776Image: C:\\Windows\\System32\\svchost.exeUser: NT AUTHORITY\\SYSTEMProtocol: tcpInitiated: falseSourceIsIpv6: falseSourceIp: 192.168.169.59SourceHostname: DC.OrgC_Domain.localSourcePort: 49154SourcePortName: DestinationIsIpv6: falseDestinationIp: 192.168.169.57DestinationHostname: DestinationPort: 36976DestinationPortName: "
192.168.169.59:2017-03-13T16:23:44Z DC.OrgC_Domain.local 192.168.169.59 AccelOps-WUA-WinLog-Microsoft-Windows-Sysmon/Operational [monitorStatus]="Success" [Locale]="en-GB" [MachineGuid]="0031b1cc-f526-488c-bd3b-41b2ff7cd13b" [timeZone]="+0000" [eventName]="Microsoft-Windows-Sysmon/Operational" [eventSource]="Microsoft-Windows-Sysmon" [eventId]="3" [eventType]="Information" [domain]="NT AUTHORITY" [computer]="DC.OrgC_Domain.local" [user]="SYSTEM" [userSID]="S-1-5-18" [userSIDAcctType]="User" [eventTime]="Mar 13 2017 16:23:43" [deviceTime]="Mar 13 2017 16:23:43" [msg]="Network connection detected:UtcTime: 2017-03-13 16:23:42.255ProcessGuid: {0031B1CC-B341-58C6-0000-001087C50000}ProcessId: 624Image: C:\\Windows\\System32\\svchost.exeUser: NT AUTHORITY\\NETWORK SERVICEProtocol: tcpInitiated: falseSourceIsIpv6: falseSourceIp: 192.168.169.59SourceHostname: DC.OrgC_Domain.localSourcePort: 135SourcePortName: epmapDestinationIsIpv6: falseDestinationIp: 192.168.169.57DestinationHostname: DestinationPort: 39262DestinationPortName: "
192.168.169.59:2017-03-13T16:23:43Z DC.OrgC_Domain.local 192.168.169.59 AccelOps-WUA-WinLog-Microsoft-Windows-Sysmon/Operational [monitorStatus]="Success" [Locale]="en-GB" [MachineGuid]="0031b1cc-f526-488c-bd3b-41b2ff7cd13b" [timeZone]="+0000" [eventName]="Microsoft-Windows-Sysmon/Operational" [eventSource]="Microsoft-Windows-Sysmon" [eventId]="3" [eventType]="Information" [domain]="NT AUTHORITY" [computer]="DC.OrgC_Domain.local" [user]="SYSTEM" [userSID]="S-1-5-18" [userSIDAcctType]="User" [eventTime]="Mar 13 2017 16:23:42" [deviceTime]="Mar 13 2017 16:23:42" [msg]="Network connection detected:UtcTime: 2017-03-13 16:23:41.057ProcessGuid: {0031B1CC-B351-58C6-0000-00103D540100}ProcessId: 1280Image: C:\\Program Files\\AccelOps\\Agent\\AoWinAgt.exeUser: NT AUTHORITY\\SYSTEMProtocol: tcpInitiated: trueSourceIsIpv6: falseSourceIp: 192.168.169.59SourceHostname: DC.OrgC_Domain.localSourcePort: 53357SourcePortName: DestinationIsIpv6: falseDestinationIp: 192.168.169.57DestinationHostname: DestinationPort: 443DestinationPortName: https"
192.168.169.59:2017-03-13T16:23:44Z DC.OrgC_Domain.local 192.168.169.59 AccelOps-WUA-WinLog-Microsoft-Windows-Sysmon/Operational [monitorStatus]="Success" [Locale]="en-GB" [MachineGuid]="0031b1cc-f526-488c-bd3b-41b2ff7cd13b" [timeZone]="+0000" [eventName]="Microsoft-Windows-Sysmon/Operational" [eventSource]="Microsoft-Windows-Sysmon" [eventId]="3" [eventType]="Information" [domain]="NT AUTHORITY" [computer]="DC.OrgC_Domain.local" [user]="SYSTEM" [userSID]="S-1-5-18" [userSIDAcctType]="User" [eventTime]="Mar 13 2017 16:23:43" [deviceTime]="Mar 13 2017 16:23:43" [msg]="Network connection detected:UtcTime: 2017-03-13 16:23:42.525ProcessGuid: {0031B1CC-B341-58C6-0000-001087C50000}ProcessId: 624Image: C:\\Windows\\System32\\svchost.exeUser: NT AUTHORITY\\NETWORK SERVICEProtocol: tcpInitiated: falseSourceIsIpv6: falseSourceIp: 192.168.169.59SourceHostname: DC.OrgC_Domain.localSourcePort: 135SourcePortName: epmapDestinationIsIpv6: falseDestinationIp: 192.168.169.57DestinationHostname: DestinationPort: 39274DestinationPortName: "
192.168.169.59:2017-03-13T16:23:44Z DC.OrgC_Domain.local 192.168.169.59 AccelOps-WUA-WinLog-Microsoft-Windows-Sysmon/Operational [monitorStatus]="Success" [Locale]="en-GB" [MachineGuid]="0031b1cc-f526-488c-bd3b-41b2ff7cd13b" [timeZone]="+0000" [eventName]="Microsoft-Windows-Sysmon/Operational" [eventSource]="Microsoft-Windows-Sysmon" [eventId]="3" [eventType]="Information" [domain]="NT AUTHORITY" [computer]="DC.OrgC_Domain.local" [user]="SYSTEM" [userSID]="S-1-5-18" [userSIDAcctType]="User" [eventTime]="Mar 13 2017 16:23:43" [deviceTime]="Mar 13 2017 16:23:43" [msg]="Network connection detected:UtcTime: 2017-03-13 16:23:42.261ProcessGuid: {0031B1CC-B342-58C6-0000-001078DA0000}ProcessId: 776Image: C:\\Windows\\System32\\svchost.exeUser: NT AUTHORITY\\SYSTEMProtocol: tcpInitiated: falseSourceIsIpv6: falseSourceIp: 192.168.169.59SourceHostname: DC.OrgC_Domain.localSourcePort: 49154SourcePortName: DestinationIsIpv6: falseDestinationIp: 192.168.169.57DestinationHostname: DestinationPort: 36970DestinationPortName: "
192.168.169.59:2017-03-13T16:23:42Z DC.OrgC_Domain.local 192.168.169.59 AccelOps-WUA-WinLog-Microsoft-Windows-Sysmon/Operational [monitorStatus]="Success" [Locale]="en-GB" [MachineGuid]="0031b1cc-f526-488c-bd3b-41b2ff7cd13b" [timeZone]="+0000" [eventName]="Microsoft-Windows-Sysmon/Operational" [eventSource]="Microsoft-Windows-Sysmon" [eventId]="3" [eventType]="Information" [domain]="NT AUTHORITY" [computer]="DC.OrgC_Domain.local" [user]="SYSTEM" [userSID]="S-1-5-18" [userSIDAcctType]="User" [eventTime]="Mar 13 2017 16:23:41" [deviceTime]="Mar 13 2017 16:23:41" [msg]="Network connection detected:UtcTime: 2017-03-13 16:23:40.127ProcessGuid: {0031B1CC-B342-58C6-0000-001078DA0000}ProcessId: 776Image: C:\\Windows\\System32\\svchost.exeUser: NT AUTHORITY\\SYSTEMProtocol: tcpInitiated: falseSourceIsIpv6: falseSourceIp: 192.168.169.59SourceHostname: DC.OrgC_Domain.localSourcePort: 49154SourcePortName: DestinationIsIpv6: falseDestinationIp: 192.168.169.57DestinationHostname: DestinationPort: 36960DestinationPortName: "
192.168.169.59:2017-03-13T16:23:48Z DC.OrgC_Domain.local 192.168.169.59 AccelOps-WUA-WinLog-Microsoft-Windows-Sysmon/Operational [monitorStatus]="Success" [Locale]="en-GB" [MachineGuid]="0031b1cc-f526-488c-bd3b-41b2ff7cd13b" [timeZone]="+0000" [eventName]="Microsoft-Windows-Sysmon/Operational" [eventSource]="Microsoft-Windows-Sysmon" [eventId]="3" [eventType]="Information" [domain]="NT AUTHORITY" [computer]="DC.OrgC_Domain.local" [user]="SYSTEM" [userSID]="S-1-5-18" [userSIDAcctType]="User" [eventTime]="Mar 13 2017 16:23:47" [deviceTime]="Mar 13 2017 16:23:47" [msg]="Network connection detected:UtcTime: 2017-03-13 16:23:46.168ProcessGuid: {0031B1CC-B351-58C6-0000-00103D540100}ProcessId: 1280Image: C:\\Program Files\\AccelOps\\Agent\\AoWinAgt.exeUser: NT AUTHORITY\\SYSTEMProtocol: tcpInitiated: trueSourceIsIpv6: falseSourceIp: 192.168.169.59SourceHostname: DC.OrgC_Domain.localSourcePort: 53359SourcePortName: DestinationIsIpv6: falseDestinationIp: 192.168.169.57DestinationHostname: DestinationPort: 443DestinationPortName: https"
192.168.169.59:2017-03-13T16:23:46Z DC.OrgC_Domain.local 192.168.169.59 AccelOps-WUA-WinLog-Microsoft-Windows-Sysmon/Operational [monitorStatus]="Success" [Locale]="en-GB" [MachineGuid]="0031b1cc-f526-488c-bd3b-41b2ff7cd13b" [timeZone]="+0000" [eventName]="Microsoft-Windows-Sysmon/Operational" [eventSource]="Microsoft-Windows-Sysmon" [eventId]="3" [eventType]="Information" [domain]="NT AUTHORITY" [computer]="DC.OrgC_Domain.local" [user]="SYSTEM" [userSID]="S-1-5-18" [userSIDAcctType]="User" [eventTime]="Mar 13 2017 16:23:45" [deviceTime]="Mar 13 2017 16:23:45" [msg]="Network connection detected:UtcTime: 2017-03-13 16:23:44.135ProcessGuid: {0031B1CC-B341-58C6-0000-001087C50000}ProcessId: 624Image: C:\\Windows\\System32\\svchost.exeUser: NT AUTHORITY\\NETWORK SERVICEProtocol: tcpInitiated: falseSourceIsIpv6: falseSourceIp: 192.168.169.59SourceHostname: DC.OrgC_Domain.localSourcePort: 135SourcePortName: epmapDestinationIsIpv6: falseDestinationIp: 192.168.169.57DestinationHostname: DestinationPort: 39294DestinationPortName: "
192.168.169.59:2017-03-13T16:23:46Z DC.OrgC_Domain.local 192.168.169.59 AccelOps-WUA-WinLog-Microsoft-Windows-Sysmon/Operational [monitorStatus]="Success" [Locale]="en-GB" [MachineGuid]="0031b1cc-f526-488c-bd3b-41b2ff7cd13b" [timeZone]="+0000" [eventName]="Microsoft-Windows-Sysmon/Operational" [eventSource]="Microsoft-Windows-Sysmon" [eventId]="3" [eventType]="Information" [domain]="NT AUTHORITY" [computer]="DC.OrgC_Domain.local" [user]="SYSTEM" [userSID]="S-1-5-18" [userSIDAcctType]="User" [eventTime]="Mar 13 2017 16:23:45" [deviceTime]="Mar 13 2017 16:23:45" [msg]="Network connection detected:UtcTime: 2017-03-13 16:23:44.134ProcessGuid: {0031B1CC-B341-58C6-0000-001087C50000}ProcessId: 624Image: C:\\Windows\\System32\\svchost.exeUser: NT AUTHORITY\\NETWORK SERVICEProtocol: tcpInitiated: falseSourceIsIpv6: falseSourceIp: 192.168.169.59SourceHostname: DC.OrgC_Domain.localSourcePort: 135SourcePortName: epmapDestinationIsIpv6: falseDestinationIp: 192.168.169.57DestinationHostname: DestinationPort: 39290DestinationPortName: "
192.168.169.59:2017-03-13T16:23:46Z DC.OrgC_Domain.local 192.168.169.59 AccelOps-WUA-WinLog-Microsoft-Windows-Sysmon/Operational [monitorStatus]="Success" [Locale]="en-GB" [MachineGuid]="0031b1cc-f526-488c-bd3b-41b2ff7cd13b" [timeZone]="+0000" [eventName]="Microsoft-Windows-Sysmon/Operational" [eventSource]="Microsoft-Windows-Sysmon" [eventId]="3" [eventType]="Information" [domain]="NT AUTHORITY" [computer]="DC.OrgC_Domain.local" [user]="SYSTEM" [userSID]="S-1-5-18" [userSIDAcctType]="User" [eventTime]="Mar 13 2017 16:23:45" [deviceTime]="Mar 13 2017 16:23:45" [msg]="Network connection detected:UtcTime: 2017-03-13 16:23:44.131ProcessGuid: {0031B1CC-B341-58C6-0000-001087C50000}ProcessId: 624Image: C:\\Windows\\System32\\svchost.exeUser: NT AUTHORITY\\NETWORK SERVICEProtocol: tcpInitiated: falseSourceIsIpv6: falseSourceIp: 192.168.169.59SourceHostname: DC.OrgC_Domain.localSourcePort: 135SourcePortName: epmapDestinationIsIpv6: falseDestinationIp: 192.168.169.57DestinationHostname: DestinationPort: 39286DestinationPortName: "
192.168.169.59:2017-03-13T16:23:46Z DC.OrgC_Domain.local 192.168.169.59 AccelOps-WUA-WinLog-Microsoft-Windows-Sysmon/Operational [monitorStatus]="Success" [Locale]="en-GB" [MachineGuid]="0031b1cc-f526-488c-bd3b-41b2ff7cd13b" [timeZone]="+0000" [eventName]="Microsoft-Windows-Sysmon/Operational" [eventSource]="Microsoft-Windows-Sysmon" [eventId]="3" [eventType]="Information" [domain]="NT AUTHORITY" [computer]="DC.OrgC_Domain.local" [user]="SYSTEM" [userSID]="S-1-5-18" [userSIDAcctType]="User" [eventTime]="Mar 13 2017 16:23:45" [deviceTime]="Mar 13 2017 16:23:45" [msg]="Network connection detected:UtcTime: 2017-03-13 16:23:44.129ProcessGuid: {0031B1CC-B341-58C6-0000-001087C50000}ProcessId: 624Image: C:\\Windows\\System32\\svchost.exeUser: NT AUTHORITY\\NETWORK SERVICEProtocol: tcpInitiated: falseSourceIsIpv6: falseSourceIp: 192.168.169.59SourceHostname: DC.OrgC_Domain.localSourcePort: 135SourcePortName: epmapDestinationIsIpv6: falseDestinationIp: 192.168.169.57DestinationHostname: DestinationPort: 39282DestinationPortName: "
192.168.169.59:2017-03-13T16:23:48Z DC.OrgC_Domain.local 192.168.169.59 AccelOps-WUA-WinLog-Microsoft-Windows-Sysmon/Operational [monitorStatus]="Success" [Locale]="en-GB" [MachineGuid]="0031b1cc-f526-488c-bd3b-41b2ff7cd13b" [timeZone]="+0000" [eventName]="Microsoft-Windows-Sysmon/Operational" [eventSource]="Microsoft-Windows-Sysmon" [eventId]="3" [eventType]="Information" [domain]="NT AUTHORITY" [computer]="DC.OrgC_Domain.local" [user]="SYSTEM" [userSID]="S-1-5-18" [userSIDAcctType]="User" [eventTime]="Mar 13 2017 16:23:47" [deviceTime]="Mar 13 2017 16:23:47" [msg]="Network connection detected:UtcTime: 2017-03-13 16:23:46.196ProcessGuid: {0031B1CC-B351-58C6-0000-00103D540100}ProcessId: 1280Image: C:\\Program Files\\AccelOps\\Agent\\AoWinAgt.exeUser: NT AUTHORITY\\SYSTEMProtocol: tcpInitiated: trueSourceIsIpv6: falseSourceIp: 192.168.169.59SourceHostname: DC.OrgC_Domain.localSourcePort: 53360SourcePortName: DestinationIsIpv6: falseDestinationIp: 192.168.169.57DestinationHostname: DestinationPort: 443DestinationPortName: https"
192.168.169.59:2017-03-13T16:23:46Z DC.OrgC_Domain.local 192.168.169.59 AccelOps-WUA-WinLog-Microsoft-Windows-Sysmon/Operational [monitorStatus]="Success" [Locale]="en-GB" [MachineGuid]="0031b1cc-f526-488c-bd3b-41b2ff7cd13b" [timeZone]="+0000" [eventName]="Microsoft-Windows-Sysmon/Operational" [eventSource]="Microsoft-Windows-Sysmon" [eventId]="3" [eventType]="Information" [domain]="NT AUTHORITY" [computer]="DC.OrgC_Domain.local" [user]="SYSTEM" [userSID]="S-1-5-18" [userSIDAcctType]="User" [eventTime]="Mar 13 2017 16:23:45" [deviceTime]="Mar 13 2017 16:23:45" [msg]="Network connection detected:UtcTime: 2017-03-13 16:23:44.140ProcessGuid: {0031B1CC-B342-58C6-0000-001078DA0000}ProcessId: 776Image: C:\\Windows\\System32\\svchost.exeUser: NT AUTHORITY\\SYSTEMProtocol: tcpInitiated: falseSourceIsIpv6: falseSourceIp: 192.168.169.59SourceHostname: DC.OrgC_Domain.localSourcePort: 49154SourcePortName: DestinationIsIpv6: falseDestinationIp: 192.168.169.57DestinationHostname: DestinationPort: 37000DestinationPortName: "
192.168.169.59:2017-03-13T16:23:46Z DC.OrgC_Domain.local 192.168.169.59 AccelOps-WUA-WinLog-Microsoft-Windows-Sysmon/Operational [monitorStatus]="Success" [Locale]="en-GB" [MachineGuid]="0031b1cc-f526-488c-bd3b-41b2ff7cd13b" [timeZone]="+0000" [eventName]="Microsoft-Windows-Sysmon/Operational" [eventSource]="Microsoft-Windows-Sysmon" [eventId]="3" [eventType]="Information" [domain]="NT AUTHORITY" [computer]="DC.OrgC_Domain.local" [user]="SYSTEM" [userSID]="S-1-5-18" [userSIDAcctType]="User" [eventTime]="Mar 13 2017 16:23:45" [deviceTime]="Mar 13 2017 16:23:45" [msg]="Network connection detected:UtcTime: 2017-03-13 16:23:44.135ProcessGuid: {0031B1CC-B342-58C6-0000-001078DA0000}ProcessId: 776Image: C:\\Windows\\System32\\svchost.exeUser: NT AUTHORITY\\SYSTEMProtocol: tcpInitiated: falseSourceIsIpv6: falseSourceIp: 192.168.169.59SourceHostname: DC.OrgC_Domain.localSourcePort: 49154SourcePortName: DestinationIsIpv6: falseDestinationIp: 192.168.169.57DestinationHostname: DestinationPort: 36996DestinationPortName: "
192.168.169.59:2017-03-13T16:23:46Z DC.OrgC_Domain.local 192.168.169.59 AccelOps-WUA-WinLog-Microsoft-Windows-Sysmon/Operational [monitorStatus]="Success" [Locale]="en-GB" [MachineGuid]="0031b1cc-f526-488c-bd3b-41b2ff7cd13b" [timeZone]="+0000" [eventName]="Microsoft-Windows-Sysmon/Operational" [eventSource]="Microsoft-Windows-Sysmon" [eventId]="3" [eventType]="Information" [domain]="NT AUTHORITY" [computer]="DC.OrgC_Domain.local" [user]="SYSTEM" [userSID]="S-1-5-18" [userSIDAcctType]="User" [eventTime]="Mar 13 2017 16:23:45" [deviceTime]="Mar 13 2017 16:23:45" [msg]="Network connection detected:UtcTime: 2017-03-13 16:23:44.133ProcessGuid: {0031B1CC-B342-58C6-0000-001078DA0000}ProcessId: 776Image: C:\\Windows\\System32\\svchost.exeUser: NT AUTHORITY\\SYSTEMProtocol: tcpInitiated: falseSourceIsIpv6: falseSourceIp: 192.168.169.59SourceHostname: DC.OrgC_Domain.localSourcePort: 49154SourcePortName: DestinationIsIpv6: falseDestinationIp: 192.168.169.57DestinationHostname: DestinationPort: 36992DestinationPortName: "
192.168.169.59:2017-03-13T16:23:46Z DC.OrgC_Domain.local 192.168.169.59 AccelOps-WUA-WinLog-Microsoft-Windows-Sysmon/Operational [monitorStatus]="Success" [Locale]="en-GB" [MachineGuid]="0031b1cc-f526-488c-bd3b-41b2ff7cd13b" [timeZone]="+0000" [eventName]="Microsoft-Windows-Sysmon/Operational" [eventSource]="Microsoft-Windows-Sysmon" [eventId]="3" [eventType]="Information" [domain]="NT AUTHORITY" [computer]="DC.OrgC_Domain.local" [user]="SYSTEM" [userSID]="S-1-5-18" [userSIDAcctType]="User" [eventTime]="Mar 13 2017 16:23:45" [deviceTime]="Mar 13 2017 16:23:45" [msg]="Network connection detected:UtcTime: 2017-03-13 16:23:44.129ProcessGuid: {0031B1CC-B341-58C6-0000-001087C50000}ProcessId: 624Image: C:\\Windows\\System32\\svchost.exeUser: NT AUTHORITY\\NETWORK SERVICEProtocol: tcpInitiated: falseSourceIsIpv6: falseSourceIp: 192.168.169.59SourceHostname: DC.OrgC_Domain.localSourcePort: 135SourcePortName: epmapDestinationIsIpv6: falseDestinationIp: 192.168.169.57DestinationHostname: DestinationPort: 39284DestinationPortName: "
192.168.169.59:2017-03-13T16:23:46Z DC.OrgC_Domain.local 192.168.169.59 AccelOps-WUA-WinLog-Microsoft-Windows-Sysmon/Operational [monitorStatus]="Success" [Locale]="en-GB" [MachineGuid]="0031b1cc-f526-488c-bd3b-41b2ff7cd13b" [timeZone]="+0000" [eventName]="Microsoft-Windows-Sysmon/Operational" [eventSource]="Microsoft-Windows-Sysmon" [eventId]="3" [eventType]="Information" [domain]="NT AUTHORITY" [computer]="DC.OrgC_Domain.local" [user]="SYSTEM" [userSID]="S-1-5-18" [userSIDAcctType]="User" [eventTime]="Mar 13 2017 16:23:45" [deviceTime]="Mar 13 2017 16:23:45" [msg]="Network connection detected:UtcTime: 2017-03-13 16:23:44.127ProcessGuid: {0031B1CC-B341-58C6-0000-001087C50000}ProcessId: 624Image: C:\\Windows\\System32\\svchost.exeUser: NT AUTHORITY\\NETWORK SERVICEProtocol: tcpInitiated: falseSourceIsIpv6: falseSourceIp: 192.168.169.59SourceHostname: DC.OrgC_Domain.localSourcePort: 135SourcePortName: epmapDestinationIsIpv6: falseDestinationIp: 192.168.169.57DestinationHostname: DestinationPort: 39280DestinationPortName: "
192.168.169.59:2017-03-13T16:23:53Z DC.OrgC_Domain.local 192.168.169.59 AccelOps-WUA-WinLog-Microsoft-Windows-Sysmon/Operational [monitorStatus]="Success" [Locale]="en-GB" [MachineGuid]="0031b1cc-f526-488c-bd3b-41b2ff7cd13b" [timeZone]="+0000" [eventName]="Microsoft-Windows-Sysmon/Operational" [eventSource]="Microsoft-Windows-Sysmon" [eventId]="3" [eventType]="Information" [domain]="NT AUTHORITY" [computer]="DC.OrgC_Domain.local" [user]="SYSTEM" [userSID]="S-1-5-18" [userSIDAcctType]="User" [eventTime]="Mar 13 2017 16:23:52" [deviceTime]="Mar 13 2017 16:23:52" [msg]="Network connection detected:UtcTime: 2017-03-13 16:23:51.322ProcessGuid: {0031B1CC-B351-58C6-0000-00103D540100}ProcessId: 1280Image: C:\\Program Files\\AccelOps\\Agent\\AoWinAgt.exeUser: NT AUTHORITY\\SYSTEMProtocol: tcpInitiated: trueSourceIsIpv6: falseSourceIp: 192.168.169.59SourceHostname: DC.OrgC_Domain.localSourcePort: 53362SourcePortName: DestinationIsIpv6: falseDestinationIp: 192.168.169.57DestinationHostname: DestinationPort: 443DestinationPortName: https"
192.168.169.59:2017-03-13T16:23:55Z DC.OrgC_Domain.local 192.168.169.59 AccelOps-WUA-WinLog-Microsoft-Windows-Sysmon/Operational [monitorStatus]="Success" [Locale]="en-GB" [MachineGuid]="0031b1cc-f526-488c-bd3b-41b2ff7cd13b" [timeZone]="+0000" [eventName]="Microsoft-Windows-Sysmon/Operational" [eventSource]="Microsoft-Windows-Sysmon" [eventId]="3" [eventType]="Information" [domain]="NT AUTHORITY" [computer]="DC.OrgC_Domain.local" [user]="SYSTEM" [userSID]="S-1-5-18" [userSIDAcctType]="User" [eventTime]="Mar 13 2017 16:23:54" [deviceTime]="Mar 13 2017 16:23:54" [msg]="Network connection detected:UtcTime: 2017-03-13 16:23:52.821ProcessGuid: {0031B1CC-B353-58C6-0000-0010E35C0100}ProcessId: 1340Image: C:\\Program Files\\AccelOps\\Server\\AoWinAgtMgrSvc.exeUser: NT AUTHORITY\\SYSTEMProtocol: tcpInitiated: trueSourceIsIpv6: falseSourceIp: 192.168.169.59SourceHostname: DC.OrgC_Domain.localSourcePort: 53363SourcePortName: DestinationIsIpv6: falseDestinationIp: 192.168.169.56DestinationHostname: DestinationPort: 443DestinationPortName: https"
192.168.169.59:2017-03-13T16:23:53Z DC.OrgC_Domain.local 192.168.169.59 AccelOps-WUA-WinLog-Microsoft-Windows-Sysmon/Operational [monitorStatus]="Success" [Locale]="en-GB" [MachineGuid]="0031b1cc-f526-488c-bd3b-41b2ff7cd13b" [timeZone]="+0000" [eventName]="Microsoft-Windows-Sysmon/Operational" [eventSource]="Microsoft-Windows-Sysmon" [eventId]="3" [eventType]="Information" [domain]="NT AUTHORITY" [computer]="DC.OrgC_Domain.local" [user]="SYSTEM" [userSID]="S-1-5-18" [userSIDAcctType]="User" [eventTime]="Mar 13 2017 16:23:52" [deviceTime]="Mar 13 2017 16:23:52" [msg]="Network connection detected:UtcTime: 2017-03-13 16:23:51.277ProcessGuid: {0031B1CC-B351-58C6-0000-00103D540100}ProcessId: 1280Image: C:\\Program Files\\AccelOps\\Agent\\AoWinAgt.exeUser: NT AUTHORITY\\SYSTEMProtocol: tcpInitiated: trueSourceIsIpv6: falseSourceIp: 192.168.169.59SourceHostname: DC.OrgC_Domain.localSourcePort: 53361SourcePortName: DestinationIsIpv6: falseDestinationIp: 192.168.169.57DestinationHostname: DestinationPort: 443DestinationPortName: https"
192.168.169.59:2017-03-13T16:23:58Z DC.OrgC_Domain.local 192.168.169.59 AccelOps-WUA-WinLog-Microsoft-Windows-Sysmon/Operational [monitorStatus]="Success" [Locale]="en-GB" [MachineGuid]="0031b1cc-f526-488c-bd3b-41b2ff7cd13b" [timeZone]="+0000" [eventName]="Microsoft-Windows-Sysmon/Operational" [eventSource]="Microsoft-Windows-Sysmon" [eventId]="3" [eventType]="Information" [domain]="NT AUTHORITY" [computer]="DC.OrgC_Domain.local" [user]="SYSTEM" [userSID]="S-1-5-18" [userSIDAcctType]="User" [eventTime]="Mar 13 2017 16:23:57" [deviceTime]="Mar 13 2017 16:23:57" [msg]="Network connection detected:UtcTime: 2017-03-13 16:23:56.400ProcessGuid: {0031B1CC-B351-58C6-0000-00103D540100}ProcessId: 1280Image: C:\\Program Files\\AccelOps\\Agent\\AoWinAgt.exeUser: NT AUTHORITY\\SYSTEMProtocol: tcpInitiated: trueSourceIsIpv6: falseSourceIp: 192.168.169.59SourceHostname: DC.OrgC_Domain.localSourcePort: 53364SourcePortName: DestinationIsIpv6: falseDestinationIp: 192.168.169.57DestinationHostname: DestinationPort: 443DestinationPortName: https"
192.168.169.59:2017-03-13T16:23:58Z DC.OrgC_Domain.local 192.168.169.59 AccelOps-WUA-WinLog-Microsoft-Windows-Sysmon/Operational [monitorStatus]="Success" [Locale]="en-GB" [MachineGuid]="0031b1cc-f526-488c-bd3b-41b2ff7cd13b" [timeZone]="+0000" [eventName]="Microsoft-Windows-Sysmon/Operational" [eventSource]="Microsoft-Windows-Sysmon" [eventId]="3" [eventType]="Information" [domain]="NT AUTHORITY" [computer]="DC.OrgC_Domain.local" [user]="SYSTEM" [userSID]="S-1-5-18" [userSIDAcctType]="User" [eventTime]="Mar 13 2017 16:23:57" [deviceTime]="Mar 13 2017 16:23:57" [msg]="Network connection detected:UtcTime: 2017-03-13 16:23:56.415ProcessGuid: {0031B1CC-B351-58C6-0000-00103D540100}ProcessId: 1280Image: C:\\Program Files\\AccelOps\\Agent\\AoWinAgt.exeUser: NT AUTHORITY\\SYSTEMProtocol: tcpInitiated: trueSourceIsIpv6: falseSourceIp: 192.168.169.59SourceHostname: DC.OrgC_Domain.localSourcePort: 53365SourcePortName: DestinationIsIpv6: falseDestinationIp: 192.168.169.57DestinationHostname: DestinationPort: 443DestinationPortName: https"
192.168.169.59:2017-03-13T16:24:03Z DC.OrgC_Domain.local 192.168.169.59 AccelOps-WUA-WinLog-Microsoft-Windows-Sysmon/Operational [monitorStatus]="Success" [Locale]="en-GB" [MachineGuid]="0031b1cc-f526-488c-bd3b-41b2ff7cd13b" [timeZone]="+0000" [eventName]="Microsoft-Windows-Sysmon/Operational" [eventSource]="Microsoft-Windows-Sysmon" [eventId]="3" [eventType]="Information" [domain]="NT AUTHORITY" [computer]="DC.OrgC_Domain.local" [user]="SYSTEM" [userSID]="S-1-5-18" [userSIDAcctType]="User" [eventTime]="Mar 13 2017 16:24:02" [deviceTime]="Mar 13 2017 16:24:02" [msg]="Network connection detected:UtcTime: 2017-03-13 16:24:01.462ProcessGuid: {0031B1CC-B351-58C6-0000-00103D540100}ProcessId: 1280Image: C:\\Program Files\\AccelOps\\Agent\\AoWinAgt.exeUser: NT AUTHORITY\\SYSTEMProtocol: tcpInitiated: trueSourceIsIpv6: falseSourceIp: 192.168.169.59SourceHostname: DC.OrgC_Domain.localSourcePort: 53366SourcePortName: DestinationIsIpv6: falseDestinationIp: 192.168.169.57DestinationHostname: DestinationPort: 443DestinationPortName: https"
192.168.169.59:2017-03-13T16:24:03Z DC.OrgC_Domain.local 192.168.169.59 AccelOps-WUA-WinLog-Microsoft-Windows-Sysmon/Operational [monitorStatus]="Success" [Locale]="en-GB" [MachineGuid]="0031b1cc-f526-488c-bd3b-41b2ff7cd13b" [timeZone]="+0000" [eventName]="Microsoft-Windows-Sysmon/Operational" [eventSource]="Microsoft-Windows-Sysmon" [eventId]="3" [eventType]="Information" [domain]="NT AUTHORITY" [computer]="DC.OrgC_Domain.local" [user]="SYSTEM" [userSID]="S-1-5-18" [userSIDAcctType]="User" [eventTime]="Mar 13 2017 16:24:03" [deviceTime]="Mar 13 2017 16:24:03" [msg]="Network connection detected:UtcTime: 2017-03-13 16:24:01.494ProcessGuid: {0031B1CC-B351-58C6-0000-00103D540100}ProcessId: 1280Image: C:\\Program Files\\AccelOps\\Agent\\AoWinAgt.exeUser: NT AUTHORITY\\SYSTEMProtocol: tcpInitiated: trueSourceIsIpv6: falseSourceIp: 192.168.169.59SourceHostname: DC.OrgC_Domain.localSourcePort: 53367SourcePortName: DestinationIsIpv6: falseDestinationIp: 192.168.169.57DestinationHostname: DestinationPort: 443DestinationPortName: https"
192.168.169.59:2017-03-13T16:24:07Z DC.OrgC_Domain.local 192.168.169.59 AccelOps-WUA-WinLog-Microsoft-Windows-Sysmon/Operational [monitorStatus]="Success" [Locale]="en-GB" [MachineGuid]="0031b1cc-f526-488c-bd3b-41b2ff7cd13b" [timeZone]="+0000" [eventName]="Microsoft-Windows-Sysmon/Operational" [eventSource]="Microsoft-Windows-Sysmon" [eventId]="3" [eventType]="Information" [domain]="NT AUTHORITY" [computer]="DC.OrgC_Domain.local" [user]="SYSTEM" [userSID]="S-1-5-18" [userSIDAcctType]="User" [eventTime]="Mar 13 2017 16:24:06" [deviceTime]="Mar 13 2017 16:24:06" [msg]="Network connection detected:UtcTime: 2017-03-13 16:24:05.456ProcessGuid: {0031B1CC-B341-58C6-0000-001087C50000}ProcessId: 624Image: C:\\Windows\\System32\\svchost.exeUser: NT AUTHORITY\\NETWORK SERVICEProtocol: tcpInitiated: falseSourceIsIpv6: falseSourceIp: 192.168.169.59SourceHostname: DC.OrgC_Domain.localSourcePort: 135SourcePortName: epmapDestinationIsIpv6: falseDestinationIp: 192.168.169.57DestinationHostname: DestinationPort: 39314DestinationPortName: "
192.168.169.59:2017-03-13T16:24:09Z DC.OrgC_Domain.local 192.168.169.59 AccelOps-WUA-WinLog-Microsoft-Windows-Sysmon/Operational [monitorStatus]="Success" [Locale]="en-GB" [MachineGuid]="0031b1cc-f526-488c-bd3b-41b2ff7cd13b" [timeZone]="+0000" [eventName]="Microsoft-Windows-Sysmon/Operational" [eventSource]="Microsoft-Windows-Sysmon" [eventId]="3" [eventType]="Information" [domain]="NT AUTHORITY" [computer]="DC.OrgC_Domain.local" [user]="SYSTEM" [userSID]="S-1-5-18" [userSIDAcctType]="User" [eventTime]="Mar 13 2017 16:24:08" [deviceTime]="Mar 13 2017 16:24:08" [msg]="Network connection detected:UtcTime: 2017-03-13 16:24:06.556ProcessGuid: {0031B1CC-B351-58C6-0000-00103D540100}ProcessId: 1280Image: C:\\Program Files\\AccelOps\\Agent\\AoWinAgt.exeUser: NT AUTHORITY\\SYSTEMProtocol: tcpInitiated: trueSourceIsIpv6: falseSourceIp: 192.168.169.59SourceHostname: DC.OrgC_Domain.localSourcePort: 53369SourcePortName: DestinationIsIpv6: falseDestinationIp: 192.168.169.57DestinationHostname: DestinationPort: 443DestinationPortName: https"
192.168.169.59:2017-03-13T16:24:07Z DC.OrgC_Domain.local 192.168.169.59 AccelOps-WUA-WinLog-Microsoft-Windows-Sysmon/Operational [monitorStatus]="Success" [Locale]="en-GB" [MachineGuid]="0031b1cc-f526-488c-bd3b-41b2ff7cd13b" [timeZone]="+0000" [eventName]="Microsoft-Windows-Sysmon/Operational" [eventSource]="Microsoft-Windows-Sysmon" [eventId]="3" [eventType]="Information" [domain]="NT AUTHORITY" [computer]="DC.OrgC_Domain.local" [user]="SYSTEM" [userSID]="S-1-5-18" [userSIDAcctType]="User" [eventTime]="Mar 13 2017 16:24:06" [deviceTime]="Mar 13 2017 16:24:06" [msg]="Network connection detected:UtcTime: 2017-03-13 16:24:05.470ProcessGuid: {0031B1CC-B342-58C6-0000-001078DA0000}ProcessId: 776Image: C:\\Windows\\System32\\svchost.exeUser: NT AUTHORITY\\SYSTEMProtocol: tcpInitiated: falseSourceIsIpv6: falseSourceIp: 192.168.169.59SourceHostname: DC.OrgC_Domain.localSourcePort: 49154SourcePortName: DestinationIsIpv6: falseDestinationIp: 192.168.169.57DestinationHostname: DestinationPort: 37028DestinationPortName: "
192.168.169.59:2017-03-13T16:24:07Z DC.OrgC_Domain.local 192.168.169.59 AccelOps-WUA-WinLog-Microsoft-Windows-Sysmon/Operational [monitorStatus]="Success" [Locale]="en-GB" [MachineGuid]="0031b1cc-f526-488c-bd3b-41b2ff7cd13b" [timeZone]="+0000" [eventName]="Microsoft-Windows-Sysmon/Operational" [eventSource]="Microsoft-Windows-Sysmon" [eventId]="3" [eventType]="Information" [domain]="NT AUTHORITY" [computer]="DC.OrgC_Domain.local" [user]="SYSTEM" [userSID]="S-1-5-18" [userSIDAcctType]="User" [eventTime]="Mar 13 2017 16:24:06" [deviceTime]="Mar 13 2017 16:24:06" [msg]="Network connection detected:UtcTime: 2017-03-13 16:24:05.462ProcessGuid: {0031B1CC-B342-58C6-0000-001078DA0000}ProcessId: 776Image: C:\\Windows\\System32\\svchost.exeUser: NT AUTHORITY\\SYSTEMProtocol: tcpInitiated: falseSourceIsIpv6: falseSourceIp: 192.168.169.59SourceHostname: DC.OrgC_Domain.localSourcePort: 49154SourcePortName: DestinationIsIpv6: falseDestinationIp: 192.168.169.57DestinationHostname: DestinationPort: 37022DestinationPortName: "
192.168.169.59:2017-03-13T16:24:08Z DC.OrgC_Domain.local 192.168.169.59 AccelOps-WUA-WinLog-Microsoft-Windows-Sysmon/Operational [monitorStatus]="Success" [Locale]="en-GB" [MachineGuid]="0031b1cc-f526-488c-bd3b-41b2ff7cd13b" [timeZone]="+0000" [eventName]="Microsoft-Windows-Sysmon/Operational" [eventSource]="Microsoft-Windows-Sysmon" [eventId]="3" [eventType]="Information" [domain]="NT AUTHORITY" [computer]="DC.OrgC_Domain.local" [user]="SYSTEM" [userSID]="S-1-5-18" [userSIDAcctType]="User" [eventTime]="Mar 13 2017 16:24:07" [deviceTime]="Mar 13 2017 16:24:07" [msg]="Network connection detected:UtcTime: 2017-03-13 16:24:06.541ProcessGuid: {0031B1CC-B351-58C6-0000-00103D540100}ProcessId: 1280Image: C:\\Program Files\\AccelOps\\Agent\\AoWinAgt.exeUser: NT AUTHORITY\\SYSTEMProtocol: tcpInitiated: trueSourceIsIpv6: falseSourceIp: 192.168.169.59SourceHostname: DC.OrgC_Domain.localSourcePort: 53368SourcePortName: DestinationIsIpv6: falseDestinationIp: 192.168.169.57DestinationHostname: DestinationPort: 443DestinationPortName: https"
